 albedo
0.879999995232E+00
0.879999995232E+00
0.879999995232E+00
0.879999995232E+00
0.879999995232E+00
0.879999995232E+00
0.879999995232E+00
0.879999995232E+00
0.879999995232E+00
0.879999995232E+00
0.879999995232E+00
0.879999995232E+00
0.879999995232E+00
0.879999995232E+00
0.879999995232E+00
0.879999995232E+00
0.879999995232E+00
0.879999995232E+00
0.879999995232E+00
0.879999995232E+00
0.879999995232E+00
0.879999995232E+00
0.879999995232E+00
0.879999995232E+00
0.879999995232E+00
0.879999995232E+00
0.879999995232E+00
0.879999995232E+00
0.879999995232E+00
0.879999995232E+00
0.879999995232E+00
0.879999995232E+00
0.879999995232E+00
0.879999995232E+00
0.879999995232E+00
0.879999995232E+00
0.879999995232E+00
0.879999995232E+00
0.879999995232E+00
0.879999995232E+00
0.879999995232E+00
0.879999995232E+00
0.879999995232E+00
0.879999995232E+00
0.879999995232E+00
0.879999995232E+00
0.879999995232E+00
0.879999995232E+00
0.879999995232E+00
0.879999995232E+00
0.879999995232E+00
0.879999995232E+00
0.879999995232E+00
0.879999995232E+00
0.879999995232E+00
0.879999995232E+00
0.879999995232E+00
0.879999995232E+00
0.879999995232E+00
0.879999995232E+00
0.879999995232E+00
0.879999995232E+00
0.879999995232E+00
0.879999995232E+00
0.879999995232E+00
0.879999995232E+00
0.879999995232E+00
0.879999995232E+00
0.879999995232E+00
0.879999995232E+00
0.879999995232E+00
0.879999995232E+00
0.879999995232E+00
0.879999995232E+00
0.879999995232E+00
0.879999995232E+00
0.879999995232E+00
0.879999995232E+00
0.879999995232E+00
0.879999995232E+00
0.879999995232E+00
0.879999995232E+00
0.879999995232E+00
0.879999995232E+00
0.879999995232E+00
0.879999995232E+00
0.879999995232E+00
0.879999995232E+00
0.879999995232E+00
0.879999995232E+00
0.879999995232E+00
0.879999995232E+00
0.879999995232E+00
0.879999995232E+00
0.879999995232E+00
0.879999995232E+00
0.879999995232E+00
0.879999995232E+00
0.879999995232E+00
0.879999995232E+00
0.867340624332E+00
0.855166971684E+00
0.843460202217E+00
0.832202553749E+00
0.821376800537E+00
0.810966014862E+00
0.800954937935E+00
0.791327893734E+00
0.782070100307E+00
0.773167550564E+00
0.764606297016E+00
0.756373524666E+00
0.748456656933E+00
0.740843474865E+00
0.733522415161E+00
0.726482331753E+00
0.719712138176E+00
0.713201701641E+00
0.706941068172E+00
0.700920581818E+00
0.695131003857E+00
0.689563512802E+00
0.684209644794E+00
0.679061114788E+00
0.674109995365E+00
0.662964999676E+00
0.652820765972E+00
0.643587529659E+00
0.635183393955E+00
0.627534031868E+00
0.620571494102E+00
0.614234149456E+00
0.608465969563E+00
0.603215694427E+00
0.598436892033E+00
0.594087362289E+00
0.590128242970E+00
0.586524724960E+00
0.583244740963E+00
0.580259323120E+00
0.577542006969E+00
0.575068771839E+00
0.572817385197E+00
0.570768415928E+00
0.568903446198E+00
0.567205965519E+00
0.565660893917E+00
0.564254581928E+00
0.562974572182E+00
0.561809539795E+00
0.560749173164E+00
0.559783875942E+00
0.558905243874E+00
0.558105587959E+00
0.557377457619E+00
0.556714892387E+00
0.556111812592E+00
0.555562973022E+00
0.555063426495E+00
0.554608702660E+00
0.554194748402E+00
0.553817808628E+00
0.553474843502E+00
0.553162872791E+00
0.552878856659E+00
0.552620351315E+00
0.552385091782E+00
0.552170872688E+00
0.551975965500E+00
0.551798522472E+00
0.551636993885E+00
0.551489949226E+00
0.551356196404E+00
0.551234364510E+00
0.551123499870E+00
0.551080346107E+00
0.551038920879E+00
0.550999104977E+00
0.550960779190E+00
0.550923943520E+00
0.550888478756E+00
0.550854384899E+00
0.550821542740E+00
0.550790071487E+00
0.550759851933E+00
0.550730764866E+00
0.550702691078E+00
0.550675570965E+00
0.550649821758E+00
0.550624966621E+00
0.550600826740E+00
0.550577938557E+00
0.550555765629E+00
0.550534307957E+00
0.550513982773E+00
0.550493955612E+00
0.550475358963E+00
0.550456762314E+00
0.550439596176E+00
0.879999995232E+00
0.867340624332E+00
0.855166971684E+00
0.843460202217E+00
0.832202553749E+00
0.821376800537E+00
0.810966014862E+00
0.800954937935E+00
0.791327893734E+00
0.782070100307E+00
0.773167550564E+00
0.764606297016E+00
0.756373524666E+00
0.748456656933E+00
0.740843474865E+00
0.733522415161E+00
0.726482331753E+00
0.719712138176E+00
0.713201701641E+00
0.706941068172E+00
0.700920581818E+00
0.695131003857E+00
0.689563512802E+00
0.684209644794E+00
0.679061114788E+00
0.674109995365E+00
0.662964999676E+00
0.652820765972E+00
0.643587529659E+00
0.635183393955E+00
0.627534031868E+00
0.620571494102E+00
0.614234149456E+00
0.608465969563E+00
0.603215694427E+00
0.598436892033E+00
0.594087362289E+00
0.590128242970E+00
0.586524724960E+00
0.583244740963E+00
0.580259323120E+00
0.577542006969E+00
0.575068771839E+00
0.572817385197E+00
0.570768415928E+00
0.568903446198E+00
0.567205965519E+00
0.565660893917E+00
0.564254581928E+00
0.562974572182E+00
0.561809539795E+00
0.560749173164E+00
0.559783875942E+00
0.558905243874E+00
0.558105587959E+00
0.557377457619E+00
0.556714892387E+00
0.556111812592E+00
0.555562973022E+00
0.555063426495E+00
0.554608702660E+00
0.554194748402E+00
0.553817808628E+00
0.553474843502E+00
0.553162872791E+00
0.552878856659E+00
0.552620351315E+00
0.552385091782E+00
0.552170872688E+00
0.551975965500E+00
0.551798522472E+00
0.551636993885E+00
0.551489949226E+00
0.551356196404E+00
0.551234364510E+00
0.551123499870E+00
0.551080346107E+00
0.551038920879E+00
0.550999104977E+00
0.550960779190E+00
0.550923943520E+00
0.550888478756E+00
0.550854384899E+00
0.550821542740E+00
0.550790071487E+00
0.550759851933E+00
0.550730764866E+00
0.550702691078E+00
0.550675570965E+00
0.550649821758E+00
0.550624966621E+00
0.550600826740E+00
0.550577938557E+00
0.550555765629E+00
0.550534307957E+00
0.550513982773E+00
0.550493955612E+00
0.550475358963E+00
0.550456762314E+00
0.550439596176E+00
0.879999995232E+00
0.867340624332E+00
0.855166971684E+00
0.843460202217E+00
0.832202553749E+00
0.821376800537E+00
0.810966014862E+00
0.800954937935E+00
0.791327893734E+00
0.782070100307E+00
0.773167550564E+00
0.764606297016E+00
0.756373524666E+00
0.748456656933E+00
0.740843474865E+00
0.733522415161E+00
0.726482331753E+00
0.719712138176E+00
0.713201701641E+00
0.706941068172E+00
0.700920581818E+00
0.695131003857E+00
0.689563512802E+00
0.684209644794E+00
0.679061114788E+00
0.674109995365E+00
0.662964999676E+00
0.652820765972E+00
0.643587529659E+00
0.635183393955E+00
0.627534031868E+00
0.620571494102E+00
0.614234149456E+00
0.608465969563E+00
0.603215694427E+00
0.598436892033E+00
0.594087362289E+00
0.590128242970E+00
0.586524724960E+00
0.583244740963E+00
0.580259323120E+00
0.577542006969E+00
0.575068771839E+00
0.572817385197E+00
0.570768415928E+00
0.568903446198E+00
0.567205965519E+00
0.565660893917E+00
0.564254581928E+00
0.562974572182E+00
0.561809539795E+00
0.560749173164E+00
0.559783875942E+00
0.558905243874E+00
0.558105587959E+00
0.557377457619E+00
0.556714892387E+00
0.556111812592E+00
0.555562973022E+00
0.555063426495E+00
0.554608702660E+00
0.554194748402E+00
0.553817808628E+00
0.553474843502E+00
0.553162872791E+00
0.552878856659E+00
0.552620351315E+00
0.552385091782E+00
0.552170872688E+00
0.551975965500E+00
0.551798522472E+00
0.551636993885E+00
0.551489949226E+00
0.551356196404E+00
0.551234364510E+00
0.551123499870E+00
0.551080346107E+00
0.551038920879E+00
0.550999104977E+00
0.550960779190E+00
0.550923943520E+00
0.550888478756E+00
0.550854384899E+00
0.550821542740E+00
0.550790071487E+00
0.550759851933E+00
0.550730764866E+00
0.550702691078E+00
0.550675570965E+00
0.550649821758E+00
0.550624966621E+00
0.550600826740E+00
0.550577938557E+00
0.550555765629E+00
0.550534307957E+00
0.550513982773E+00
0.550493955612E+00
0.550475358963E+00
0.550456762314E+00
0.550439596176E+00
0.879999995232E+00
0.867340624332E+00
0.855166971684E+00
0.843460202217E+00
0.832202553749E+00
0.821376800537E+00
0.810966014862E+00
0.800954937935E+00
0.791327893734E+00
0.782070100307E+00
0.773167550564E+00
0.764606297016E+00
0.756373524666E+00
0.748456656933E+00
0.740843474865E+00
0.733522415161E+00
0.726482331753E+00
0.719712138176E+00
0.713201701641E+00
0.706941068172E+00
0.700920581818E+00
0.695131003857E+00
0.689563512802E+00
0.684209644794E+00
0.679061114788E+00
0.674109995365E+00
0.662964999676E+00
0.652820765972E+00
0.643587529659E+00
0.635183393955E+00
0.627534031868E+00
0.620571494102E+00
0.614234149456E+00
0.608465969563E+00
0.603215694427E+00
0.598436892033E+00
0.594087362289E+00
0.590128242970E+00
0.586524724960E+00
0.583244740963E+00
0.580259323120E+00
0.577542006969E+00
0.575068771839E+00
0.572817385197E+00
0.570768415928E+00
0.568903446198E+00
0.567205965519E+00
0.565660893917E+00
0.564254581928E+00
0.562974572182E+00
0.561809539795E+00
0.560749173164E+00
0.559783875942E+00
0.558905243874E+00
0.558105587959E+00
0.557377457619E+00
0.556714892387E+00
0.556111812592E+00
0.555562973022E+00
0.555063426495E+00
0.554608702660E+00
0.554194748402E+00
0.553817808628E+00
0.553474843502E+00
0.553162872791E+00
0.552878856659E+00
0.552620351315E+00
0.552385091782E+00
0.552170872688E+00
0.551975965500E+00
0.551798522472E+00
0.551636993885E+00
0.551489949226E+00
0.551356196404E+00
0.551234364510E+00
0.551123499870E+00
0.551080346107E+00
0.551038920879E+00
0.550999104977E+00
0.550960779190E+00
0.550923943520E+00
0.550888478756E+00
0.550854384899E+00
0.550821542740E+00
0.550790071487E+00
0.550759851933E+00
0.550730764866E+00
0.550702691078E+00
0.550675570965E+00
0.550649821758E+00
0.550624966621E+00
0.550600826740E+00
0.550577938557E+00
0.550555765629E+00
0.550534307957E+00
0.550513982773E+00
0.550493955612E+00
0.550475358963E+00
0.550456762314E+00
0.550439596176E+00
0.879999995232E+00
0.867340624332E+00
0.855166971684E+00
0.843460202217E+00
0.832202553749E+00
0.821376800537E+00
0.810966014862E+00
0.800954937935E+00
0.791327893734E+00
0.782070100307E+00
0.773167550564E+00
0.764606297016E+00
0.756373524666E+00
0.748456656933E+00
0.740843474865E+00
0.733522415161E+00
0.726482331753E+00
0.719712138176E+00
0.713201701641E+00
0.706941068172E+00
0.700920581818E+00
0.695131003857E+00
0.689563512802E+00
0.684209644794E+00
0.679061114788E+00
0.674109995365E+00
0.662964999676E+00
0.652820765972E+00
0.643587529659E+00
0.635183393955E+00
0.627534031868E+00
0.620571494102E+00
0.614234149456E+00
0.608465969563E+00
0.603215694427E+00
0.598436892033E+00
0.594087362289E+00
0.590128242970E+00
0.586524724960E+00
0.583244740963E+00
0.580259323120E+00
0.577542006969E+00
0.575068771839E+00
0.572817385197E+00
0.570768415928E+00
0.568903446198E+00
0.567205965519E+00
0.565660893917E+00
0.564254581928E+00
0.562974572182E+00
0.561809539795E+00
0.560749173164E+00
0.559783875942E+00
0.558905243874E+00
0.558105587959E+00
0.557377457619E+00
0.556714892387E+00
0.556111812592E+00
0.555562973022E+00
0.555063426495E+00
0.554608702660E+00
0.554194748402E+00
0.553817808628E+00
0.553474843502E+00
0.553162872791E+00
0.552878856659E+00
0.552620351315E+00
0.552385091782E+00
0.552170872688E+00
0.551975965500E+00
0.551798522472E+00
0.551636993885E+00
0.551489949226E+00
0.551356196404E+00
0.551234364510E+00
0.551123499870E+00
0.551080346107E+00
0.551038920879E+00
0.550999104977E+00
0.550960779190E+00
0.550923943520E+00
0.550888478756E+00
0.550854384899E+00
0.550821542740E+00
0.550790071487E+00
0.550759851933E+00
0.550730764866E+00
0.550702691078E+00
0.550675570965E+00
0.550649821758E+00
0.550624966621E+00
0.550600826740E+00
0.550577938557E+00
0.550555765629E+00
0.550534307957E+00
0.550513982773E+00
0.550493955612E+00
0.550475358963E+00
0.550456762314E+00
0.550439596176E+00
0.879999995232E+00
0.867340624332E+00
0.855166971684E+00
0.843460202217E+00
0.832202553749E+00
0.821376800537E+00
0.810966014862E+00
0.800954937935E+00
0.791327893734E+00
0.782070100307E+00
0.773167550564E+00
0.764606297016E+00
0.756373524666E+00
0.748456656933E+00
0.740843474865E+00
0.733522415161E+00
0.726482331753E+00
0.719712138176E+00
0.713201701641E+00
0.706941068172E+00
0.700920581818E+00
0.695131003857E+00
0.689563512802E+00
0.684209644794E+00
0.679061114788E+00
0.674109995365E+00
0.662964999676E+00
0.652820765972E+00
0.643587529659E+00
0.635183393955E+00
0.627534031868E+00
0.620571494102E+00
0.614234149456E+00
0.608465969563E+00
0.603215694427E+00
0.598436892033E+00
0.594087362289E+00
0.590128242970E+00
0.586524724960E+00
0.583244740963E+00
0.580259323120E+00
0.577542006969E+00
0.575068771839E+00
0.572817385197E+00
0.570768415928E+00
0.568903446198E+00
0.567205965519E+00
0.565660893917E+00
0.564254581928E+00
0.562974572182E+00
0.561809539795E+00
0.560749173164E+00
0.559783875942E+00
0.558905243874E+00
0.558105587959E+00
0.557377457619E+00
0.556714892387E+00
0.556111812592E+00
0.555562973022E+00
0.555063426495E+00
0.554608702660E+00
0.554194748402E+00
0.553817808628E+00
0.553474843502E+00
0.553162872791E+00
0.552878856659E+00
0.552620351315E+00
0.552385091782E+00
0.552170872688E+00
0.551975965500E+00
0.551798522472E+00
0.551636993885E+00
0.551489949226E+00
0.551356196404E+00
0.551234364510E+00
0.551123499870E+00
0.551080346107E+00
0.551038920879E+00
0.550999104977E+00
0.550960779190E+00
0.550923943520E+00
0.550888478756E+00
0.550854384899E+00
0.550821542740E+00
0.550790071487E+00
0.550759851933E+00
0.550730764866E+00
0.550702691078E+00
0.550675570965E+00
0.550649821758E+00
0.550624966621E+00
0.550600826740E+00
0.550577938557E+00
0.550555765629E+00
0.550534307957E+00
0.550513982773E+00
0.550493955612E+00
0.550475358963E+00
0.550456762314E+00
0.550439596176E+00
0.879999995232E+00
0.867340624332E+00
0.855166971684E+00
0.843460202217E+00
0.832202553749E+00
0.821376800537E+00
0.810966014862E+00
0.800954937935E+00
0.791327893734E+00
0.782070100307E+00
0.773167550564E+00
0.764606297016E+00
0.756373524666E+00
0.748456656933E+00
0.740843474865E+00
0.733522415161E+00
0.726482331753E+00
0.719712138176E+00
0.713201701641E+00
0.706941068172E+00
0.700920581818E+00
0.695131003857E+00
0.689563512802E+00
0.684209644794E+00
0.679061114788E+00
0.674109995365E+00
0.662964999676E+00
0.652820765972E+00
0.643587529659E+00
0.635183393955E+00
0.627534031868E+00
0.620571494102E+00
