 albedo
0.879999995232E+00
0.879999995232E+00
0.879999995232E+00
0.879999995232E+00
0.879999995232E+00
0.879999995232E+00
0.879999995232E+00
0.879999995232E+00
0.879999995232E+00
0.879999995232E+00
0.879999995232E+00
0.879999995232E+00
0.879999995232E+00
0.879999995232E+00
0.879999995232E+00
0.879999995232E+00
0.879999995232E+00
0.879999995232E+00
0.879999995232E+00
0.879999995232E+00
0.879999995232E+00
0.879999995232E+00
0.879999995232E+00
0.879999995232E+00
0.879999995232E+00
0.879999995232E+00
0.879999995232E+00
0.879999995232E+00
0.879999995232E+00
0.879999995232E+00
0.879999995232E+00
0.879999995232E+00
0.879999995232E+00
0.879999995232E+00
0.879999995232E+00
0.879999995232E+00
0.879999995232E+00
0.879999995232E+00
0.879999995232E+00
0.879999995232E+00
0.879999995232E+00
0.879999995232E+00
0.879999995232E+00
0.879999995232E+00
0.879999995232E+00
0.879999995232E+00
0.879999995232E+00
0.879999995232E+00
0.879999995232E+00
0.879999995232E+00
0.879999995232E+00
0.879999995232E+00
0.879999995232E+00
0.879999995232E+00
0.879999995232E+00
0.879999995232E+00
0.879999995232E+00
0.879999995232E+00
0.879999995232E+00
0.879999995232E+00
0.879999995232E+00
0.879999995232E+00
0.879999995232E+00
0.879999995232E+00
0.879999995232E+00
0.879999995232E+00
0.879999995232E+00
0.879999995232E+00
0.879999995232E+00
0.879999995232E+00
0.879999995232E+00
0.879999995232E+00
0.879999995232E+00
0.879999995232E+00
0.879999995232E+00
0.879999995232E+00
0.879999995232E+00
0.879999995232E+00
0.879999995232E+00
0.879999995232E+00
0.879999995232E+00
0.879999995232E+00
0.879999995232E+00
0.879999995232E+00
0.879999995232E+00
0.879999995232E+00
0.879999995232E+00
0.879999995232E+00
0.879999995232E+00
0.879999995232E+00
0.879999995232E+00
0.879999995232E+00
0.879999995232E+00
0.879999995232E+00
0.879999995232E+00
0.879999995232E+00
0.879999995232E+00
0.879999995232E+00
0.879999995232E+00
0.879999995232E+00
0.866614580154E+00
0.853076875210E+00
0.839454412460E+00
0.825811743736E+00
0.812210798264E+00
0.798710167408E+00
0.785365223885E+00
0.772226452827E+00
0.759341120720E+00
0.746751725674E+00
0.734496235847E+00
0.722608447075E+00
0.711117088795E+00
0.700046658516E+00
0.689417183399E+00
0.679244458675E+00
0.669539809227E+00
0.660310864449E+00
0.651561617851E+00
0.643292367458E+00
0.635500371456E+00
0.628179907799E+00
0.621322631836E+00
0.614917993546E+00
0.609088361263E+00
0.603782236576E+00
0.598952531815E+00
0.594556629658E+00
0.590555429459E+00
0.586913645267E+00
0.583598852158E+00
0.580581843853E+00
0.577835619450E+00
0.879999995232E+00
0.879999995232E+00
0.879999995232E+00
0.879999995232E+00
0.879999995232E+00
0.879999995232E+00
0.879999995232E+00
0.879999995232E+00
0.879999995232E+00
0.879999995232E+00
0.879999995232E+00
0.879999995232E+00
0.879999995232E+00
0.879999995232E+00
0.879999995232E+00
0.879999995232E+00
0.879999995232E+00
0.879999995232E+00
0.879999995232E+00
0.879999995232E+00
0.879999995232E+00
0.879999995232E+00
0.879999995232E+00
0.879999995232E+00
0.879999995232E+00
0.879999995232E+00
0.879999995232E+00
0.879999995232E+00
0.879999995232E+00
0.879999995232E+00
0.879999995232E+00
0.879999995232E+00
0.879999995232E+00
0.879999995232E+00
0.879999995232E+00
0.879999995232E+00
0.879999995232E+00
0.879999995232E+00
0.879999995232E+00
0.879999995232E+00
0.879999995232E+00
0.879999995232E+00
0.879999995232E+00
0.879999995232E+00
0.879999995232E+00
0.879999995232E+00
0.879999995232E+00
0.879999995232E+00
0.879999995232E+00
0.879999995232E+00
0.879999995232E+00
0.879999995232E+00
0.879999995232E+00
0.879999995232E+00
0.879999995232E+00
0.879999995232E+00
0.879999995232E+00
0.879999995232E+00
0.879999995232E+00
0.879999995232E+00
0.879999995232E+00
0.879999995232E+00
0.879999995232E+00
0.879999995232E+00
0.879999995232E+00
0.879999995232E+00
0.879999995232E+00
0.866614580154E+00
0.853076875210E+00
0.839454412460E+00
0.825811743736E+00
0.812210798264E+00
0.798710167408E+00
0.785365223885E+00
0.772226452827E+00
0.759341120720E+00
0.746751725674E+00
0.734496235847E+00
0.722608447075E+00
0.711117088795E+00
0.700046658516E+00
0.689417183399E+00
0.679244458675E+00
0.669539809227E+00
0.660310864449E+00
0.651561617851E+00
0.643292367458E+00
0.635500371456E+00
0.628179907799E+00
0.621322631836E+00
0.614917993546E+00
0.609088361263E+00
0.603782236576E+00
0.598952531815E+00
0.594556629658E+00
0.590555429459E+00
0.586913645267E+00
0.583598852158E+00
0.580581843853E+00
0.577835619450E+00
0.879999995232E+00
0.879999995232E+00
0.879999995232E+00
0.879999995232E+00
0.879999995232E+00
0.879999995232E+00
0.879999995232E+00
0.879999995232E+00
0.879999995232E+00
0.879999995232E+00
0.879999995232E+00
0.879999995232E+00
0.879999995232E+00
0.879999995232E+00
0.879999995232E+00
0.879999995232E+00
0.879999995232E+00
0.879999995232E+00
0.879999995232E+00
0.879999995232E+00
0.879999995232E+00
0.879999995232E+00
0.879999995232E+00
0.879999995232E+00
0.879999995232E+00
0.879999995232E+00
0.879999995232E+00
0.879999995232E+00
0.879999995232E+00
0.879999995232E+00
0.879999995232E+00
0.879999995232E+00
0.879999995232E+00
0.879999995232E+00
0.879999995232E+00
0.879999995232E+00
0.879999995232E+00
0.879999995232E+00
0.879999995232E+00
0.879999995232E+00
0.879999995232E+00
0.879999995232E+00
0.879999995232E+00
0.879999995232E+00
0.879999995232E+00
0.879999995232E+00
0.879999995232E+00
0.879999995232E+00
0.879999995232E+00
0.879999995232E+00
0.879999995232E+00
0.879999995232E+00
0.879999995232E+00
0.879999995232E+00
0.879999995232E+00
0.879999995232E+00
0.879999995232E+00
0.879999995232E+00
0.879999995232E+00
0.879999995232E+00
0.879999995232E+00
0.879999995232E+00
0.879999995232E+00
0.879999995232E+00
0.879999995232E+00
0.879999995232E+00
0.879999995232E+00
0.866614580154E+00
0.853076875210E+00
0.839454412460E+00
0.825811743736E+00
0.812210798264E+00
0.798710167408E+00
0.785365223885E+00
0.772226452827E+00
0.759341120720E+00
0.746751725674E+00
0.734496235847E+00
0.722608447075E+00
0.711117088795E+00
0.700046658516E+00
0.689417183399E+00
0.679244458675E+00
0.669539809227E+00
0.660310864449E+00
0.651561617851E+00
0.643292367458E+00
0.635500371456E+00
0.628179907799E+00
0.621322631836E+00
0.614917993546E+00
0.609088361263E+00
0.603782236576E+00
0.598952531815E+00
0.594556629658E+00
0.590555429459E+00
0.586913645267E+00
0.583598852158E+00
0.580581843853E+00
0.577835619450E+00
0.879999995232E+00
0.879999995232E+00
0.879999995232E+00
0.879999995232E+00
0.879999995232E+00
0.879999995232E+00
0.879999995232E+00
0.879999995232E+00
0.879999995232E+00
0.879999995232E+00
0.879999995232E+00
0.879999995232E+00
0.879999995232E+00
0.879999995232E+00
0.879999995232E+00
0.879999995232E+00
0.879999995232E+00
0.879999995232E+00
0.879999995232E+00
0.879999995232E+00
0.879999995232E+00
0.879999995232E+00
0.879999995232E+00
0.879999995232E+00
0.879999995232E+00
0.879999995232E+00
0.879999995232E+00
0.879999995232E+00
0.879999995232E+00
0.879999995232E+00
0.879999995232E+00
0.879999995232E+00
0.879999995232E+00
0.879999995232E+00
0.879999995232E+00
0.879999995232E+00
0.879999995232E+00
0.879999995232E+00
0.879999995232E+00
0.879999995232E+00
0.879999995232E+00
0.879999995232E+00
0.879999995232E+00
0.879999995232E+00
0.879999995232E+00
0.879999995232E+00
0.879999995232E+00
0.879999995232E+00
0.879999995232E+00
0.879999995232E+00
0.879999995232E+00
0.879999995232E+00
0.879999995232E+00
0.879999995232E+00
0.879999995232E+00
0.879999995232E+00
0.879999995232E+00
0.879999995232E+00
0.879999995232E+00
0.879999995232E+00
0.879999995232E+00
0.879999995232E+00
0.879999995232E+00
0.879999995232E+00
0.879999995232E+00
0.879999995232E+00
0.879999995232E+00
0.866614580154E+00
0.853076875210E+00
0.839454412460E+00
0.825811743736E+00
0.812210798264E+00
0.798710167408E+00
0.785365223885E+00
0.772226452827E+00
0.759341120720E+00
0.746751725674E+00
0.734496235847E+00
0.722608447075E+00
0.711117088795E+00
0.700046658516E+00
0.689417183399E+00
0.679244458675E+00
0.669539809227E+00
0.660310864449E+00
0.651561617851E+00
0.643292367458E+00
0.635500371456E+00
0.628179907799E+00
0.621322631836E+00
0.614917993546E+00
0.609088361263E+00
0.603782236576E+00
0.598952531815E+00
0.594556629658E+00
0.590555429459E+00
0.586913645267E+00
0.583598852158E+00
0.580581843853E+00
0.577835619450E+00
0.879999995232E+00
0.879999995232E+00
0.879999995232E+00
0.879999995232E+00
0.879999995232E+00
0.879999995232E+00
0.879999995232E+00
0.879999995232E+00
0.879999995232E+00
0.879999995232E+00
0.879999995232E+00
0.879999995232E+00
0.879999995232E+00
0.879999995232E+00
0.879999995232E+00
0.879999995232E+00
0.879999995232E+00
0.879999995232E+00
0.879999995232E+00
0.879999995232E+00
0.879999995232E+00
0.879999995232E+00
0.879999995232E+00
0.879999995232E+00
0.879999995232E+00
0.879999995232E+00
0.879999995232E+00
0.879999995232E+00
0.879999995232E+00
0.879999995232E+00
0.879999995232E+00
0.879999995232E+00
0.879999995232E+00
0.879999995232E+00
0.879999995232E+00
0.879999995232E+00
0.879999995232E+00
0.879999995232E+00
0.879999995232E+00
0.879999995232E+00
0.879999995232E+00
0.879999995232E+00
0.879999995232E+00
0.879999995232E+00
0.879999995232E+00
0.879999995232E+00
0.879999995232E+00
0.879999995232E+00
0.879999995232E+00
0.879999995232E+00
0.879999995232E+00
0.879999995232E+00
0.879999995232E+00
0.879999995232E+00
0.879999995232E+00
0.879999995232E+00
0.879999995232E+00
0.879999995232E+00
0.879999995232E+00
0.879999995232E+00
0.879999995232E+00
0.879999995232E+00
0.879999995232E+00
0.879999995232E+00
0.879999995232E+00
0.879999995232E+00
0.879999995232E+00
0.866614580154E+00
0.853076875210E+00
0.839454412460E+00
0.825811743736E+00
0.812210798264E+00
0.798710167408E+00
0.785365223885E+00
0.772226452827E+00
0.759341120720E+00
0.746751725674E+00
0.734496235847E+00
0.722608447075E+00
0.711117088795E+00
0.700046658516E+00
0.689417183399E+00
0.679244458675E+00
0.669539809227E+00
0.660310864449E+00
0.651561617851E+00
0.643292367458E+00
0.635500371456E+00
0.628179907799E+00
0.621322631836E+00
0.614917993546E+00
0.609088361263E+00
0.603782236576E+00
0.598952531815E+00
0.594556629658E+00
0.590555429459E+00
0.586913645267E+00
0.583598852158E+00
0.580581843853E+00
0.577835619450E+00
0.879999995232E+00
0.879999995232E+00
0.879999995232E+00
0.879999995232E+00
0.879999995232E+00
0.879999995232E+00
0.879999995232E+00
0.879999995232E+00
0.879999995232E+00
0.879999995232E+00
0.879999995232E+00
0.879999995232E+00
0.879999995232E+00
0.879999995232E+00
0.879999995232E+00
0.879999995232E+00
0.879999995232E+00
0.879999995232E+00
0.879999995232E+00
0.879999995232E+00
0.879999995232E+00
0.879999995232E+00
0.879999995232E+00
0.879999995232E+00
0.879999995232E+00
0.879999995232E+00
0.879999995232E+00
0.879999995232E+00
0.879999995232E+00
0.879999995232E+00
0.879999995232E+00
0.879999995232E+00
0.879999995232E+00
0.879999995232E+00
0.879999995232E+00
0.879999995232E+00
0.879999995232E+00
0.879999995232E+00
0.879999995232E+00
0.879999995232E+00
0.879999995232E+00
0.879999995232E+00
0.879999995232E+00
0.879999995232E+00
0.879999995232E+00
0.879999995232E+00
0.879999995232E+00
0.879999995232E+00
0.879999995232E+00
0.879999995232E+00
0.879999995232E+00
0.879999995232E+00
0.879999995232E+00
0.879999995232E+00
0.879999995232E+00
0.879999995232E+00
0.879999995232E+00
0.879999995232E+00
0.879999995232E+00
0.879999995232E+00
0.879999995232E+00
0.879999995232E+00
0.879999995232E+00
0.879999995232E+00
0.879999995232E+00
0.879999995232E+00
0.879999995232E+00
0.866614580154E+00
0.853076875210E+00
0.839454412460E+00
0.825811743736E+00
0.812210798264E+00
0.798710167408E+00
0.785365223885E+00
0.772226452827E+00
0.759341120720E+00
0.746751725674E+00
0.734496235847E+00
0.722608447075E+00
0.711117088795E+00
0.700046658516E+00
0.689417183399E+00
0.679244458675E+00
0.669539809227E+00
0.660310864449E+00
0.651561617851E+00
0.643292367458E+00
0.635500371456E+00
0.628179907799E+00
0.621322631836E+00
0.614917993546E+00
0.609088361263E+00
0.603782236576E+00
0.598952531815E+00
0.594556629658E+00
0.590555429459E+00
0.586913645267E+00
0.583598852158E+00
0.580581843853E+00
0.577835619450E+00
0.879999995232E+00
0.879999995232E+00
0.879999995232E+00
0.879999995232E+00
0.879999995232E+00
0.879999995232E+00
0.879999995232E+00
0.879999995232E+00
0.879999995232E+00
0.879999995232E+00
0.879999995232E+00
0.879999995232E+00
0.879999995232E+00
0.879999995232E+00
0.879999995232E+00
0.879999995232E+00
0.879999995232E+00
0.879999995232E+00
0.879999995232E+00
0.879999995232E+00
0.879999995232E+00
0.879999995232E+00
0.879999995232E+00
0.879999995232E+00
0.879999995232E+00
0.879999995232E+00
0.879999995232E+00
0.879999995232E+00
0.879999995232E+00
0.879999995232E+00
0.879999995232E+00
0.879999995232E+00
0.879999995232E+00
0.879999995232E+00
0.879999995232E+00
0.879999995232E+00
0.879999995232E+00
0.879999995232E+00
0.879999995232E+00
0.879999995232E+00
0.879999995232E+00
0.879999995232E+00
0.879999995232E+00
0.879999995232E+00
0.879999995232E+00
0.879999995232E+00
0.879999995232E+00
0.879999995232E+00
0.879999995232E+00
0.879999995232E+00
0.879999995232E+00
0.879999995232E+00
0.879999995232E+00
0.879999995232E+00
0.879999995232E+00
0.879999995232E+00
0.879999995232E+00
0.879999995232E+00
0.879999995232E+00
0.879999995232E+00
0.879999995232E+00
0.879999995232E+00
0.879999995232E+00
0.879999995232E+00
0.879999995232E+00
0.879999995232E+00
0.879999995232E+00
0.866614580154E+00
0.853076875210E+00
0.839454412460E+00
0.825811743736E+00
0.812210798264E+00
0.798710167408E+00
0.785365223885E+00
0.772226452827E+00
0.759341120720E+00
0.746751725674E+00
0.734496235847E+00
0.723004221916E+00
0.711856782436E+00
0.701081335545E+00
0.690700531006E+00
0.680733025074E+00
0.671193957329E+00
0.662093877792E+00
0.653439640999E+00
0.645235359669E+00
0.637481212616E+00
0.630174636841E+00
0.623310148716E+00
0.616879940033E+00
0.611013710499E+00
0.605662047863E+00
0.600779771805E+00
0.596325814724E+00
0.592262506485E+00
0.588555634022E+00
0.585173904896E+00
