 fluxSens
0.000000000000E+00
0.000000000000E+00
0.000000000000E+00
0.000000000000E+00
0.000000000000E+00
0.000000000000E+00
0.000000000000E+00
0.000000000000E+00
0.000000000000E+00
0.000000000000E+00
0.000000000000E+00
0.000000000000E+00
0.000000000000E+00
0.000000000000E+00
0.000000000000E+00
0.000000000000E+00
0.000000000000E+00
0.000000000000E+00
0.000000000000E+00
0.000000000000E+00
0.000000000000E+00
0.000000000000E+00
0.000000000000E+00
0.000000000000E+00
0.000000000000E+00
0.000000000000E+00
0.000000000000E+00
0.000000000000E+00
0.000000000000E+00
0.000000000000E+00
0.000000000000E+00
0.000000000000E+00
0.000000000000E+00
0.000000000000E+00
0.000000000000E+00
0.000000000000E+00
0.000000000000E+00
0.000000000000E+00
0.000000000000E+00
0.000000000000E+00
0.000000000000E+00
0.000000000000E+00
0.000000000000E+00
0.000000000000E+00
0.000000000000E+00
0.000000000000E+00
0.000000000000E+00
0.000000000000E+00
0.000000000000E+00
0.000000000000E+00
0.000000000000E+00
0.000000000000E+00
0.000000000000E+00
0.000000000000E+00
0.000000000000E+00
0.000000000000E+00
0.000000000000E+00
0.000000000000E+00
0.000000000000E+00
0.000000000000E+00
0.000000000000E+00
0.000000000000E+00
0.000000000000E+00
0.000000000000E+00
0.000000000000E+00
0.000000000000E+00
0.000000000000E+00
0.000000000000E+00
0.000000000000E+00
0.000000000000E+00
0.000000000000E+00
0.000000000000E+00
0.000000000000E+00
0.000000000000E+00
0.000000000000E+00
0.000000000000E+00
0.000000000000E+00
0.000000000000E+00
0.000000000000E+00
0.000000000000E+00
0.000000000000E+00
0.000000000000E+00
0.000000000000E+00
0.000000000000E+00
0.000000000000E+00
0.000000000000E+00
0.000000000000E+00
0.000000000000E+00
0.000000000000E+00
0.000000000000E+00
0.000000000000E+00
0.000000000000E+00
0.000000000000E+00
0.000000000000E+00
0.000000000000E+00
0.000000000000E+00
0.000000000000E+00
0.000000000000E+00
0.000000000000E+00
0.241830682755E+01
0.119781007767E+02
0.181849765778E+02
0.219141769409E+02
0.238359107971E+02
0.249183235168E+02
0.252038116455E+02
0.252748584747E+02
0.249395160675E+02
0.246333465576E+02
0.240735454559E+02
0.235030212402E+02
0.230673770905E+02
0.224439010620E+02
0.219862194061E+02
0.213597145081E+02
0.209107475281E+02
0.202999153137E+02
0.198707313538E+02
0.192818641663E+02
0.188757858276E+02
0.183103427887E+02
0.177630043030E+02
0.172488727570E+02
0.164686412811E+02
0.158229627609E+02
0.150038022995E+02
0.143742790222E+02
0.136023540497E+02
0.130369014740E+02
0.123365554810E+02
0.117117967606E+02
0.112807254791E+02
0.107028379440E+02
0.110027608871E+02
0.117041454315E+02
0.127543096542E+02
0.134531688690E+02
0.144995508194E+02
0.151958827972E+02
0.162385025024E+02
0.169323348999E+02
0.176251640320E+02
0.186625480652E+02
0.193528919220E+02
0.203865528107E+02
0.210744304657E+02
0.221043987274E+02
0.227898120880E+02
0.238161125183E+02
0.244990673065E+02
0.244990673065E+02
0.238161125183E+02
0.227898120880E+02
0.221043987274E+02
0.210744304657E+02
0.203865528107E+02
0.193528919220E+02
0.186625480652E+02
0.176251640320E+02
0.169323348999E+02
0.162385025024E+02
0.633161973953E+01
0.000000000000E+00
0.000000000000E+00
0.000000000000E+00
0.000000000000E+00
0.000000000000E+00
0.000000000000E+00
0.000000000000E+00
0.000000000000E+00
0.000000000000E+00
0.000000000000E+00
0.000000000000E+00
0.000000000000E+00
0.000000000000E+00
0.000000000000E+00
0.000000000000E+00
0.000000000000E+00
0.000000000000E+00
0.000000000000E+00
0.000000000000E+00
0.000000000000E+00
0.000000000000E+00
0.000000000000E+00
0.000000000000E+00
0.000000000000E+00
0.000000000000E+00
0.000000000000E+00
0.000000000000E+00
0.000000000000E+00
0.000000000000E+00
0.000000000000E+00
0.000000000000E+00
0.000000000000E+00
0.000000000000E+00
0.000000000000E+00
0.000000000000E+00
0.000000000000E+00
0.000000000000E+00
0.241830682755E+01
0.119781007767E+02
0.181849765778E+02
0.219141769409E+02
0.238359107971E+02
0.249183235168E+02
0.252038116455E+02
0.252748584747E+02
0.249395160675E+02
0.246333465576E+02
0.240735454559E+02
0.235030212402E+02
0.230673770905E+02
0.224439010620E+02
0.219862194061E+02
0.213597145081E+02
0.209107475281E+02
0.202999153137E+02
0.198707313538E+02
0.192818641663E+02
0.188757858276E+02
0.183103427887E+02
0.177630043030E+02
0.172488727570E+02
0.164686412811E+02
0.158229627609E+02
0.150038022995E+02
0.143742790222E+02
0.136023540497E+02
0.130369014740E+02
0.123365554810E+02
0.117117967606E+02
0.112807254791E+02
0.107028379440E+02
0.110027608871E+02
0.117041454315E+02
0.127543096542E+02
0.134531688690E+02
0.144995508194E+02
0.151958827972E+02
0.162385025024E+02
0.169323348999E+02
0.176251640320E+02
0.186625480652E+02
0.193528919220E+02
0.203865528107E+02
0.210744304657E+02
0.221043987274E+02
0.227898120880E+02
0.238161125183E+02
0.244990673065E+02
0.244990673065E+02
0.238161125183E+02
0.227898120880E+02
0.221043987274E+02
0.210744304657E+02
0.203865528107E+02
0.193528919220E+02
0.186625480652E+02
0.176251640320E+02
0.169323348999E+02
0.162385025024E+02
0.633161973953E+01
0.000000000000E+00
0.000000000000E+00
0.000000000000E+00
0.000000000000E+00
0.000000000000E+00
0.000000000000E+00
0.000000000000E+00
0.000000000000E+00
0.000000000000E+00
0.000000000000E+00
0.000000000000E+00
0.000000000000E+00
0.000000000000E+00
0.000000000000E+00
0.000000000000E+00
0.000000000000E+00
0.000000000000E+00
0.000000000000E+00
0.000000000000E+00
0.000000000000E+00
0.000000000000E+00
0.000000000000E+00
0.000000000000E+00
0.000000000000E+00
0.000000000000E+00
0.000000000000E+00
0.000000000000E+00
0.000000000000E+00
0.000000000000E+00
0.000000000000E+00
0.000000000000E+00
0.000000000000E+00
0.000000000000E+00
0.000000000000E+00
0.000000000000E+00
0.000000000000E+00
0.000000000000E+00
0.241830682755E+01
0.119781007767E+02
0.181849765778E+02
0.219141769409E+02
0.238359107971E+02
0.249183235168E+02
0.252038116455E+02
0.252748584747E+02
0.249395160675E+02
0.246333465576E+02
0.240735454559E+02
0.235030212402E+02
0.230673770905E+02
0.224439010620E+02
0.219862194061E+02
0.213597145081E+02
0.209107475281E+02
0.202999153137E+02
0.198707313538E+02
0.192818641663E+02
0.188757858276E+02
0.183103427887E+02
0.177630043030E+02
0.172488727570E+02
0.164686412811E+02
0.158229627609E+02
0.150038022995E+02
0.143742790222E+02
0.136023540497E+02
0.130369014740E+02
0.123365554810E+02
0.117117967606E+02
0.112807254791E+02
0.107028379440E+02
0.110027608871E+02
0.117041454315E+02
0.127543096542E+02
0.134531688690E+02
0.144995508194E+02
0.151958827972E+02
0.162385025024E+02
0.169323348999E+02
0.176251640320E+02
0.186625480652E+02
0.193528919220E+02
0.203865528107E+02
0.210744304657E+02
0.221043987274E+02
0.227898120880E+02
0.238161125183E+02
0.244990673065E+02
0.244990673065E+02
0.238161125183E+02
0.227898120880E+02
0.221043987274E+02
0.210744304657E+02
0.203865528107E+02
0.193528919220E+02
0.186625480652E+02
0.176251640320E+02
0.169323348999E+02
0.162385025024E+02
0.633161973953E+01
0.000000000000E+00
0.000000000000E+00
0.000000000000E+00
0.000000000000E+00
0.000000000000E+00
0.000000000000E+00
0.000000000000E+00
0.000000000000E+00
0.000000000000E+00
0.000000000000E+00
0.000000000000E+00
0.000000000000E+00
0.000000000000E+00
0.000000000000E+00
0.000000000000E+00
0.000000000000E+00
0.000000000000E+00
0.000000000000E+00
0.000000000000E+00
0.000000000000E+00
0.000000000000E+00
0.000000000000E+00
0.000000000000E+00
0.000000000000E+00
0.000000000000E+00
0.000000000000E+00
0.000000000000E+00
0.000000000000E+00
0.000000000000E+00
0.000000000000E+00
0.000000000000E+00
0.000000000000E+00
0.000000000000E+00
0.000000000000E+00
0.000000000000E+00
0.000000000000E+00
0.000000000000E+00
0.241830682755E+01
0.119781007767E+02
0.181849765778E+02
0.219141769409E+02
0.238359107971E+02
0.249183235168E+02
0.252038116455E+02
0.252748584747E+02
0.249395160675E+02
0.246333465576E+02
0.240735454559E+02
0.235030212402E+02
0.230673770905E+02
0.224439010620E+02
0.219862194061E+02
0.213597145081E+02
0.209107475281E+02
0.202999153137E+02
0.198707313538E+02
0.192818641663E+02
0.188757858276E+02
0.183103427887E+02
0.177630043030E+02
0.172488727570E+02
0.164686412811E+02
0.158229627609E+02
0.150038022995E+02
0.143742790222E+02
0.136023540497E+02
0.130369014740E+02
0.123365554810E+02
0.117117967606E+02
0.112807254791E+02
0.107028379440E+02
0.110027608871E+02
0.117041454315E+02
0.127543096542E+02
0.134531688690E+02
0.144995508194E+02
0.151958827972E+02
0.162385025024E+02
0.169323348999E+02
0.176251640320E+02
0.186625480652E+02
0.193528919220E+02
0.203865528107E+02
0.210744304657E+02
0.221043987274E+02
0.227898120880E+02
0.238161125183E+02
0.244990673065E+02
0.244990673065E+02
0.238161125183E+02
0.227898120880E+02
0.221043987274E+02
0.210744304657E+02
0.203865528107E+02
0.193528919220E+02
0.186625480652E+02
0.176251640320E+02
0.169323348999E+02
0.162385025024E+02
0.633161973953E+01
0.000000000000E+00
0.000000000000E+00
0.000000000000E+00
0.000000000000E+00
0.000000000000E+00
0.000000000000E+00
0.000000000000E+00
0.000000000000E+00
0.000000000000E+00
0.000000000000E+00
0.000000000000E+00
0.000000000000E+00
0.000000000000E+00
0.000000000000E+00
0.000000000000E+00
0.000000000000E+00
0.000000000000E+00
0.000000000000E+00
0.000000000000E+00
0.000000000000E+00
0.000000000000E+00
0.000000000000E+00
0.000000000000E+00
0.000000000000E+00
0.000000000000E+00
0.000000000000E+00
0.000000000000E+00
0.000000000000E+00
0.000000000000E+00
0.000000000000E+00
0.000000000000E+00
0.000000000000E+00
0.000000000000E+00
0.000000000000E+00
0.000000000000E+00
0.000000000000E+00
0.000000000000E+00
0.241830682755E+01
0.119781007767E+02
0.181849765778E+02
0.219141769409E+02
0.238359107971E+02
0.249183235168E+02
0.252038116455E+02
0.252748584747E+02
0.249395160675E+02
0.246333465576E+02
0.240735454559E+02
0.235030212402E+02
0.230673770905E+02
0.224439010620E+02
0.219862194061E+02
0.213597145081E+02
0.209107475281E+02
0.202999153137E+02
0.198707313538E+02
0.192818641663E+02
0.188757858276E+02
0.183103427887E+02
0.177630043030E+02
0.172488727570E+02
0.164686412811E+02
0.158229627609E+02
0.150038022995E+02
0.143742790222E+02
0.136023540497E+02
0.130369014740E+02
0.123365554810E+02
0.117117967606E+02
0.112807254791E+02
0.107028379440E+02
0.110027608871E+02
0.117041454315E+02
0.127543096542E+02
0.134531688690E+02
0.144995508194E+02
0.151958827972E+02
0.162385025024E+02
0.169323348999E+02
0.176251640320E+02
0.186625480652E+02
0.193528919220E+02
0.203865528107E+02
0.210744304657E+02
0.221043987274E+02
0.227898120880E+02
0.238161125183E+02
0.244990673065E+02
0.244990673065E+02
0.238161125183E+02
0.227898120880E+02
0.221043987274E+02
0.210744304657E+02
0.203865528107E+02
0.193528919220E+02
0.186625480652E+02
0.176251640320E+02
0.169323348999E+02
0.162385025024E+02
0.633161973953E+01
0.000000000000E+00
0.000000000000E+00
0.000000000000E+00
0.000000000000E+00
0.000000000000E+00
0.000000000000E+00
0.000000000000E+00
0.000000000000E+00
0.000000000000E+00
0.000000000000E+00
0.000000000000E+00
0.000000000000E+00
0.000000000000E+00
0.000000000000E+00
0.000000000000E+00
0.000000000000E+00
0.000000000000E+00
0.000000000000E+00
0.000000000000E+00
0.000000000000E+00
0.000000000000E+00
0.000000000000E+00
0.000000000000E+00
0.000000000000E+00
0.000000000000E+00
0.000000000000E+00
0.000000000000E+00
0.000000000000E+00
0.000000000000E+00
0.000000000000E+00
0.000000000000E+00
0.000000000000E+00
0.000000000000E+00
0.000000000000E+00
0.000000000000E+00
0.000000000000E+00
0.000000000000E+00
0.241830682755E+01
0.119781007767E+02
0.181849765778E+02
0.219141769409E+02
0.238359107971E+02
0.249183235168E+02
0.252038116455E+02
0.252748584747E+02
0.249395160675E+02
0.246333465576E+02
0.240735454559E+02
0.235030212402E+02
0.230673770905E+02
0.224439010620E+02
0.219862194061E+02
0.213597145081E+02
0.209107475281E+02
0.202999153137E+02
0.198707313538E+02
0.192818641663E+02
0.188757858276E+02
0.183103427887E+02
0.177630043030E+02
0.172488727570E+02
0.164686412811E+02
0.158229627609E+02
0.150038022995E+02
0.143742790222E+02
0.136023540497E+02
0.130369014740E+02
0.123365554810E+02
0.117117967606E+02
0.112807254791E+02
0.107028379440E+02
0.110027608871E+02
0.117041454315E+02
0.127543096542E+02
0.134531688690E+02
0.144995508194E+02
0.151958827972E+02
0.162385025024E+02
0.169323348999E+02
0.176251640320E+02
0.186625480652E+02
0.193528919220E+02
0.203865528107E+02
0.210744304657E+02
0.221043987274E+02
0.227898120880E+02
0.238161125183E+02
0.244990673065E+02
0.244990673065E+02
0.238161125183E+02
0.227898120880E+02
0.221043987274E+02
0.210744304657E+02
0.203865528107E+02
0.193528919220E+02
0.186625480652E+02
0.176251640320E+02
0.169323348999E+02
0.162385025024E+02
0.633161973953E+01
0.000000000000E+00
0.000000000000E+00
0.000000000000E+00
0.000000000000E+00
0.000000000000E+00
0.000000000000E+00
0.000000000000E+00
0.000000000000E+00
0.000000000000E+00
0.000000000000E+00
0.000000000000E+00
0.000000000000E+00
0.000000000000E+00
0.000000000000E+00
0.000000000000E+00
0.000000000000E+00
0.000000000000E+00
0.000000000000E+00
0.000000000000E+00
0.000000000000E+00
0.000000000000E+00
0.000000000000E+00
0.000000000000E+00
0.000000000000E+00
0.000000000000E+00
0.000000000000E+00
0.000000000000E+00
0.000000000000E+00
0.000000000000E+00
0.000000000000E+00
0.000000000000E+00
0.000000000000E+00
0.000000000000E+00
0.000000000000E+00
0.000000000000E+00
0.000000000000E+00
0.000000000000E+00
0.241830682755E+01
0.119781007767E+02
0.181849765778E+02
0.219141769409E+02
0.238359107971E+02
0.249183235168E+02
0.252038116455E+02
0.252748584747E+02
0.249395160675E+02
0.246333465576E+02
0.240735454559E+02
0.235030212402E+02
0.230673770905E+02
0.224439010620E+02
0.219862194061E+02
0.213597145081E+02
0.209107475281E+02
0.202999153137E+02
0.198707313538E+02
0.192818641663E+02
0.188757858276E+02
0.183103427887E+02
0.177630043030E+02
0.172488727570E+02
0.164686412811E+02
0.158229627609E+02
0.150038022995E+02
0.143742790222E+02
0.136023540497E+02
0.130369014740E+02
0.123365554810E+02
0.117117967606E+02
