 fluxNetL
0.000000000000E+00
0.000000000000E+00
0.000000000000E+00
0.000000000000E+00
0.000000000000E+00
0.000000000000E+00
0.000000000000E+00
0.000000000000E+00
0.000000000000E+00
0.000000000000E+00
0.000000000000E+00
0.000000000000E+00
0.000000000000E+00
0.000000000000E+00
0.000000000000E+00
0.000000000000E+00
0.000000000000E+00
0.000000000000E+00
0.000000000000E+00
0.000000000000E+00
0.000000000000E+00
0.000000000000E+00
0.000000000000E+00
0.000000000000E+00
0.000000000000E+00
0.000000000000E+00
0.000000000000E+00
0.000000000000E+00
0.000000000000E+00
0.000000000000E+00
0.000000000000E+00
0.000000000000E+00
0.000000000000E+00
0.000000000000E+00
0.000000000000E+00
0.000000000000E+00
0.000000000000E+00
0.000000000000E+00
0.000000000000E+00
0.000000000000E+00
0.000000000000E+00
0.000000000000E+00
0.000000000000E+00
0.000000000000E+00
0.000000000000E+00
0.000000000000E+00
0.000000000000E+00
0.000000000000E+00
0.000000000000E+00
0.000000000000E+00
0.000000000000E+00
0.000000000000E+00
0.000000000000E+00
0.000000000000E+00
0.000000000000E+00
0.000000000000E+00
0.000000000000E+00
0.000000000000E+00
0.000000000000E+00
0.000000000000E+00
0.000000000000E+00
0.000000000000E+00
0.000000000000E+00
0.000000000000E+00
0.000000000000E+00
0.000000000000E+00
0.000000000000E+00
0.000000000000E+00
0.000000000000E+00
0.000000000000E+00
0.000000000000E+00
0.000000000000E+00
0.000000000000E+00
0.000000000000E+00
0.000000000000E+00
0.000000000000E+00
0.000000000000E+00
0.000000000000E+00
0.000000000000E+00
0.000000000000E+00
0.000000000000E+00
0.000000000000E+00
0.000000000000E+00
0.000000000000E+00
0.000000000000E+00
0.000000000000E+00
0.000000000000E+00
0.000000000000E+00
0.000000000000E+00
0.000000000000E+00
0.000000000000E+00
0.000000000000E+00
0.000000000000E+00
0.000000000000E+00
0.000000000000E+00
0.000000000000E+00
0.000000000000E+00
0.000000000000E+00
0.000000000000E+00
-.560636558533E+02
-.467538871765E+02
-.382002372742E+02
-.327312469482E+02
-.289486675262E+02
-.265444660187E+02
-.248329067230E+02
-.235588245392E+02
-.223789596558E+02
-.216247158051E+02
-.209669837952E+02
-.203752517700E+02
-.196377506256E+02
-.191876850128E+02
-.187409629822E+02
-.183007564545E+02
-.176698303223E+02
-.173100452423E+02
-.169369468689E+02
-.165592155457E+02
-.159765157700E+02
-.156676940918E+02
-.153412389755E+02
-.150068635941E+02
-.140362548828E+02
-.130654792786E+02
-.122789916992E+02
-.116208925247E+02
-.108338670731E+02
-.104032783508E+02
-.100005855560E+02
-.962406921387E+01
-.904328250885E+01
-.878176403046E+01
-.851558971405E+01
-.825209426880E+01
-.745314788818E+01
-.597952985764E+01
-.452749300003E+01
-.311469340324E+01
-.124813461304E+01
0.995038300753E-01
0.141853964329E+01
0.271193957329E+01
0.448142194748E+01
0.573363208771E+01
0.696778774261E+01
0.818575954437E+01
0.989853668213E+01
0.110919713974E+02
0.122745504379E+02
0.124173231125E+02
0.115215473175E+02
0.106187458038E+02
0.920300292969E+01
0.829106712341E+01
0.737463665009E+01
0.645468664169E+01
0.503495168686E+01
0.411188745499E+01
0.318705224991E+01
0.226100921631E+01
0.847137391567E+00
-.779266282916E-01
-.100279736519E+01
-.192742407322E+01
-.332905316353E+01
-.424987602234E+01
-.516944456100E+01
-.608762121201E+01
-.747272014618E+01
-.838532733917E+01
-.929592704773E+01
-.102042999268E+02
-.115701627731E+02
-.115590219498E+02
-.995812225342E+01
-.928232192993E+01
-.922793102264E+01
-.907626438141E+01
-.905010223389E+01
-.907629013062E+01
-.930793476105E+01
-.927659702301E+01
-.929894828796E+01
-.934361839294E+01
-.957662296295E+01
-.954778862000E+01
-.956925678253E+01
-.961165046692E+01
-.983740425110E+01
-.980731487274E+01
-.982640933990E+01
-.986583423615E+01
-.100844049454E+02
-.100529041290E+02
-.100695428848E+02
-.101061515808E+02
-.103175554276E+02
-.102847232819E+02
-.484371032715E+02
-.444778327942E+02
-.373125686646E+02
-.324682159424E+02
-.289287643433E+02
-.265855655670E+02
-.248569087982E+02
-.235364475250E+02
-.223007011414E+02
-.214948463440E+02
-.207973709106E+02
-.201763401031E+02
-.194140758514E+02
-.189456100464E+02
-.184890403748E+02
-.180442886353E+02
-.174079742432E+02
-.170444908142E+02
-.166724491119E+02
-.162980747223E+02
-.157155532837E+02
-.154068593979E+02
-.150840873718E+02
-.147548236847E+02
-.137826642990E+02
-.127983732224E+02
-.119975976944E+02
-.113287563324E+02
-.105312814713E+02
-.100943536758E+02
-.969281959534E+01
-.932194995880E+01
-.874485874176E+01
-.848794841766E+01
-.823078441620E+01
-.797811937332E+01
-.736342620850E+01
-.597952985764E+01
-.452749300003E+01
-.311469340324E+01
-.124813461304E+01
0.995038300753E-01
0.141853964329E+01
0.271193957329E+01
0.448142194748E+01
0.573363208771E+01
0.696778774261E+01
0.818575954437E+01
0.989853668213E+01
0.110919713974E+02
0.122745504379E+02
0.124173231125E+02
0.115215473175E+02
0.106187458038E+02
0.920300292969E+01
0.829106712341E+01
0.737463665009E+01
0.645468664169E+01
0.503495168686E+01
0.411188745499E+01
0.318705224991E+01
0.226100921631E+01
0.847137391567E+00
-.779266282916E-01
-.100279736519E+01
-.192742407322E+01
-.332905316353E+01
-.424987602234E+01
-.516944456100E+01
-.608762121201E+01
-.747272014618E+01
-.838532733917E+01
-.929592704773E+01
-.102042999268E+02
-.115701627731E+02
-.124718828201E+02
-.133710603714E+02
-.127016077042E+02
-.110743999481E+02
-.101087865829E+02
-.965429401398E+01
-.945630741119E+01
-.958286094666E+01
-.949765491486E+01
-.948453617096E+01
-.950762176514E+01
-.973957347870E+01
-.971025753021E+01
-.972378444672E+01
-.975874042511E+01
-.999042987823E+01
-.996347904205E+01
-.997666072845E+01
-.100097074509E+02
-.102345342636E+02
-.102063627243E+02
-.102173509598E+02
-.102477884293E+02
-.104653263092E+02
-.104358034134E+02
-.488232307434E+02
-.451681098938E+02
-.382530708313E+02
-.333795471191E+02
-.296908855438E+02
-.271617317200E+02
-.252537326813E+02
-.237761898041E+02
-.224068298340E+02
-.214928188324E+02
-.207134799957E+02
-.200316429138E+02
-.192212924957E+02
-.187166900635E+02
-.182366504669E+02
-.177771358490E+02
-.171282081604E+02
-.167556190491E+02
-.163804225922E+02
-.160064163208E+02
-.154222984314E+02
-.151124486923E+02
-.147922849655E+02
-.144674863815E+02
-.134940929413E+02
-.124971961975E+02
-.116821813583E+02
-.110017719269E+02
-.101927795410E+02
-.974805259705E+01
-.934589099884E+01
-.897918224335E+01
-.840510177612E+01
-.815242195129E+01
-.790395450592E+01
-.766211891174E+01
-.716696310043E+01
-.597952985764E+01
-.452749300003E+01
-.311469340324E+01
-.124813461304E+01
0.995038300753E-01
0.141853964329E+01
0.271193957329E+01
0.448142194748E+01
0.573363208771E+01
0.696778774261E+01
0.818575954437E+01
0.989853668213E+01
0.110919713974E+02
0.122745504379E+02
0.124173231125E+02
0.115215473175E+02
0.106187458038E+02
0.920300292969E+01
0.829106712341E+01
0.737463665009E+01
0.645468664169E+01
0.503495168686E+01
0.411188745499E+01
0.318705224991E+01
0.226100921631E+01
0.847137391567E+00
-.779266282916E-01
-.100279736519E+01
-.192742407322E+01
-.332905316353E+01
-.424987602234E+01
-.516944456100E+01
-.608762121201E+01
-.747272014618E+01
-.838532733917E+01
-.929592704773E+01
-.102042999268E+02
-.115701627731E+02
-.124718828201E+02
-.133710603714E+02
-.142675981522E+02
-.154127321243E+02
-.134048557281E+02
-.116939592361E+02
-.107384595871E+02
-.104190349579E+02
-.100694570541E+02
-.989280700684E+01
-.981572055817E+01
-.999588489532E+01
-.993719959259E+01
-.992712306976E+01
-.994493770599E+01
-.101738395691E+02
-.101463451385E+02
-.101530551910E+02
-.101791286469E+02
-.104069099426E+02
-.103816127777E+02
-.103882484436E+02
-.104129867554E+02
-.106340732574E+02
-.106077709198E+02
-.492120513916E+02
-.458664245605E+02
-.392153129578E+02
-.343471603394E+02
-.305392818451E+02
-.278415355682E+02
-.257589530945E+02
-.241193504333E+02
-.226053180695E+02
-.215682544708E+02
-.206904468536E+02
-.199312152863E+02
-.190576438904E+02
-.185031986237E+02
-.179875564575E+02
-.175030117035E+02
-.168333492279E+02
-.164449424744E+02
-.160610561371E+02
-.156830148697E+02
-.150942897797E+02
-.147809314728E+02
-.144614191055E+02
-.141396656036E+02
-.131646747589E+02
-.121556167603E+02
-.113262224197E+02
-.106333293915E+02
-.981166648865E+01
-.935754394531E+01
-.895286083221E+01
-.858861541748E+01
-.801655864716E+01
-.776736354828E+01
-.752693367004E+01
-.729573154449E+01
-.682556915283E+01
-.597952985764E+01
-.452749300003E+01
-.311469340324E+01
-.124813461304E+01
0.995038300753E-01
0.141853964329E+01
0.271193957329E+01
0.448142194748E+01
0.573363208771E+01
0.696778774261E+01
0.818575954437E+01
0.989853668213E+01
0.110919713974E+02
0.122745504379E+02
0.124173231125E+02
0.115215473175E+02
0.106187458038E+02
0.920300292969E+01
0.829106712341E+01
0.737463665009E+01
0.645468664169E+01
0.503495168686E+01
0.411188745499E+01
0.318705224991E+01
0.226100921631E+01
0.847137391567E+00
-.779266282916E-01
-.100279736519E+01
-.192742407322E+01
-.332905316353E+01
-.424987602234E+01
-.516944456100E+01
-.608762121201E+01
-.747272014618E+01
-.838532733917E+01
-.929592704773E+01
-.102042999268E+02
-.115701627731E+02
-.124718828201E+02
-.133710603714E+02
-.142675981522E+02
-.156156444550E+02
-.165105304718E+02
-.163062324524E+02
-.138553924561E+02
-.125625705719E+02
-.115633163452E+02
-.109479122162E+02
-.105761861801E+02
-.105667257309E+02
-.103846254349E+02
-.102881937027E+02
-.102463130951E+02
-.104415550232E+02
-.103936538696E+02
-.103819894791E+02
-.103931236267E+02
-.106165151596E+02
-.105899076462E+02
-.105907649994E+02
-.106088180542E+02
-.108307943344E+02
-.108065567017E+02
-.496124229431E+02
-.465761337280E+02
-.401992149353E+02
-.353683624268E+02
-.314720897675E+02
-.286268329620E+02
-.263794326782E+02
-.245778465271E+02
-.229122505188E+02
-.217401142120E+02
-.207487030029E+02
-.198957805634E+02
-.189429397583E+02
-.183233394623E+02
-.177577857971E+02
-.172354278564E+02
-.165341911316E+02
-.161207199097E+02
-.157200746536E+02
-.153313407898E+02
-.147328252792E+02
-.144118738174E+02
-.140895042419E+02
-.137679653168E+02
-.127898635864E+02
-.117681856155E+02
-.109236583710E+02
-.102170162201E+02
-.938125610352E+01
-.891589736938E+01
-.850648403168E+01
-.814261054993E+01
-.757109498978E+01
-.732423973083E+01
-.709084320068E+01
-.686962509155E+01
-.640740728378E+01
-.595955467224E+01
-.452749300003E+01
-.311469340324E+01
-.124813461304E+01
0.995038300753E-01
0.141853964329E+01
0.271193957329E+01
0.448142194748E+01
0.573363208771E+01
0.696778774261E+01
0.818575954437E+01
0.989853668213E+01
0.110919713974E+02
0.122745504379E+02
0.124173231125E+02
0.115215473175E+02
0.106187458038E+02
0.920300292969E+01
0.829106712341E+01
0.737463665009E+01
0.645468664169E+01
0.503495168686E+01
0.411188745499E+01
0.318705224991E+01
0.226100921631E+01
0.847137391567E+00
-.779266282916E-01
-.100279736519E+01
-.192742407322E+01
-.332905316353E+01
-.424987602234E+01
-.516944456100E+01
-.608762121201E+01
-.747272014618E+01
-.838532733917E+01
-.929592704773E+01
-.102042999268E+02
-.115701627731E+02
-.124718828201E+02
-.133710603714E+02
-.142675981522E+02
-.156156444550E+02
-.165105304718E+02
-.174018306732E+02
-.182896194458E+02
-.170620040894E+02
-.146381778717E+02
-.132317399979E+02
-.122815208435E+02
-.118564682007E+02
-.113766479492E+02
-.110617923737E+02
-.108606204987E+02
-.109460124969E+02
-.108216304779E+02
-.107513990402E+02
-.107182674408E+02
-.109143257141E+02
-.108700590134E+02
-.108543777466E+02
-.108581295013E+02
-.110739698410E+02
-.110470666885E+02
-.500396690369E+02
-.473058967590E+02
-.412090148926E+02
-.364435997009E+02
-.324890975952E+02
-.295197753906E+02
-.271214733124E+02
-.251627292633E+02
-.233431720734E+02
-.220276622772E+02
-.209101600647E+02
-.199485321045E+02
-.189006958008E+02
-.181998729706E+02
-.175686340332E+02
-.169936275482E+02
-.162475566864E+02
-.157970428467E+02
-.153689279556E+02
-.149601554871E+02
-.143441190720E+02
-.140089683533E+02
-.136780757904E+02
-.133520736694E+02
-.123675222397E+02
-.113312253952E+02
-.104697027206E+02
-.974717140198E+01
-.889510631561E+01
-.841603374481E+01
-.799917840958E+01
-.763300514221E+01
-.705990409851E+01
-.681361389160E+01
-.658565473557E+01
-.637319564819E+01
-.591844606400E+01
-.574006462097E+01
-.452749300003E+01
-.311469340324E+01
-.124813461304E+01
0.995038300753E-01
0.141853964329E+01
0.271193957329E+01
0.448142194748E+01
0.573363208771E+01
0.696778774261E+01
0.818575954437E+01
0.989853668213E+01
0.110919713974E+02
0.122745504379E+02
0.124173231125E+02
0.115215473175E+02
0.106187458038E+02
0.920300292969E+01
0.829106712341E+01
0.737463665009E+01
0.645468664169E+01
0.503495168686E+01
0.411188745499E+01
0.318705224991E+01
0.226100921631E+01
0.847137391567E+00
-.779266282916E-01
-.100279736519E+01
-.192742407322E+01
-.332905316353E+01
-.424987602234E+01
-.516944456100E+01
-.608762121201E+01
-.747272014618E+01
-.838532733917E+01
-.929592704773E+01
-.102042999268E+02
-.115701627731E+02
-.124718828201E+02
-.133710603714E+02
-.142675981522E+02
-.156156444550E+02
-.165105304718E+02
-.174018306732E+02
-.182896194458E+02
-.196164073944E+02
-.203964481354E+02
-.171923141479E+02
-.153971424103E+02
-.143148670197E+02
-.133274278641E+02
-.126164360046E+02
-.121076374054E+02
-.119596300125E+02
-.116586322784E+02
-.114501609802E+02
-.113093614578E+02
-.114266376495E+02
-.113244295120E+02
-.112615013123E+02
-.112272233963E+02
-.114173774719E+02
-.113727521896E+02
-.505320587158E+02
-.480811843872E+02
-.422623710632E+02
-.375835685730E+02
-.335976181030E+02
-.305275287628E+02
-.279945545197E+02
-.258871345520E+02
-.239152221680E+02
-.224519119263E+02
-.211989860535E+02
-.201159839630E+02
-.189585933685E+02
-.181608428955E+02
-.174475612640E+02
-.168037719727E+02
-.159976358414E+02
-.154958648682E+02
-.150269269943E+02
-.145859422684E+02
-.139418392181E+02
-.135831661224E+02
-.132353420258E+02
-.128975677490E+02
-.119008255005E+02
-.108458118439E+02
-.996358013153E+01
-.922149848938E+01
-.834963893890E+01
-.785333585739E+01
-.742521238327E+01
-.705308675766E+01
