 fluxNetS
0.000000000000E+00
0.000000000000E+00
0.000000000000E+00
0.000000000000E+00
0.000000000000E+00
0.000000000000E+00
0.000000000000E+00
0.000000000000E+00
0.000000000000E+00
0.000000000000E+00
0.000000000000E+00
0.000000000000E+00
0.000000000000E+00
0.000000000000E+00
0.000000000000E+00
0.000000000000E+00
0.000000000000E+00
0.000000000000E+00
0.000000000000E+00
0.000000000000E+00
0.000000000000E+00
0.000000000000E+00
0.000000000000E+00
0.000000000000E+00
0.000000000000E+00
0.000000000000E+00
0.000000000000E+00
0.000000000000E+00
0.000000000000E+00
0.000000000000E+00
0.000000000000E+00
0.000000000000E+00
0.000000000000E+00
0.000000000000E+00
0.000000000000E+00
0.000000000000E+00
0.000000000000E+00
0.000000000000E+00
0.000000000000E+00
0.000000000000E+00
0.000000000000E+00
0.000000000000E+00
0.000000000000E+00
0.000000000000E+00
0.000000000000E+00
0.000000000000E+00
0.000000000000E+00
0.000000000000E+00
0.000000000000E+00
0.000000000000E+00
0.000000000000E+00
0.000000000000E+00
0.000000000000E+00
0.000000000000E+00
0.000000000000E+00
0.000000000000E+00
0.000000000000E+00
0.000000000000E+00
0.000000000000E+00
0.000000000000E+00
0.000000000000E+00
0.000000000000E+00
0.000000000000E+00
0.000000000000E+00
0.000000000000E+00
0.000000000000E+00
0.000000000000E+00
0.000000000000E+00
0.000000000000E+00
0.000000000000E+00
0.000000000000E+00
0.000000000000E+00
0.000000000000E+00
0.000000000000E+00
0.000000000000E+00
0.000000000000E+00
0.000000000000E+00
0.000000000000E+00
0.000000000000E+00
0.000000000000E+00
0.000000000000E+00
0.000000000000E+00
0.000000000000E+00
0.000000000000E+00
0.000000000000E+00
0.000000000000E+00
0.000000000000E+00
0.000000000000E+00
0.000000000000E+00
0.000000000000E+00
0.000000000000E+00
0.000000000000E+00
0.000000000000E+00
0.000000000000E+00
0.000000000000E+00
0.000000000000E+00
0.000000000000E+00
0.000000000000E+00
0.000000000000E+00
0.795666635036E+00
0.699114382267E+00
0.688580811024E+00
0.677907645702E+00
0.667150557041E+00
0.656363427639E+00
0.645597934723E+00
0.634902775288E+00
0.624324202538E+00
0.613904297352E+00
0.603682816029E+00
0.593695044518E+00
0.583972990513E+00
0.574544608593E+00
0.565434038639E+00
0.556661784649E+00
0.548244476318E+00
0.540195107460E+00
0.532523095608E+00
0.525235116482E+00
0.518366873264E+00
0.512241423130E+00
0.507743299007E+00
0.505737364292E+00
0.506135582924E+00
0.508376419544E+00
0.511929392815E+00
0.516543447971E+00
0.522103369236E+00
0.528527438641E+00
0.535735070705E+00
0.543650090694E+00
0.552197098732E+00
0.561301887035E+00
0.621671140194E+00
0.000000000000E+00
0.000000000000E+00
0.000000000000E+00
0.000000000000E+00
0.000000000000E+00
0.000000000000E+00
0.000000000000E+00
0.000000000000E+00
0.000000000000E+00
0.000000000000E+00
0.000000000000E+00
0.000000000000E+00
0.000000000000E+00
0.000000000000E+00
0.000000000000E+00
0.000000000000E+00
0.000000000000E+00
0.000000000000E+00
0.000000000000E+00
0.000000000000E+00
0.000000000000E+00
0.000000000000E+00
0.000000000000E+00
0.000000000000E+00
0.000000000000E+00
0.000000000000E+00
0.000000000000E+00
0.000000000000E+00
0.000000000000E+00
0.000000000000E+00
0.000000000000E+00
0.000000000000E+00
0.000000000000E+00
0.000000000000E+00
0.000000000000E+00
0.000000000000E+00
0.000000000000E+00
0.000000000000E+00
0.000000000000E+00
0.000000000000E+00
0.000000000000E+00
0.000000000000E+00
0.000000000000E+00
0.000000000000E+00
0.000000000000E+00
0.000000000000E+00
0.000000000000E+00
0.000000000000E+00
0.000000000000E+00
0.000000000000E+00
0.000000000000E+00
0.000000000000E+00
0.000000000000E+00
0.000000000000E+00
0.000000000000E+00
0.000000000000E+00
0.000000000000E+00
0.000000000000E+00
0.000000000000E+00
0.000000000000E+00
0.000000000000E+00
0.000000000000E+00
0.000000000000E+00
0.000000000000E+00
0.000000000000E+00
0.795666635036E+00
0.699114382267E+00
0.688580811024E+00
0.677907645702E+00
0.667150557041E+00
0.656363427639E+00
0.645597934723E+00
0.634902775288E+00
0.624324202538E+00
0.613904297352E+00
0.603682816029E+00
0.593695044518E+00
0.583972990513E+00
0.574544608593E+00
0.565434038639E+00
0.556661784649E+00
0.548244476318E+00
0.540195107460E+00
0.532523095608E+00
0.525235116482E+00
0.518366873264E+00
0.512241423130E+00
0.507743299007E+00
0.505737364292E+00
0.506135582924E+00
0.508376419544E+00
0.511929392815E+00
0.516543447971E+00
0.522103369236E+00
0.528527438641E+00
0.535735070705E+00
0.543650090694E+00
0.552197098732E+00
0.561301887035E+00
0.621671140194E+00
0.000000000000E+00
0.000000000000E+00
0.000000000000E+00
0.000000000000E+00
0.000000000000E+00
0.000000000000E+00
0.000000000000E+00
0.000000000000E+00
0.000000000000E+00
0.000000000000E+00
0.000000000000E+00
0.000000000000E+00
0.000000000000E+00
0.000000000000E+00
0.000000000000E+00
0.000000000000E+00
0.000000000000E+00
0.000000000000E+00
0.000000000000E+00
0.000000000000E+00
0.000000000000E+00
0.000000000000E+00
0.000000000000E+00
0.000000000000E+00
0.000000000000E+00
0.000000000000E+00
0.000000000000E+00
0.000000000000E+00
0.000000000000E+00
0.000000000000E+00
0.000000000000E+00
0.000000000000E+00
0.000000000000E+00
0.000000000000E+00
0.000000000000E+00
0.000000000000E+00
0.000000000000E+00
0.000000000000E+00
0.000000000000E+00
0.000000000000E+00
0.000000000000E+00
0.000000000000E+00
0.000000000000E+00
0.000000000000E+00
0.000000000000E+00
0.000000000000E+00
0.000000000000E+00
0.000000000000E+00
0.000000000000E+00
0.000000000000E+00
0.000000000000E+00
0.000000000000E+00
0.000000000000E+00
0.000000000000E+00
0.000000000000E+00
0.000000000000E+00
0.000000000000E+00
0.000000000000E+00
0.000000000000E+00
0.000000000000E+00
0.000000000000E+00
0.000000000000E+00
0.000000000000E+00
0.000000000000E+00
0.000000000000E+00
0.795666635036E+00
0.699114382267E+00
0.688580811024E+00
0.677907645702E+00
0.667150557041E+00
0.656363427639E+00
0.645597934723E+00
0.634902775288E+00
0.624324202538E+00
0.613904297352E+00
0.603682816029E+00
0.593695044518E+00
0.583972990513E+00
0.574544608593E+00
0.565434038639E+00
0.556661784649E+00
0.548244476318E+00
0.540195107460E+00
0.532523095608E+00
0.525235116482E+00
0.518366873264E+00
0.512241423130E+00
0.507743299007E+00
0.505737364292E+00
0.506135582924E+00
0.508376419544E+00
0.511929392815E+00
0.516543447971E+00
0.522103369236E+00
0.528527438641E+00
0.535735070705E+00
0.543650090694E+00
0.552197098732E+00
0.561301887035E+00
0.621671140194E+00
0.000000000000E+00
0.000000000000E+00
0.000000000000E+00
0.000000000000E+00
0.000000000000E+00
0.000000000000E+00
0.000000000000E+00
0.000000000000E+00
0.000000000000E+00
0.000000000000E+00
0.000000000000E+00
0.000000000000E+00
0.000000000000E+00
0.000000000000E+00
0.000000000000E+00
0.000000000000E+00
0.000000000000E+00
0.000000000000E+00
0.000000000000E+00
0.000000000000E+00
0.000000000000E+00
0.000000000000E+00
0.000000000000E+00
0.000000000000E+00
0.000000000000E+00
0.000000000000E+00
0.000000000000E+00
0.000000000000E+00
0.000000000000E+00
0.000000000000E+00
0.000000000000E+00
0.000000000000E+00
0.000000000000E+00
0.000000000000E+00
0.000000000000E+00
0.000000000000E+00
0.000000000000E+00
0.000000000000E+00
0.000000000000E+00
0.000000000000E+00
0.000000000000E+00
0.000000000000E+00
0.000000000000E+00
0.000000000000E+00
0.000000000000E+00
0.000000000000E+00
0.000000000000E+00
0.000000000000E+00
0.000000000000E+00
0.000000000000E+00
0.000000000000E+00
0.000000000000E+00
0.000000000000E+00
0.000000000000E+00
0.000000000000E+00
0.000000000000E+00
0.000000000000E+00
0.000000000000E+00
0.000000000000E+00
0.000000000000E+00
0.000000000000E+00
0.000000000000E+00
0.000000000000E+00
0.000000000000E+00
0.000000000000E+00
0.795666635036E+00
0.699114382267E+00
0.688580811024E+00
0.677907645702E+00
0.667150557041E+00
0.656363427639E+00
0.645597934723E+00
0.634902775288E+00
0.624324202538E+00
0.613904297352E+00
0.603682816029E+00
0.593695044518E+00
0.583972990513E+00
0.574544608593E+00
0.565434038639E+00
0.556661784649E+00
0.548244476318E+00
0.540195107460E+00
0.532523095608E+00
0.525235116482E+00
0.518366873264E+00
0.512241423130E+00
0.507743299007E+00
0.505737364292E+00
0.506135582924E+00
0.508376419544E+00
0.511929392815E+00
0.516543447971E+00
0.522103369236E+00
0.528527438641E+00
0.535735070705E+00
0.543650090694E+00
0.552197098732E+00
0.561301887035E+00
0.621671140194E+00
0.000000000000E+00
0.000000000000E+00
0.000000000000E+00
0.000000000000E+00
0.000000000000E+00
0.000000000000E+00
0.000000000000E+00
0.000000000000E+00
0.000000000000E+00
0.000000000000E+00
0.000000000000E+00
0.000000000000E+00
0.000000000000E+00
0.000000000000E+00
0.000000000000E+00
0.000000000000E+00
0.000000000000E+00
0.000000000000E+00
0.000000000000E+00
0.000000000000E+00
0.000000000000E+00
0.000000000000E+00
0.000000000000E+00
0.000000000000E+00
0.000000000000E+00
0.000000000000E+00
0.000000000000E+00
0.000000000000E+00
0.000000000000E+00
0.000000000000E+00
0.000000000000E+00
0.000000000000E+00
0.000000000000E+00
0.000000000000E+00
0.000000000000E+00
0.000000000000E+00
0.000000000000E+00
0.000000000000E+00
0.000000000000E+00
0.000000000000E+00
0.000000000000E+00
0.000000000000E+00
0.000000000000E+00
0.000000000000E+00
0.000000000000E+00
0.000000000000E+00
0.000000000000E+00
0.000000000000E+00
0.000000000000E+00
0.000000000000E+00
0.000000000000E+00
0.000000000000E+00
0.000000000000E+00
0.000000000000E+00
0.000000000000E+00
0.000000000000E+00
0.000000000000E+00
0.000000000000E+00
0.000000000000E+00
0.000000000000E+00
0.000000000000E+00
0.000000000000E+00
0.000000000000E+00
0.000000000000E+00
0.000000000000E+00
0.795666635036E+00
0.699114382267E+00
0.688580811024E+00
0.677907645702E+00
0.667150557041E+00
0.656363427639E+00
0.645597934723E+00
0.634902775288E+00
0.624324202538E+00
0.613904297352E+00
0.603682816029E+00
0.593695044518E+00
0.583972990513E+00
0.574544608593E+00
0.565434038639E+00
0.556661784649E+00
0.548244476318E+00
0.540195107460E+00
0.532523095608E+00
0.525235116482E+00
0.518366873264E+00
0.512241423130E+00
0.507743299007E+00
0.505737364292E+00
0.506135582924E+00
0.508376419544E+00
0.511929392815E+00
0.516543447971E+00
0.522103369236E+00
0.528527438641E+00
0.535735070705E+00
0.543650090694E+00
0.552197098732E+00
0.561301887035E+00
0.621671140194E+00
0.000000000000E+00
0.000000000000E+00
0.000000000000E+00
0.000000000000E+00
0.000000000000E+00
0.000000000000E+00
0.000000000000E+00
0.000000000000E+00
0.000000000000E+00
0.000000000000E+00
0.000000000000E+00
0.000000000000E+00
0.000000000000E+00
0.000000000000E+00
0.000000000000E+00
0.000000000000E+00
0.000000000000E+00
0.000000000000E+00
0.000000000000E+00
0.000000000000E+00
0.000000000000E+00
0.000000000000E+00
0.000000000000E+00
0.000000000000E+00
0.000000000000E+00
0.000000000000E+00
0.000000000000E+00
0.000000000000E+00
0.000000000000E+00
0.000000000000E+00
0.000000000000E+00
0.000000000000E+00
0.000000000000E+00
0.000000000000E+00
0.000000000000E+00
0.000000000000E+00
0.000000000000E+00
0.000000000000E+00
0.000000000000E+00
0.000000000000E+00
0.000000000000E+00
0.000000000000E+00
0.000000000000E+00
0.000000000000E+00
0.000000000000E+00
0.000000000000E+00
0.000000000000E+00
0.000000000000E+00
0.000000000000E+00
0.000000000000E+00
0.000000000000E+00
0.000000000000E+00
0.000000000000E+00
0.000000000000E+00
0.000000000000E+00
0.000000000000E+00
0.000000000000E+00
0.000000000000E+00
0.000000000000E+00
0.000000000000E+00
0.000000000000E+00
0.000000000000E+00
0.000000000000E+00
0.000000000000E+00
0.000000000000E+00
0.795666635036E+00
0.699114382267E+00
0.688580811024E+00
0.677907645702E+00
0.667150557041E+00
0.656363427639E+00
0.645597934723E+00
0.634902775288E+00
0.624324202538E+00
0.613904297352E+00
0.603682816029E+00
0.593695044518E+00
0.583972990513E+00
0.574544608593E+00
0.565434038639E+00
0.556661784649E+00
0.548244476318E+00
0.540195107460E+00
0.532523095608E+00
0.525235116482E+00
0.518366873264E+00
0.512241423130E+00
0.507743299007E+00
0.505737364292E+00
0.506135582924E+00
0.508376419544E+00
0.511929392815E+00
0.516543447971E+00
0.522103369236E+00
0.528527438641E+00
0.535735070705E+00
0.543650090694E+00
0.552197098732E+00
0.561301887035E+00
0.621671140194E+00
0.000000000000E+00
0.000000000000E+00
0.000000000000E+00
0.000000000000E+00
0.000000000000E+00
0.000000000000E+00
0.000000000000E+00
0.000000000000E+00
0.000000000000E+00
0.000000000000E+00
0.000000000000E+00
0.000000000000E+00
0.000000000000E+00
0.000000000000E+00
0.000000000000E+00
0.000000000000E+00
0.000000000000E+00
0.000000000000E+00
0.000000000000E+00
0.000000000000E+00
0.000000000000E+00
0.000000000000E+00
0.000000000000E+00
0.000000000000E+00
0.000000000000E+00
0.000000000000E+00
0.000000000000E+00
0.000000000000E+00
0.000000000000E+00
0.000000000000E+00
0.000000000000E+00
0.000000000000E+00
0.000000000000E+00
0.000000000000E+00
0.000000000000E+00
0.000000000000E+00
0.000000000000E+00
0.000000000000E+00
0.000000000000E+00
0.000000000000E+00
0.000000000000E+00
0.000000000000E+00
0.000000000000E+00
0.000000000000E+00
0.000000000000E+00
0.000000000000E+00
0.000000000000E+00
0.000000000000E+00
0.000000000000E+00
0.000000000000E+00
0.000000000000E+00
0.000000000000E+00
0.000000000000E+00
0.000000000000E+00
0.000000000000E+00
0.000000000000E+00
0.000000000000E+00
0.000000000000E+00
0.000000000000E+00
0.000000000000E+00
0.000000000000E+00
0.000000000000E+00
0.000000000000E+00
0.000000000000E+00
0.000000000000E+00
0.795666635036E+00
0.699114382267E+00
0.688580811024E+00
0.677907645702E+00
0.667150557041E+00
0.656363427639E+00
0.645597934723E+00
0.634902775288E+00
0.624324202538E+00
0.588565528393E+00
0.553821980953E+00
0.520100116730E+00
0.487398296595E+00
0.479702949524E+00
0.472243845463E+00
0.465040087700E+00
0.458107471466E+00
0.451459020376E+00
0.445105046034E+00
0.439052641392E+00
0.433306425810E+00
0.427868813276E+00
0.422739565372E+00
0.417916566133E+00
0.413395375013E+00
0.409267902374E+00
0.405504792929E+00
0.402074009180E+00
0.398946166039E+00
0.396094620228E+00
0.393494874239E+00
0.391124725342E+00
