 fluxNetL
 0.00000E+00
 0.00000E+00
 0.00000E+00
 0.00000E+00
 0.00000E+00
 0.00000E+00
 0.00000E+00
 0.00000E+00
 0.00000E+00
 0.00000E+00
 0.00000E+00
 0.00000E+00
 0.00000E+00
 0.00000E+00
 0.00000E+00
 0.00000E+00
 0.00000E+00
 0.00000E+00
 0.00000E+00
 0.00000E+00
 0.00000E+00
 0.00000E+00
 0.00000E+00
 0.00000E+00
 0.00000E+00
 0.00000E+00
 0.00000E+00
 0.00000E+00
 0.00000E+00
 0.00000E+00
 0.00000E+00
 0.00000E+00
 0.00000E+00
 0.00000E+00
 0.00000E+00
 0.00000E+00
 0.00000E+00
 0.00000E+00
 0.00000E+00
 0.00000E+00
 0.00000E+00
 0.00000E+00
 0.00000E+00
 0.00000E+00
 0.00000E+00
 0.00000E+00
 0.00000E+00
 0.00000E+00
 0.00000E+00
 0.00000E+00
 0.00000E+00
 0.00000E+00
 0.00000E+00
 0.00000E+00
 0.00000E+00
 0.00000E+00
 0.00000E+00
 0.00000E+00
 0.00000E+00
 0.00000E+00
 0.00000E+00
 0.00000E+00
 0.00000E+00
 0.00000E+00
 0.00000E+00
 0.00000E+00
 0.00000E+00
 0.00000E+00
 0.00000E+00
 0.00000E+00
 0.00000E+00
 0.00000E+00
 0.00000E+00
 0.00000E+00
 0.00000E+00
 0.00000E+00
 0.00000E+00
 0.00000E+00
 0.00000E+00
 0.00000E+00
 0.00000E+00
 0.00000E+00
 0.00000E+00
 0.00000E+00
 0.00000E+00
 0.00000E+00
 0.00000E+00
 0.00000E+00
 0.00000E+00
 0.00000E+00
 0.00000E+00
 0.00000E+00
 0.00000E+00
 0.00000E+00
 0.00000E+00
 0.00000E+00
 0.00000E+00
 0.00000E+00
 0.00000E+00
 0.00000E+00
-0.58209E+02
-0.50147E+02
-0.44409E+02
-0.40253E+02
-0.37414E+02
-0.35114E+02
-0.33389E+02
-0.32067E+02
-0.31052E+02
-0.30273E+02
-0.29673E+02
-0.29435E+02
-0.28996E+02
-0.28624E+02
-0.28297E+02
-0.28000E+02
-0.27721E+02
-0.27451E+02
-0.27439E+02
-0.27123E+02
-0.26817E+02
-0.26515E+02
-0.26212E+02
-0.25904E+02
-0.25591E+02
-0.25546E+02
-0.25164E+02
-0.24789E+02
-0.24415E+02
-0.24039E+02
-0.23657E+02
-0.23270E+02
-0.23174E+02
-0.22714E+02
-0.22263E+02
-0.21815E+02
-0.20148E+02
-0.18147E+02
-0.16200E+02
-0.14790E+02
-0.12930E+02
-0.11101E+02
-0.92975E+01
-0.75154E+01
-0.57498E+01
-0.39971E+01
-0.27782E+01
-0.10461E+01
 0.68239E+00
 0.24094E+01
-0.27884E+01
-0.42552E+01
-0.52056E+01
-0.66694E+01
-0.81278E+01
-0.90788E+01
-0.10528E+02
-0.11970E+02
-0.12914E+02
-0.14343E+02
-0.15762E+02
-0.16695E+02
-0.18099E+02
-0.19035E+02
-0.20432E+02
-0.21817E+02
-0.22732E+02
-0.24097E+02
-0.25450E+02
-0.26343E+02
-0.27677E+02
-0.28998E+02
-0.29871E+02
-0.31174E+02
-0.32465E+02
-0.33318E+02
-0.34591E+02
-0.28774E+02
-0.28583E+02
-0.28836E+02
-0.29103E+02
-0.29122E+02
-0.29468E+02
-0.29774E+02
-0.29813E+02
-0.30154E+02
-0.30450E+02
-0.30483E+02
-0.30808E+02
-0.30856E+02
-0.31181E+02
-0.31456E+02
-0.31478E+02
-0.31775E+02
-0.32029E+02
-0.32040E+02
-0.32318E+02
-0.32555E+02
-0.32558E+02
-0.32820E+02
-0.57107E+02
-0.51062E+02
-0.46266E+02
-0.42429E+02
-0.39546E+02
-0.37014E+02
-0.34954E+02
-0.33269E+02
-0.31886E+02
-0.30743E+02
-0.29793E+02
-0.29232E+02
-0.28529E+02
-0.27930E+02
-0.27413E+02
-0.26961E+02
-0.26557E+02
-0.26192E+02
-0.26109E+02
-0.25758E+02
-0.25426E+02
-0.25109E+02
-0.24800E+02
-0.24495E+02
-0.24191E+02
-0.24161E+02
-0.23815E+02
-0.23471E+02
-0.23125E+02
-0.22776E+02
-0.22421E+02
-0.22060E+02
-0.21991E+02
-0.21575E+02
-0.21158E+02
-0.20738E+02
-0.19947E+02
-0.18147E+02
-0.16200E+02
-0.14790E+02
-0.12930E+02
-0.11101E+02
-0.92975E+01
-0.75154E+01
-0.57498E+01
-0.39971E+01
-0.27782E+01
-0.10461E+01
 0.68239E+00
 0.24094E+01
-0.27884E+01
-0.42552E+01
-0.52056E+01
-0.66694E+01
-0.81278E+01
-0.90788E+01
-0.10528E+02
-0.11970E+02
-0.12914E+02
-0.14343E+02
-0.15762E+02
-0.16695E+02
-0.18099E+02
-0.19035E+02
-0.20432E+02
-0.21817E+02
-0.22732E+02
-0.24097E+02
-0.25450E+02
-0.26343E+02
-0.27677E+02
-0.28998E+02
-0.29871E+02
-0.31174E+02
-0.32465E+02
-0.33318E+02
-0.34591E+02
-0.35853E+02
-0.36686E+02
-0.37930E+02
-0.39162E+02
-0.39977E+02
-0.31633E+02
-0.31532E+02
-0.31287E+02
-0.31395E+02
-0.31539E+02
-0.31471E+02
-0.31696E+02
-0.31689E+02
-0.31951E+02
-0.32199E+02
-0.32212E+02
-0.32479E+02
-0.32725E+02
-0.32741E+02
-0.32999E+02
-0.33236E+02
-0.33247E+02
-0.33493E+02
-0.58333E+02
-0.53120E+02
-0.48737E+02
-0.45034E+02
-0.42097E+02
-0.39400E+02
-0.37094E+02
-0.35118E+02
-0.33420E+02
-0.31955E+02
-0.30689E+02
-0.29822E+02
-0.28843E+02
-0.27986E+02
-0.27232E+02
-0.26566E+02
-0.25972E+02
-0.25438E+02
-0.25209E+02
-0.24742E+02
-0.24312E+02
-0.23911E+02
-0.23533E+02
-0.23172E+02
-0.22825E+02
-0.22764E+02
-0.22405E+02
-0.22054E+02
-0.21706E+02
-0.21359E+02
-0.21011E+02
-0.20660E+02
-0.20606E+02
-0.20216E+02
-0.19824E+02
-0.19429E+02
-0.18664E+02
-0.17992E+02
-0.16200E+02
-0.14790E+02
-0.12930E+02
-0.11101E+02
-0.92975E+01
-0.75154E+01
-0.57498E+01
-0.39971E+01
-0.27782E+01
-0.10461E+01
 0.68239E+00
 0.24094E+01
-0.27884E+01
-0.42552E+01
-0.52056E+01
-0.66694E+01
-0.81278E+01
-0.90788E+01
-0.10528E+02
-0.11970E+02
-0.12914E+02
-0.14343E+02
-0.15762E+02
-0.16695E+02
-0.18099E+02
-0.19035E+02
-0.20432E+02
-0.21817E+02
-0.22732E+02
-0.24097E+02
-0.25450E+02
-0.26343E+02
-0.27677E+02
-0.28998E+02
-0.29871E+02
-0.31174E+02
-0.32465E+02
-0.33318E+02
-0.34591E+02
-0.35853E+02
-0.36686E+02
-0.37930E+02
-0.39162E+02
-0.39977E+02
-0.41192E+02
-0.42396E+02
-0.43193E+02
-0.44380E+02
-0.45557E+02
-0.32910E+02
-0.33036E+02
-0.32948E+02
-0.33129E+02
-0.33314E+02
-0.33277E+02
-0.33492E+02
-0.33701E+02
-0.33688E+02
-0.33913E+02
-0.34128E+02
-0.34125E+02
-0.34349E+02
-0.59583E+02
-0.54951E+02
-0.50910E+02
-0.47371E+02
-0.44470E+02
-0.41720E+02
-0.39293E+02
-0.37146E+02
-0.35243E+02
-0.33553E+02
-0.32050E+02
-0.30941E+02
-0.29726E+02
-0.28638E+02
-0.27660E+02
-0.26779E+02
-0.25981E+02
-0.25257E+02
-0.24852E+02
-0.24229E+02
-0.23655E+02
-0.23124E+02
-0.22628E+02
-0.22162E+02
-0.21722E+02
-0.21581E+02
-0.21159E+02
-0.20752E+02
-0.20358E+02
-0.19972E+02
-0.19593E+02
-0.19218E+02
-0.19146E+02
-0.18752E+02
-0.18358E+02
-0.17963E+02
-0.17205E+02
-0.16532E+02
-0.15928E+02
-0.14790E+02
-0.12930E+02
-0.11101E+02
-0.92975E+01
-0.75154E+01
-0.57498E+01
-0.39971E+01
-0.27782E+01
-0.10461E+01
 0.68239E+00
 0.24094E+01
-0.27884E+01
-0.42552E+01
-0.52056E+01
-0.66694E+01
-0.81278E+01
-0.90788E+01
-0.10528E+02
-0.11970E+02
-0.12914E+02
-0.14343E+02
-0.15762E+02
-0.16695E+02
-0.18099E+02
-0.19035E+02
-0.20432E+02
-0.21817E+02
-0.22732E+02
-0.24097E+02
-0.25450E+02
-0.26343E+02
-0.27677E+02
-0.28998E+02
-0.29871E+02
-0.31174E+02
-0.32465E+02
-0.33318E+02
-0.34591E+02
-0.35853E+02
-0.36686E+02
-0.37930E+02
-0.39162E+02
-0.39977E+02
-0.41192E+02
-0.42396E+02
-0.43193E+02
-0.44380E+02
-0.45557E+02
-0.46335E+02
-0.47495E+02
-0.48263E+02
-0.36753E+02
-0.36602E+02
-0.36276E+02
-0.36230E+02
-0.36214E+02
-0.36009E+02
-0.36058E+02
-0.36121E+02
-0.35989E+02
-0.36093E+02
-0.61465E+02
-0.57195E+02
-0.53375E+02
-0.49950E+02
-0.47076E+02
-0.44293E+02
-0.41781E+02
-0.39511E+02
-0.37456E+02
-0.35592E+02
-0.33900E+02
-0.32591E+02
-0.31176E+02
-0.29884E+02
-0.28703E+02
-0.27621E+02
-0.26627E+02
-0.25713E+02
-0.25124E+02
-0.24330E+02
-0.23593E+02
-0.22907E+02
-0.22265E+02
-0.21663E+02
-0.21096E+02
-0.20837E+02
-0.20312E+02
-0.19810E+02
-0.19328E+02
-0.18864E+02
-0.18414E+02
-0.17975E+02
-0.17848E+02
-0.17409E+02
-0.16977E+02
-0.16549E+02
-0.15765E+02
-0.15064E+02
-0.14432E+02
-0.14183E+02
-0.12930E+02
-0.11101E+02
-0.92975E+01
-0.75154E+01
-0.57498E+01
-0.39971E+01
-0.27782E+01
-0.10461E+01
 0.68239E+00
 0.24094E+01
-0.27884E+01
-0.42552E+01
-0.52056E+01
-0.66694E+01
-0.81278E+01
-0.90788E+01
-0.10528E+02
-0.11970E+02
-0.12914E+02
-0.14343E+02
-0.15762E+02
-0.16695E+02
-0.18099E+02
-0.19035E+02
-0.20432E+02
-0.21817E+02
-0.22732E+02
-0.24097E+02
-0.25450E+02
-0.26343E+02
-0.27677E+02
-0.28998E+02
-0.29871E+02
-0.31174E+02
-0.32465E+02
-0.33318E+02
-0.34591E+02
-0.35853E+02
-0.36686E+02
-0.37930E+02
-0.39162E+02
-0.39977E+02
-0.41192E+02
-0.42396E+02
-0.43193E+02
-0.44380E+02
-0.45557E+02
-0.46335E+02
-0.47495E+02
-0.48263E+02
-0.49407E+02
-0.50541E+02
-0.37801E+02
-0.37766E+02
-0.37752E+02
-0.37543E+02
-0.37579E+02
-0.37626E+02
-0.37476E+02
-0.37557E+02
-0.63202E+02
-0.59211E+02
-0.55579E+02
-0.52267E+02
-0.49445E+02
-0.46669E+02
-0.44126E+02
-0.41791E+02
-0.39646E+02
-0.37671E+02
-0.35852E+02
-0.34404E+02
-0.32843E+02
-0.31400E+02
-0.30062E+02
-0.28821E+02
-0.27668E+02
-0.26594E+02
-0.25847E+02
-0.24901E+02
-0.24015E+02
-0.23184E+02
-0.22402E+02
-0.21664E+02
-0.20966E+02
-0.20583E+02
-0.19943E+02
-0.19331E+02
-0.18746E+02
-0.18184E+02
-0.17641E+02
-0.17117E+02
-0.16910E+02
-0.16401E+02
-0.15903E+02
-0.15415E+02
-0.14578E+02
-0.13824E+02
-0.13139E+02
-0.12842E+02
-0.12249E+02
-0.11101E+02
-0.92975E+01
-0.75154E+01
-0.57498E+01
-0.39971E+01
-0.27782E+01
-0.10461E+01
 0.68239E+00
 0.24094E+01
-0.27884E+01
-0.42552E+01
-0.52056E+01
-0.66694E+01
-0.81278E+01
-0.90788E+01
-0.10528E+02
-0.11970E+02
-0.12914E+02
-0.14343E+02
-0.15762E+02
-0.16695E+02
-0.18099E+02
-0.19035E+02
-0.20432E+02
-0.21817E+02
-0.22732E+02
-0.24097E+02
-0.25450E+02
-0.26343E+02
-0.27677E+02
-0.28998E+02
-0.29871E+02
-0.31174E+02
-0.32465E+02
-0.33318E+02
-0.34591E+02
-0.35853E+02
-0.36686E+02
-0.37930E+02
-0.39162E+02
-0.39977E+02
-0.41192E+02
-0.42396E+02
-0.43193E+02
-0.44380E+02
-0.45557E+02
-0.46335E+02
-0.47495E+02
-0.48263E+02
-0.49407E+02
-0.50541E+02
-0.37972E+02
-0.38058E+02
-0.38149E+02
-0.38032E+02
-0.38146E+02
-0.38261E+02
-0.38171E+02
-0.38302E+02
-0.64307E+02
-0.60560E+02
-0.57108E+02
-0.53924E+02
-0.51184E+02
-0.48457E+02
-0.45930E+02
-0.43586E+02
-0.41409E+02
-0.39385E+02
-0.37500E+02
-0.35973E+02
-0.34327E+02
-0.32789E+02
-0.31350E+02
-0.30002E+02
-0.28738E+02
-0.27551E+02
-0.26689E+02
-0.25629E+02
-0.24630E+02
-0.23685E+02
-0.22791E+02
-0.21942E+02
-0.21135E+02
-0.20646E+02
-0.19904E+02
-0.19194E+02
-0.18513E+02
-0.17858E+02
-0.17227E+02
-0.16617E+02
-0.16329E+02
-0.15744E+02
-0.15175E+02
-0.14618E+02
-0.13718E+02
-0.12901E+02
-0.12154E+02
-0.11798E+02
-0.11151E+02
-0.10545E+02
-0.92975E+01
-0.75154E+01
-0.57498E+01
-0.39971E+01
-0.27782E+01
-0.10461E+01
 0.68239E+00
 0.24094E+01
-0.27884E+01
-0.42552E+01
-0.52056E+01
-0.66694E+01
-0.81278E+01
-0.90788E+01
-0.10528E+02
-0.11970E+02
-0.12914E+02
-0.14343E+02
-0.15762E+02
-0.16695E+02
-0.18099E+02
-0.19035E+02
-0.20432E+02
-0.21817E+02
-0.22732E+02
-0.24097E+02
-0.25450E+02
-0.26343E+02
-0.27677E+02
-0.28998E+02
-0.29871E+02
-0.31174E+02
-0.32465E+02
-0.33318E+02
-0.34591E+02
-0.35853E+02
-0.36686E+02
-0.37930E+02
-0.39162E+02
-0.39977E+02
-0.41192E+02
-0.42396E+02
-0.43193E+02
-0.44380E+02
-0.45557E+02
-0.46335E+02
-0.47495E+02
-0.48263E+02
-0.49407E+02
-0.37820E+02
-0.37783E+02
-0.37975E+02
-0.38163E+02
-0.38135E+02
-0.38327E+02
-0.38514E+02
-0.38490E+02
-0.38679E+02
-0.65011E+02
-0.61465E+02
-0.58171E+02
-0.55107E+02
-0.52454E+02
-0.49787E+02
-0.47297E+02
-0.44970E+02
-0.42792E+02
-0.40751E+02
-0.38836E+02
-0.37268E+02
-0.35573E+02
-0.33978E+02
-0.32475E+02
-0.31058E+02
-0.29720E+02
-0.28455E+02
-0.27511E+02
-0.26370E+02
-0.25287E+02
-0.24258E+02
-0.23278E+02
-0.22343E+02
-0.21451E+02
-0.20877E+02
-0.20052E+02
-0.19260E+02
-0.18499E+02
-0.17765E+02
-0.17057E+02
-0.16371E+02
-0.16010E+02
-0.15356E+02
-0.14719E+02
-0.14097E+02
-0.13134E+02
-0.12255E+02
-0.11447E+02
-0.11031E+02
-0.10327E+02
-0.96670E+01
-0.90431E+01
-0.75154E+01
-0.57498E+01
-0.39971E+01
-0.27782E+01
-0.10461E+01
 0.68239E+00
 0.24094E+01
-0.27884E+01
-0.42552E+01
-0.52056E+01
-0.66694E+01
-0.81278E+01
-0.90788E+01
-0.10528E+02
-0.11970E+02
-0.12914E+02
-0.14343E+02
-0.15762E+02
-0.16695E+02
-0.18099E+02
-0.19035E+02
-0.20432E+02
-0.21817E+02
-0.22732E+02
-0.24097E+02
-0.25450E+02
-0.26343E+02
-0.27677E+02
-0.28998E+02
-0.29871E+02
-0.31174E+02
-0.32465E+02
-0.33318E+02
-0.34591E+02
-0.35853E+02
-0.36686E+02
-0.37930E+02
-0.39162E+02
-0.39977E+02
-0.41192E+02
-0.42396E+02
-0.43193E+02
-0.44380E+02
-0.45557E+02
-0.46335E+02
-0.47495E+02
-0.48263E+02
-0.37087E+02
-0.37374E+02
-0.37431E+02
-0.37709E+02
-0.37978E+02
-0.38024E+02
-0.38285E+02
-0.38537E+02
-0.38574E+02
-0.38818E+02
-0.65426E+02
-0.62048E+02
-0.58890E+02
-0.55934E+02
-0.53364E+02
-0.50761E+02
-0.48316E+02
-0.46018E+02
-0.43854E+02
-0.41815E+02
-0.39892E+02
-0.38305E+02
-0.36584E+02
-0.34957E+02
-0.33415E+02
-0.31954E+02
-0.30567E+02
-0.29249E+02
-0.28248E+02
-0.27049E+02
-0.25905E+02
-0.24814E+02
-0.23770E+02
-0.22770E+02
-0.21812E+02
-0.21171E+02
-0.20281E+02
-0.19424E+02
-0.18597E+02
-0.17799E+02
-0.17025E+02
-0.16276E+02
-0.15852E+02
-0.15138E+02
-0.14441E+02
-0.13762E+02
-0.12743E+02
-0.11807E+02
-0.10942E+02
-0.10471E+02
-0.97134E+01
-0.90010E+01
-0.83262E+01
-0.75154E+01
-0.57498E+01
-0.39971E+01
-0.27782E+01
-0.10461E+01
 0.68239E+00
 0.24094E+01
-0.27884E+01
-0.42552E+01
-0.52056E+01
-0.66694E+01
-0.81278E+01
-0.90788E+01
-0.10528E+02
-0.11970E+02
-0.12914E+02
-0.14343E+02
-0.15762E+02
-0.16695E+02
-0.18099E+02
-0.19035E+02
-0.20432E+02
-0.21817E+02
-0.22732E+02
-0.24097E+02
-0.25450E+02
-0.26343E+02
-0.27677E+02
-0.28998E+02
-0.29871E+02
-0.31174E+02
-0.32465E+02
-0.33318E+02
-0.34591E+02
-0.35853E+02
-0.36686E+02
-0.37930E+02
-0.39162E+02
-0.39977E+02
-0.41192E+02
-0.42396E+02
-0.43193E+02
-0.44380E+02
-0.45557E+02
-0.46335E+02
-0.47495E+02
-0.36307E+02
-0.36677E+02
-0.37032E+02
-0.37154E+02
-0.37494E+02
-0.37821E+02
-0.37922E+02
-0.38235E+02
-0.38535E+02
-0.38619E+02
-0.38906E+02
-0.65737E+02
-0.62496E+02
-0.59450E+02
-0.56585E+02
-0.54089E+02
-0.51544E+02
-0.49142E+02
-0.46874E+02
-0.44730E+02
-0.42700E+02
-0.40777E+02
-0.39182E+02
-0.37448E+02
-0.35801E+02
-0.34234E+02
-0.32743E+02
-0.31321E+02
-0.29965E+02
-0.28923E+02
-0.27681E+02
-0.26492E+02
-0.25352E+02
-0.24259E+02
-0.23209E+02
-0.22199E+02
-0.21504E+02
-0.20561E+02
-0.19651E+02
-0.18770E+02
-0.17918E+02
-0.17091E+02
-0.16287E+02
-0.15810E+02
-0.15043E+02
-0.14295E+02
-0.13564E+02
-0.12495E+02
-0.11509E+02
-0.10594E+02
-0.10071E+02
-0.92650E+01
-0.85040E+01
-0.77816E+01
-0.70919E+01
-0.57498E+01
-0.39971E+01
-0.27782E+01
-0.10461E+01
 0.68239E+00
 0.24094E+01
-0.27884E+01
-0.42552E+01
-0.52056E+01
-0.66694E+01
-0.81278E+01
-0.90788E+01
-0.10528E+02
-0.11970E+02
-0.12914E+02
-0.14343E+02
-0.15762E+02
-0.16695E+02
-0.18099E+02
-0.19035E+02
-0.20432E+02
-0.21817E+02
-0.22732E+02
-0.24097E+02
-0.25450E+02
-0.26343E+02
-0.27677E+02
-0.28998E+02
-0.29871E+02
-0.31174E+02
-0.32465E+02
-0.33318E+02
-0.34591E+02
-0.35853E+02
-0.36686E+02
-0.37930E+02
-0.39162E+02
-0.39977E+02
-0.41192E+02
-0.42396E+02
-0.43193E+02
-0.44380E+02
-0.45557E+02
-0.46335E+02
-0.35769E+02
-0.35967E+02
-0.36386E+02
-0.36790E+02
-0.36959E+02
-0.37342E+02
-0.37711E+02
-0.37854E+02
-0.38205E+02
-0.38543E+02
-0.38662E+02
-0.38984E+02
-0.65996E+02
-0.62866E+02
-0.59914E+02
-0.57127E+02
-0.54693E+02
-0.52199E+02
-0.49837E+02
-0.47599E+02
-0.45475E+02
-0.43457E+02
-0.41540E+02
-0.39942E+02
-0.38202E+02
-0.36542E+02
-0.34959E+02
-0.33447E+02
-0.32000E+02
-0.30616E+02
-0.29543E+02
-0.28268E+02
-0.27044E+02
-0.25868E+02
-0.24735E+02
-0.23644E+02
-0.22592E+02
-0.21855E+02
-0.20869E+02
-0.19915E+02
-0.18990E+02
-0.18092E+02
-0.17219E+02
-0.16370E+02
-0.15847E+02
-0.15036E+02
-0.14243E+02
-0.13467E+02
-0.12354E+02
-0.11322E+02
-0.10362E+02
-0.97942E+01
-0.89435E+01
-0.81384E+01
-0.73724E+01
-0.66396E+01
-0.57498E+01
-0.39971E+01
-0.27782E+01
-0.10461E+01
 0.68239E+00
 0.24094E+01
-0.27884E+01
-0.42552E+01
-0.52056E+01
-0.66694E+01
-0.81278E+01
-0.90788E+01
-0.10528E+02
-0.11970E+02
-0.12914E+02
-0.14343E+02
-0.15762E+02
-0.16695E+02
-0.18099E+02
-0.19035E+02
-0.20432E+02
-0.21817E+02
-0.22732E+02
-0.24097E+02
-0.25450E+02
-0.26343E+02
-0.27677E+02
-0.28998E+02
-0.29871E+02
-0.31174E+02
-0.32465E+02
-0.33318E+02
-0.34591E+02
-0.35853E+02
-0.36686E+02
-0.37930E+02
-0.39162E+02
-0.39977E+02
-0.41192E+02
-0.42396E+02
-0.43193E+02
-0.44380E+02
-0.45557E+02
-0.34994E+02
-0.35476E+02
-0.35711E+02
-0.36168E+02
-0.36607E+02
-0.36810E+02
-0.37227E+02
-0.37629E+02
-0.37803E+02
-0.38184E+02
-0.38552E+02
-0.38700E+02
-0.39049E+02
-0.66213E+02
-0.63176E+02
-0.60303E+02
-0.57582E+02
-0.55203E+02
-0.52754E+02
-0.50429E+02
-0.48218E+02
-0.46114E+02
-0.44110E+02
-0.42200E+02
-0.40604E+02
-0.38862E+02
-0.37195E+02
-0.35601E+02
-0.34075E+02
-0.32611E+02
-0.31206E+02
-0.30109E+02
-0.28809E+02
-0.27557E+02
-0.26351E+02
-0.25188E+02
-0.24065E+02
-0.22979E+02
-0.22206E+02
-0.21185E+02
-0.20194E+02
-0.19232E+02
-0.18296E+02
-0.17386E+02
-0.16498E+02
-0.15935E+02
-0.15085E+02
-0.14254E+02
-0.13439E+02
-0.12287E+02
-0.11216E+02
-0.10215E+02
-0.96072E+01
-0.87167E+01
-0.78719E+01
-0.70664E+01
-0.62945E+01
-0.55508E+01
-0.39971E+01
-0.27782E+01
-0.10461E+01
 0.68239E+00
 0.24094E+01
-0.27884E+01
-0.42552E+01
-0.52056E+01
-0.66694E+01
-0.81278E+01
-0.90788E+01
-0.10528E+02
-0.11970E+02
-0.12914E+02
-0.14343E+02
-0.15762E+02
-0.16695E+02
-0.18099E+02
-0.19035E+02
-0.20432E+02
-0.21817E+02
-0.22732E+02
-0.24097E+02
-0.25450E+02
-0.26343E+02
-0.27677E+02
-0.28998E+02
-0.29871E+02
-0.31174E+02
-0.32465E+02
-0.33318E+02
-0.34591E+02
-0.35853E+02
-0.36686E+02
-0.37930E+02
-0.39162E+02
-0.39977E+02
-0.41192E+02
-0.42396E+02
-0.43193E+02
-0.34324E+02
-0.34847E+02
-0.35119E+02
-0.35615E+02
-0.35865E+02
-0.36335E+02
-0.36789E+02
-0.37007E+02
-0.37438E+02
-0.37854E+02
-0.38043E+02
-0.38438E+02
-0.38819E+02
-0.38981E+02
-0.39344E+02
-0.66635E+02
-0.63668E+02
-0.60854E+02
-0.58182E+02
-0.55842E+02
-0.53426E+02
-0.51126E+02
-0.48934E+02
-0.46843E+02
-0.44847E+02
-0.42940E+02
-0.41342E+02
-0.39595E+02
-0.37920E+02
-0.36314E+02
-0.34773E+02
-0.33291E+02
-0.31866E+02
-0.30747E+02
-0.29423E+02
-0.28146E+02
-0.26913E+02
-0.25722E+02
-0.24568E+02
-0.23451E+02
-0.22646E+02
-0.21592E+02
-0.20568E+02
-0.19572E+02
-0.18602E+02
-0.17656E+02
-0.16732E+02
-0.16134E+02
-0.15248E+02
-0.14380E+02
-0.13529E+02
-0.12341E+02
-0.11232E+02
-0.10194E+02
-0.95480E+01
-0.86201E+01
-0.77378E+01
-0.68948E+01
-0.60856E+01
-0.53050E+01
-0.39971E+01
-0.27782E+01
-0.10461E+01
 0.68239E+00
 0.24094E+01
-0.27884E+01
-0.42552E+01
-0.52056E+01
-0.66694E+01
-0.81278E+01
-0.90788E+01
-0.10528E+02
-0.11970E+02
-0.12914E+02
-0.14343E+02
-0.15762E+02
-0.16695E+02
-0.18099E+02
-0.19035E+02
-0.20432E+02
-0.21817E+02
-0.22732E+02
-0.24097E+02
-0.25450E+02
-0.26343E+02
-0.27677E+02
-0.28998E+02
-0.29871E+02
-0.31174E+02
-0.32465E+02
-0.33318E+02
-0.34591E+02
-0.35853E+02
-0.36686E+02
-0.37930E+02
-0.39162E+02
-0.39977E+02
-0.41192E+02
-0.42396E+02
-0.33519E+02
-0.34084E+02
-0.34631E+02
-0.34926E+02
-0.35445E+02
-0.35719E+02
-0.36212E+02
-0.36688E+02
-0.36928E+02
-0.37380E+02
-0.37818E+02
-0.38027E+02
-0.38443E+02
-0.38844E+02
-0.39026E+02
-0.39408E+02
-0.66812E+02
-0.63913E+02
-0.61157E+02
-0.58535E+02
-0.56238E+02
-0.53857E+02
-0.51587E+02
-0.49418E+02
-0.47346E+02
-0.45364E+02
-0.43466E+02
-0.41873E+02
-0.40128E+02
-0.38452E+02
-0.36842E+02
-0.35293E+02
-0.33803E+02
-0.32366E+02
-0.31232E+02
-0.29893E+02
-0.28599E+02
-0.27347E+02
-0.26135E+02
-0.24960E+02
-0.23820E+02
-0.22990E+02
-0.21911E+02
-0.20861E+02
-0.19839E+02
-0.18841E+02
-0.17867E+02
-0.16915E+02
-0.16287E+02
-0.15372E+02
-0.14475E+02
-0.13595E+02
-0.12376E+02
-0.11237E+02
-0.10167E+02
-0.94889E+01
-0.85293E+01
-0.76150E+01
-0.67399E+01
-0.58985E+01
-0.50858E+01
-0.39971E+01
-0.27782E+01
-0.10461E+01
 0.68239E+00
 0.24094E+01
-0.27884E+01
-0.42552E+01
-0.52056E+01
-0.66694E+01
-0.81278E+01
-0.90788E+01
-0.10528E+02
-0.11970E+02
-0.12914E+02
-0.14343E+02
-0.15762E+02
-0.16695E+02
-0.18099E+02
-0.19035E+02
-0.20432E+02
-0.21817E+02
-0.22732E+02
-0.24097E+02
-0.25450E+02
-0.26343E+02
-0.27677E+02
-0.28998E+02
-0.29871E+02
-0.31174E+02
-0.32465E+02
-0.33318E+02
-0.34591E+02
-0.35853E+02
-0.36686E+02
-0.37930E+02
-0.39162E+02
-0.39977E+02
-0.41192E+02
-0.32930E+02
-0.33285E+02
-0.33870E+02
-0.34436E+02
-0.34751E+02
-0.35290E+02
-0.35582E+02
-0.36094E+02
-0.36589E+02
-0.36847E+02
-0.37318E+02
-0.37774E+02
-0.38001E+02
-0.38434E+02
-0.38853E+02
-0.39053E+02
-0.39451E+02
-0.66953E+02
-0.64113E+02
-0.61409E+02
-0.58831E+02
-0.56572E+02
-0.54224E+02
-0.51981E+02
-0.49835E+02
-0.47780E+02
-0.45811E+02
-0.43924E+02
-0.42337E+02
-0.40596E+02
-0.38921E+02
-0.37309E+02
-0.35756E+02
-0.34258E+02
-0.32813E+02
-0.31668E+02
-0.30317E+02
-0.29009E+02
-0.27742E+02
-0.26513E+02
-0.25320E+02
-0.24161E+02
-0.23311E+02
-0.22212E+02
-0.21141E+02
-0.20095E+02
-0.19075E+02
-0.18077E+02
-0.17100E+02
-0.16447E+02
-0.15507E+02
-0.14585E+02
-0.13678E+02
-0.12433E+02
-0.11266E+02
-0.10169E+02
-0.94627E+01
-0.84748E+01
-0.75320E+01
-0.66281E+01
-0.57580E+01
-0.49164E+01
-0.39971E+01
-0.27782E+01
-0.10461E+01
 0.68239E+00
 0.24094E+01
-0.27884E+01
-0.42552E+01
-0.52056E+01
-0.66694E+01
-0.81278E+01
-0.90788E+01
-0.10528E+02
-0.11970E+02
-0.12914E+02
-0.14343E+02
-0.15762E+02
-0.16695E+02
-0.18099E+02
-0.19035E+02
-0.20432E+02
-0.21817E+02
-0.22732E+02
-0.24097E+02
-0.25450E+02
-0.26343E+02
-0.27677E+02
-0.28998E+02
-0.29871E+02
-0.31174E+02
-0.32465E+02
-0.33318E+02
-0.34591E+02
-0.35853E+02
-0.36686E+02
-0.37930E+02
-0.39162E+02
-0.39977E+02
-0.32094E+02
-0.32726E+02
-0.33096E+02
-0.33696E+02
-0.34278E+02
-0.34609E+02
-0.35163E+02
-0.35471E+02
-0.35998E+02
-0.36508E+02
-0.36782E+02
-0.37268E+02
-0.37739E+02
-0.37982E+02
-0.38430E+02
-0.38864E+02
-0.39078E+02
-0.39491E+02
-0.67078E+02
-0.64290E+02
-0.61631E+02
-0.59093E+02
-0.56868E+02
-0.54549E+02
-0.52330E+02
-0.50205E+02
-0.48167E+02
-0.46212E+02
-0.44334E+02
-0.42754E+02
-0.41017E+02
-0.39344E+02
-0.37731E+02
-0.36175E+02
-0.34673E+02
-0.33221E+02
-0.32068E+02
-0.30707E+02
-0.29388E+02
-0.28109E+02
-0.26866E+02
-0.25658E+02
-0.24483E+02
-0.23616E+02
-0.22499E+02
-0.21410E+02
-0.20345E+02
-0.19305E+02
-0.18286E+02
-0.17288E+02
-0.16613E+02
-0.15652E+02
-0.14706E+02
-0.13777E+02
-0.12509E+02
-0.11318E+02
-0.10195E+02
-0.94642E+01
-0.84511E+01
-0.74827E+01
-0.65531E+01
-0.56569E+01
-0.47891E+01
-0.39459E+01
-0.27782E+01
-0.10461E+01
 0.68239E+00
 0.24094E+01
-0.27884E+01
-0.42552E+01
-0.52056E+01
-0.66694E+01
-0.81278E+01
-0.90788E+01
-0.10528E+02
-0.11970E+02
-0.12914E+02
-0.14343E+02
-0.15762E+02
-0.16695E+02
-0.18099E+02
-0.19035E+02
-0.20432E+02
-0.21817E+02
-0.22732E+02
-0.24097E+02
-0.25450E+02
-0.26343E+02
-0.27677E+02
-0.28998E+02
-0.29871E+02
-0.31174E+02
-0.32465E+02
-0.33318E+02
-0.34591E+02
-0.35853E+02
-0.36686E+02
-0.37930E+02
-0.31065E+02
-0.31483E+02
-0.32140E+02
-0.32776E+02
-0.33153E+02
-0.33759E+02
-0.34348E+02
-0.34686E+02
-0.35246E+02
-0.35562E+02
-0.36097E+02
-0.36615E+02
-0.36897E+02
-0.37391E+02
-0.37870E+02
-0.38122E+02
-0.38578E+02
-0.39021E+02
-0.39244E+02
-0.39666E+02
-0.67332E+02
-0.64586E+02
-0.61963E+02
-0.59457E+02
-0.57257E+02
-0.54961E+02
-0.52761E+02
-0.50651E+02
-0.48626E+02
-0.46680E+02
-0.44808E+02
-0.43232E+02
-0.41497E+02
-0.39824E+02
-0.38209E+02
-0.36650E+02
-0.35142E+02
-0.33682E+02
-0.32520E+02
-0.31150E+02
-0.29820E+02
-0.28528E+02
-0.27272E+02
-0.26050E+02
-0.24859E+02
-0.23976E+02
-0.22842E+02
-0.21735E+02
-0.20652E+02
-0.19593E+02
-0.18555E+02
-0.17537E+02
-0.16841E+02
-0.15859E+02
-0.14893E+02
-0.13942E+02
-0.12651E+02
-0.11437E+02
-0.10291E+02
-0.95364E+01
-0.84995E+01
-0.75068E+01
-0.65527E+01
-0.56319E+01
-0.47393E+01
-0.38712E+01
-0.27782E+01
-0.10461E+01
 0.68239E+00
 0.24094E+01
-0.27884E+01
-0.42552E+01
-0.52056E+01
-0.66694E+01
-0.81278E+01
-0.90788E+01
-0.10528E+02
-0.11970E+02
-0.12914E+02
-0.14343E+02
-0.15762E+02
-0.16695E+02
-0.18099E+02
-0.19035E+02
-0.20432E+02
-0.21817E+02
-0.22732E+02
-0.24097E+02
-0.25450E+02
-0.26343E+02
-0.27677E+02
-0.28998E+02
-0.29871E+02
-0.31174E+02
-0.32465E+02
-0.33318E+02
-0.34591E+02
-0.35853E+02
-0.36686E+02
-0.30220E+02
-0.30918E+02
-0.31346E+02
-0.32011E+02
-0.32657E+02
-0.33044E+02
-0.33660E+02
-0.34259E+02
-0.34607E+02
-0.35179E+02
-0.35505E+02
-0.36050E+02
-0.36579E+02
-0.36872E+02
-0.37377E+02
-0.37867E+02
-0.38129E+02
-0.38597E+02
-0.39050E+02
-0.39284E+02
-0.39717E+02
-0.67452E+02
-0.64747E+02
-0.62159E+02
-0.59684E+02
-0.57512E+02
-0.55240E+02
-0.53060E+02
-0.50967E+02
-0.48956E+02
-0.47021E+02
-0.45159E+02
-0.43589E+02
-0.41859E+02
-0.40188E+02
-0.38574E+02
-0.37014E+02
-0.35504E+02
-0.34040E+02
-0.32873E+02
-0.31496E+02
-0.30158E+02
-0.28858E+02
-0.27592E+02
-0.26359E+02
-0.25157E+02
-0.24261E+02
-0.23114E+02
-0.21993E+02
-0.20896E+02
-0.19821E+02
-0.18767E+02
-0.17733E+02
-0.17020E+02
-0.16020E+02
-0.15037E+02
-0.14067E+02
-0.12758E+02
-0.11525E+02
-0.10360E+02
-0.95840E+01
-0.85266E+01
-0.75130E+01
-0.65378E+01
-0.55955E+01
-0.46813E+01
-0.37913E+01
-0.27782E+01
-0.10461E+01
 0.68239E+00
 0.24094E+01
-0.27884E+01
-0.42552E+01
-0.52056E+01
-0.66694E+01
-0.81278E+01
-0.90788E+01
-0.10528E+02
-0.11970E+02
-0.12914E+02
-0.14343E+02
-0.15762E+02
-0.16695E+02
-0.18099E+02
-0.19035E+02
-0.20432E+02
-0.21817E+02
-0.22732E+02
-0.24097E+02
-0.25450E+02
-0.26343E+02
-0.27677E+02
-0.28998E+02
-0.29871E+02
-0.31174E+02
-0.32465E+02
-0.33318E+02
-0.34591E+02
-0.29033E+02
-0.29509E+02
-0.30230E+02
-0.30931E+02
-0.31363E+02
-0.32032E+02
-0.32683E+02
-0.33075E+02
-0.33697E+02
-0.34301E+02
-0.34655E+02
-0.35232E+02
-0.35565E+02
-0.36116E+02
-0.36652E+02
-0.36952E+02
-0.37464E+02
-0.37961E+02
-0.38230E+02
-0.38705E+02
-0.39166E+02
-0.39408E+02
-0.39848E+02
-0.67649E+02
-0.64977E+02
-0.62419E+02
-0.59970E+02
-0.57820E+02
-0.55568E+02
-0.53404E+02
-0.51325E+02
-0.49326E+02
-0.47400E+02
-0.45544E+02
-0.43980E+02
-0.42252E+02
-0.40583E+02
-0.38970E+02
-0.37408E+02
-0.35894E+02
-0.34427E+02
-0.33254E+02
-0.31870E+02
-0.30525E+02
-0.29216E+02
-0.27941E+02
-0.26698E+02
-0.25485E+02
-0.24576E+02
-0.23418E+02
-0.22283E+02
-0.21173E+02
-0.20083E+02
-0.19015E+02
-0.17965E+02
-0.17236E+02
-0.16221E+02
-0.15220E+02
-0.14234E+02
-0.12907E+02
-0.11656E+02
-0.10472E+02
-0.96770E+01
-0.86003E+01
-0.75672E+01
-0.65720E+01
-0.56095E+01
-0.46749E+01
-0.37645E+01
-0.27782E+01
-0.10461E+01
 0.68239E+00
 0.24094E+01
-0.27884E+01
-0.42552E+01
-0.52056E+01
-0.66694E+01
-0.81278E+01
-0.90788E+01
-0.10528E+02
-0.11970E+02
-0.12914E+02
-0.14343E+02
-0.15762E+02
-0.16695E+02
-0.18099E+02
-0.19035E+02
-0.20432E+02
-0.21817E+02
-0.22732E+02
-0.24097E+02
-0.25450E+02
-0.26343E+02
-0.27677E+02
-0.28998E+02
-0.29871E+02
-0.31174E+02
-0.32465E+02
-0.27500E+02
-0.28278E+02
-0.29035E+02
-0.29512E+02
-0.30236E+02
-0.30941E+02
-0.31376E+02
-0.32049E+02
-0.32705E+02
-0.33100E+02
-0.33727E+02
-0.34337E+02
-0.34696E+02
-0.35279E+02
-0.35617E+02
-0.36174E+02
-0.36716E+02
-0.37023E+02
-0.37541E+02
-0.38044E+02
-0.38321E+02
-0.38802E+02
-0.39270E+02
-0.39519E+02
-0.39966E+02
-0.67826E+02
-0.65185E+02
-0.62655E+02
-0.60229E+02
-0.58100E+02
-0.55865E+02
-0.53718E+02
-0.51652E+02
-0.49663E+02
-0.47746E+02
-0.45897E+02
-0.44338E+02
-0.42614E+02
-0.40947E+02
-0.39334E+02
-0.37771E+02
-0.36256E+02
-0.34785E+02
-0.33607E+02
-0.32219E+02
-0.30868E+02
-0.29551E+02
-0.28268E+02
-0.27016E+02
-0.25794E+02
-0.24875E+02
-0.23705E+02
-0.22560E+02
-0.21437E+02
-0.20335E+02
-0.19253E+02
-0.18190E+02
-0.17447E+02
-0.16417E+02
-0.15402E+02
-0.14401E+02
-0.13058E+02
-0.11791E+02
-0.10590E+02
-0.97775E+01
-0.86833E+01
-0.76325E+01
-0.66192E+01
-0.56385E+01
-0.46853E+01
-0.37560E+01
-0.27782E+01
-0.10461E+01
 0.68239E+00
 0.24094E+01
-0.27884E+01
-0.42552E+01
-0.52056E+01
-0.66694E+01
-0.81278E+01
-0.90788E+01
-0.10528E+02
-0.11970E+02
-0.12914E+02
-0.14343E+02
-0.15762E+02
-0.16621E+02
-0.17669E+02
-0.19035E+02
-0.20432E+02
-0.21817E+02
-0.22732E+02
-0.24097E+02
-0.25450E+02
-0.26343E+02
-0.27677E+02
-0.28998E+02
-0.29871E+02
-0.26150E+02
-0.26964E+02
-0.27489E+02
-0.28268E+02
-0.29027E+02
-0.29507E+02
-0.30234E+02
-0.30941E+02
-0.31379E+02
-0.32057E+02
-0.32716E+02
-0.33116E+02
-0.33747E+02
-0.34361E+02
-0.34726E+02
-0.35314E+02
-0.35658E+02
-0.36220E+02
-0.36768E+02
-0.37080E+02
-0.37604E+02
-0.38114E+02
-0.38397E+02
-0.38884E+02
-0.39358E+02
-0.39614E+02
-0.40067E+02
-0.67983E+02
-0.65370E+02
-0.62865E+02
-0.60461E+02
-0.58351E+02
-0.56133E+02
-0.54000E+02
-0.51947E+02
-0.49968E+02
-0.48060E+02
-0.46218E+02
-0.44663E+02
-0.42943E+02
-0.41279E+02
-0.39667E+02
-0.38104E+02
-0.36587E+02
-0.35115E+02
-0.33933E+02
-0.32541E+02
-0.31184E+02
-0.29862E+02
-0.28573E+02
-0.27313E+02
-0.26082E+02
-0.25154E+02
-0.23975E+02
-0.22820E+02
-0.21687E+02
-0.20574E+02
-0.19480E+02
-0.18405E+02
-0.17650E+02
-0.16607E+02
-0.15579E+02
-0.14564E+02
-0.13207E+02
-0.11925E+02
-0.10709E+02
-0.98808E+01
-0.87710E+01
-0.77041E+01
-0.66745E+01
-0.56770E+01
-0.47071E+01
-0.37606E+01
-0.27782E+01
-0.10461E+01
 0.68239E+00
 0.24094E+01
-0.27884E+01
-0.42552E+01
-0.52056E+01
-0.66694E+01
-0.81278E+01
-0.90788E+01
-0.10528E+02
-0.11970E+02
-0.12914E+02
-0.14343E+02
-0.15647E+02
-0.16394E+02
-0.17440E+02
-0.18166E+02
-0.19182E+02
-0.20172E+02
-0.22732E+02
-0.24097E+02
-0.25450E+02
-0.26343E+02
-0.27677E+02
-0.24790E+02
-0.25361E+02
-0.26195E+02
-0.27008E+02
-0.27532E+02
-0.28311E+02
-0.29071E+02
-0.29552E+02
-0.30279E+02
-0.30988E+02
-0.31429E+02
-0.32108E+02
-0.32770E+02
-0.33173E+02
-0.33807E+02
-0.34425E+02
-0.34793E+02
-0.35385E+02
-0.35733E+02
-0.36300E+02
-0.36852E+02
-0.37169E+02
-0.37697E+02
-0.38212E+02
-0.38500E+02
-0.38993E+02
-0.39472E+02
-0.39733E+02
-0.40192E+02
-0.68160E+02
-0.65571E+02
-0.63088E+02
-0.60704E+02
-0.58611E+02
-0.56408E+02
-0.54288E+02
-0.52246E+02
-0.50276E+02
-0.48376E+02
-0.46540E+02
-0.44990E+02
-0.43273E+02
-0.41611E+02
-0.40000E+02
-0.38437E+02
-0.36919E+02
-0.35444E+02
-0.34259E+02
-0.32863E+02
-0.31502E+02
-0.30174E+02
-0.28879E+02
-0.27612E+02
-0.26374E+02
-0.25438E+02
-0.24250E+02
-0.23086E+02
-0.21943E+02
-0.20820E+02
-0.19716E+02
-0.18630E+02
-0.17863E+02
-0.16808E+02
-0.15768E+02
-0.14740E+02
-0.13370E+02
-0.12075E+02
-0.10844E+02
-0.10002E+02
-0.88776E+01
-0.77958E+01
-0.67510E+01
-0.57381E+01
-0.47524E+01
-0.37900E+01
-0.27782E+01
-0.10461E+01
 0.68239E+00
 0.24094E+01
-0.27884E+01
-0.42552E+01
-0.52056E+01
-0.66694E+01
-0.81278E+01
-0.90788E+01
-0.10528E+02
-0.11970E+02
-0.12914E+02
-0.14343E+02
-0.15470E+02
-0.16215E+02
-0.17259E+02
-0.17983E+02
-0.18998E+02
-0.19988E+02
-0.20656E+02
-0.21606E+02
-0.22533E+02
-0.26343E+02
-0.23972E+02
-0.28998E+02
-0.25324E+02
-0.26159E+02
-0.26973E+02
-0.27498E+02
-0.28279E+02
-0.29041E+02
-0.29524E+02
-0.30254E+02
-0.30966E+02
-0.31410E+02
-0.32093E+02
-0.32758E+02
-0.33165E+02
-0.33804E+02
-0.34426E+02
-0.34799E+02
-0.35395E+02
-0.35748E+02
-0.36320E+02
-0.36877E+02
-0.37200E+02
-0.37734E+02
-0.38254E+02
-0.38547E+02
-0.39046E+02
-0.39531E+02
-0.39798E+02
-0.40263E+02
-0.68277E+02
-0.65712E+02
-0.63251E+02
-0.60885E+02
-0.58809E+02
-0.56621E+02
-0.54514E+02
-0.52483E+02
-0.50524E+02
-0.48631E+02
-0.46802E+02
-0.45257E+02
-0.43545E+02
-0.41885E+02
-0.40276E+02
-0.38714E+02
-0.37196E+02
-0.35720E+02
-0.34534E+02
-0.33135E+02
-0.31771E+02
-0.30439E+02
-0.29139E+02
-0.27867E+02
-0.26622E+02
-0.25679E+02
-0.24485E+02
-0.23313E+02
-0.22162E+02
-0.21031E+02
-0.19918E+02
-0.18822E+02
-0.18045E+02
-0.16980E+02
-0.15929E+02
-0.14891E+02
-0.13510E+02
-0.12202E+02
-0.10959E+02
-0.10104E+02
-0.89669E+01
-0.78719E+01
-0.68135E+01
-0.57867E+01
-0.47869E+01
-0.38103E+01
-0.27782E+01
-0.10461E+01
 0.68239E+00
 0.24094E+01
-0.27884E+01
-0.42552E+01
-0.52056E+01
-0.66694E+01
-0.81278E+01
-0.90788E+01
-0.10528E+02
-0.11970E+02
-0.12914E+02
-0.14226E+02
-0.15306E+02
-0.16047E+02
-0.17090E+02
-0.17812E+02
-0.18826E+02
-0.19816E+02
-0.20484E+02
-0.21435E+02
-0.22362E+02
-0.22980E+02
-0.23870E+02
-0.24740E+02
-0.25310E+02
-0.26145E+02
-0.26959E+02
-0.27485E+02
-0.28267E+02
-0.29030E+02
-0.29515E+02
-0.30247E+02
-0.30961E+02
-0.31408E+02
-0.32093E+02
-0.32762E+02
-0.33173E+02
-0.33814E+02
-0.34440E+02
-0.34817E+02
-0.35418E+02
-0.35775E+02
-0.36351E+02
-0.36913E+02
-0.37240E+02
-0.37779E+02
-0.38304E+02
-0.38603E+02
-0.39106E+02
-0.39596E+02
-0.39869E+02
-0.40339E+02
-0.68396E+02
-0.65853E+02
-0.63411E+02
-0.61063E+02
-0.59002E+02
-0.56828E+02
-0.54733E+02
-0.52712E+02
-0.50762E+02
-0.48877E+02
-0.47054E+02
-0.45514E+02
-0.43806E+02
-0.42149E+02
-0.40542E+02
-0.38981E+02
-0.37463E+02
-0.35986E+02
-0.34798E+02
-0.33397E+02
-0.32030E+02
-0.30695E+02
-0.29390E+02
-0.28114E+02
-0.26864E+02
-0.25915E+02
-0.24714E+02
-0.23535E+02
-0.22377E+02
-0.21238E+02
-0.20117E+02
-0.19012E+02
-0.18226E+02
-0.17152E+02
-0.16092E+02
-0.15044E+02
-0.13652E+02
-0.12334E+02
-0.11079E+02
-0.10212E+02
-0.90631E+01
-0.79557E+01
-0.68849E+01
-0.58454E+01
-0.48326E+01
-0.38427E+01
-0.27782E+01
-0.10461E+01
 0.68239E+00
 0.24094E+01
-0.27884E+01
-0.42552E+01
-0.52056E+01
-0.66694E+01
-0.81278E+01
-0.90788E+01
-0.10528E+02
-0.11970E+02
-0.12914E+02
-0.14093E+02
-0.15170E+02
-0.15908E+02
-0.16948E+02
-0.17668E+02
-0.18681E+02
-0.19670E+02
-0.20338E+02
-0.21288E+02
-0.22216E+02
-0.22835E+02
-0.23727E+02
-0.24598E+02
-0.25170E+02
-0.26007E+02
-0.26824E+02
-0.27353E+02
-0.28138E+02
-0.28905E+02
-0.29394E+02
-0.30130E+02
-0.30848E+02
-0.31300E+02
-0.31990E+02
-0.32663E+02
-0.33079E+02
-0.33726E+02
-0.34357E+02
-0.34740E+02
-0.35346E+02
-0.35709E+02
-0.36291E+02
-0.36858E+02
-0.37191E+02
-0.37736E+02
-0.38267E+02
-0.38572E+02
-0.39082E+02
-0.39579E+02
-0.39857E+02
-0.40334E+02
-0.68425E+02
-0.65905E+02
-0.63482E+02
-0.61153E+02
-0.59107E+02
-0.56948E+02
-0.54866E+02
-0.52856E+02
-0.50915E+02
-0.49039E+02
-0.47223E+02
-0.45689E+02
-0.43987E+02
-0.42334E+02
-0.40730E+02
-0.39172E+02
-0.37655E+02
-0.36179E+02
-0.34991E+02
-0.33589E+02
-0.32220E+02
-0.30883E+02
-0.29576E+02
-0.28296E+02
-0.27042E+02
-0.26089E+02
-0.24884E+02
-0.23699E+02
-0.22535E+02
-0.21390E+02
-0.20262E+02
-0.19151E+02
-0.18357E+02
-0.17276E+02
-0.16207E+02
-0.15151E+02
-0.13750E+02
-0.12423E+02
-0.11159E+02
-0.10282E+02
-0.91220E+01
-0.80042E+01
-0.69223E+01
-0.58717E+01
-0.48474E+01
-0.38460E+01
-0.27782E+01
-0.10461E+01
 0.68239E+00
 0.24094E+01
-0.27884E+01
-0.42552E+01
-0.52056E+01
-0.66694E+01
-0.81278E+01
-0.90788E+01
-0.10528E+02
-0.11970E+02
-0.12852E+02
-0.13947E+02
-0.15020E+02
-0.15756E+02
-0.16794E+02
-0.17513E+02
-0.18524E+02
-0.19513E+02
-0.20180E+02
-0.21131E+02
-0.22060E+02
-0.22680E+02
-0.23573E+02
-0.24446E+02
-0.25020E+02
-0.25859E+02
-0.26679E+02
-0.27212E+02
-0.28000E+02
-0.28770E+02
-0.29262E+02
-0.30002E+02
-0.30725E+02
-0.31181E+02
-0.31875E+02
-0.32554E+02
-0.32974E+02
-0.33626E+02
-0.34262E+02
-0.34650E+02
-0.35262E+02
-0.35630E+02
-0.36218E+02
-0.36791E+02
-0.37130E+02
-0.37680E+02
-0.38217E+02
-0.38528E+02
-0.39044E+02
-0.39547E+02
-0.39831E+02
-0.40314E+02
-0.68436E+02
-0.65936E+02
-0.63533E+02
-0.61220E+02
-0.59190E+02
-0.57044E+02
-0.54974E+02
-0.52975E+02
-0.51044E+02
-0.49176E+02
-0.47368E+02
-0.45840E+02
-0.44142E+02
-0.42494E+02
-0.40894E+02
-0.39337E+02
-0.37823E+02
-0.36348E+02
-0.35159E+02
-0.33757E+02
-0.32388E+02
-0.31049E+02
-0.29740E+02
-0.28457E+02
-0.27200E+02
-0.26243E+02
-0.25034E+02
-0.23845E+02
-0.22676E+02
-0.21525E+02
-0.20392E+02
-0.19274E+02
-0.18474E+02
-0.17386E+02
-0.16310E+02
-0.15246E+02
-0.13837E+02
-0.12501E+02
-0.11229E+02
-0.10342E+02
-0.91736E+01
-0.80461E+01
-0.69544E+01
-0.58935E+01
-0.48588E+01
-0.38467E+01
-0.27782E+01
-0.10461E+01
 0.68239E+00
 0.24094E+01
-0.27884E+01
-0.42552E+01
-0.52056E+01
-0.66694E+01
-0.81278E+01
-0.90788E+01
-0.10528E+02
-0.11944E+02
-0.12721E+02
-0.13812E+02
-0.14882E+02
-0.15616E+02
-0.16651E+02
-0.17368E+02
-0.18379E+02
-0.19367E+02
-0.20034E+02
-0.20985E+02
-0.21914E+02
-0.22534E+02
-0.23429E+02
-0.24303E+02
-0.24879E+02
-0.25721E+02
-0.26543E+02
-0.27078E+02
-0.27869E+02
-0.28642E+02
-0.29138E+02
-0.29881E+02
-0.30608E+02
-0.31067E+02
-0.31766E+02
-0.32449E+02
-0.32873E+02
-0.33530E+02
-0.34171E+02
-0.34563E+02
-0.35180E+02
-0.35553E+02
-0.36146E+02
-0.36724E+02
-0.37068E+02
-0.37624E+02
-0.38167E+02
-0.38483E+02
-0.39004E+02
-0.39513E+02
-0.39803E+02
-0.40291E+02
-0.68441E+02
-0.65961E+02
-0.63575E+02
-0.61277E+02
-0.59262E+02
-0.57129E+02
-0.55070E+02
-0.53082E+02
-0.51159E+02
-0.49299E+02
-0.47498E+02
-0.45976E+02
-0.44283E+02
-0.42639E+02
-0.41042E+02
-0.39488E+02
-0.37976E+02
-0.36502E+02
-0.35314E+02
-0.33912E+02
-0.32542E+02
-0.31202E+02
-0.29891E+02
-0.28606E+02
-0.27346E+02
-0.26386E+02
-0.25173E+02
-0.23980E+02
-0.22807E+02
-0.21651E+02
-0.20512E+02
-0.19389E+02
-0.18583E+02
-0.17488E+02
-0.16406E+02
-0.15336E+02
-0.13920E+02
-0.12576E+02
-0.11295E+02
-0.10401E+02
-0.92231E+01
-0.80868E+01
-0.69861E+01
-0.59157E+01
-0.48714E+01
-0.38495E+01
-0.27782E+01
-0.10461E+01
 0.68239E+00
 0.24094E+01
-0.27884E+01
-0.42552E+01
-0.52056E+01
-0.66694E+01
-0.81278E+01
-0.90788E+01
-0.10528E+02
-0.11830E+02
-0.12603E+02
-0.13691E+02
-0.14758E+02
-0.15489E+02
-0.16522E+02
-0.17238E+02
-0.18247E+02
-0.19234E+02
-0.19900E+02
-0.20851E+02
-0.21781E+02
-0.22401E+02
-0.23297E+02
-0.24172E+02
-0.24750E+02
-0.25593E+02
-0.26417E+02
-0.26954E+02
-0.27748E+02
-0.28523E+02
-0.29022E+02
-0.29769E+02
-0.30499E+02
-0.30962E+02
-0.31664E+02
-0.32350E+02
-0.32779E+02
-0.33440E+02
-0.34085E+02
-0.34482E+02
-0.35102E+02
-0.35480E+02
-0.36078E+02
-0.36661E+02
-0.37010E+02
-0.37570E+02
-0.38118E+02
-0.38439E+02
-0.38966E+02
-0.39479E+02
-0.39775E+02
-0.40268E+02
-0.68444E+02
-0.65981E+02
-0.63611E+02
-0.61329E+02
-0.59326E+02
-0.57205E+02
-0.55158E+02
-0.53179E+02
-0.51265E+02
-0.49412E+02
-0.47617E+02
-0.46101E+02
-0.44413E+02
-0.42773E+02
-0.41179E+02
-0.39628E+02
-0.38117E+02
-0.36645E+02
-0.35457E+02
-0.34055E+02
-0.32685E+02
-0.31344E+02
-0.30031E+02
-0.28745E+02
-0.27482E+02
-0.26519E+02
-0.25303E+02
-0.24107E+02
-0.22929E+02
-0.21769E+02
-0.20626E+02
-0.19497E+02
-0.18686E+02
-0.17586E+02
-0.16498E+02
-0.15421E+02
-0.13998E+02
-0.12648E+02
-0.11359E+02
-0.10457E+02
-0.92717E+01
-0.81272E+01
-0.70179E+01
-0.59390E+01
-0.48857E+01
-0.38545E+01
-0.27782E+01
-0.10461E+01
 0.68239E+00
 0.24094E+01
-0.27884E+01
-0.42552E+01
-0.52056E+01
-0.66694E+01
-0.81278E+01
-0.90788E+01
-0.10528E+02
-0.11727E+02
-0.12496E+02
-0.13580E+02
-0.14645E+02
-0.15373E+02
-0.16404E+02
-0.17118E+02
-0.18126E+02
-0.19111E+02
-0.19778E+02
-0.20728E+02
-0.21657E+02
-0.22279E+02
-0.23175E+02
-0.24051E+02
-0.24630E+02
-0.25474E+02
-0.26300E+02
-0.26839E+02
-0.27635E+02
-0.28413E+02
-0.28914E+02
-0.29664E+02
-0.30396E+02
-0.30862E+02
-0.31568E+02
-0.32258E+02
-0.32690E+02
-0.33354E+02
-0.34003E+02
-0.34404E+02
-0.35029E+02
-0.35411E+02
-0.36013E+02
-0.36600E+02
-0.36953E+02
-0.37519E+02
-0.38071E+02
-0.38397E+02
-0.38928E+02
-0.39446E+02
-0.39747E+02
-0.40245E+02
-0.68444E+02
-0.65998E+02
-0.63643E+02
-0.61375E+02
-0.59384E+02
-0.57275E+02
-0.55237E+02
-0.53267E+02
-0.51361E+02
-0.49516E+02
-0.47727E+02
-0.46216E+02
-0.44533E+02
-0.42897E+02
-0.41306E+02
-0.39758E+02
-0.38249E+02
-0.36777E+02
-0.35591E+02
-0.34189E+02
-0.32818E+02
-0.31477E+02
-0.30163E+02
-0.28874E+02
-0.27610E+02
-0.26644E+02
-0.25425E+02
-0.24225E+02
-0.23044E+02
-0.21881E+02
-0.20733E+02
-0.19600E+02
-0.18783E+02
-0.17678E+02
-0.16585E+02
-0.15502E+02
-0.14073E+02
-0.12716E+02
-0.11421E+02
-0.10511E+02
-0.93189E+01
-0.81668E+01
-0.70497E+01
-0.59627E+01
-0.49011E+01
-0.38614E+01
-0.27782E+01
-0.10461E+01
 0.68239E+00
 0.24094E+01
-0.27884E+01
-0.42552E+01
-0.52056E+01
-0.66694E+01
-0.81278E+01
-0.90788E+01
-0.10522E+02
-0.11634E+02
-0.12399E+02
-0.13480E+02
-0.14541E+02
-0.15267E+02
-0.16296E+02
-0.17008E+02
-0.18014E+02
-0.18999E+02
-0.19664E+02
-0.20614E+02
-0.21544E+02
-0.22165E+02
-0.23062E+02
-0.23939E+02
-0.24518E+02
-0.25364E+02
-0.26191E+02
-0.26732E+02
-0.27530E+02
-0.28310E+02
-0.28813E+02
-0.29565E+02
-0.30301E+02
-0.30769E+02
-0.31478E+02
-0.32171E+02
-0.32606E+02
-0.33274E+02
-0.33926E+02
-0.34331E+02
-0.34959E+02
-0.35345E+02
-0.35950E+02
-0.36542E+02
-0.36899E+02
-0.37469E+02
-0.38025E+02
-0.38355E+02
-0.38891E+02
-0.39414E+02
-0.39719E+02
-0.40222E+02
-0.68442E+02
-0.66012E+02
-0.63671E+02
-0.61415E+02
-0.59437E+02
-0.57338E+02
-0.55309E+02
-0.53348E+02
-0.51450E+02
-0.49611E+02
-0.47828E+02
-0.46322E+02
-0.44643E+02
-0.43011E+02
-0.41424E+02
-0.39878E+02
-0.38371E+02
-0.36901E+02
-0.35715E+02
-0.34313E+02
-0.32942E+02
-0.31600E+02
-0.30285E+02
-0.28995E+02
-0.27729E+02
-0.26761E+02
-0.25539E+02
-0.24337E+02
-0.23153E+02
-0.21985E+02
-0.20834E+02
-0.19697E+02
-0.18875E+02
-0.17765E+02
-0.16667E+02
-0.15579E+02
-0.14145E+02
-0.12781E+02
-0.11480E+02
-0.10564E+02
-0.93646E+01
-0.82055E+01
-0.70811E+01
-0.59866E+01
-0.49173E+01
-0.38696E+01
-0.27782E+01
-0.10461E+01
 0.68239E+00
 0.24094E+01
-0.27884E+01
-0.42552E+01
-0.52056E+01
-0.66694E+01
-0.81278E+01
-0.90788E+01
-0.10442E+02
-0.11550E+02
-0.12312E+02
-0.13389E+02
-0.14447E+02
-0.15171E+02
-0.16198E+02
-0.16908E+02
-0.17913E+02
-0.18896E+02
-0.19561E+02
-0.20510E+02
-0.21439E+02
-0.22061E+02
-0.22957E+02
-0.23835E+02
-0.24415E+02
-0.25262E+02
-0.26091E+02
-0.26633E+02
-0.27432E+02
-0.28214E+02
-0.28719E+02
-0.29474E+02
-0.30211E+02
-0.30682E+02
-0.31394E+02
-0.32089E+02
-0.32528E+02
-0.33198E+02
-0.33854E+02
-0.34262E+02
-0.34894E+02
-0.35283E+02
-0.35892E+02
-0.36487E+02
-0.36848E+02
-0.37421E+02
-0.37982E+02
-0.38316E+02
-0.38855E+02
-0.39382E+02
-0.39691E+02
-0.40199E+02
-0.68440E+02
-0.66024E+02
-0.63696E+02
-0.61452E+02
-0.59484E+02
-0.57395E+02
-0.55376E+02
-0.53423E+02
-0.51532E+02
-0.49699E+02
-0.47922E+02
-0.46421E+02
-0.44746E+02
-0.43118E+02
-0.41533E+02
-0.39990E+02
-0.38485E+02
-0.37016E+02
-0.35831E+02
-0.34430E+02
-0.33059E+02
-0.31716E+02
-0.30400E+02
-0.29109E+02
-0.27842E+02
-0.26871E+02
-0.25647E+02
-0.24442E+02
-0.23255E+02
-0.22085E+02
-0.20929E+02
-0.19788E+02
-0.18963E+02
-0.17849E+02
-0.16745E+02
-0.15653E+02
-0.14213E+02
-0.12844E+02
-0.11537E+02
-0.10615E+02
-0.94093E+01
-0.82435E+01
-0.71124E+01
-0.60109E+01
-0.49342E+01
-0.38793E+01
-0.27782E+01
-0.10461E+01
 0.68239E+00
 0.24094E+01
-0.27884E+01
-0.42552E+01
-0.52056E+01
-0.66694E+01
-0.81278E+01
-0.90788E+01
-0.10369E+02
-0.11473E+02
-0.12231E+02
-0.13306E+02
-0.14361E+02
-0.15082E+02
-0.16107E+02
-0.16815E+02
-0.17819E+02
-0.18801E+02
-0.19465E+02
-0.20413E+02
-0.21342E+02
-0.21964E+02
-0.22860E+02
-0.23738E+02
-0.24320E+02
-0.25167E+02
-0.25997E+02
-0.26540E+02
-0.27341E+02
-0.28124E+02
-0.28631E+02
-0.29388E+02
-0.30127E+02
-0.30601E+02
-0.31314E+02
-0.32013E+02
-0.32454E+02
-0.33127E+02
-0.33786E+02
-0.34196E+02
-0.34831E+02
-0.35224E+02
-0.35836E+02
-0.36435E+02
-0.36799E+02
-0.37376E+02
-0.37940E+02
-0.38278E+02
-0.38821E+02
-0.39352E+02
-0.39665E+02
-0.40176E+02
-0.68435E+02
-0.66033E+02
-0.63718E+02
-0.61485E+02
-0.59528E+02
-0.57448E+02
-0.55437E+02
-0.53492E+02
-0.51608E+02
-0.49781E+02
-0.48009E+02
-0.46512E+02
-0.44842E+02
-0.43217E+02
-0.41635E+02
-0.40094E+02
-0.38591E+02
-0.37124E+02
-0.35939E+02
-0.34539E+02
-0.33168E+02
-0.31825E+02
-0.30509E+02
-0.29216E+02
-0.27947E+02
-0.26975E+02
-0.25749E+02
-0.24542E+02
-0.23352E+02
-0.22178E+02
-0.21020E+02
-0.19875E+02
-0.19046E+02
-0.17928E+02
-0.16820E+02
-0.15723E+02
-0.14279E+02
-0.12905E+02
-0.11592E+02
-0.10664E+02
-0.94525E+01
-0.82806E+01
-0.71431E+01
-0.60350E+01
-0.49517E+01
-0.38897E+01
-0.27782E+01
-0.10461E+01
 0.68239E+00
 0.24094E+01
-0.27884E+01
-0.42552E+01
-0.52056E+01
-0.66694E+01
-0.81278E+01
-0.90788E+01
-0.10303E+02
-0.11403E+02
-0.12158E+02
-0.13229E+02
-0.14282E+02
-0.15000E+02
-0.16023E+02
-0.16730E+02
-0.17731E+02
-0.18713E+02
-0.19375E+02
-0.20323E+02
-0.21252E+02
-0.21873E+02
-0.22770E+02
-0.23648E+02
-0.24230E+02
-0.25078E+02
-0.25908E+02
-0.26453E+02
-0.27255E+02
-0.28040E+02
-0.28549E+02
-0.29306E+02
-0.30048E+02
-0.30524E+02
-0.31239E+02
-0.31940E+02
-0.32384E+02
-0.33059E+02
-0.33721E+02
-0.34134E+02
-0.34772E+02
-0.35168E+02
-0.35783E+02
-0.36384E+02
-0.36752E+02
-0.37332E+02
-0.37899E+02
-0.38241E+02
-0.38788E+02
-0.39322E+02
-0.39638E+02
-0.40153E+02
-0.68430E+02
-0.66040E+02
-0.63737E+02
-0.61515E+02
-0.59567E+02
-0.57497E+02
-0.55494E+02
-0.53555E+02
-0.51678E+02
-0.49857E+02
-0.48090E+02
-0.46598E+02
-0.44931E+02
-0.43310E+02
-0.41731E+02
-0.40192E+02
-0.38690E+02
-0.37224E+02
-0.36041E+02
-0.34641E+02
-0.33270E+02
-0.31927E+02
-0.30610E+02
-0.29317E+02
-0.28047E+02
-0.27073E+02
-0.25845E+02
-0.24635E+02
-0.23443E+02
-0.22267E+02
-0.21105E+02
-0.19957E+02
-0.19125E+02
-0.18003E+02
-0.16891E+02
-0.15790E+02
-0.14341E+02
-0.12962E+02
-0.11645E+02
-0.10711E+02
-0.94942E+01
-0.83167E+01
-0.71732E+01
-0.60589E+01
-0.49693E+01
-0.39008E+01
-0.27782E+01
-0.10461E+01
 0.68239E+00
 0.24094E+01
-0.27884E+01
-0.42552E+01
-0.52056E+01
-0.66694E+01
-0.81278E+01
-0.90788E+01
-0.10242E+02
-0.11338E+02
-0.12090E+02
-0.13158E+02
-0.14208E+02
-0.14925E+02
-0.15945E+02
-0.16650E+02
-0.17650E+02
-0.18630E+02
-0.19292E+02
-0.20239E+02
-0.21167E+02
-0.21788E+02
-0.22685E+02
-0.23563E+02
-0.24146E+02
-0.24994E+02
-0.25826E+02
-0.26371E+02
-0.27174E+02
-0.27960E+02
-0.28471E+02
-0.29230E+02
-0.29974E+02
-0.30451E+02
-0.31169E+02
-0.31871E+02
-0.32317E+02
-0.32995E+02
-0.33659E+02
-0.34075E+02
-0.34716E+02
-0.35114E+02
-0.35732E+02
-0.36336E+02
-0.36707E+02
-0.37290E+02
-0.37861E+02
-0.38205E+02
-0.38755E+02
-0.39293E+02
-0.39613E+02
-0.40131E+02
-0.68424E+02
-0.66046E+02
-0.63754E+02
-0.61542E+02
-0.59603E+02
-0.57541E+02
-0.55546E+02
-0.53614E+02
-0.51742E+02
-0.49927E+02
-0.48165E+02
-0.46677E+02
-0.45014E+02
-0.43396E+02
-0.41820E+02
-0.40283E+02
-0.38784E+02
-0.37319E+02
-0.36136E+02
-0.34737E+02
-0.33367E+02
-0.32023E+02
-0.30706E+02
-0.29412E+02
-0.28140E+02
-0.27165E+02
-0.25935E+02
-0.24724E+02
-0.23530E+02
-0.22351E+02
-0.21186E+02
-0.20036E+02
-0.19199E+02
-0.18074E+02
-0.16959E+02
-0.15854E+02
-0.14401E+02
-0.13017E+02
-0.11695E+02
-0.10757E+02
-0.95344E+01
-0.83515E+01
-0.72025E+01
-0.60826E+01
-0.49870E+01
-0.39123E+01
-0.27782E+01
-0.10461E+01
 0.68239E+00
 0.24094E+01
-0.27884E+01
-0.42552E+01
-0.52056E+01
-0.66694E+01
-0.81278E+01
-0.90757E+01
-0.10185E+02
-0.11278E+02
-0.12027E+02
-0.13092E+02
-0.14140E+02
-0.14854E+02
-0.15873E+02
-0.16576E+02
-0.17575E+02
-0.18553E+02
-0.19214E+02
-0.20161E+02
-0.21088E+02
-0.21709E+02
-0.22605E+02
-0.23484E+02
-0.24066E+02
-0.24916E+02
-0.25748E+02
-0.26294E+02
-0.27098E+02
-0.27885E+02
-0.28397E+02
-0.29158E+02
-0.29903E+02
-0.30382E+02
-0.31101E+02
-0.31806E+02
-0.32254E+02
-0.32934E+02
-0.33600E+02
-0.34019E+02
-0.34662E+02
-0.35062E+02
-0.35683E+02
-0.36290E+02
-0.36664E+02
-0.37250E+02
-0.37823E+02
-0.38171E+02
-0.38724E+02
-0.39264E+02
-0.39588E+02
-0.40109E+02
-0.68417E+02
-0.66051E+02
-0.63769E+02
-0.61566E+02
-0.59636E+02
-0.57582E+02
-0.55594E+02
-0.53669E+02
-0.51803E+02
-0.49993E+02
-0.48235E+02
-0.46751E+02
-0.45092E+02
-0.43477E+02
-0.41903E+02
-0.40369E+02
-0.38871E+02
-0.37408E+02
-0.36226E+02
-0.34827E+02
-0.33457E+02
-0.32114E+02
-0.30796E+02
-0.29501E+02
-0.28229E+02
-0.27252E+02
-0.26021E+02
-0.24808E+02
-0.23611E+02
-0.22430E+02
-0.21263E+02
-0.20110E+02
-0.19270E+02
-0.18142E+02
-0.17024E+02
-0.15915E+02
-0.14458E+02
-0.13070E+02
-0.11743E+02
-0.10800E+02
-0.95733E+01
-0.83853E+01
-0.72311E+01
-0.61057E+01
-0.50045E+01
-0.39241E+01
-0.27782E+01
-0.10461E+01
 0.68239E+00
 0.24094E+01
-0.27884E+01
-0.42552E+01
-0.52056E+01
-0.66694E+01
-0.81278E+01
-0.90279E+01
-0.10134E+02
-0.11223E+02
-0.11969E+02
-0.13032E+02
-0.14077E+02
-0.14789E+02
-0.15806E+02
-0.16507E+02
-0.17505E+02
-0.18482E+02
-0.19142E+02
-0.20088E+02
-0.21015E+02
-0.21635E+02
-0.22531E+02
-0.23410E+02
-0.23993E+02
-0.24842E+02
-0.25675E+02
-0.26222E+02
-0.27026E+02
-0.27815E+02
-0.28328E+02
-0.29090E+02
-0.29836E+02
-0.30317E+02
-0.31038E+02
-0.31744E+02
-0.32194E+02
-0.32877E+02
-0.33545E+02
-0.33965E+02
-0.34611E+02
-0.35014E+02
-0.35637E+02
-0.36246E+02
-0.36623E+02
-0.37211E+02
-0.37787E+02
-0.38138E+02
-0.38694E+02
-0.39237E+02
-0.39563E+02
-0.40088E+02
-0.68409E+02
-0.66054E+02
-0.63782E+02
-0.61588E+02
-0.59667E+02
-0.57620E+02
-0.55638E+02
-0.53719E+02
-0.51859E+02
-0.50054E+02
-0.48301E+02
-0.46821E+02
-0.45165E+02
-0.43553E+02
-0.41982E+02
-0.40449E+02
-0.38953E+02
-0.37491E+02
-0.36310E+02
-0.34913E+02
-0.33543E+02
-0.32200E+02
-0.30881E+02
-0.29586E+02
-0.28313E+02
-0.27335E+02
-0.26102E+02
-0.24887E+02
-0.23689E+02
-0.22506E+02
-0.21337E+02
-0.20180E+02
-0.19338E+02
-0.18207E+02
-0.17085E+02
-0.15973E+02
-0.14512E+02
-0.13121E+02
-0.11790E+02
-0.10842E+02
-0.96110E+01
-0.84183E+01
-0.72591E+01
-0.61286E+01
-0.50222E+01
-0.39363E+01
-0.27782E+01
-0.10461E+01
 0.68239E+00
 0.24094E+01
-0.27884E+01
-0.42552E+01
-0.52056E+01
-0.66694E+01
-0.81278E+01
-0.89839E+01
-0.10086E+02
-0.11173E+02
-0.11916E+02
-0.12976E+02
-0.14019E+02
-0.14728E+02
-0.15744E+02
-0.16443E+02
-0.17439E+02
-0.18415E+02
-0.19074E+02
-0.20019E+02
-0.20946E+02
-0.21565E+02
-0.22462E+02
-0.23340E+02
-0.23923E+02
-0.24773E+02
-0.25606E+02
-0.26153E+02
-0.26959E+02
-0.27748E+02
-0.28262E+02
-0.29026E+02
-0.29773E+02
-0.30255E+02
-0.30978E+02
-0.31686E+02
-0.32138E+02
-0.32822E+02
-0.33492E+02
-0.33914E+02
-0.34562E+02
-0.34967E+02
-0.35592E+02
-0.36205E+02
-0.36583E+02
-0.37174E+02
-0.37753E+02
-0.38106E+02
-0.38664E+02
-0.39211E+02
-0.39540E+02
-0.40067E+02
-0.68402E+02
-0.66056E+02
-0.63794E+02
-0.61609E+02
-0.59695E+02
-0.57655E+02
-0.55680E+02
-0.53767E+02
-0.51912E+02
-0.50111E+02
-0.48363E+02
-0.46886E+02
-0.45234E+02
-0.43624E+02
-0.42056E+02
-0.40525E+02
-0.39031E+02
-0.37570E+02
-0.36390E+02
-0.34993E+02
-0.33624E+02
-0.32281E+02
-0.30962E+02
-0.29666E+02
-0.28392E+02
-0.27413E+02
-0.26180E+02
-0.24963E+02
-0.23763E+02
-0.22578E+02
-0.21406E+02
-0.20248E+02
-0.19403E+02
-0.18269E+02
-0.17144E+02
-0.16029E+02
-0.14565E+02
-0.13170E+02
-0.11835E+02
-0.10883E+02
-0.96473E+01
-0.84502E+01
-0.72865E+01
-0.61511E+01
-0.50398E+01
-0.39488E+01
-0.27782E+01
-0.10461E+01
 0.68239E+00
 0.24094E+01
-0.27884E+01
-0.42552E+01
-0.52056E+01
-0.66694E+01
-0.81278E+01
-0.89431E+01
-0.10042E+02
-0.11126E+02
-0.11866E+02
-0.12923E+02
-0.13964E+02
-0.14672E+02
-0.15685E+02
-0.16383E+02
-0.17378E+02
-0.18353E+02
-0.19011E+02
-0.19955E+02
-0.20881E+02
-0.21500E+02
-0.22396E+02
-0.23275E+02
-0.23857E+02
-0.24708E+02
-0.25541E+02
-0.26089E+02
-0.26895E+02
-0.27685E+02
-0.28200E+02
-0.28965E+02
-0.29714E+02
-0.30197E+02
-0.30921E+02
-0.31631E+02
-0.32084E+02
-0.32770E+02
-0.33442E+02
-0.33866E+02
-0.34515E+02
-0.34923E+02
-0.35550E+02
-0.36164E+02
-0.36545E+02
-0.37139E+02
-0.37720E+02
-0.38075E+02
-0.38636E+02
-0.39185E+02
-0.39517E+02
-0.40047E+02
-0.68394E+02
-0.66058E+02
-0.63804E+02
-0.61627E+02
-0.59720E+02
-0.57687E+02
-0.55719E+02
-0.53811E+02
-0.51961E+02
-0.50165E+02
-0.48420E+02
-0.46947E+02
-0.45298E+02
-0.43692E+02
-0.42126E+02
-0.40597E+02
-0.39104E+02
-0.37645E+02
-0.36466E+02
-0.35069E+02
-0.33700E+02
-0.32357E+02
-0.31039E+02
-0.29742E+02
-0.28468E+02
-0.27488E+02
-0.26253E+02
-0.25035E+02
-0.23833E+02
-0.22646E+02
-0.21473E+02
-0.20312E+02
-0.19465E+02
-0.18328E+02
-0.17201E+02
-0.16082E+02
-0.14615E+02
-0.13216E+02
-0.11878E+02
-0.10922E+02
-0.96824E+01
-0.84811E+01
-0.73130E+01
-0.61732E+01
-0.50571E+01
-0.39613E+01
-0.27782E+01
-0.10461E+01
 0.68239E+00
 0.24094E+01
-0.27884E+01
-0.42552E+01
-0.52056E+01
-0.66694E+01
-0.81278E+01
-0.89052E+01
-0.10001E+02
-0.11082E+02
-0.11819E+02
-0.12874E+02
-0.13913E+02
-0.14619E+02
-0.15630E+02
-0.16327E+02
-0.17320E+02
-0.18294E+02
-0.18951E+02
-0.19894E+02
-0.20819E+02
-0.21438E+02
-0.22334E+02
-0.23212E+02
-0.23795E+02
-0.24646E+02
-0.25479E+02
-0.26028E+02
-0.26835E+02
-0.27626E+02
-0.28141E+02
-0.28907E+02
-0.29657E+02
-0.30141E+02
-0.30867E+02
-0.31578E+02
-0.32032E+02
-0.32720E+02
-0.33393E+02
-0.33820E+02
-0.34471E+02
-0.34880E+02
-0.35510E+02
-0.36126E+02
-0.36509E+02
-0.37104E+02
-0.37688E+02
-0.38046E+02
-0.38609E+02
-0.39160E+02
-0.39494E+02
-0.40027E+02
-0.68385E+02
-0.66059E+02
-0.63813E+02
-0.61644E+02
-0.59744E+02
-0.57717E+02
-0.55755E+02
-0.53852E+02
-0.52007E+02
-0.50216E+02
-0.48475E+02
-0.47005E+02
-0.45359E+02
-0.43755E+02
-0.42191E+02
-0.40665E+02
-0.39173E+02
-0.37715E+02
-0.36537E+02
-0.35141E+02
-0.33773E+02
-0.32430E+02
-0.31111E+02
-0.29814E+02
-0.28539E+02
-0.27558E+02
-0.26322E+02
-0.25103E+02
-0.23900E+02
-0.22711E+02
-0.21536E+02
-0.20373E+02
-0.19523E+02
-0.18384E+02
-0.17255E+02
-0.16133E+02
-0.14663E+02
-0.13261E+02
-0.11919E+02
-0.10960E+02
-0.97163E+01
-0.85110E+01
-0.73388E+01
-0.61946E+01
-0.50741E+01
-0.39737E+01
-0.27782E+01
-0.10461E+01
 0.68239E+00
 0.24094E+01
-0.27884E+01
-0.42552E+01
-0.52056E+01
-0.66694E+01
-0.81082E+01
-0.88702E+01
-0.99634E+01
-0.11041E+02
-0.11776E+02
-0.12829E+02
-0.13865E+02
-0.14569E+02
-0.15579E+02
-0.16274E+02
-0.17265E+02
-0.18238E+02
-0.18894E+02
-0.19837E+02
-0.20761E+02
-0.21380E+02
-0.22275E+02
-0.23154E+02
-0.23737E+02
-0.24587E+02
-0.25421E+02
-0.25970E+02
-0.26777E+02
-0.27569E+02
-0.28086E+02
-0.28852E+02
-0.29603E+02
-0.30088E+02
-0.30815E+02
-0.31527E+02
-0.31983E+02
-0.32672E+02
-0.33348E+02
-0.33775E+02
-0.34428E+02
-0.34839E+02
-0.35471E+02
-0.36089E+02
-0.36474E+02
-0.37072E+02
-0.37657E+02
-0.38017E+02
-0.38583E+02
-0.39136E+02
-0.39473E+02
-0.40008E+02
-0.68377E+02
-0.66059E+02
-0.63821E+02
-0.61659E+02
-0.59766E+02
-0.57745E+02
-0.55788E+02
-0.53891E+02
-0.52051E+02
-0.50263E+02
-0.48526E+02
-0.47059E+02
-0.45416E+02
-0.43815E+02
-0.42253E+02
-0.40729E+02
-0.39239E+02
-0.37782E+02
-0.36605E+02
-0.35210E+02
-0.33842E+02
-0.32499E+02
-0.31180E+02
-0.29883E+02
-0.28607E+02
-0.27625E+02
-0.26389E+02
-0.25168E+02
-0.23964E+02
-0.22774E+02
-0.21596E+02
-0.20432E+02
-0.19580E+02
-0.18438E+02
-0.17306E+02
-0.16182E+02
-0.14709E+02
-0.13304E+02
-0.11959E+02
-0.10996E+02
-0.97491E+01
-0.85400E+01
-0.73638E+01
-0.62156E+01
-0.50909E+01
-0.39861E+01
-0.27782E+01
-0.10461E+01
 0.68239E+00
 0.24094E+01
-0.27884E+01
-0.42552E+01
-0.52056E+01
-0.66694E+01
-0.80789E+01
-0.88379E+01
-0.99280E+01
-0.11003E+02
-0.11736E+02
-0.12786E+02
-0.13821E+02
-0.14523E+02
-0.15531E+02
-0.16224E+02
-0.17214E+02
-0.18186E+02
-0.18841E+02
-0.19783E+02
-0.20707E+02
-0.21325E+02
-0.22220E+02
-0.23098E+02
-0.23681E+02
-0.24532E+02
-0.25366E+02
-0.25915E+02
-0.26723E+02
-0.27516E+02
-0.28033E+02
-0.28800E+02
-0.29552E+02
-0.30038E+02
-0.30766E+02
-0.31480E+02
-0.31937E+02
-0.32627E+02
-0.33304E+02
-0.33733E+02
-0.34388E+02
-0.34801E+02
-0.35434E+02
-0.36054E+02
-0.36441E+02
-0.37040E+02
-0.37628E+02
-0.37990E+02
-0.38557E+02
-0.39113E+02
-0.39452E+02
-0.39989E+02
-0.68369E+02
-0.66059E+02
-0.63828E+02
-0.61673E+02
-0.59787E+02
-0.57772E+02
-0.55820E+02
-0.53928E+02
-0.52091E+02
-0.50308E+02
-0.48574E+02
-0.47111E+02
-0.45471E+02
-0.43872E+02
-0.42312E+02
-0.40789E+02
-0.39301E+02
-0.37845E+02
-0.36669E+02
-0.35275E+02
-0.33907E+02
-0.32565E+02
-0.31246E+02
-0.29948E+02
-0.28672E+02
-0.27689E+02
-0.26452E+02
-0.25231E+02
-0.24025E+02
-0.22833E+02
-0.21654E+02
-0.20487E+02
-0.19634E+02
-0.18490E+02
-0.17356E+02
-0.16229E+02
-0.14753E+02
-0.13346E+02
-0.11997E+02
-0.11031E+02
-0.97807E+01
-0.85681E+01
-0.73883E+01
-0.62363E+01
-0.51075E+01
-0.39971E+01
-0.27782E+01
-0.10461E+01
 0.68239E+00
 0.24094E+01
-0.27884E+01
-0.42552E+01
-0.52056E+01
-0.66694E+01
-0.80517E+01
-0.88076E+01
-0.98951E+01
-0.10968E+02
-0.11698E+02
-0.12746E+02
-0.13779E+02
-0.14479E+02
-0.15485E+02
-0.16177E+02
-0.17166E+02
-0.18137E+02
-0.18791E+02
-0.19732E+02
-0.20656E+02
-0.21273E+02
-0.22168E+02
-0.23046E+02
-0.23629E+02
-0.24479E+02
-0.25314E+02
-0.25863E+02
-0.26672E+02
-0.27464E+02
-0.27982E+02
-0.28750E+02
-0.29503E+02
-0.29990E+02
-0.30719E+02
-0.31434E+02
-0.31892E+02
-0.32584E+02
-0.33262E+02
-0.33693E+02
-0.34349E+02
-0.34763E+02
-0.35398E+02
-0.36020E+02
-0.36408E+02
-0.37010E+02
-0.37599E+02
-0.37963E+02
-0.38533E+02
-0.39091E+02
-0.39432E+02
-0.39971E+02
-0.68360E+02
-0.66058E+02
-0.63835E+02
-0.61687E+02
-0.59806E+02
-0.57797E+02
-0.55850E+02
-0.53962E+02
-0.52130E+02
-0.50350E+02
-0.48620E+02
-0.47160E+02
-0.45522E+02
-0.43926E+02
-0.42368E+02
-0.40847E+02
-0.39360E+02
-0.37906E+02
-0.36730E+02
-0.35337E+02
-0.33969E+02
-0.32627E+02
-0.31308E+02
-0.30011E+02
-0.28734E+02
-0.27751E+02
-0.26512E+02
-0.25290E+02
-0.24083E+02
-0.22890E+02
-0.21709E+02
-0.20541E+02
-0.19685E+02
-0.18540E+02
-0.17403E+02
-0.16274E+02
-0.14796E+02
-0.13386E+02
-0.12034E+02
-0.11065E+02
-0.98113E+01
-0.85955E+01
-0.74120E+01
-0.62563E+01
-0.51238E+01
-0.39971E+01
-0.27782E+01
-0.10461E+01
 0.68239E+00
 0.24094E+01
-0.27884E+01
-0.42552E+01
-0.52056E+01
-0.66694E+01
-0.80264E+01
-0.87795E+01
-0.98643E+01
-0.10934E+02
-0.11662E+02
-0.12708E+02
-0.13739E+02
-0.14438E+02
-0.15443E+02
-0.16133E+02
-0.17121E+02
-0.18091E+02
-0.18744E+02
-0.19684E+02
-0.20607E+02
-0.21224E+02
-0.22118E+02
-0.22996E+02
-0.23579E+02
-0.24430E+02
-0.25264E+02
-0.25814E+02
-0.26623E+02
-0.27416E+02
-0.27934E+02
-0.28703E+02
-0.29456E+02
-0.29945E+02
-0.30675E+02
-0.31390E+02
-0.31850E+02
-0.32543E+02
-0.33222E+02
-0.33654E+02
-0.34312E+02
-0.34728E+02
-0.35364E+02
-0.35987E+02
-0.36378E+02
-0.36981E+02
-0.37572E+02
-0.37938E+02
-0.38509E+02
-0.39069E+02
-0.39412E+02
-0.39953E+02
-0.68352E+02
-0.66057E+02
-0.63841E+02
-0.61699E+02
-0.59824E+02
-0.57820E+02
-0.55878E+02
-0.53994E+02
-0.52166E+02
-0.50390E+02
-0.48663E+02
-0.47206E+02
-0.45571E+02
-0.43977E+02
-0.42421E+02
-0.40902E+02
-0.39416E+02
-0.37963E+02
-0.36788E+02
-0.35396E+02
-0.34029E+02
-0.32687E+02
-0.31368E+02
-0.30070E+02
-0.28793E+02
-0.27809E+02
-0.26570E+02
-0.25347E+02
-0.24138E+02
-0.22944E+02
-0.21762E+02
-0.20592E+02
-0.19735E+02
-0.18587E+02
-0.17449E+02
-0.16318E+02
-0.14837E+02
-0.13424E+02
-0.12070E+02
-0.11098E+02
-0.98409E+01
-0.86218E+01
-0.74351E+01
-0.62759E+01
-0.51398E+01
-0.39971E+01
-0.27782E+01
-0.10461E+01
 0.68239E+00
 0.24094E+01
-0.27884E+01
-0.42552E+01
-0.52056E+01
-0.66694E+01
-0.80028E+01
-0.87532E+01
-0.98353E+01
-0.10903E+02
-0.11629E+02
-0.12673E+02
-0.13702E+02
-0.14399E+02
-0.15402E+02
-0.16091E+02
-0.17078E+02
-0.18047E+02
-0.18699E+02
-0.19638E+02
-0.20561E+02
-0.21177E+02
-0.22071E+02
-0.22949E+02
-0.23531E+02
-0.24382E+02
-0.25217E+02
-0.25767E+02
-0.26576E+02
-0.27370E+02
-0.27888E+02
-0.28658E+02
-0.29412E+02
-0.29901E+02
-0.30632E+02
-0.31348E+02
-0.31809E+02
-0.32503E+02
-0.33184E+02
-0.33617E+02
-0.34276E+02
-0.34693E+02
-0.35331E+02
-0.35956E+02
-0.36348E+02
-0.36953E+02
-0.37545E+02
-0.37913E+02
-0.38486E+02
-0.39048E+02
-0.39393E+02
-0.39936E+02
-0.68343E+02
-0.66055E+02
-0.63846E+02
-0.61710E+02
-0.59840E+02
-0.57841E+02
-0.55904E+02
-0.54025E+02
-0.52201E+02
-0.50428E+02
-0.48704E+02
-0.47249E+02
-0.45617E+02
-0.44025E+02
-0.42471E+02
-0.40954E+02
-0.39470E+02
-0.38018E+02
-0.36844E+02
-0.35452E+02
-0.34085E+02
-0.32743E+02
-0.31424E+02
-0.30127E+02
-0.28849E+02
-0.27865E+02
-0.26625E+02
-0.25401E+02
-0.24192E+02
-0.22996E+02
-0.21813E+02
-0.20641E+02
-0.19782E+02
-0.18633E+02
-0.17492E+02
-0.16360E+02
-0.14876E+02
-0.13461E+02
-0.12104E+02
-0.11129E+02
-0.98695E+01
-0.86475E+01
-0.74575E+01
-0.62950E+01
-0.51555E+01
-0.39971E+01
-0.27782E+01
-0.10461E+01
 0.68239E+00
 0.24094E+01
-0.27884E+01
-0.42552E+01
-0.52056E+01
-0.66694E+01
-0.79807E+01
-0.87284E+01
-0.98082E+01
-0.10874E+02
-0.11597E+02
-0.12640E+02
-0.13667E+02
-0.14362E+02
-0.15364E+02
-0.16052E+02
-0.17037E+02
-0.18005E+02
-0.18656E+02
-0.19595E+02
-0.20517E+02
-0.21133E+02
-0.22026E+02
-0.22904E+02
-0.23486E+02
-0.24337E+02
-0.25172E+02
-0.25722E+02
-0.26531E+02
-0.27326E+02
-0.27845E+02
-0.28614E+02
-0.29370E+02
-0.29859E+02
-0.30591E+02
-0.31309E+02
-0.31770E+02
-0.32465E+02
-0.33147E+02
-0.33582E+02
-0.34242E+02
-0.34660E+02
-0.35299E+02
-0.35926E+02
-0.36319E+02
-0.36926E+02
-0.37520E+02
-0.37889E+02
-0.38464E+02
-0.39028E+02
-0.39374E+02
-0.39919E+02
-0.68334E+02
-0.66054E+02
-0.63850E+02
-0.61720E+02
-0.59856E+02
-0.57862E+02
-0.55929E+02
-0.54054E+02
-0.52233E+02
-0.50464E+02
-0.48743E+02
-0.47291E+02
-0.45661E+02
-0.44071E+02
-0.42519E+02
-0.41003E+02
-0.39521E+02
-0.38069E+02
-0.36897E+02
-0.35505E+02
-0.34139E+02
-0.32798E+02
-0.31479E+02
-0.30181E+02
-0.28903E+02
-0.27918E+02
-0.26678E+02
-0.25453E+02
-0.24243E+02
-0.23046E+02
-0.21862E+02
-0.20689E+02
-0.19828E+02
-0.18677E+02
-0.17534E+02
-0.16400E+02
-0.14914E+02
-0.13496E+02
-0.12137E+02
-0.11160E+02
-0.98972E+01
-0.86722E+01
-0.74792E+01
-0.63136E+01
-0.51707E+01
-0.39971E+01
-0.27782E+01
-0.10461E+01
 0.68239E+00
 0.24094E+01
-0.27884E+01
-0.42552E+01
-0.52056E+01
-0.66694E+01
-0.79600E+01
-0.87052E+01
-0.97826E+01
-0.10846E+02
-0.11568E+02
-0.12608E+02
-0.13633E+02
-0.14327E+02
-0.15328E+02
-0.16014E+02
-0.16999E+02
-0.17965E+02
-0.18616E+02
-0.19554E+02
-0.20475E+02
-0.21090E+02
-0.21984E+02
-0.22861E+02
-0.23443E+02
-0.24294E+02
-0.25129E+02
-0.25679E+02
-0.26489E+02
-0.27283E+02
-0.27803E+02
-0.28573E+02
-0.29329E+02
-0.29820E+02
-0.30552E+02
-0.31270E+02
-0.31733E+02
-0.32429E+02
-0.33112E+02
-0.33548E+02
-0.34209E+02
-0.34629E+02
-0.35269E+02
-0.35897E+02
-0.36292E+02
-0.36899E+02
-0.37495E+02
-0.37866E+02
-0.38443E+02
-0.39008E+02
-0.39356E+02
-0.39903E+02
-0.68326E+02
-0.66051E+02
-0.63854E+02
-0.61729E+02
-0.59870E+02
-0.57881E+02
-0.55952E+02
-0.54081E+02
-0.52264E+02
-0.50498E+02
-0.48780E+02
-0.47330E+02
-0.45703E+02
-0.44115E+02
-0.42565E+02
-0.41050E+02
-0.39569E+02
-0.38119E+02
-0.36947E+02
-0.35556E+02
-0.34191E+02
-0.32849E+02
-0.31531E+02
-0.30233E+02
-0.28954E+02
-0.27969E+02
-0.26728E+02
-0.25502E+02
-0.24291E+02
-0.23094E+02
-0.21908E+02
-0.20734E+02
-0.19872E+02
-0.18719E+02
-0.17575E+02
-0.16438E+02
-0.14951E+02
-0.13531E+02
-0.12169E+02
-0.11189E+02
-0.99240E+01
-0.86962E+01
-0.75003E+01
-0.63317E+01
-0.51858E+01
-0.39971E+01
-0.27782E+01
-0.10461E+01
 0.68239E+00
 0.24094E+01
-0.27884E+01
-0.42552E+01
-0.52056E+01
-0.66694E+01
-0.79405E+01
-0.86833E+01
-0.97584E+01
-0.10820E+02
-0.11539E+02
-0.12578E+02
-0.13602E+02
-0.14294E+02
-0.15293E+02
-0.15979E+02
-0.16962E+02
-0.17928E+02
-0.18577E+02
-0.19514E+02
-0.20435E+02
-0.21050E+02
-0.21943E+02
-0.22820E+02
-0.23402E+02
-0.24253E+02
-0.25088E+02
-0.25638E+02
-0.26448E+02
-0.27243E+02
-0.27763E+02
-0.28534E+02
-0.29290E+02
-0.29781E+02
-0.30514E+02
-0.31234E+02
-0.31697E+02
-0.32394E+02
-0.33078E+02
-0.33515E+02
-0.34177E+02
-0.34598E+02
-0.35240E+02
-0.35869E+02
-0.36265E+02
-0.36874E+02
-0.37472E+02
-0.37844E+02
-0.38422E+02
-0.38989E+02
-0.39339E+02
-0.39887E+02
-0.68317E+02
-0.66049E+02
-0.63857E+02
-0.61738E+02
-0.59884E+02
-0.57899E+02
-0.55974E+02
-0.54107E+02
-0.52293E+02
-0.50530E+02
-0.48815E+02
-0.47368E+02
-0.45742E+02
-0.44157E+02
-0.42608E+02
-0.41095E+02
-0.39615E+02
-0.38166E+02
-0.36995E+02
-0.35605E+02
-0.34240E+02
-0.32899E+02
-0.31580E+02
-0.30282E+02
-0.29004E+02
-0.28018E+02
-0.26776E+02
-0.25550E+02
-0.24338E+02
-0.23140E+02
-0.21953E+02
-0.20777E+02
-0.19913E+02
-0.18759E+02
-0.17614E+02
-0.16475E+02
-0.14986E+02
-0.13564E+02
-0.12200E+02
-0.11217E+02
-0.99498E+01
-0.87194E+01
-0.75209E+01
-0.63492E+01
-0.52003E+01
-0.39971E+01
-0.27782E+01
-0.10461E+01
 0.68239E+00
 0.24094E+01
-0.27884E+01
-0.42552E+01
-0.52056E+01
-0.66694E+01
-0.79222E+01
-0.86627E+01
-0.97355E+01
-0.10795E+02
-0.11513E+02
-0.12550E+02
-0.13572E+02
-0.14263E+02
-0.15260E+02
-0.15945E+02
-0.16927E+02
-0.17892E+02
-0.18540E+02
-0.19477E+02
-0.20397E+02
-0.21011E+02
-0.21904E+02
-0.22781E+02
-0.23363E+02
-0.24213E+02
-0.25048E+02
-0.25599E+02
-0.26409E+02
-0.27204E+02
-0.27725E+02
-0.28496E+02
-0.29253E+02
-0.29745E+02
-0.30478E+02
-0.31198E+02
-0.31663E+02
-0.32361E+02
-0.33045E+02
-0.33483E+02
-0.34147E+02
-0.34569E+02
-0.35211E+02
-0.35842E+02
-0.36239E+02
-0.36850E+02
-0.37449E+02
-0.37822E+02
-0.38402E+02
-0.38970E+02
-0.39322E+02
-0.39871E+02
-0.68309E+02
-0.66047E+02
-0.63860E+02
-0.61746E+02
-0.59896E+02
-0.57916E+02
-0.55995E+02
-0.54131E+02
-0.52321E+02
-0.50561E+02
-0.48848E+02
-0.47404E+02
-0.45780E+02
-0.44196E+02
-0.42650E+02
-0.41138E+02
-0.39659E+02
-0.38211E+02
-0.37041E+02
-0.35651E+02
-0.34287E+02
-0.32946E+02
-0.31628E+02
-0.30330E+02
-0.29051E+02
-0.28065E+02
-0.26823E+02
-0.25596E+02
-0.24383E+02
-0.23183E+02
-0.21996E+02
-0.20819E+02
-0.19954E+02
-0.18798E+02
-0.17651E+02
-0.16511E+02
-0.15020E+02
-0.13596E+02
-0.12230E+02
-0.11245E+02
-0.99748E+01
-0.87419E+01
-0.75407E+01
-0.63664E+01
-0.52146E+01
-0.39971E+01
-0.27782E+01
-0.10461E+01
 0.68239E+00
 0.24094E+01
-0.27884E+01
-0.42552E+01
-0.52056E+01
-0.66694E+01
-0.79049E+01
-0.86431E+01
-0.97140E+01
-0.10771E+02
-0.11487E+02
-0.12522E+02
-0.13543E+02
-0.14233E+02
-0.15229E+02
-0.15912E+02
-0.16893E+02
-0.17857E+02
-0.18505E+02
-0.19441E+02
-0.20360E+02
-0.20975E+02
-0.21867E+02
-0.22743E+02
-0.23325E+02
-0.24175E+02
-0.25011E+02
-0.25561E+02
-0.26371E+02
-0.27167E+02
-0.27688E+02
-0.28459E+02
-0.29217E+02
-0.29709E+02
-0.30444E+02
-0.31164E+02
-0.31630E+02
-0.32328E+02
-0.33014E+02
-0.33453E+02
-0.34117E+02
-0.34540E+02
-0.35184E+02
-0.35816E+02
-0.36214E+02
-0.36826E+02
-0.37426E+02
-0.37802E+02
-0.38382E+02
-0.38952E+02
-0.39305E+02
-0.39856E+02
-0.68300E+02
-0.66044E+02
-0.63863E+02
-0.61753E+02
-0.59908E+02
-0.57931E+02
-0.56015E+02
-0.54154E+02
-0.52347E+02
-0.50590E+02
-0.48880E+02
-0.47438E+02
-0.45816E+02
-0.44234E+02
-0.42689E+02
-0.41179E+02
-0.39702E+02
-0.38255E+02
-0.37085E+02
-0.35696E+02
-0.34332E+02
-0.32992E+02
-0.31673E+02
-0.30375E+02
-0.29096E+02
-0.28110E+02
-0.26867E+02
-0.25640E+02
-0.24426E+02
-0.23226E+02
-0.22037E+02
-0.20859E+02
-0.19993E+02
-0.18836E+02
-0.17687E+02
-0.16545E+02
-0.15052E+02
-0.13626E+02
-0.12258E+02
-0.11271E+02
-0.99989E+01
-0.87637E+01
-0.75600E+01
-0.63831E+01
-0.52285E+01
-0.39971E+01
-0.27782E+01
-0.10461E+01
 0.68239E+00
 0.24094E+01
-0.27884E+01
-0.42552E+01
-0.52056E+01
-0.66694E+01
-0.78885E+01
-0.86248E+01
-0.96935E+01
-0.10749E+02
-0.11463E+02
-0.12497E+02
-0.13516E+02
-0.14204E+02
-0.15199E+02
-0.15881E+02
-0.16862E+02
-0.17825E+02
-0.18472E+02
-0.19407E+02
-0.20326E+02
-0.20939E+02
-0.21831E+02
-0.22707E+02
-0.23289E+02
-0.24139E+02
-0.24974E+02
-0.25525E+02
-0.26336E+02
-0.27131E+02
-0.27653E+02
-0.28425E+02
-0.29182E+02
-0.29675E+02
-0.30410E+02
-0.31132E+02
-0.31598E+02
-0.32297E+02
-0.32984E+02
-0.33423E+02
-0.34089E+02
-0.34513E+02
-0.35158E+02
-0.35791E+02
-0.36190E+02
-0.36803E+02
-0.37405E+02
-0.37781E+02
-0.38364E+02
-0.38935E+02
-0.39289E+02
-0.39842E+02
-0.68292E+02
-0.66041E+02
-0.63865E+02
-0.61760E+02
-0.59919E+02
-0.57947E+02
-0.56033E+02
-0.54176E+02
-0.52372E+02
-0.50618E+02
-0.48910E+02
-0.47470E+02
-0.45851E+02
-0.44271E+02
-0.42727E+02
-0.41218E+02
-0.39742E+02
-0.38296E+02
-0.37127E+02
-0.35739E+02
-0.34375E+02
-0.33035E+02
-0.31717E+02
-0.30419E+02
-0.29140E+02
-0.28153E+02
-0.26910E+02
-0.25682E+02
-0.24468E+02
-0.23266E+02
-0.22077E+02
-0.20898E+02
-0.20030E+02
-0.18872E+02
-0.17722E+02
-0.16578E+02
-0.15084E+02
-0.13656E+02
-0.12286E+02
-0.11297E+02
-0.10022E+02
-0.87848E+01
-0.75787E+01
-0.63993E+01
-0.52421E+01
-0.39971E+01
-0.27782E+01
-0.10461E+01
 0.68239E+00
 0.24094E+01
-0.27884E+01
-0.42552E+01
-0.52056E+01
-0.66694E+01
-0.78732E+01
-0.86073E+01
-0.96741E+01
-0.10728E+02
-0.11440E+02
-0.12472E+02
-0.13490E+02
-0.14177E+02
-0.15171E+02
-0.15852E+02
-0.16831E+02
-0.17793E+02
-0.18440E+02
-0.19374E+02
-0.20292E+02
-0.20906E+02
-0.21797E+02
-0.22673E+02
-0.23254E+02
-0.24105E+02
-0.24940E+02
-0.25491E+02
-0.26301E+02
-0.27097E+02
-0.27619E+02
-0.28391E+02
-0.29149E+02
-0.29643E+02
-0.30378E+02
-0.31100E+02
-0.31567E+02
-0.32267E+02
-0.32955E+02
-0.33395E+02
-0.34062E+02
-0.34487E+02
-0.35133E+02
-0.35766E+02
-0.36167E+02
-0.36781E+02
-0.37384E+02
-0.37762E+02
-0.38345E+02
-0.38918E+02
-0.39273E+02
-0.39827E+02
-0.68284E+02
-0.66038E+02
-0.63867E+02
-0.61766E+02
-0.59930E+02
-0.57961E+02
-0.56051E+02
-0.54197E+02
-0.52396E+02
-0.50644E+02
-0.48939E+02
-0.47501E+02
-0.45884E+02
-0.44305E+02
-0.42764E+02
-0.41256E+02
-0.39781E+02
-0.38336E+02
-0.37167E+02
-0.35780E+02
-0.34417E+02
-0.33077E+02
-0.31759E+02
-0.30461E+02
-0.29181E+02
-0.28194E+02
-0.26951E+02
-0.25722E+02
-0.24508E+02
-0.23305E+02
-0.22115E+02
-0.20935E+02
-0.20066E+02
-0.18907E+02
-0.17755E+02
-0.16611E+02
-0.15114E+02
-0.13685E+02
-0.12313E+02
-0.11322E+02
-0.10045E+02
-0.88053E+01
-0.75969E+01
-0.64151E+01
-0.52554E+01
-0.39971E+01
-0.27782E+01
-0.10461E+01
 0.68239E+00
 0.24094E+01
-0.27884E+01
-0.42552E+01
-0.52056E+01
-0.66694E+01
-0.78586E+01
-0.85907E+01
-0.96556E+01
-0.10708E+02
-0.11419E+02
-0.12449E+02
-0.13466E+02
-0.14151E+02
-0.15144E+02
-0.15824E+02
-0.16802E+02
-0.17763E+02
-0.18409E+02
-0.19343E+02
-0.20261E+02
-0.20873E+02
-0.21764E+02
-0.22640E+02
-0.23221E+02
-0.24071E+02
-0.24907E+02
-0.25457E+02
-0.26268E+02
-0.27064E+02
-0.27586E+02
-0.28359E+02
-0.29117E+02
-0.29611E+02
-0.30348E+02
-0.31070E+02
-0.31537E+02
-0.32238E+02
-0.32927E+02
-0.33368E+02
-0.34035E+02
-0.34461E+02
-0.35108E+02
-0.35743E+02
-0.36145E+02
-0.36760E+02
-0.37364E+02
-0.37743E+02
-0.38328E+02
-0.38901E+02
-0.39258E+02
-0.39814E+02
-0.68276E+02
-0.66035E+02
-0.63869E+02
-0.61772E+02
-0.59939E+02
-0.57974E+02
-0.56068E+02
-0.54217E+02
-0.52419E+02
-0.50670E+02
-0.48967E+02
-0.47531E+02
-0.45915E+02
-0.44339E+02
-0.42798E+02
-0.41292E+02
-0.39818E+02
-0.38374E+02
-0.37206E+02
-0.35819E+02
-0.34456E+02
-0.33117E+02
-0.31799E+02
-0.30501E+02
-0.29222E+02
-0.28234E+02
-0.26990E+02
-0.25761E+02
-0.24546E+02
-0.23343E+02
-0.22152E+02
-0.20971E+02
-0.20101E+02
-0.18940E+02
-0.17787E+02
-0.16641E+02
-0.15144E+02
-0.13712E+02
-0.12339E+02
-0.11346E+02
-0.10067E+02
-0.88251E+01
-0.76146E+01
-0.64303E+01
-0.52683E+01
-0.39971E+01
-0.27782E+01
-0.10461E+01
 0.68239E+00
 0.24094E+01
-0.27884E+01
-0.42552E+01
-0.52056E+01
-0.66694E+01
-0.78448E+01
-0.85750E+01
-0.96382E+01
-0.10688E+02
-0.11398E+02
-0.12427E+02
-0.13442E+02
-0.14126E+02
-0.15118E+02
-0.15797E+02
-0.16774E+02
-0.17735E+02
-0.18380E+02
-0.19313E+02
-0.20230E+02
-0.20842E+02
-0.21733E+02
-0.22609E+02
-0.23190E+02
-0.24039E+02
-0.24875E+02
-0.25426E+02
-0.26236E+02
-0.27033E+02
-0.27555E+02
-0.28328E+02
-0.29087E+02
-0.29581E+02
-0.30318E+02
-0.31041E+02
-0.31509E+02
-0.32210E+02
-0.32899E+02
-0.33342E+02
-0.34010E+02
-0.34437E+02
-0.35084E+02
-0.35720E+02
-0.36123E+02
-0.36739E+02
-0.37344E+02
-0.37724E+02
-0.38310E+02
-0.38885E+02
-0.39243E+02
-0.39800E+02
-0.68268E+02
-0.66032E+02
-0.63870E+02
-0.61778E+02
-0.59949E+02
-0.57987E+02
-0.56084E+02
-0.54236E+02
-0.52440E+02
-0.50694E+02
-0.48993E+02
-0.47559E+02
-0.45946E+02
-0.44370E+02
-0.42831E+02
-0.41327E+02
-0.39853E+02
-0.38410E+02
-0.37243E+02
-0.35857E+02
-0.34495E+02
-0.33156E+02
-0.31838E+02
-0.30540E+02
-0.29260E+02
-0.28272E+02
-0.27028E+02
-0.25799E+02
-0.24583E+02
-0.23379E+02
-0.22187E+02
-0.21005E+02
-0.20134E+02
-0.18973E+02
-0.17818E+02
-0.16671E+02
-0.15172E+02
-0.13739E+02
-0.12364E+02
-0.11369E+02
-0.10088E+02
-0.88444E+01
-0.76317E+01
-0.64453E+01
-0.52809E+01
-0.39971E+01
-0.27782E+01
-0.10461E+01
 0.68239E+00
 0.24094E+01
-0.27884E+01
-0.42552E+01
-0.52056E+01
-0.66694E+01
-0.78318E+01
-0.85600E+01
-0.96215E+01
-0.10670E+02
-0.11378E+02
-0.12406E+02
-0.13419E+02
-0.14103E+02
-0.15093E+02
-0.15771E+02
-0.16748E+02
-0.17707E+02
-0.18352E+02
-0.19284E+02
-0.20201E+02
-0.20813E+02
-0.21703E+02
-0.22578E+02
-0.23159E+02
-0.24009E+02
-0.24844E+02
-0.25395E+02
-0.26206E+02
-0.27002E+02
-0.27525E+02
-0.28298E+02
-0.29057E+02
-0.29552E+02
-0.30289E+02
-0.31013E+02
-0.31481E+02
-0.32184E+02
-0.32873E+02
-0.33316E+02
-0.33985E+02
-0.34413E+02
-0.35061E+02
-0.35698E+02
-0.36102E+02
-0.36719E+02
-0.37325E+02
-0.37706E+02
-0.38293E+02
-0.38869E+02
-0.39229E+02
-0.39787E+02
-0.68260E+02
-0.66029E+02
-0.63871E+02
-0.61783E+02
-0.59957E+02
-0.57999E+02
-0.56099E+02
-0.54254E+02
-0.52461E+02
-0.50717E+02
-0.49018E+02
-0.47586E+02
-0.45975E+02
-0.44401E+02
-0.42863E+02
-0.41360E+02
-0.39887E+02
-0.38445E+02
-0.37279E+02
-0.35893E+02
-0.34531E+02
-0.33193E+02
-0.31875E+02
-0.30577E+02
-0.29297E+02
-0.28309E+02
-0.27065E+02
-0.25835E+02
-0.24619E+02
-0.23414E+02
-0.22221E+02
-0.21038E+02
-0.20167E+02
-0.19004E+02
-0.17849E+02
-0.16700E+02
-0.15199E+02
-0.13765E+02
-0.12388E+02
-0.11391E+02
-0.10109E+02
-0.88631E+01
-0.76484E+01
-0.64598E+01
-0.52933E+01
-0.39971E+01
-0.27782E+01
-0.10461E+01
 0.68239E+00
 0.24094E+01
-0.27884E+01
-0.42552E+01
-0.52056E+01
-0.66694E+01
-0.78193E+01
-0.85458E+01
-0.96055E+01
-0.10653E+02
-0.11359E+02
-0.12385E+02
-0.13398E+02
-0.14080E+02
-0.15070E+02
-0.15746E+02
-0.16722E+02
-0.17681E+02
-0.18324E+02
-0.19257E+02
-0.20173E+02
-0.20784E+02
-0.21674E+02
-0.22549E+02
-0.23130E+02
-0.23979E+02
-0.24814E+02
-0.25365E+02
-0.26176E+02
-0.26973E+02
-0.27495E+02
-0.28269E+02
-0.29029E+02
-0.29524E+02
-0.30262E+02
-0.30986E+02
-0.31455E+02
-0.32158E+02
-0.32848E+02
-0.33292E+02
-0.33961E+02
-0.34390E+02
-0.35039E+02
-0.35677E+02
-0.36082E+02
-0.36700E+02
-0.37307E+02
-0.37689E+02
-0.38277E+02
-0.38854E+02
-0.39215E+02
-0.39774E+02
-0.68252E+02
-0.66025E+02
-0.63872E+02
-0.61787E+02
-0.59965E+02
-0.58011E+02
-0.56114E+02
-0.54272E+02
-0.52481E+02
-0.50739E+02
-0.49043E+02
-0.47612E+02
-0.46002E+02
-0.44430E+02
-0.42894E+02
-0.41391E+02
-0.39920E+02
-0.38479E+02
-0.37313E+02
-0.35928E+02
-0.34567E+02
-0.33228E+02
-0.31911E+02
-0.30613E+02
-0.29333E+02
-0.28345E+02
-0.27100E+02
-0.25870E+02
-0.24653E+02
-0.23448E+02
-0.22254E+02
-0.21071E+02
-0.20198E+02
-0.19034E+02
-0.17878E+02
-0.16728E+02
-0.15226E+02
-0.13790E+02
-0.12411E+02
-0.11413E+02
-0.10129E+02
-0.88812E+01
-0.76646E+01
-0.64740E+01
-0.53053E+01
-0.39971E+01
-0.27782E+01
-0.10461E+01
 0.68239E+00
 0.24094E+01
-0.27884E+01
-0.42552E+01
-0.52056E+01
-0.66694E+01
-0.78076E+01
-0.85323E+01
-0.95904E+01
-0.10636E+02
-0.11341E+02
-0.12366E+02
-0.13377E+02
-0.14058E+02
-0.15047E+02
-0.15723E+02
-0.16697E+02
-0.17656E+02
-0.18299E+02
-0.19230E+02
-0.20145E+02
-0.20757E+02
-0.21646E+02
-0.22521E+02
-0.23101E+02
-0.23951E+02
-0.24786E+02
-0.25337E+02
-0.26148E+02
-0.26945E+02
-0.27467E+02
-0.28241E+02
-0.29001E+02
-0.29497E+02
-0.30235E+02
-0.30960E+02
-0.31429E+02
-0.32133E+02
-0.32824E+02
-0.33268E+02
-0.33938E+02
-0.34368E+02
-0.35018E+02
-0.35656E+02
-0.36062E+02
-0.36681E+02
-0.37289E+02
-0.37672E+02
-0.38261E+02
-0.38840E+02
-0.39201E+02
-0.39762E+02
-0.68244E+02
-0.66022E+02
-0.63872E+02
-0.61792E+02
-0.59973E+02
-0.58022E+02
-0.56127E+02
-0.54288E+02
-0.52500E+02
-0.50760E+02
-0.49066E+02
-0.47637E+02
-0.46029E+02
-0.44458E+02
-0.42923E+02
-0.41422E+02
-0.39952E+02
-0.38511E+02
-0.37346E+02
-0.35962E+02
-0.34601E+02
-0.33263E+02
-0.31945E+02
-0.30647E+02
-0.29368E+02
-0.28379E+02
-0.27134E+02
-0.25904E+02
-0.24686E+02
-0.23481E+02
-0.22286E+02
-0.21102E+02
-0.20228E+02
-0.19063E+02
-0.17906E+02
-0.16755E+02
-0.15252E+02
-0.13814E+02
-0.12434E+02
-0.11434E+02
-0.10148E+02
-0.88988E+01
-0.76803E+01
-0.64878E+01
-0.53170E+01
-0.39971E+01
-0.27782E+01
-0.10461E+01
 0.68239E+00
 0.24094E+01
-0.27884E+01
-0.42552E+01
-0.52056E+01
-0.66694E+01
-0.77963E+01
-0.85194E+01
-0.95759E+01
-0.10620E+02
-0.11324E+02
-0.12347E+02
-0.13358E+02
-0.14037E+02
-0.15025E+02
-0.15700E+02
-0.16674E+02
-0.17631E+02
-0.18274E+02
-0.19204E+02
-0.20119E+02
-0.20730E+02
-0.21620E+02
-0.22494E+02
-0.23074E+02
-0.23924E+02
-0.24758E+02
-0.25310E+02
-0.26120E+02
-0.26917E+02
-0.27440E+02
-0.28214E+02
-0.28975E+02
-0.29471E+02
-0.30209E+02
-0.30934E+02
-0.31404E+02
-0.32109E+02
-0.32800E+02
-0.33245E+02
-0.33916E+02
-0.34346E+02
-0.34997E+02
-0.35636E+02
-0.36043E+02
-0.36663E+02
-0.37272E+02
-0.37656E+02
-0.38246E+02
-0.38825E+02
-0.39188E+02
-0.39749E+02
-0.68237E+02
-0.66019E+02
-0.63873E+02
-0.61796E+02
-0.59981E+02
-0.58032E+02
-0.56141E+02
-0.54304E+02
-0.52518E+02
-0.50780E+02
-0.49088E+02
-0.47661E+02
-0.46054E+02
-0.44485E+02
-0.42952E+02
-0.41451E+02
-0.39982E+02
-0.38542E+02
-0.37378E+02
-0.35994E+02
-0.34634E+02
-0.33296E+02
-0.31979E+02
-0.30681E+02
-0.29401E+02
-0.28412E+02
-0.27167E+02
-0.25936E+02
-0.24718E+02
-0.23512E+02
-0.22317E+02
-0.21132E+02
-0.20257E+02
-0.19091E+02
-0.17933E+02
-0.16781E+02
-0.15276E+02
-0.13838E+02
-0.12456E+02
-0.11454E+02
-0.10167E+02
-0.89160E+01
-0.76956E+01
-0.65012E+01
-0.53284E+01
-0.39971E+01
-0.27782E+01
-0.10461E+01
 0.68239E+00
 0.24094E+01
-0.27884E+01
-0.42552E+01
-0.52056E+01
-0.66694E+01
-0.77856E+01
-0.85071E+01
-0.95621E+01
-0.10605E+02
-0.11307E+02
-0.12330E+02
-0.13339E+02
-0.14017E+02
-0.15004E+02
-0.15678E+02
-0.16651E+02
-0.17608E+02
-0.18250E+02
-0.19180E+02
-0.20094E+02
-0.20705E+02
-0.21594E+02
-0.22468E+02
-0.23048E+02
-0.23897E+02
-0.24732E+02
-0.25283E+02
-0.26094E+02
-0.26891E+02
-0.27414E+02
-0.28189E+02
-0.28949E+02
-0.29446E+02
-0.30184E+02
-0.30910E+02
-0.31380E+02
-0.32085E+02
-0.32777E+02
-0.33223E+02
-0.33895E+02
-0.34325E+02
-0.34977E+02
-0.35617E+02
-0.36024E+02
-0.36645E+02
-0.37255E+02
-0.37640E+02
-0.38231E+02
-0.38811E+02
-0.39175E+02
-0.39737E+02
-0.68229E+02
-0.66015E+02
-0.63873E+02
-0.61799E+02
-0.59987E+02
-0.58042E+02
-0.56153E+02
-0.54319E+02
-0.52535E+02
-0.50800E+02
-0.49109E+02
-0.47684E+02
-0.46079E+02
-0.44511E+02
-0.42979E+02
-0.41480E+02
-0.40011E+02
-0.38572E+02
-0.37409E+02
-0.36025E+02
-0.34665E+02
-0.33328E+02
-0.32011E+02
-0.30713E+02
-0.29433E+02
-0.28444E+02
-0.27199E+02
-0.25967E+02
-0.24749E+02
-0.23542E+02
-0.22347E+02
-0.21161E+02
-0.20285E+02
-0.19119E+02
-0.17959E+02
-0.16806E+02
-0.15300E+02
-0.13860E+02
-0.12477E+02
-0.11474E+02
-0.10185E+02
-0.89326E+01
-0.77105E+01
-0.65143E+01
-0.53396E+01
-0.39971E+01
-0.27782E+01
-0.10461E+01
 0.68239E+00
 0.24094E+01
-0.27884E+01
-0.42552E+01
-0.52056E+01
-0.66694E+01
-0.77754E+01
-0.84953E+01
-0.95489E+01
-0.10590E+02
-0.11291E+02
-0.12313E+02
-0.13321E+02
-0.13998E+02
-0.14984E+02
-0.15657E+02
-0.16629E+02
-0.17585E+02
-0.18227E+02
-0.19156E+02
-0.20070E+02
-0.20680E+02
-0.21569E+02
-0.22443E+02
-0.23023E+02
-0.23872E+02
-0.24706E+02
-0.25258E+02
-0.26069E+02
-0.26866E+02
-0.27389E+02
-0.28164E+02
-0.28925E+02
-0.29421E+02
-0.30160E+02
-0.30886E+02
-0.31357E+02
-0.32062E+02
-0.32755E+02
-0.33201E+02
-0.33874E+02
-0.34305E+02
-0.34957E+02
-0.35598E+02
-0.36006E+02
-0.36628E+02
-0.37239E+02
-0.37624E+02
-0.38217E+02
-0.38798E+02
-0.39162E+02
-0.39726E+02
-0.68222E+02
-0.66012E+02
-0.63873E+02
-0.61803E+02
-0.59994E+02
-0.58051E+02
-0.56165E+02
-0.54333E+02
-0.52552E+02
-0.50818E+02
-0.49130E+02
-0.47706E+02
-0.46103E+02
-0.44536E+02
-0.43005E+02
-0.41507E+02
-0.40039E+02
-0.38601E+02
-0.37438E+02
-0.36055E+02
-0.34696E+02
-0.33358E+02
-0.32042E+02
-0.30744E+02
-0.29464E+02
-0.28475E+02
-0.27230E+02
-0.25998E+02
-0.24779E+02
-0.23572E+02
-0.22375E+02
-0.21189E+02
-0.20312E+02
-0.19145E+02
-0.17985E+02
-0.16831E+02
-0.15324E+02
-0.13883E+02
-0.12498E+02
-0.11494E+02
-0.10203E+02
-0.89488E+01
-0.77250E+01
-0.65270E+01
-0.53505E+01
-0.39971E+01
-0.27782E+01
-0.10461E+01
 0.68239E+00
 0.24094E+01
-0.27884E+01
-0.42552E+01
-0.52056E+01
-0.66694E+01
-0.77656E+01
-0.84841E+01
-0.95362E+01
-0.10576E+02
-0.11276E+02
-0.12296E+02
-0.13303E+02
-0.13980E+02
-0.14965E+02
-0.15637E+02
-0.16608E+02
-0.17564E+02
-0.18204E+02
-0.19133E+02
-0.20047E+02
-0.20657E+02
-0.21545E+02
-0.22418E+02
-0.22998E+02
-0.23847E+02
-0.24682E+02
-0.25233E+02
-0.26044E+02
-0.26841E+02
-0.27365E+02
-0.28139E+02
-0.28901E+02
-0.29398E+02
-0.30137E+02
-0.30864E+02
-0.31335E+02
-0.32040E+02
-0.32734E+02
-0.33180E+02
-0.33853E+02
-0.34285E+02
-0.34939E+02
-0.35580E+02
-0.35989E+02
-0.36611E+02
-0.37223E+02
-0.37609E+02
-0.38202E+02
-0.38784E+02
-0.39150E+02
-0.39715E+02
-0.68215E+02
-0.66008E+02
-0.63873E+02
-0.61806E+02
-0.60000E+02
-0.58060E+02
-0.56177E+02
-0.54347E+02
-0.52568E+02
-0.50836E+02
-0.49150E+02
-0.47728E+02
-0.46126E+02
-0.44560E+02
-0.43030E+02
-0.41533E+02
-0.40067E+02
-0.38629E+02
-0.37467E+02
-0.36084E+02
-0.34725E+02
-0.33388E+02
-0.32072E+02
-0.30774E+02
-0.29494E+02
-0.28505E+02
-0.27259E+02
-0.26027E+02
-0.24808E+02
-0.23600E+02
-0.22403E+02
-0.21216E+02
-0.20339E+02
-0.19171E+02
-0.18010E+02
-0.16854E+02
-0.15346E+02
-0.13904E+02
-0.12518E+02
-0.11512E+02
-0.10221E+02
-0.89646E+01
-0.77391E+01
-0.65394E+01
-0.53611E+01
-0.39971E+01
-0.27782E+01
-0.10461E+01
 0.68239E+00
 0.24094E+01
-0.27884E+01
-0.42552E+01
-0.52056E+01
-0.66694E+01
-0.77564E+01
-0.84734E+01
-0.95240E+01
-0.10563E+02
-0.11261E+02
-0.12280E+02
-0.13286E+02
-0.13962E+02
-0.14946E+02
-0.15618E+02
-0.16588E+02
-0.17543E+02
-0.18183E+02
-0.19112E+02
-0.20025E+02
-0.20634E+02
-0.21522E+02
-0.22395E+02
-0.22975E+02
-0.23823E+02
-0.24658E+02
-0.25209E+02
-0.26020E+02
-0.26818E+02
-0.27341E+02
-0.28116E+02
-0.28878E+02
-0.29375E+02
-0.30115E+02
-0.30841E+02
-0.31313E+02
-0.32019E+02
-0.32713E+02
-0.33160E+02
-0.33834E+02
-0.34266E+02
-0.34920E+02
-0.35562E+02
-0.35972E+02
-0.36595E+02
-0.37207E+02
-0.37595E+02
-0.38189E+02
-0.38772E+02
-0.39138E+02
-0.39703E+02
-0.68208E+02
-0.66005E+02
-0.63873E+02
-0.61809E+02
-0.60006E+02
-0.58069E+02
-0.56188E+02
-0.54360E+02
-0.52583E+02
-0.50854E+02
-0.49169E+02
-0.47748E+02
-0.46147E+02
-0.44584E+02
-0.43055E+02
-0.41558E+02
-0.40093E+02
-0.38656E+02
-0.37494E+02
-0.36112E+02
-0.34754E+02
-0.33417E+02
-0.32101E+02
-0.30803E+02
-0.29523E+02
-0.28534E+02
-0.27288E+02
-0.26055E+02
-0.24836E+02
-0.23628E+02
-0.22430E+02
-0.21242E+02
-0.20364E+02
-0.19196E+02
-0.18033E+02
-0.16877E+02
-0.15368E+02
-0.13925E+02
-0.12538E+02
-0.11531E+02
-0.10237E+02
-0.89798E+01
-0.77528E+01
-0.65515E+01
-0.53715E+01
-0.39971E+01
-0.27782E+01
-0.10461E+01
 0.68239E+00
 0.24094E+01
-0.27884E+01
-0.42552E+01
-0.52056E+01
-0.66694E+01
-0.77475E+01
-0.84630E+01
-0.95124E+01
-0.10550E+02
-0.11247E+02
-0.12265E+02
-0.13270E+02
-0.13945E+02
-0.14928E+02
-0.15599E+02
-0.16569E+02
-0.17523E+02
-0.18162E+02
-0.19090E+02
-0.20003E+02
-0.20612E+02
-0.21500E+02
-0.22373E+02
-0.22952E+02
-0.23801E+02
-0.24635E+02
-0.25186E+02
-0.25997E+02
-0.26795E+02
-0.27318E+02
-0.28094E+02
-0.28855E+02
-0.29353E+02
-0.30093E+02
-0.30820E+02
-0.31292E+02
-0.31999E+02
-0.32693E+02
-0.33141E+02
-0.33815E+02
-0.34248E+02
-0.34902E+02
-0.35545E+02
-0.35956E+02
-0.36580E+02
-0.37192E+02
-0.37581E+02
-0.38175E+02
-0.38759E+02
-0.39126E+02
-0.39693E+02
-0.68201E+02
-0.66001E+02
-0.63873E+02
-0.61812E+02
-0.60012E+02
-0.58077E+02
-0.56198E+02
-0.54373E+02
-0.52598E+02
-0.50870E+02
-0.49187E+02
-0.47768E+02
-0.46169E+02
-0.44606E+02
-0.43078E+02
-0.41583E+02
-0.40118E+02
-0.38682E+02
-0.37521E+02
-0.36139E+02
-0.34781E+02
-0.33445E+02
-0.32128E+02
-0.30831E+02
-0.29551E+02
-0.28562E+02
-0.27315E+02
-0.26083E+02
-0.24863E+02
-0.23654E+02
-0.22456E+02
-0.21268E+02
-0.20389E+02
-0.19220E+02
-0.18057E+02
-0.16900E+02
-0.15390E+02
-0.13945E+02
-0.12557E+02
-0.11548E+02
-0.10254E+02
-0.89947E+01
-0.77662E+01
-0.65634E+01
-0.53817E+01
-0.39971E+01
-0.27782E+01
-0.10461E+01
 0.68239E+00
 0.24094E+01
-0.27884E+01
-0.42552E+01
-0.52056E+01
-0.66694E+01
-0.77390E+01
-0.84533E+01
-0.95013E+01
-0.10538E+02
-0.11234E+02
-0.12251E+02
-0.13255E+02
-0.13928E+02
-0.14911E+02
-0.15581E+02
-0.16550E+02
-0.17504E+02
-0.18142E+02
-0.19070E+02
-0.19982E+02
-0.20591E+02
-0.21478E+02
-0.22351E+02
-0.22930E+02
-0.23778E+02
-0.24613E+02
-0.25164E+02
-0.25975E+02
-0.26773E+02
-0.27296E+02
-0.28072E+02
-0.28834E+02
-0.29331E+02
-0.30072E+02
-0.30799E+02
-0.31272E+02
-0.31979E+02
-0.32673E+02
-0.33122E+02
-0.33796E+02
-0.34230E+02
-0.34885E+02
-0.35529E+02
-0.35940E+02
-0.36564E+02
-0.37178E+02
-0.37567E+02
-0.38162E+02
-0.38747E+02
-0.39115E+02
-0.39682E+02
-0.68194E+02
-0.65998E+02
-0.63873E+02
-0.61815E+02
-0.60017E+02
-0.58085E+02
-0.56209E+02
-0.54386E+02
-0.52612E+02
-0.50886E+02
-0.49204E+02
-0.47787E+02
-0.46189E+02
-0.44628E+02
-0.43101E+02
-0.41607E+02
-0.40142E+02
-0.38707E+02
-0.37547E+02
-0.36166E+02
-0.34808E+02
-0.33472E+02
-0.32155E+02
-0.30858E+02
-0.29578E+02
-0.28589E+02
-0.27342E+02
-0.26109E+02
-0.24889E+02
-0.23680E+02
-0.22482E+02
-0.21292E+02
-0.20413E+02
-0.19243E+02
-0.18079E+02
-0.16921E+02
-0.15410E+02
-0.13964E+02
-0.12575E+02
-0.11565E+02
-0.10270E+02
-0.90092E+01
-0.77792E+01
-0.65749E+01
-0.53916E+01
-0.39971E+01
-0.27782E+01
-0.10461E+01
 0.68239E+00
 0.24094E+01
-0.27884E+01
-0.42552E+01
-0.52056E+01
-0.66686E+01
-0.77309E+01
-0.84438E+01
-0.94905E+01
-0.10526E+02
-0.11221E+02
-0.12237E+02
-0.13240E+02
-0.13913E+02
-0.14894E+02
-0.15563E+02
-0.16532E+02
-0.17485E+02
-0.18123E+02
-0.19050E+02
-0.19962E+02
-0.20570E+02
-0.21457E+02
-0.22330E+02
-0.22909E+02
-0.23757E+02
-0.24591E+02
-0.25142E+02
-0.25954E+02
-0.26751E+02
-0.27275E+02
-0.28050E+02
-0.28813E+02
-0.29311E+02
-0.30051E+02
-0.30779E+02
-0.31252E+02
-0.31959E+02
-0.32654E+02
-0.33103E+02
-0.33778E+02
-0.34213E+02
-0.34868E+02
-0.35512E+02
-0.35924E+02
-0.36549E+02
-0.37164E+02
-0.37553E+02
-0.38150E+02
-0.38735E+02
-0.39104E+02
-0.39672E+02
-0.68187E+02
-0.65994E+02
-0.63872E+02
-0.61817E+02
-0.60022E+02
-0.58092E+02
-0.56218E+02
-0.54397E+02
-0.52626E+02
-0.50902E+02
-0.49221E+02
-0.47806E+02
-0.46209E+02
-0.44648E+02
-0.43123E+02
-0.41629E+02
-0.40166E+02
-0.38731E+02
-0.37572E+02
-0.36191E+02
-0.34833E+02
-0.33498E+02
-0.32182E+02
-0.30884E+02
-0.29604E+02
-0.28615E+02
-0.27368E+02
-0.26135E+02
-0.24915E+02
-0.23705E+02
-0.22506E+02
-0.21316E+02
-0.20437E+02
-0.19266E+02
-0.18101E+02
-0.16942E+02
-0.15430E+02
-0.13984E+02
-0.12593E+02
-0.11582E+02
-0.10285E+02
-0.90234E+01
-0.77919E+01
-0.65861E+01
-0.54013E+01
-0.39971E+01
-0.27782E+01
-0.10461E+01
 0.68239E+00
 0.24094E+01
-0.27884E+01
-0.42552E+01
-0.52056E+01
-0.66623E+01
-0.77232E+01
-0.84348E+01
-0.94804E+01
-0.10514E+02
-0.11208E+02
-0.12223E+02
-0.13225E+02
-0.13897E+02
-0.14878E+02
-0.15547E+02
-0.16515E+02
-0.17467E+02
-0.18104E+02
-0.19031E+02
-0.19943E+02
-0.20550E+02
-0.21437E+02
-0.22309E+02
-0.22888E+02
-0.23736E+02
-0.24571E+02
-0.25122E+02
-0.25933E+02
-0.26730E+02
-0.27254E+02
-0.28030E+02
-0.28792E+02
-0.29290E+02
-0.30031E+02
-0.30760E+02
-0.31233E+02
-0.31941E+02
-0.32636E+02
-0.33085E+02
-0.33761E+02
-0.34196E+02
-0.34852E+02
-0.35497E+02
-0.35909E+02
-0.36535E+02
-0.37150E+02
-0.37541E+02
-0.38137E+02
-0.38724E+02
-0.39093E+02
-0.39662E+02
-0.68181E+02
-0.65991E+02
-0.63872E+02
-0.61819E+02
-0.60027E+02
-0.58099E+02
-0.56228E+02
-0.54409E+02
-0.52639E+02
-0.50917E+02
-0.49238E+02
-0.47823E+02
-0.46228E+02
-0.44669E+02
-0.43144E+02
-0.41651E+02
-0.40189E+02
-0.38755E+02
-0.37596E+02
-0.36216E+02
-0.34858E+02
-0.33523E+02
-0.32207E+02
-0.30910E+02
-0.29630E+02
-0.28640E+02
-0.27394E+02
-0.26160E+02
-0.24939E+02
-0.23730E+02
-0.22530E+02
-0.21340E+02
-0.20459E+02
-0.19288E+02
-0.18122E+02
-0.16963E+02
-0.15450E+02
-0.14002E+02
-0.12611E+02
-0.11598E+02
-0.10300E+02
-0.90371E+01
-0.78043E+01
-0.65970E+01
-0.54107E+01
-0.39971E+01
-0.27782E+01
-0.10461E+01
 0.68239E+00
 0.24094E+01
-0.27884E+01
-0.42552E+01
-0.52056E+01
-0.66562E+01
-0.77158E+01
-0.84261E+01
-0.94705E+01
-0.10503E+02
-0.11196E+02
-0.12210E+02
-0.13211E+02
-0.13883E+02
-0.14863E+02
-0.15530E+02
-0.16498E+02
-0.17450E+02
-0.18087E+02
-0.19013E+02
-0.19924E+02
-0.20531E+02
-0.21418E+02
-0.22290E+02
-0.22868E+02
-0.23716E+02
-0.24551E+02
-0.25101E+02
-0.25913E+02
-0.26710E+02
-0.27234E+02
-0.28010E+02
-0.28773E+02
-0.29271E+02
-0.30012E+02
-0.30741E+02
-0.31214E+02
-0.31922E+02
-0.32618E+02
-0.33068E+02
-0.33744E+02
-0.34179E+02
-0.34836E+02
-0.35481E+02
-0.35894E+02
-0.36521E+02
-0.37137E+02
-0.37528E+02
-0.38125E+02
-0.38712E+02
-0.39083E+02
-0.39652E+02
-0.68174E+02
-0.65988E+02
-0.63871E+02
-0.61822E+02
-0.60032E+02
-0.58106E+02
-0.56237E+02
-0.54420E+02
-0.52652E+02
-0.50931E+02
-0.49254E+02
-0.47841E+02
-0.46246E+02
-0.44688E+02
-0.43164E+02
-0.41673E+02
-0.40211E+02
-0.38778E+02
-0.37619E+02
-0.36239E+02
-0.34882E+02
-0.33547E+02
-0.32232E+02
-0.30934E+02
-0.29655E+02
-0.28665E+02
-0.27418E+02
-0.26185E+02
-0.24963E+02
-0.23753E+02
-0.22553E+02
-0.21362E+02
-0.20481E+02
-0.19309E+02
-0.18143E+02
-0.16983E+02
-0.15469E+02
-0.14020E+02
-0.12628E+02
-0.11614E+02
-0.10315E+02
-0.90505E+01
-0.78164E+01
-0.66078E+01
-0.54200E+01
-0.39971E+01
-0.27782E+01
-0.10461E+01
 0.68239E+00
 0.24094E+01
-0.27884E+01
-0.42552E+01
-0.52056E+01
-0.66504E+01
-0.77088E+01
-0.84178E+01
-0.94610E+01
-0.10493E+02
-0.11185E+02
-0.12198E+02
-0.13198E+02
-0.13869E+02
-0.14848E+02
-0.15515E+02
-0.16482E+02
-0.17433E+02
-0.18069E+02
-0.18995E+02
-0.19906E+02
-0.20513E+02
-0.21399E+02
-0.22271E+02
-0.22849E+02
-0.23697E+02
-0.24531E+02
-0.25082E+02
-0.25893E+02
-0.26691E+02
-0.27215E+02
-0.27991E+02
-0.28754E+02
-0.29252E+02
-0.29994E+02
-0.30722E+02
-0.31196E+02
-0.31905E+02
-0.32601E+02
-0.33051E+02
-0.33728E+02
-0.34164E+02
-0.34821E+02
-0.35467E+02
-0.35880E+02
-0.36507E+02
-0.37124E+02
-0.37516E+02
-0.38114E+02
-0.38701E+02
-0.39073E+02
-0.39643E+02
-0.68168E+02
-0.65984E+02
-0.63871E+02
-0.61824E+02
-0.60036E+02
-0.58113E+02
-0.56245E+02
-0.54430E+02
-0.52664E+02
-0.50945E+02
-0.49269E+02
-0.47857E+02
-0.46264E+02
-0.44707E+02
-0.43184E+02
-0.41693E+02
-0.40233E+02
-0.38800E+02
-0.37642E+02
-0.36262E+02
-0.34906E+02
-0.33571E+02
-0.32256E+02
-0.30958E+02
-0.29678E+02
-0.28689E+02
-0.27442E+02
-0.26208E+02
-0.24987E+02
-0.23776E+02
-0.22576E+02
-0.21384E+02
-0.20503E+02
-0.19330E+02
-0.18163E+02
-0.17002E+02
-0.15487E+02
-0.14038E+02
-0.12644E+02
-0.11630E+02
-0.10329E+02
-0.90636E+01
-0.78282E+01
-0.66182E+01
-0.54290E+01
-0.39971E+01
-0.27782E+01
-0.10461E+01
 0.68239E+00
 0.24094E+01
-0.27884E+01
-0.42552E+01
-0.52056E+01
-0.66449E+01
-0.77020E+01
-0.84098E+01
-0.94520E+01
-0.10483E+02
-0.11174E+02
-0.12186E+02
-0.13185E+02
-0.13855E+02
-0.14833E+02
-0.15500E+02
-0.16466E+02
-0.17416E+02
-0.18053E+02
-0.18978E+02
-0.19888E+02
-0.20495E+02
-0.21381E+02
-0.22252E+02
-0.22830E+02
-0.23678E+02
-0.24512E+02
-0.25063E+02
-0.25874E+02
-0.26672E+02
-0.27196E+02
-0.27972E+02
-0.28735E+02
-0.29234E+02
-0.29976E+02
-0.30705E+02
-0.31179E+02
-0.31888E+02
-0.32584E+02
-0.33035E+02
-0.33712E+02
-0.34148E+02
-0.34806E+02
-0.35452E+02
-0.35866E+02
-0.36494E+02
-0.37111E+02
-0.37503E+02
-0.38102E+02
-0.38691E+02
-0.39063E+02
-0.39634E+02
-0.68162E+02
-0.65981E+02
-0.63870E+02
-0.61826E+02
-0.60040E+02
-0.58119E+02
-0.56254E+02
-0.54440E+02
-0.52676E+02
-0.50958E+02
-0.49284E+02
-0.47873E+02
-0.46281E+02
-0.44725E+02
-0.43203E+02
-0.41714E+02
-0.40253E+02
-0.38821E+02
-0.37663E+02
-0.36285E+02
-0.34929E+02
-0.33594E+02
-0.32279E+02
-0.30982E+02
-0.29702E+02
-0.28712E+02
-0.27465E+02
-0.26231E+02
-0.25009E+02
-0.23798E+02
-0.22598E+02
-0.21406E+02
-0.20524E+02
-0.19350E+02
-0.18183E+02
-0.17021E+02
-0.15505E+02
-0.14055E+02
-0.12660E+02
-0.11645E+02
-0.10343E+02
-0.90763E+01
-0.78399E+01
-0.66284E+01
-0.54380E+01
-0.39971E+01
-0.27782E+01
-0.10461E+01
 0.68239E+00
 0.24094E+01
-0.27884E+01
-0.42552E+01
-0.52056E+01
-0.66396E+01
-0.76954E+01
-0.84022E+01
-0.94432E+01
-0.10473E+02
-0.11163E+02
-0.12174E+02
-0.13173E+02
-0.13842E+02
-0.14819E+02
-0.15485E+02
-0.16451E+02
-0.17401E+02
-0.18036E+02
-0.18961E+02
-0.19871E+02
-0.20477E+02
-0.21363E+02
-0.22234E+02
-0.22812E+02
-0.23660E+02
-0.24494E+02
-0.25045E+02
-0.25856E+02
-0.26654E+02
-0.27178E+02
-0.27954E+02
-0.28717E+02
-0.29216E+02
-0.29958E+02
-0.30687E+02
-0.31162E+02
-0.31871E+02
-0.32568E+02
-0.33019E+02
-0.33696E+02
-0.34133E+02
-0.34791E+02
-0.35438E+02
-0.35853E+02
-0.36481E+02
-0.37099E+02
-0.37492E+02
-0.38091E+02
-0.38680E+02
-0.39053E+02
-0.39625E+02
-0.68156E+02
-0.65978E+02
-0.63870E+02
-0.61827E+02
-0.60044E+02
-0.58125E+02
-0.56262E+02
-0.54450E+02
-0.52688E+02
-0.50971E+02
-0.49298E+02
-0.47889E+02
-0.46298E+02
-0.44743E+02
-0.43222E+02
-0.41733E+02
-0.40273E+02
-0.38842E+02
-0.37685E+02
-0.36306E+02
-0.34951E+02
-0.33616E+02
-0.32301E+02
-0.31004E+02
-0.29724E+02
-0.28734E+02
-0.27487E+02
-0.26253E+02
-0.25031E+02
-0.23820E+02
-0.22619E+02
-0.21427E+02
-0.20544E+02
-0.19370E+02
-0.18202E+02
-0.17039E+02
-0.15523E+02
-0.14071E+02
-0.12676E+02
-0.11659E+02
-0.10356E+02
-0.90888E+01
-0.78511E+01
-0.66385E+01
-0.54466E+01
-0.39971E+01
-0.27782E+01
-0.10461E+01
 0.68239E+00
 0.24094E+01
-0.27884E+01
-0.42552E+01
-0.52056E+01
-0.66346E+01
-0.76892E+01
-0.83948E+01
-0.94347E+01
-0.10463E+02
-0.11153E+02
-0.12163E+02
-0.13161E+02
-0.13829E+02
-0.14806E+02
-0.15471E+02
-0.16436E+02
-0.17385E+02
-0.18021E+02
-0.18945E+02
-0.19855E+02
-0.20460E+02
-0.21346E+02
-0.22217E+02
-0.22795E+02
-0.23642E+02
-0.24476E+02
-0.25027E+02
-0.25838E+02
-0.26636E+02
-0.27160E+02
-0.27936E+02
-0.28700E+02
-0.29199E+02
-0.29941E+02
-0.30671E+02
-0.31145E+02
-0.31855E+02
-0.32552E+02
-0.33004E+02
-0.33681E+02
-0.34118E+02
-0.34777E+02
-0.35425E+02
-0.35840E+02
-0.36468E+02
-0.37087E+02
-0.37480E+02
-0.38081E+02
-0.38670E+02
-0.39043E+02
-0.39616E+02
-0.68150E+02
-0.65975E+02
-0.63869E+02
-0.61829E+02
-0.60048E+02
-0.58131E+02
-0.56270E+02
-0.54460E+02
-0.52699E+02
-0.50984E+02
-0.49312E+02
-0.47904E+02
-0.46314E+02
-0.44760E+02
-0.43240E+02
-0.41752E+02
-0.40293E+02
-0.38862E+02
-0.37705E+02
-0.36327E+02
-0.34972E+02
-0.33638E+02
-0.32323E+02
-0.31026E+02
-0.29746E+02
-0.28756E+02
-0.27509E+02
-0.26275E+02
-0.25052E+02
-0.23841E+02
-0.22639E+02
-0.21447E+02
-0.20563E+02
-0.19389E+02
-0.18220E+02
-0.17057E+02
-0.15540E+02
-0.14088E+02
-0.12691E+02
-0.11674E+02
-0.10370E+02
-0.91009E+01
-0.78621E+01
-0.66482E+01
-0.54551E+01
-0.39971E+01
-0.27782E+01
-0.10461E+01
 0.68239E+00
 0.24094E+01
-0.27884E+01
-0.42552E+01
-0.52056E+01
-0.66296E+01
-0.76832E+01
-0.83877E+01
-0.94267E+01
-0.10454E+02
-0.11143E+02
-0.12152E+02
-0.13149E+02
-0.13816E+02
-0.14793E+02
-0.15457E+02
-0.16422E+02
-0.17371E+02
-0.18005E+02
-0.18929E+02
-0.19839E+02
-0.20444E+02
-0.21329E+02
-0.22200E+02
-0.22778E+02
-0.23625E+02
-0.24459E+02
-0.25010E+02
-0.25821E+02
-0.26619E+02
-0.27143E+02
-0.27919E+02
-0.28683E+02
-0.29182E+02
-0.29924E+02
-0.30654E+02
-0.31129E+02
-0.31839E+02
-0.32537E+02
-0.32988E+02
-0.33667E+02
-0.34104E+02
-0.34763E+02
-0.35411E+02
-0.35827E+02
-0.36456E+02
-0.37075E+02
-0.37469E+02
-0.38070E+02
-0.38660E+02
-0.39034E+02
-0.39607E+02
-0.68144E+02
-0.65971E+02
-0.63868E+02
-0.61831E+02
-0.60052E+02
-0.58137E+02
-0.56277E+02
-0.54469E+02
-0.52709E+02
-0.50996E+02
-0.49325E+02
-0.47918E+02
-0.46330E+02
-0.44777E+02
-0.43258E+02
-0.41770E+02
-0.40312E+02
-0.38881E+02
-0.37725E+02
-0.36348E+02
-0.34993E+02
-0.33659E+02
-0.32344E+02
-0.31047E+02
-0.29768E+02
-0.28777E+02
-0.27530E+02
-0.26296E+02
-0.25073E+02
-0.23861E+02
-0.22660E+02
-0.21466E+02
-0.20583E+02
-0.19407E+02
-0.18238E+02
-0.17074E+02
-0.15556E+02
-0.14103E+02
-0.12706E+02
-0.11687E+02
-0.10383E+02
-0.91128E+01
-0.78728E+01
-0.66577E+01
-0.54633E+01
-0.39971E+01
-0.27782E+01
-0.10461E+01
 0.68239E+00
 0.24094E+01
-0.27884E+01
-0.42552E+01
-0.52056E+01
-0.66250E+01
-0.76774E+01
-0.83809E+01
-0.94188E+01
-0.10446E+02
-0.11133E+02
-0.12141E+02
-0.13138E+02
-0.13804E+02
-0.14780E+02
-0.15444E+02
-0.16408E+02
-0.17356E+02
-0.17991E+02
-0.18914E+02
-0.19823E+02
-0.20428E+02
-0.21313E+02
-0.22184E+02
-0.22761E+02
-0.23609E+02
-0.24442E+02
-0.24993E+02
-0.25804E+02
-0.26602E+02
-0.27126E+02
-0.27903E+02
-0.28666E+02
-0.29166E+02
-0.29908E+02
-0.30638E+02
-0.31114E+02
-0.31824E+02
-0.32522E+02
-0.32974E+02
-0.33652E+02
-0.34090E+02
-0.34750E+02
-0.35398E+02
-0.35814E+02
-0.36444E+02
-0.37063E+02
-0.37458E+02
-0.38060E+02
-0.38650E+02
-0.39025E+02
-0.39599E+02
-0.68138E+02
-0.65968E+02
-0.63868E+02
-0.61832E+02
-0.60055E+02
-0.58142E+02
-0.56284E+02
-0.54478E+02
-0.52720E+02
-0.51008E+02
-0.49338E+02
-0.47932E+02
-0.46345E+02
-0.44793E+02
-0.43275E+02
-0.41788E+02
-0.40330E+02
-0.38900E+02
-0.37745E+02
-0.36368E+02
-0.35013E+02
-0.33679E+02
-0.32365E+02
-0.31068E+02
-0.29788E+02
-0.28798E+02
-0.27551E+02
-0.26316E+02
-0.25093E+02
-0.23881E+02
-0.22679E+02
-0.21485E+02
-0.20601E+02
-0.19425E+02
-0.18256E+02
-0.17091E+02
-0.15573E+02
-0.14119E+02
-0.12721E+02
-0.11701E+02
-0.10395E+02
-0.91243E+01
-0.78832E+01
-0.66671E+01
-0.54715E+01
-0.39971E+01
-0.27782E+01
-0.10461E+01
 0.68239E+00
 0.24094E+01
-0.27884E+01
-0.42552E+01
-0.52056E+01
-0.66205E+01
-0.76718E+01
-0.83743E+01
-0.94112E+01
-0.10437E+02
-0.11124E+02
-0.12131E+02
-0.13127E+02
-0.13793E+02
-0.14768E+02
-0.15431E+02
-0.16395E+02
-0.17343E+02
-0.17976E+02
-0.18900E+02
-0.19808E+02
-0.20413E+02
-0.21297E+02
-0.22168E+02
-0.22745E+02
-0.23592E+02
-0.24426E+02
-0.24976E+02
-0.25788E+02
-0.26586E+02
-0.27110E+02
-0.27887E+02
-0.28650E+02
-0.29150E+02
-0.29893E+02
-0.30623E+02
-0.31099E+02
-0.31809E+02
-0.32507E+02
-0.32960E+02
-0.33639E+02
-0.34077E+02
-0.34737E+02
-0.35386E+02
-0.35802E+02
-0.36433E+02
-0.37052E+02
-0.37448E+02
-0.38050E+02
-0.38641E+02
-0.39016E+02
-0.39591E+02
-0.68132E+02
-0.65965E+02
-0.63867E+02
-0.61833E+02
-0.60059E+02
-0.58148E+02
-0.56291E+02
-0.54486E+02
-0.52730E+02
-0.51019E+02
-0.49351E+02
-0.47946E+02
-0.46360E+02
-0.44808E+02
-0.43291E+02
-0.41805E+02
-0.40348E+02
-0.38919E+02
-0.37763E+02
-0.36387E+02
-0.35032E+02
-0.33699E+02
-0.32385E+02
-0.31088E+02
-0.29808E+02
-0.28818E+02
-0.27571E+02
-0.26336E+02
-0.25113E+02
-0.23901E+02
-0.22698E+02
-0.21504E+02
-0.20619E+02
-0.19443E+02
-0.18273E+02
-0.17108E+02
-0.15588E+02
-0.14134E+02
-0.12735E+02
-0.11714E+02
-0.10408E+02
-0.91357E+01
-0.78935E+01
-0.66762E+01
-0.54794E+01
-0.39971E+01
-0.27782E+01
-0.10461E+01
 0.68239E+00
 0.24094E+01
-0.27884E+01
-0.42552E+01
-0.52056E+01
-0.66161E+01
-0.76664E+01
-0.83679E+01
-0.94039E+01
-0.10429E+02
-0.11115E+02
-0.12122E+02
-0.13116E+02
-0.13782E+02
-0.14756E+02
-0.15419E+02
-0.16382E+02
-0.17329E+02
-0.17962E+02
-0.18885E+02
-0.19793E+02
-0.20398E+02
-0.21282E+02
-0.22153E+02
-0.22730E+02
-0.23577E+02
-0.24410E+02
-0.24961E+02
-0.25772E+02
-0.26570E+02
-0.27094E+02
-0.27871E+02
-0.28635E+02
-0.29134E+02
-0.29877E+02
-0.30608E+02
-0.31084E+02
-0.31794E+02
-0.32493E+02
-0.32946E+02
-0.33625E+02
-0.34064E+02
-0.34724E+02
-0.35373E+02
-0.35790E+02
-0.36421E+02
-0.37041E+02
-0.37437E+02
-0.38040E+02
-0.38632E+02
-0.39008E+02
-0.39583E+02
-0.68127E+02
-0.65962E+02
-0.63866E+02
-0.61835E+02
-0.60062E+02
-0.58153E+02
-0.56298E+02
-0.54495E+02
-0.52739E+02
-0.51030E+02
-0.49363E+02
-0.47959E+02
-0.46374E+02
-0.44824E+02
-0.43307E+02
-0.41822E+02
-0.40365E+02
-0.38937E+02
-0.37782E+02
-0.36406E+02
-0.35051E+02
-0.33718E+02
-0.32404E+02
-0.31108E+02
-0.29828E+02
-0.28838E+02
-0.27590E+02
-0.26355E+02
-0.25132E+02
-0.23919E+02
-0.22716E+02
-0.21522E+02
-0.20637E+02
-0.19460E+02
-0.18289E+02
-0.17124E+02
-0.15604E+02
-0.14148E+02
-0.12748E+02
-0.11727E+02
-0.10420E+02
-0.91467E+01
-0.79034E+01
-0.66850E+01
-0.54872E+01
-0.39971E+01
-0.27782E+01
-0.10461E+01
 0.68239E+00
 0.24094E+01
-0.27884E+01
-0.42552E+01
-0.52056E+01
-0.66120E+01
-0.76613E+01
-0.83617E+01
-0.93968E+01
-0.10421E+02
-0.11106E+02
-0.12112E+02
-0.13106E+02
-0.13771E+02
-0.14745E+02
-0.15407E+02
-0.16369E+02
-0.17316E+02
-0.17949E+02
-0.18871E+02
-0.19779E+02
-0.20384E+02
-0.21268E+02
-0.22138E+02
-0.22714E+02
-0.23561E+02
-0.24395E+02
-0.24945E+02
-0.25756E+02
-0.26554E+02
-0.27079E+02
-0.27856E+02
-0.28619E+02
-0.29119E+02
-0.29862E+02
-0.30593E+02
-0.31069E+02
-0.31780E+02
-0.32479E+02
-0.32932E+02
-0.33612E+02
-0.34051E+02
-0.34712E+02
-0.35361E+02
-0.35779E+02
-0.36410E+02
-0.37031E+02
-0.37427E+02
-0.38030E+02
-0.38623E+02
-0.38999E+02
-0.39575E+02
-0.68122E+02
-0.65959E+02
-0.63865E+02
-0.61836E+02
-0.60065E+02
-0.58158E+02
-0.56304E+02
-0.54503E+02
-0.52749E+02
-0.51040E+02
-0.49375E+02
-0.47972E+02
-0.46388E+02
-0.44838E+02
-0.43322E+02
-0.41838E+02
-0.40382E+02
-0.38954E+02
-0.37800E+02
-0.36424E+02
-0.35070E+02
-0.33737E+02
-0.32423E+02
-0.31127E+02
-0.29847E+02
-0.28857E+02
-0.27609E+02
-0.26374E+02
-0.25151E+02
-0.23938E+02
-0.22735E+02
-0.21540E+02
-0.20654E+02
-0.19477E+02
-0.18305E+02
-0.17139E+02
-0.15619E+02
-0.14163E+02
-0.12762E+02
-0.11740E+02
-0.10431E+02
-0.91574E+01
-0.79132E+01
-0.66938E+01
-0.54947E+01
-0.39971E+01
-0.27782E+01
-0.10461E+01
 0.68239E+00
 0.24094E+01
-0.27884E+01
-0.42552E+01
-0.52056E+01
-0.66080E+01
-0.76562E+01
-0.83557E+01
-0.93899E+01
-0.10413E+02
-0.11097E+02
-0.12103E+02
-0.13096E+02
-0.13760E+02
-0.14733E+02
-0.15395E+02
-0.16357E+02
-0.17303E+02
-0.17936E+02
-0.18858E+02
-0.19765E+02
-0.20369E+02
-0.21253E+02
-0.22123E+02
-0.22700E+02
-0.23547E+02
-0.24380E+02
-0.24930E+02
-0.25741E+02
-0.26539E+02
-0.27064E+02
-0.27841E+02
-0.28605E+02
-0.29105E+02
-0.29848E+02
-0.30579E+02
-0.31055E+02
-0.31766E+02
-0.32466E+02
-0.32919E+02
-0.33599E+02
-0.34038E+02
-0.34700E+02
-0.35350E+02
-0.35768E+02
-0.36399E+02
-0.37020E+02
-0.37417E+02
-0.38021E+02
-0.38614E+02
-0.38991E+02
-0.39567E+02
-0.68116E+02
-0.65956E+02
-0.63864E+02
-0.61837E+02
-0.60068E+02
-0.58162E+02
-0.56311E+02
-0.54510E+02
-0.52758E+02
-0.51051E+02
-0.49386E+02
-0.47985E+02
-0.46401E+02
-0.44853E+02
-0.43338E+02
-0.41854E+02
-0.40399E+02
-0.38971E+02
-0.37817E+02
-0.36441E+02
-0.35088E+02
-0.33755E+02
-0.32441E+02
-0.31145E+02
-0.29865E+02
-0.28875E+02
-0.27627E+02
-0.26392E+02
-0.25169E+02
-0.23956E+02
-0.22752E+02
-0.21557E+02
-0.20671E+02
-0.19493E+02
-0.18321E+02
-0.17154E+02
-0.15633E+02
-0.14176E+02
-0.12775E+02
-0.11752E+02
-0.10443E+02
-0.91679E+01
-0.79227E+01
-0.67022E+01
-0.55022E+01
-0.39971E+01
-0.27782E+01
-0.10461E+01
 0.68239E+00
 0.24094E+01
-0.27884E+01
-0.42552E+01
-0.52056E+01
-0.66042E+01
-0.76514E+01
-0.83500E+01
-0.93833E+01
-0.10406E+02
-0.11089E+02
-0.12094E+02
-0.13086E+02
-0.13750E+02
-0.14723E+02
-0.15384E+02
-0.16345E+02
-0.17291E+02
-0.17923E+02
-0.18845E+02
-0.19752E+02
-0.20356E+02
 0.00000E+00
