 fluxSubl
 0.00000E+00
 0.00000E+00
 0.00000E+00
 0.00000E+00
 0.00000E+00
 0.00000E+00
 0.00000E+00
 0.00000E+00
 0.00000E+00
 0.00000E+00
 0.00000E+00
 0.00000E+00
 0.00000E+00
 0.00000E+00
 0.00000E+00
 0.00000E+00
 0.00000E+00
 0.00000E+00
 0.00000E+00
 0.00000E+00
 0.00000E+00
 0.00000E+00
 0.00000E+00
 0.00000E+00
 0.00000E+00
 0.00000E+00
 0.00000E+00
 0.00000E+00
 0.00000E+00
 0.00000E+00
 0.00000E+00
 0.00000E+00
 0.00000E+00
 0.00000E+00
 0.00000E+00
 0.00000E+00
 0.00000E+00
 0.00000E+00
 0.00000E+00
 0.00000E+00
 0.00000E+00
 0.00000E+00
 0.00000E+00
 0.00000E+00
 0.00000E+00
 0.00000E+00
 0.00000E+00
 0.00000E+00
 0.00000E+00
 0.00000E+00
 0.00000E+00
 0.00000E+00
 0.00000E+00
 0.00000E+00
 0.00000E+00
 0.00000E+00
 0.00000E+00
 0.00000E+00
 0.00000E+00
 0.00000E+00
 0.00000E+00
 0.00000E+00
 0.00000E+00
 0.00000E+00
 0.00000E+00
 0.00000E+00
 0.00000E+00
 0.00000E+00
 0.00000E+00
 0.00000E+00
 0.00000E+00
 0.00000E+00
 0.00000E+00
 0.00000E+00
 0.00000E+00
 0.00000E+00
 0.00000E+00
 0.00000E+00
 0.00000E+00
 0.00000E+00
 0.00000E+00
 0.00000E+00
 0.00000E+00
 0.00000E+00
 0.00000E+00
 0.00000E+00
 0.00000E+00
 0.00000E+00
 0.00000E+00
 0.00000E+00
 0.00000E+00
 0.00000E+00
 0.00000E+00
 0.00000E+00
 0.00000E+00
 0.00000E+00
 0.00000E+00
 0.00000E+00
 0.00000E+00
 0.00000E+00
 0.23930E-08
 0.13520E-08
 0.74237E-09
 0.35164E-09
 0.11187E-09
 0.00000E+00
 0.00000E+00
 0.00000E+00
 0.00000E+00
 0.00000E+00
 0.37420E-10
 0.14789E-09
 0.24383E-09
 0.37582E-09
 0.48836E-09
 0.61171E-09
 0.76602E-09
 0.89560E-09
 0.10331E-08
 0.11992E-08
 0.13375E-08
 0.14826E-08
 0.16554E-08
 0.17982E-08
 0.19478E-08
 0.21249E-08
 0.22705E-08
 0.24231E-08
 0.26037E-08
 0.27513E-08
 0.29064E-08
 0.30904E-08
 0.32397E-08
 0.33975E-08
 0.35850E-08
 0.37363E-08
 0.38970E-08
 0.40886E-08
 0.40079E-08
 0.38457E-08
 0.35983E-08
 0.33460E-08
 0.31749E-08
 0.29141E-08
 0.26480E-08
 0.24676E-08
 0.21926E-08
 0.19121E-08
 0.17220E-08
 0.14321E-08
 0.14321E-08
 0.17220E-08
 0.19121E-08
 0.21926E-08
 0.24676E-08
 0.26480E-08
 0.29141E-08
 0.31749E-08
 0.33460E-08
 0.35983E-08
 0.38457E-08
 0.40079E-08
 0.42472E-08
 0.44042E-08
 0.46356E-08
 0.48626E-08
 0.50114E-08
 0.52308E-08
 0.54460E-08
 0.55871E-08
 0.57952E-08
 0.59991E-08
 0.61329E-08
 0.63302E-08
 0.65235E-08
 0.66503E-08
 0.68373E-08
 0.70206E-08
 0.44954E-08
 0.43941E-08
 0.42929E-08
 0.41818E-08
 0.41020E-08
 0.40156E-08
 0.39159E-08
 0.38434E-08
 0.37636E-08
 0.36708E-08
 0.36030E-08
 0.35189E-08
 0.34564E-08
 0.33862E-08
 0.33036E-08
 0.32427E-08
 0.31755E-08
 0.30973E-08
 0.30395E-08
 0.29762E-08
 0.29027E-08
 0.28482E-08
 0.22378E-08
 0.15519E-08
 0.10801E-08
 0.72792E-09
 0.47494E-09
 0.31473E-09
 0.18895E-09
 0.10863E-09
 0.86113E-10
 0.68729E-10
 0.77342E-10
 0.13025E-09
 0.17505E-09
 0.25946E-09
 0.33071E-09
 0.41558E-09
 0.53544E-09
 0.63660E-09
 0.74779E-09
 0.89112E-09
 0.10120E-08
 0.11406E-08
 0.12996E-08
 0.14334E-08
 0.15736E-08
 0.17432E-08
 0.18854E-08
 0.20333E-08
 0.22103E-08
 0.23581E-08
 0.25114E-08
 0.26938E-08
 0.28456E-08
 0.30030E-08
 0.31899E-08
 0.33448E-08
 0.35058E-08
 0.36969E-08
 0.38547E-08
 0.38457E-08
 0.35983E-08
 0.33460E-08
 0.31749E-08
 0.29141E-08
 0.26480E-08
 0.24676E-08
 0.21926E-08
 0.19121E-08
 0.17220E-08
 0.14321E-08
 0.14321E-08
 0.17220E-08
 0.19121E-08
 0.21926E-08
 0.24676E-08
 0.26480E-08
 0.29141E-08
 0.31749E-08
 0.33460E-08
 0.35983E-08
 0.38457E-08
 0.40079E-08
 0.42472E-08
 0.44042E-08
 0.46356E-08
 0.48626E-08
 0.50114E-08
 0.52308E-08
 0.54460E-08
 0.55871E-08
 0.57952E-08
 0.59991E-08
 0.61329E-08
 0.63302E-08
 0.65235E-08
 0.66503E-08
 0.68373E-08
 0.70206E-08
 0.71408E-08
 0.73181E-08
 0.74919E-08
 0.76058E-08
 0.77739E-08
 0.79386E-08
 0.40776E-08
 0.40105E-08
 0.39376E-08
 0.38520E-08
 0.37825E-08
 0.37005E-08
 0.36338E-08
 0.35636E-08
 0.34830E-08
 0.34175E-08
 0.33493E-08
 0.32721E-08
 0.32093E-08
 0.31443E-08
 0.30712E-08
 0.30115E-08
 0.24738E-08
 0.19167E-08
 0.14996E-08
 0.11629E-08
 0.89995E-09
 0.71276E-09
 0.55295E-09
 0.43222E-09
 0.36427E-09
 0.30146E-09
 0.26309E-09
 0.26782E-09
 0.26649E-09
 0.30480E-09
 0.33252E-09
 0.37456E-09
 0.45299E-09
 0.51579E-09
 0.58984E-09
 0.69825E-09
 0.78739E-09
 0.88570E-09
 0.10170E-08
 0.11261E-08
 0.12429E-08
 0.13917E-08
 0.15161E-08
 0.16470E-08
 0.18093E-08
 0.19452E-08
 0.20869E-08
 0.22596E-08
 0.24042E-08
 0.25542E-08
 0.27353E-08
 0.28866E-08
 0.30433E-08
 0.32312E-08
 0.33880E-08
 0.35768E-08
 0.35983E-08
 0.33460E-08
 0.31749E-08
 0.29141E-08
 0.26480E-08
 0.24676E-08
 0.21926E-08
 0.19121E-08
 0.17220E-08
 0.14321E-08
 0.14321E-08
 0.17220E-08
 0.19121E-08
 0.21926E-08
 0.24676E-08
 0.26480E-08
 0.29141E-08
 0.31749E-08
 0.33460E-08
 0.35983E-08
 0.38457E-08
 0.40079E-08
 0.42472E-08
 0.44042E-08
 0.46356E-08
 0.48626E-08
 0.50114E-08
 0.52308E-08
 0.54460E-08
 0.55871E-08
 0.57952E-08
 0.59991E-08
 0.61329E-08
 0.63302E-08
 0.65235E-08
 0.66503E-08
 0.68373E-08
 0.70206E-08
 0.71408E-08
 0.73181E-08
 0.74919E-08
 0.76058E-08
 0.77739E-08
 0.79386E-08
 0.80466E-08
 0.82059E-08
 0.83620E-08
 0.84644E-08
 0.45784E-08
 0.43946E-08
 0.42400E-08
 0.40986E-08
 0.39617E-08
 0.38460E-08
 0.37371E-08
 0.36278E-08
 0.35350E-08
 0.34457E-08
 0.33536E-08
 0.32752E-08
 0.27501E-08
 0.22761E-08
 0.19015E-08
 0.15837E-08
 0.13224E-08
 0.11234E-08
 0.94566E-09
 0.80098E-09
 0.70338E-09
 0.60977E-09
 0.53805E-09
 0.50663E-09
 0.46959E-09
 0.47041E-09
 0.46150E-09
 0.46625E-09
 0.50678E-09
 0.53296E-09
 0.57031E-09
 0.64233E-09
 0.69661E-09
 0.76037E-09
 0.85816E-09
 0.93551E-09
 0.10211E-08
 0.11403E-08
 0.12368E-08
 0.13406E-08
 0.14778E-08
 0.15903E-08
 0.17093E-08
 0.18616E-08
 0.19874E-08
 0.21191E-08
 0.22842E-08
 0.24211E-08
 0.25636E-08
 0.27395E-08
 0.28858E-08
 0.30658E-08
 0.32237E-08
 0.33460E-08
 0.31749E-08
 0.29141E-08
 0.26480E-08
 0.24676E-08
 0.21926E-08
 0.19121E-08
 0.17220E-08
 0.14321E-08
 0.14321E-08
 0.17220E-08
 0.19121E-08
 0.21926E-08
 0.24676E-08
 0.26480E-08
 0.29141E-08
 0.31749E-08
 0.33460E-08
 0.35983E-08
 0.38457E-08
 0.40079E-08
 0.42472E-08
 0.44042E-08
 0.46356E-08
 0.48626E-08
 0.50114E-08
 0.52308E-08
 0.54460E-08
 0.55871E-08
 0.57952E-08
 0.59991E-08
 0.61329E-08
 0.63302E-08
 0.65235E-08
 0.66503E-08
 0.68373E-08
 0.70206E-08
 0.71408E-08
 0.73181E-08
 0.74919E-08
 0.76058E-08
 0.77739E-08
 0.79386E-08
 0.80466E-08
 0.82059E-08
 0.83620E-08
 0.84644E-08
 0.86155E-08
 0.87145E-08
 0.49074E-08
 0.47190E-08
 0.45414E-08
 0.43854E-08
 0.42402E-08
 0.40999E-08
 0.39764E-08
 0.38596E-08
 0.37443E-08
 0.36426E-08
 0.30951E-08
 0.26719E-08
 0.23247E-08
 0.20208E-08
 0.17622E-08
 0.15561E-08
 0.13674E-08
 0.12070E-08
 0.10887E-08
 0.97344E-09
 0.87777E-09
 0.81931E-09
 0.75546E-09
 0.72713E-09
 0.68954E-09
 0.66456E-09
 0.67388E-09
 0.66950E-09
 0.67561E-09
 0.71559E-09
 0.73857E-09
 0.77066E-09
 0.83659E-09
 0.88287E-09
 0.93729E-09
 0.10257E-08
 0.10923E-08
 0.11662E-08
 0.12744E-08
 0.13588E-08
 0.14500E-08
 0.15758E-08
 0.16760E-08
 0.17825E-08
 0.19241E-08
 0.20382E-08
 0.21584E-08
 0.23140E-08
 0.24407E-08
 0.26031E-08
 0.27421E-08
 0.28920E-08
 0.30823E-08
 0.29141E-08
 0.26480E-08
 0.24676E-08
 0.21926E-08
 0.19121E-08
 0.17220E-08
 0.14321E-08
 0.14321E-08
 0.17220E-08
 0.19121E-08
 0.21926E-08
 0.24676E-08
 0.26480E-08
 0.29141E-08
 0.31749E-08
 0.33460E-08
 0.35983E-08
 0.38457E-08
 0.40079E-08
 0.42472E-08
 0.44042E-08
 0.46356E-08
 0.48626E-08
 0.50114E-08
 0.52308E-08
 0.54460E-08
 0.55871E-08
 0.57952E-08
 0.59991E-08
 0.61329E-08
 0.63302E-08
 0.65235E-08
 0.66503E-08
 0.68373E-08
 0.70206E-08
 0.71408E-08
 0.73181E-08
 0.74919E-08
 0.76058E-08
 0.77739E-08
 0.79386E-08
 0.80466E-08
 0.82059E-08
 0.83620E-08
 0.84644E-08
 0.86155E-08
 0.87145E-08
 0.49706E-08
 0.48185E-08
 0.46705E-08
 0.45371E-08
 0.44098E-08
 0.42842E-08
 0.41708E-08
 0.40618E-08
 0.39529E-08
 0.38545E-08
 0.33383E-08
 0.29608E-08
 0.26431E-08
 0.23588E-08
 0.21111E-08
 0.19079E-08
 0.17185E-08
 0.15531E-08
 0.14252E-08
 0.12993E-08
 0.11905E-08
 0.11159E-08
 0.10357E-08
 0.98848E-09
 0.93213E-09
 0.88716E-09
 0.87465E-09
 0.84872E-09
 0.83236E-09
 0.84854E-09
 0.84804E-09
 0.85593E-09
 0.89681E-09
 0.91836E-09
 0.94750E-09
 0.10102E-08
 0.10514E-08
 0.10996E-08
 0.11821E-08
 0.12410E-08
 0.13066E-08
 0.14072E-08
 0.14824E-08
 0.15639E-08
 0.16812E-08
 0.17715E-08
 0.18677E-08
 0.20006E-08
 0.21048E-08
 0.22460E-08
 0.23626E-08
 0.24894E-08
 0.26574E-08
 0.27971E-08
 0.26480E-08
 0.24676E-08
 0.21926E-08
 0.19121E-08
 0.17220E-08
 0.14321E-08
 0.14321E-08
 0.17220E-08
 0.19121E-08
 0.21926E-08
 0.24676E-08
 0.26480E-08
 0.29141E-08
 0.31749E-08
 0.33460E-08
 0.35983E-08
 0.38457E-08
 0.40079E-08
 0.42472E-08
 0.44042E-08
 0.46356E-08
 0.48626E-08
 0.50114E-08
 0.52308E-08
 0.54460E-08
 0.55871E-08
 0.57952E-08
 0.59991E-08
 0.61329E-08
 0.63302E-08
 0.65235E-08
 0.66503E-08
 0.68373E-08
 0.70206E-08
 0.71408E-08
 0.73181E-08
 0.74919E-08
 0.76058E-08
 0.77739E-08
 0.79386E-08
 0.80466E-08
 0.82059E-08
 0.83620E-08
 0.84644E-08
 0.86155E-08
 0.50010E-08
 0.48829E-08
 0.47681E-08
 0.46525E-08
 0.45466E-08
 0.44433E-08
 0.43386E-08
 0.42427E-08
 0.41487E-08
 0.40532E-08
 0.39655E-08
 0.34967E-08
 0.31592E-08
 0.28700E-08
 0.26067E-08
 0.23734E-08
 0.21784E-08
 0.19939E-08
 0.18299E-08
 0.16994E-08
 0.15696E-08
 0.14549E-08
 0.13715E-08
 0.12821E-08
 0.12234E-08
 0.11555E-08
 0.10977E-08
 0.10706E-08
 0.10301E-08
 0.99827E-09
 0.99755E-09
 0.98028E-09
 0.97060E-09
 0.99283E-09
 0.99586E-09
 0.10058E-08
 0.10486E-08
 0.10699E-08
 0.10977E-08
 0.11593E-08
 0.11975E-08
 0.12418E-08
 0.13210E-08
 0.13748E-08
 0.14346E-08
 0.15304E-08
 0.15991E-08
 0.16736E-08
 0.17852E-08
 0.18680E-08
 0.19885E-08
 0.20835E-08
 0.21878E-08
 0.23338E-08
 0.24509E-08
 0.25756E-08
 0.24676E-08
 0.21926E-08
 0.19121E-08
 0.17220E-08
 0.14321E-08
 0.14321E-08
 0.17220E-08
 0.19121E-08
 0.21926E-08
 0.24676E-08
 0.26480E-08
 0.29141E-08
 0.31749E-08
 0.33460E-08
 0.35983E-08
 0.38457E-08
 0.40079E-08
 0.42472E-08
 0.44042E-08
 0.46356E-08
 0.48626E-08
 0.50114E-08
 0.52308E-08
 0.54460E-08
 0.55871E-08
 0.57952E-08
 0.59991E-08
 0.61329E-08
 0.63302E-08
 0.65235E-08
 0.66503E-08
 0.68373E-08
 0.70206E-08
 0.71408E-08
 0.73181E-08
 0.74919E-08
 0.76058E-08
 0.77739E-08
 0.79386E-08
 0.80466E-08
 0.82059E-08
 0.83620E-08
 0.84644E-08
 0.49478E-08
 0.48538E-08
 0.47673E-08
 0.46810E-08
 0.45908E-08
 0.45076E-08
 0.44248E-08
 0.43385E-08
 0.42588E-08
 0.41795E-08
 0.40972E-08
 0.40210E-08
 0.35998E-08
 0.32963E-08
 0.30327E-08
 0.27895E-08
 0.25713E-08
 0.23863E-08
 0.22092E-08
 0.20498E-08
 0.19205E-08
 0.17908E-08
 0.16742E-08
 0.15865E-08
 0.14924E-08
 0.14269E-08
 0.13519E-08
 0.12861E-08
 0.12492E-08
 0.11989E-08
 0.11564E-08
 0.11437E-08
 0.11144E-08
 0.10920E-08
 0.11004E-08
 0.10896E-08
 0.10851E-08
 0.11125E-08
 0.11185E-08
 0.11303E-08
 0.11754E-08
 0.11969E-08
 0.12241E-08
 0.12858E-08
 0.13220E-08
 0.13637E-08
 0.14414E-08
 0.14916E-08
 0.15473E-08
 0.16403E-08
 0.17042E-08
 0.18062E-08
 0.18817E-08
 0.19657E-08
 0.20917E-08
 0.21880E-08
 0.22915E-08
 0.24371E-08
 0.21926E-08
 0.19121E-08
 0.17220E-08
 0.14321E-08
 0.14321E-08
 0.17220E-08
 0.19121E-08
 0.21926E-08
 0.24676E-08
 0.26480E-08
 0.29141E-08
 0.31749E-08
 0.33460E-08
 0.35983E-08
 0.38457E-08
 0.40079E-08
 0.42472E-08
 0.44042E-08
 0.46356E-08
 0.48626E-08
 0.50114E-08
 0.52308E-08
 0.54460E-08
 0.55871E-08
 0.57952E-08
 0.59991E-08
 0.61329E-08
 0.63302E-08
 0.65235E-08
 0.66503E-08
 0.68373E-08
 0.70206E-08
 0.71408E-08
 0.73181E-08
 0.74919E-08
 0.76058E-08
 0.77739E-08
 0.79386E-08
 0.80466E-08
 0.82059E-08
 0.83620E-08
 0.48808E-08
 0.48160E-08
 0.47445E-08
 0.46789E-08
 0.46119E-08
 0.45393E-08
 0.44723E-08
 0.44044E-08
 0.43319E-08
 0.42646E-08
 0.41967E-08
 0.41250E-08
 0.40582E-08
 0.36774E-08
 0.34019E-08
 0.31602E-08
 0.29349E-08
 0.27305E-08
 0.25555E-08
 0.23864E-08
 0.22325E-08
 0.21060E-08
 0.19781E-08
 0.18617E-08
 0.17722E-08
 0.16758E-08
 0.16063E-08
 0.15271E-08
 0.14560E-08
 0.14124E-08
 0.13554E-08
 0.13053E-08
 0.12838E-08
 0.12457E-08
 0.12139E-08
 0.12117E-08
 0.11904E-08
 0.11748E-08
 0.11902E-08
 0.11842E-08
 0.11835E-08
 0.12153E-08
 0.12235E-08
 0.12368E-08
 0.12842E-08
 0.13059E-08
 0.13326E-08
 0.13950E-08
 0.14298E-08
 0.14696E-08
 0.15466E-08
 0.15942E-08
 0.16799E-08
 0.17384E-08
 0.18045E-08
 0.19127E-08
 0.19905E-08
 0.20750E-08
 0.22020E-08
 0.21926E-08
 0.19121E-08
 0.17220E-08
 0.14321E-08
 0.14321E-08
 0.17220E-08
 0.19121E-08
 0.21926E-08
 0.24676E-08
 0.26480E-08
 0.29141E-08
 0.31749E-08
 0.33460E-08
 0.35983E-08
 0.38457E-08
 0.40079E-08
 0.42472E-08
 0.44042E-08
 0.46356E-08
 0.48626E-08
 0.50114E-08
 0.52308E-08
 0.54460E-08
 0.55871E-08
 0.57952E-08
 0.59991E-08
 0.61329E-08
 0.63302E-08
 0.65235E-08
 0.66503E-08
 0.68373E-08
 0.70206E-08
 0.71408E-08
 0.73181E-08
 0.74919E-08
 0.76058E-08
 0.77739E-08
 0.79386E-08
 0.80466E-08
 0.82059E-08
 0.48250E-08
 0.47712E-08
 0.47228E-08
 0.46664E-08
 0.46151E-08
 0.45615E-08
 0.45014E-08
 0.44461E-08
 0.43891E-08
 0.43268E-08
 0.42690E-08
 0.42099E-08
 0.41466E-08
 0.40873E-08
 0.37401E-08
 0.34878E-08
 0.32648E-08
 0.30550E-08
 0.28631E-08
 0.26974E-08
 0.25361E-08
 0.23880E-08
 0.22650E-08
 0.21398E-08
 0.20248E-08
 0.19349E-08
 0.18377E-08
 0.17659E-08
 0.16841E-08
 0.16097E-08
 0.15614E-08
 0.14997E-08
 0.14442E-08
 0.14161E-08
 0.13715E-08
 0.13325E-08
 0.13222E-08
 0.12928E-08
 0.12685E-08
 0.12745E-08
 0.12589E-08
 0.12482E-08
 0.12693E-08
 0.12667E-08
 0.12687E-08
 0.13042E-08
 0.13140E-08
 0.13283E-08
 0.13779E-08
 0.13997E-08
 0.14260E-08
 0.14893E-08
 0.15229E-08
 0.15946E-08
 0.16383E-08
 0.16890E-08
 0.17815E-08
 0.18432E-08
 0.19109E-08
 0.20213E-08
 0.20982E-08
 0.19121E-08
 0.17220E-08
 0.14321E-08
 0.14321E-08
 0.17220E-08
 0.19121E-08
 0.21926E-08
 0.24676E-08
 0.26480E-08
 0.29141E-08
 0.31749E-08
 0.33460E-08
 0.35983E-08
 0.38457E-08
 0.40079E-08
 0.42472E-08
 0.44042E-08
 0.46356E-08
 0.48626E-08
 0.50114E-08
 0.52308E-08
 0.54460E-08
 0.55871E-08
 0.57952E-08
 0.59991E-08
 0.61329E-08
 0.63302E-08
 0.65235E-08
 0.66503E-08
 0.68373E-08
 0.70206E-08
 0.71408E-08
 0.73181E-08
 0.74919E-08
 0.76058E-08
 0.77739E-08
 0.79386E-08
 0.49206E-08
 0.48851E-08
 0.48461E-08
 0.47980E-08
 0.47548E-08
 0.47037E-08
 0.46572E-08
 0.46083E-08
 0.45529E-08
 0.45018E-08
 0.44488E-08
 0.43906E-08
 0.43363E-08
 0.42805E-08
 0.42207E-08
 0.41644E-08
 0.38365E-08
 0.36015E-08
 0.33923E-08
 0.31941E-08
 0.30117E-08
 0.28530E-08
 0.26975E-08
 0.25539E-08
 0.24334E-08
 0.23102E-08
 0.21962E-08
 0.21057E-08
 0.20079E-08
 0.19340E-08
 0.18501E-08
 0.17729E-08
 0.17206E-08
 0.16549E-08
 0.15950E-08
 0.15613E-08
 0.15113E-08
 0.14663E-08
 0.14491E-08
 0.14129E-08
 0.13814E-08
 0.13792E-08
 0.13556E-08
 0.13364E-08
 0.13483E-08
 0.13366E-08
 0.13290E-08
 0.13543E-08
 0.13539E-08
 0.13575E-08
 0.13959E-08
 0.14064E-08
 0.14211E-08
 0.14724E-08
 0.14938E-08
 0.15530E-08
 0.15837E-08
 0.16208E-08
 0.16994E-08
 0.17466E-08
 0.17994E-08
 0.18949E-08
 0.19563E-08
 0.19121E-08
 0.17220E-08
 0.14321E-08
 0.14321E-08
 0.17220E-08
 0.19121E-08
 0.21926E-08
 0.24676E-08
 0.26480E-08
 0.29141E-08
 0.31749E-08
 0.33460E-08
 0.35983E-08
 0.38457E-08
 0.40079E-08
 0.42472E-08
 0.44042E-08
 0.46356E-08
 0.48626E-08
 0.50114E-08
 0.52308E-08
 0.54460E-08
 0.55871E-08
 0.57952E-08
 0.59991E-08
 0.61329E-08
 0.63302E-08
 0.65235E-08
 0.66503E-08
 0.68373E-08
 0.70206E-08
 0.71408E-08
 0.73181E-08
 0.74919E-08
 0.76058E-08
 0.77739E-08
 0.48516E-08
 0.48213E-08
 0.47963E-08
 0.47674E-08
 0.47289E-08
 0.46950E-08
 0.46527E-08
 0.46147E-08
 0.45740E-08
 0.45264E-08
 0.44827E-08
 0.44368E-08
 0.43854E-08
 0.43375E-08
 0.42878E-08
 0.42339E-08
 0.41830E-08
 0.38801E-08
 0.36620E-08
 0.34668E-08
 0.32808E-08
 0.31085E-08
 0.29578E-08
 0.28093E-08
 0.26712E-08
 0.25547E-08
 0.24349E-08
 0.23234E-08
 0.22340E-08
 0.21370E-08
 0.20627E-08
 0.19783E-08
 0.18999E-08
 0.18454E-08
 0.17775E-08
 0.17147E-08
 0.16773E-08
 0.16236E-08
 0.15745E-08
 0.15523E-08
 0.15111E-08
 0.14742E-08
 0.14658E-08
 0.14362E-08
 0.14104E-08
 0.14150E-08
 0.13961E-08
 0.13808E-08
 0.13980E-08
 0.13892E-08
 0.13842E-08
 0.14134E-08
 0.14147E-08
 0.14197E-08
 0.14610E-08
 0.14722E-08
 0.15208E-08
 0.15406E-08
 0.15661E-08
 0.16328E-08
 0.16677E-08
 0.17077E-08
 0.17902E-08
 0.18383E-08
 0.18911E-08
 0.17220E-08
 0.14321E-08
 0.14321E-08
 0.17220E-08
 0.19121E-08
 0.21926E-08
 0.24676E-08
 0.26480E-08
 0.29141E-08
 0.31749E-08
 0.33460E-08
 0.35983E-08
 0.38457E-08
 0.40079E-08
 0.42472E-08
 0.44042E-08
 0.46356E-08
 0.48626E-08
 0.50114E-08
 0.52308E-08
 0.54460E-08
 0.55871E-08
 0.57952E-08
 0.59991E-08
 0.61329E-08
 0.63302E-08
 0.65235E-08
 0.66503E-08
 0.68373E-08
 0.70206E-08
 0.71408E-08
 0.73181E-08
 0.74919E-08
 0.48712E-08
 0.48614E-08
 0.48469E-08
 0.48207E-08
 0.47997E-08
 0.47748E-08
 0.47403E-08
 0.47104E-08
 0.46719E-08
 0.46376E-08
 0.46005E-08
 0.45566E-08
 0.45163E-08
 0.44737E-08
 0.44257E-08
 0.43808E-08
 0.43341E-08
 0.42832E-08
 0.42349E-08
 0.39483E-08
 0.37436E-08
 0.35594E-08
 0.33830E-08
 0.32187E-08
 0.30743E-08
 0.29314E-08
 0.27979E-08
 0.26844E-08
 0.25674E-08
 0.24579E-08
 0.23692E-08
 0.22729E-08
 0.21981E-08
 0.21133E-08
 0.20339E-08
 0.19774E-08
 0.19076E-08
 0.18425E-08
 0.18019E-08
 0.17450E-08
 0.16923E-08
 0.16658E-08
 0.16204E-08
 0.15788E-08
 0.15651E-08
 0.15302E-08
 0.14987E-08
 0.14971E-08
 0.14719E-08
 0.14501E-08
 0.14600E-08
 0.14441E-08
 0.14316E-08
 0.14528E-08
 0.14460E-08
 0.14425E-08
 0.14749E-08
 0.14771E-08
 0.15165E-08
 0.15265E-08
 0.15419E-08
 0.15980E-08
 0.16219E-08
 0.16506E-08
 0.17215E-08
 0.17576E-08
 0.17981E-08
 0.17220E-08
 0.14321E-08
 0.14321E-08
 0.17220E-08
 0.19121E-08
 0.21926E-08
 0.24676E-08
 0.26480E-08
 0.29141E-08
 0.31749E-08
 0.33460E-08
 0.35983E-08
 0.38457E-08
 0.40079E-08
 0.42472E-08
 0.44042E-08
 0.46356E-08
 0.48626E-08
 0.50114E-08
 0.52308E-08
 0.54460E-08
 0.55871E-08
 0.57952E-08
 0.59991E-08
 0.61329E-08
 0.63302E-08
 0.65235E-08
 0.66503E-08
 0.68373E-08
 0.70206E-08
 0.71408E-08
 0.73181E-08
 0.47954E-08
 0.47863E-08
 0.47832E-08
 0.47752E-08
 0.47554E-08
 0.47407E-08
 0.47220E-08
 0.46935E-08
 0.46694E-08
 0.46367E-08
 0.46080E-08
 0.45763E-08
 0.45376E-08
 0.45023E-08
 0.44647E-08
 0.44215E-08
 0.43811E-08
 0.43389E-08
 0.42922E-08
 0.42480E-08
 0.39805E-08
 0.37886E-08
 0.36153E-08
 0.34485E-08
 0.32925E-08
 0.31549E-08
 0.30179E-08
 0.28894E-08
 0.27798E-08
 0.26663E-08
 0.25594E-08
 0.24724E-08
 0.23775E-08
 0.23033E-08
 0.22189E-08
 0.21394E-08
 0.20820E-08
 0.20113E-08
 0.19448E-08
 0.19020E-08
 0.18431E-08
 0.17879E-08
 0.17582E-08
 0.17097E-08
 0.16646E-08
 0.16467E-08
 0.16077E-08
 0.15718E-08
 0.15652E-08
 0.15350E-08
 0.15078E-08
 0.15119E-08
 0.14901E-08
 0.14713E-08
 0.14858E-08
 0.14723E-08
 0.14617E-08
 0.14866E-08
 0.14813E-08
 0.15127E-08
 0.15145E-08
 0.15211E-08
 0.15681E-08
 0.15826E-08
 0.16014E-08
 0.16622E-08
 0.16879E-08
 0.17175E-08
 0.17220E-08
 0.14321E-08
 0.14321E-08
 0.17220E-08
 0.19121E-08
 0.21926E-08
 0.24676E-08
 0.26480E-08
 0.29141E-08
 0.31749E-08
 0.33460E-08
 0.35983E-08
 0.38457E-08
 0.40079E-08
 0.42472E-08
 0.44042E-08
 0.46356E-08
 0.48626E-08
 0.50114E-08
 0.52308E-08
 0.54460E-08
 0.55871E-08
 0.57952E-08
 0.59991E-08
 0.61329E-08
 0.63302E-08
 0.65235E-08
 0.66503E-08
 0.68373E-08
 0.70206E-08
 0.47614E-08
 0.47745E-08
 0.47821E-08
 0.47755E-08
 0.47750E-08
 0.47697E-08
 0.47527E-08
 0.47408E-08
 0.47250E-08
 0.46994E-08
 0.46781E-08
 0.46483E-08
 0.46223E-08
 0.45934E-08
 0.45575E-08
 0.45249E-08
 0.44899E-08
 0.44494E-08
 0.44115E-08
 0.43717E-08
 0.43276E-08
 0.42856E-08
 0.40315E-08
 0.38501E-08
 0.36857E-08
 0.35268E-08
 0.33776E-08
 0.32455E-08
 0.31136E-08
 0.29892E-08
 0.28828E-08
 0.27721E-08
 0.26675E-08
 0.25818E-08
 0.24881E-08
 0.24143E-08
 0.23302E-08
 0.22507E-08
 0.21924E-08
 0.21209E-08
 0.20533E-08
 0.20086E-08
 0.19479E-08
 0.18905E-08
 0.18580E-08
 0.18067E-08
 0.17586E-08
 0.17371E-08
 0.16945E-08
 0.16548E-08
 0.16437E-08
 0.16091E-08
 0.15773E-08
 0.15762E-08
 0.15492E-08
 0.15250E-08
 0.15336E-08
 0.15140E-08
 0.14972E-08
 0.15155E-08
 0.15034E-08
 0.15277E-08
 0.15222E-08
 0.15210E-08
 0.15599E-08
 0.15660E-08
 0.15759E-08
 0.16277E-08
 0.16440E-08
 0.16640E-08
 0.17220E-08
 0.14321E-08
 0.14321E-08
 0.17220E-08
 0.19121E-08
 0.21926E-08
 0.24676E-08
 0.26480E-08
 0.29141E-08
 0.31749E-08
 0.33460E-08
 0.35983E-08
 0.38457E-08
 0.40079E-08
 0.42472E-08
 0.44042E-08
 0.46356E-08
 0.48626E-08
 0.50114E-08
 0.52308E-08
 0.54460E-08
 0.55871E-08
 0.57952E-08
 0.59991E-08
 0.61329E-08
 0.63302E-08
 0.65235E-08
 0.66503E-08
 0.47128E-08
 0.47373E-08
 0.47451E-08
 0.47601E-08
 0.47697E-08
 0.47654E-08
 0.47670E-08
 0.47642E-08
 0.47496E-08
 0.47401E-08
 0.47267E-08
 0.47037E-08
 0.46849E-08
 0.46576E-08
 0.46341E-08
 0.46077E-08
 0.45744E-08
 0.45441E-08
 0.45115E-08
 0.44734E-08
 0.44378E-08
 0.44002E-08
 0.43584E-08
 0.43185E-08
 0.40767E-08
 0.39047E-08
 0.37483E-08
 0.35966E-08
 0.34536E-08
 0.33267E-08
 0.31995E-08
 0.30792E-08
 0.29757E-08
 0.28679E-08
 0.27656E-08
 0.26813E-08
 0.25891E-08
 0.25158E-08
 0.24324E-08
 0.23531E-08
 0.22943E-08
 0.22224E-08
 0.21539E-08
 0.21078E-08
 0.20457E-08
 0.19867E-08
 0.19518E-08
 0.18985E-08
 0.18479E-08
 0.18233E-08
 0.17778E-08
 0.17348E-08
 0.17200E-08
 0.16817E-08
 0.16459E-08
 0.16403E-08
 0.16089E-08
 0.15799E-08
 0.15834E-08
 0.15587E-08
 0.15365E-08
 0.15489E-08
 0.15310E-08
 0.15491E-08
 0.15371E-08
 0.15291E-08
 0.15608E-08
 0.15594E-08
 0.15616E-08
 0.16053E-08
 0.16133E-08
 0.16246E-08
 0.16796E-08
 0.14321E-08
 0.14321E-08
 0.17220E-08
 0.19121E-08
 0.21926E-08
 0.24676E-08
 0.26480E-08
 0.29141E-08
 0.31749E-08
 0.33460E-08
 0.35983E-08
 0.38457E-08
 0.39576E-08
 0.40842E-08
 0.41779E-08
 0.46356E-08
 0.48626E-08
 0.50114E-08
 0.52308E-08
 0.54460E-08
 0.55871E-08
 0.57952E-08
 0.59991E-08
 0.61329E-08
 0.46481E-08
 0.46889E-08
 0.47105E-08
 0.47406E-08
 0.47647E-08
 0.47725E-08
 0.47875E-08
 0.47973E-08
 0.47935E-08
 0.47956E-08
 0.47934E-08
 0.47797E-08
 0.47710E-08
 0.47586E-08
 0.47367E-08
 0.47190E-08
 0.46929E-08
 0.46705E-08
 0.46453E-08
 0.46133E-08
 0.45843E-08
 0.45529E-08
 0.45161E-08
 0.44817E-08
 0.44453E-08
 0.44048E-08
 0.43661E-08
 0.41335E-08
 0.39695E-08
 0.38198E-08
 0.36743E-08
 0.35367E-08
 0.34141E-08
 0.32910E-08
 0.31742E-08
 0.30734E-08
 0.29680E-08
 0.28677E-08
 0.27847E-08
 0.26937E-08
 0.26210E-08
 0.25381E-08
 0.24590E-08
 0.23997E-08
 0.23275E-08
 0.22584E-08
 0.22109E-08
 0.21477E-08
 0.20873E-08
 0.20504E-08
 0.19952E-08
 0.19424E-08
 0.19152E-08
 0.18671E-08
 0.18213E-08
 0.18030E-08
 0.17615E-08
 0.17222E-08
 0.17126E-08
 0.16774E-08
 0.16443E-08
 0.16431E-08
 0.16139E-08
 0.15868E-08
 0.15940E-08
 0.15708E-08
 0.15833E-08
 0.15656E-08
 0.15515E-08
 0.15767E-08
 0.15687E-08
 0.15639E-08
 0.16004E-08
 0.16010E-08
 0.16045E-08
 0.16515E-08
 0.14321E-08
 0.14321E-08
 0.17220E-08
 0.19121E-08
 0.21926E-08
 0.24676E-08
 0.26480E-08
 0.29141E-08
 0.31749E-08
 0.33460E-08
 0.35904E-08
 0.37361E-08
 0.38459E-08
 0.39730E-08
 0.40671E-08
 0.41768E-08
 0.42768E-08
 0.43481E-08
 0.52308E-08
 0.54460E-08
 0.55871E-08
 0.57952E-08
 0.45801E-08
 0.46169E-08
 0.46637E-08
 0.47039E-08
 0.47253E-08
 0.47553E-08
 0.47794E-08
 0.47876E-08
 0.48030E-08
 0.48135E-08
 0.48104E-08
 0.48134E-08
 0.48120E-08
 0.47994E-08
 0.47918E-08
 0.47806E-08
 0.47600E-08
 0.47435E-08
 0.47189E-08
 0.46977E-08
 0.46738E-08
 0.46433E-08
 0.46156E-08
 0.45855E-08
 0.45503E-08
 0.45172E-08
 0.44821E-08
 0.44431E-08
 0.44056E-08
 0.41820E-08
 0.40253E-08
 0.38820E-08
 0.37422E-08
 0.36098E-08
 0.34914E-08
 0.33721E-08
 0.32587E-08
 0.31605E-08
 0.30576E-08
 0.29595E-08
 0.28778E-08
 0.27882E-08
 0.27161E-08
 0.26341E-08
 0.25554E-08
 0.24960E-08
 0.24236E-08
 0.23542E-08
 0.23058E-08
 0.22417E-08
 0.21803E-08
 0.21417E-08
 0.20850E-08
 0.20305E-08
 0.20010E-08
 0.19508E-08
 0.19026E-08
 0.18815E-08
 0.18373E-08
 0.17950E-08
 0.17820E-08
 0.17433E-08
 0.17066E-08
 0.17014E-08
 0.16683E-08
 0.16370E-08
 0.16396E-08
 0.16118E-08
 0.16194E-08
 0.15966E-08
 0.15771E-08
 0.15966E-08
 0.15827E-08
 0.15717E-08
 0.16017E-08
 0.15956E-08
 0.15921E-08
 0.16319E-08
 0.14321E-08
 0.14321E-08
 0.17220E-08
 0.19121E-08
 0.21926E-08
 0.24676E-08
 0.26480E-08
 0.29141E-08
 0.31749E-08
 0.33453E-08
 0.35008E-08
 0.36454E-08
 0.37545E-08
 0.38813E-08
 0.39753E-08
 0.40855E-08
 0.41863E-08
 0.42585E-08
 0.43445E-08
 0.44223E-08
 0.44751E-08
 0.45398E-08
 0.59991E-08
 0.46004E-08
 0.46476E-08
 0.46884E-08
 0.47105E-08
 0.47414E-08
 0.47666E-08
 0.47760E-08
 0.47927E-08
 0.48045E-08
 0.48029E-08
 0.48075E-08
 0.48078E-08
 0.47969E-08
 0.47910E-08
 0.47815E-08
 0.47628E-08
 0.47481E-08
 0.47253E-08
 0.47060E-08
 0.46839E-08
 0.46553E-08
 0.46294E-08
 0.46011E-08
 0.45677E-08
 0.45363E-08
 0.45030E-08
 0.44657E-08
 0.44299E-08
 0.42158E-08
 0.40662E-08
 0.39289E-08
 0.37947E-08
 0.36672E-08
 0.35530E-08
 0.34377E-08
 0.33277E-08
 0.32322E-08
 0.31319E-08
 0.30360E-08
 0.29559E-08
 0.28679E-08
 0.27967E-08
 0.27156E-08
 0.26377E-08
 0.25783E-08
 0.25062E-08
 0.24367E-08
 0.23877E-08
 0.23232E-08
 0.22610E-08
 0.22212E-08
 0.21633E-08
 0.21075E-08
 0.20762E-08
 0.20242E-08
 0.19742E-08
 0.19507E-08
 0.19041E-08
 0.18593E-08
 0.18434E-08
 0.18019E-08
 0.17621E-08
 0.17534E-08
 0.17168E-08
 0.16819E-08
 0.16805E-08
 0.16487E-08
 0.16519E-08
 0.16247E-08
 0.16004E-08
 0.16148E-08
 0.15957E-08
 0.15792E-08
 0.16034E-08
 0.15913E-08
 0.15817E-08
 0.16151E-08
 0.14321E-08
 0.14321E-08
 0.17220E-08
 0.19121E-08
 0.21926E-08
 0.24676E-08
 0.26480E-08
 0.29141E-08
 0.31378E-08
 0.32704E-08
 0.34243E-08
 0.35678E-08
 0.36758E-08
 0.38021E-08
 0.38958E-08
 0.40060E-08
 0.41074E-08
 0.41800E-08
 0.42670E-08
 0.43461E-08
 0.44001E-08
 0.44665E-08
 0.45258E-08
 0.45634E-08
 0.46116E-08
 0.46536E-08
 0.46770E-08
 0.47092E-08
 0.47361E-08
 0.47470E-08
 0.47655E-08
 0.47791E-08
 0.47794E-08
 0.47859E-08
 0.47882E-08
 0.47793E-08
 0.47755E-08
 0.47681E-08
 0.47514E-08
 0.47389E-08
 0.47181E-08
 0.47009E-08
 0.46809E-08
 0.46543E-08
 0.46305E-08
 0.46042E-08
 0.45728E-08
 0.45434E-08
 0.45120E-08
 0.44767E-08
 0.44428E-08
 0.42383E-08
 0.40953E-08
 0.39638E-08
 0.38349E-08
 0.37122E-08
 0.36021E-08
 0.34906E-08
 0.33840E-08
 0.32912E-08
 0.31936E-08
 0.30999E-08
 0.30216E-08
 0.29352E-08
 0.28651E-08
 0.27851E-08
 0.27080E-08
 0.26491E-08
 0.25773E-08
 0.25080E-08
 0.24586E-08
 0.23939E-08
 0.23312E-08
 0.22905E-08
 0.22318E-08
 0.21749E-08
 0.21421E-08
 0.20887E-08
 0.20371E-08
 0.20116E-08
 0.19631E-08
 0.19162E-08
 0.18977E-08
 0.18537E-08
 0.18113E-08
 0.17996E-08
 0.17600E-08
 0.17219E-08
 0.17170E-08
 0.16816E-08
 0.16810E-08
 0.16498E-08
 0.16214E-08
 0.16311E-08
 0.16074E-08
 0.15860E-08
 0.16050E-08
 0.15876E-08
 0.15724E-08
 0.16000E-08
 0.14321E-08
 0.14321E-08
 0.17220E-08
 0.19121E-08
 0.21926E-08
 0.24676E-08
 0.26480E-08
 0.29036E-08
 0.30739E-08
 0.32044E-08
 0.33567E-08
 0.34989E-08
 0.36057E-08
 0.37315E-08
 0.38246E-08
 0.39348E-08
 0.40364E-08
 0.41094E-08
 0.41971E-08
 0.42771E-08
 0.43321E-08
 0.43997E-08
 0.44605E-08
 0.44997E-08
 0.45496E-08
 0.45935E-08
 0.46187E-08
 0.46531E-08
 0.46821E-08
 0.46952E-08
 0.47160E-08
 0.47321E-08
 0.47346E-08
 0.47435E-08
 0.47484E-08
 0.47419E-08
 0.47406E-08
 0.47358E-08
 0.47216E-08
 0.47115E-08
 0.46932E-08
 0.46784E-08
 0.46609E-08
 0.46367E-08
 0.46152E-08
 0.45914E-08
 0.45623E-08
 0.45352E-08
 0.45060E-08
 0.44729E-08
 0.44411E-08
 0.42466E-08
 0.41099E-08
 0.39841E-08
 0.38604E-08
 0.37423E-08
 0.36363E-08
 0.35285E-08
 0.34252E-08
 0.33353E-08
 0.32403E-08
 0.31489E-08
 0.30724E-08
 0.29878E-08
 0.29191E-08
 0.28403E-08
 0.27642E-08
 0.27058E-08
 0.26346E-08
 0.25656E-08
 0.25162E-08
 0.24514E-08
 0.23885E-08
 0.23472E-08
 0.22879E-08
 0.22302E-08
 0.21962E-08
 0.21418E-08
 0.20888E-08
 0.20617E-08
 0.20115E-08
 0.19628E-08
 0.19422E-08
 0.18961E-08
 0.18514E-08
 0.18371E-08
 0.17949E-08
 0.17540E-08
 0.17460E-08
 0.17075E-08
 0.17035E-08
 0.16688E-08
 0.16366E-08
 0.16423E-08
 0.16144E-08
 0.15886E-08
 0.16030E-08
 0.15808E-08
 0.15605E-08
 0.15829E-08
 0.14321E-08
 0.14321E-08
 0.17220E-08
 0.19121E-08
 0.21926E-08
 0.24676E-08
 0.26480E-08
 0.28460E-08
 0.30142E-08
 0.31426E-08
 0.32933E-08
 0.34343E-08
 0.35401E-08
 0.36652E-08
 0.37578E-08
 0.38679E-08
 0.39697E-08
 0.40428E-08
 0.41311E-08
 0.42119E-08
 0.42677E-08
 0.43365E-08
 0.43986E-08
 0.44390E-08
 0.44906E-08
 0.45361E-08
 0.45630E-08
 0.45992E-08
 0.46302E-08
 0.46452E-08
 0.46681E-08
 0.46863E-08
 0.46909E-08
 0.47021E-08
 0.47092E-08
 0.47049E-08
 0.47059E-08
 0.47034E-08
 0.46914E-08
 0.46836E-08
 0.46675E-08
 0.46551E-08
 0.46398E-08
 0.46178E-08
 0.45986E-08
 0.45769E-08
 0.45500E-08
 0.45250E-08
 0.44980E-08
 0.44669E-08
 0.44371E-08
 0.42519E-08
 0.41210E-08
 0.40004E-08
 0.38815E-08
 0.37677E-08
 0.36654E-08
 0.35612E-08
 0.34611E-08
 0.33738E-08
 0.32814E-08
 0.31922E-08
 0.31175E-08
 0.30346E-08
 0.29672E-08
 0.28897E-08
 0.28146E-08
 0.27568E-08
 0.26862E-08
 0.26177E-08
 0.25683E-08
 0.25036E-08
 0.24405E-08
 0.23987E-08
 0.23390E-08
 0.22807E-08
 0.22457E-08
 0.21903E-08
 0.21363E-08
 0.21077E-08
 0.20562E-08
 0.20059E-08
 0.19834E-08
 0.19355E-08
 0.18887E-08
 0.18721E-08
 0.18275E-08
 0.17842E-08
 0.17734E-08
 0.17321E-08
 0.17250E-08
 0.16872E-08
 0.16516E-08
 0.16537E-08
 0.16220E-08
 0.15922E-08
 0.16024E-08
 0.15758E-08
 0.15510E-08
 0.15687E-08
 0.14321E-08
 0.14321E-08
 0.17220E-08
 0.19121E-08
 0.21926E-08
 0.24676E-08
 0.26194E-08
 0.27956E-08
 0.29616E-08
 0.30881E-08
 0.32373E-08
 0.33771E-08
 0.34818E-08
 0.36062E-08
 0.36981E-08
 0.38080E-08
 0.39098E-08
 0.39830E-08
 0.40717E-08
 0.41531E-08
 0.42095E-08
 0.42792E-08
 0.43424E-08
 0.43838E-08
 0.44366E-08
 0.44836E-08
 0.45119E-08
 0.45497E-08
 0.45824E-08
 0.45990E-08
 0.46237E-08
 0.46439E-08
 0.46503E-08
 0.46634E-08
 0.46726E-08
 0.46702E-08
 0.46732E-08
 0.46728E-08
 0.46628E-08
 0.46571E-08
 0.46430E-08
 0.46326E-08
 0.46194E-08
 0.45994E-08
 0.45822E-08
 0.45625E-08
 0.45375E-08
 0.45145E-08
 0.44894E-08
 0.44602E-08
 0.44323E-08
 0.42556E-08
 0.41300E-08
 0.40142E-08
 0.38997E-08
 0.37900E-08
 0.36912E-08
 0.35903E-08
 0.34931E-08
 0.34084E-08
 0.33183E-08
 0.32313E-08
 0.31583E-08
 0.30771E-08
 0.30109E-08
 0.29346E-08
 0.28606E-08
 0.28034E-08
 0.27335E-08
 0.26654E-08
 0.26162E-08
 0.25516E-08
 0.24885E-08
 0.24463E-08
 0.23862E-08
 0.23275E-08
 0.22917E-08
 0.22355E-08
 0.21805E-08
 0.21507E-08
 0.20979E-08
 0.20463E-08
 0.20221E-08
 0.19725E-08
 0.19240E-08
 0.19053E-08
 0.18586E-08
 0.18130E-08
 0.17997E-08
 0.17560E-08
 0.17461E-08
 0.17054E-08
 0.16668E-08
 0.16656E-08
 0.16304E-08
 0.15970E-08
 0.16033E-08
 0.15728E-08
 0.15438E-08
 0.15571E-08
 0.14321E-08
 0.14321E-08
 0.17220E-08
 0.19121E-08
 0.21926E-08
 0.24310E-08
 0.25784E-08
 0.27522E-08
 0.29162E-08
 0.30407E-08
 0.31884E-08
 0.33269E-08
 0.34304E-08
 0.35541E-08
 0.36453E-08
 0.37549E-08
 0.38565E-08
 0.39296E-08
 0.40186E-08
 0.41004E-08
 0.41572E-08
 0.42276E-08
 0.42917E-08
 0.43339E-08
 0.43879E-08
 0.44361E-08
 0.44655E-08
 0.45047E-08
 0.45389E-08
 0.45569E-08
 0.45832E-08
 0.46049E-08
 0.46130E-08
 0.46278E-08
 0.46387E-08
 0.46380E-08
 0.46429E-08
 0.46443E-08
 0.46361E-08
 0.46323E-08
 0.46200E-08
 0.46114E-08
 0.46000E-08
 0.45818E-08
 0.45664E-08
 0.45486E-08
 0.45254E-08
 0.45041E-08
 0.44808E-08
 0.44534E-08
 0.44272E-08
 0.42583E-08
 0.41376E-08
 0.40262E-08
 0.39158E-08
 0.38098E-08
 0.37143E-08
 0.36165E-08
 0.35221E-08
 0.34398E-08
 0.33520E-08
 0.32670E-08
 0.31956E-08
 0.31159E-08
 0.30510E-08
 0.29759E-08
 0.29029E-08
 0.28464E-08
 0.27771E-08
 0.27095E-08
 0.26605E-08
 0.25961E-08
 0.25330E-08
 0.24906E-08
 0.24302E-08
 0.23711E-08
 0.23346E-08
 0.22777E-08
 0.22219E-08
 0.21910E-08
 0.21372E-08
 0.20843E-08
 0.20587E-08
 0.20076E-08
 0.19575E-08
 0.19369E-08
 0.18884E-08
 0.18407E-08
 0.18252E-08
 0.17792E-08
 0.17668E-08
 0.17235E-08
 0.16821E-08
 0.16778E-08
 0.16396E-08
 0.16028E-08
 0.16056E-08
 0.15715E-08
 0.15386E-08
 0.15480E-08
 0.14321E-08
 0.14321E-08
 0.17220E-08
 0.19121E-08
 0.21926E-08
 0.23976E-08
 0.25423E-08
 0.27138E-08
 0.28758E-08
 0.29985E-08
 0.31447E-08
 0.32820E-08
 0.33844E-08
 0.35072E-08
 0.35977E-08
 0.37069E-08
 0.38083E-08
 0.38812E-08
 0.39703E-08
 0.40524E-08
 0.41095E-08
 0.41805E-08
 0.42453E-08
 0.42882E-08
 0.43431E-08
 0.43923E-08
 0.44227E-08
 0.44631E-08
 0.44986E-08
 0.45178E-08
 0.45455E-08
 0.45688E-08
 0.45782E-08
 0.45946E-08
 0.46071E-08
 0.46079E-08
 0.46144E-08
 0.46175E-08
 0.46108E-08
 0.46087E-08
 0.45980E-08
 0.45911E-08
 0.45815E-08
 0.45649E-08
 0.45512E-08
 0.45350E-08
 0.45134E-08
 0.44938E-08
 0.44721E-08
 0.44462E-08
 0.44216E-08
 0.42599E-08
 0.41438E-08
 0.40365E-08
 0.39299E-08
 0.38274E-08
 0.37350E-08
 0.36400E-08
 0.35482E-08
 0.34682E-08
 0.33825E-08
 0.32994E-08
 0.32296E-08
 0.31514E-08
 0.30877E-08
 0.30138E-08
 0.29417E-08
 0.28859E-08
 0.28173E-08
 0.27503E-08
 0.27014E-08
 0.26372E-08
 0.25743E-08
 0.25316E-08
 0.24711E-08
 0.24116E-08
 0.23745E-08
 0.23171E-08
 0.22606E-08
 0.22287E-08
 0.21740E-08
 0.21201E-08
 0.20931E-08
 0.20407E-08
 0.19891E-08
 0.19668E-08
 0.19167E-08
 0.18672E-08
 0.18496E-08
 0.18015E-08
 0.17869E-08
 0.17412E-08
 0.16973E-08
 0.16902E-08
 0.16491E-08
 0.16093E-08
 0.16089E-08
 0.15714E-08
 0.15350E-08
 0.15407E-08
 0.14321E-08
 0.14321E-08
 0.17220E-08
 0.19121E-08
 0.21822E-08
 0.23682E-08
 0.25104E-08
 0.26798E-08
 0.28399E-08
 0.29608E-08
 0.31055E-08
 0.32416E-08
 0.33429E-08
 0.34649E-08
 0.35547E-08
 0.36634E-08
 0.37646E-08
 0.38373E-08
 0.39264E-08
 0.40087E-08
 0.40660E-08
 0.41374E-08
 0.42028E-08
 0.42463E-08
 0.43019E-08
 0.43521E-08
 0.43833E-08
 0.44248E-08
 0.44613E-08
 0.44816E-08
 0.45105E-08
 0.45351E-08
 0.45458E-08
 0.45635E-08
 0.45774E-08
 0.45796E-08
 0.45876E-08
 0.45922E-08
 0.45870E-08
 0.45864E-08
 0.45771E-08
 0.45718E-08
 0.45637E-08
 0.45486E-08
 0.45364E-08
 0.45218E-08
 0.45017E-08
 0.44835E-08
 0.44633E-08
 0.44389E-08
 0.44158E-08
 0.42608E-08
 0.41489E-08
 0.40454E-08
 0.39423E-08
 0.38430E-08
 0.37535E-08
 0.36612E-08
 0.35719E-08
 0.34939E-08
 0.34103E-08
 0.33290E-08
 0.32608E-08
 0.31840E-08
 0.31214E-08
 0.30486E-08
 0.29775E-08
 0.29224E-08
 0.28545E-08
 0.27879E-08
 0.27393E-08
 0.26754E-08
 0.26126E-08
 0.25698E-08
 0.25092E-08
 0.24495E-08
 0.24119E-08
 0.23540E-08
 0.22969E-08
 0.22641E-08
 0.22086E-08
 0.21537E-08
 0.21255E-08
 0.20720E-08
 0.20191E-08
 0.19953E-08
 0.19436E-08
 0.18924E-08
 0.18729E-08
 0.18230E-08
 0.18063E-08
 0.17585E-08
 0.17122E-08
 0.17026E-08
 0.16588E-08
 0.16162E-08
 0.16128E-08
 0.15723E-08
 0.15327E-08
 0.15349E-08
 0.14321E-08
 0.14321E-08
 0.17220E-08
 0.19121E-08
 0.21588E-08
 0.23423E-08
 0.24822E-08
 0.26495E-08
 0.28078E-08
 0.29270E-08
 0.30703E-08
 0.32053E-08
 0.33055E-08
 0.34267E-08
 0.35157E-08
 0.36239E-08
 0.37248E-08
 0.37972E-08
 0.38862E-08
 0.39687E-08
 0.40261E-08
 0.40979E-08
 0.41638E-08
 0.42077E-08
 0.42640E-08
 0.43149E-08
 0.43469E-08
 0.43893E-08
 0.44268E-08
 0.44481E-08
 0.44781E-08
 0.45038E-08
 0.45155E-08
 0.45346E-08
 0.45497E-08
 0.45532E-08
 0.45625E-08
 0.45684E-08
 0.45645E-08
 0.45653E-08
 0.45574E-08
 0.45534E-08
 0.45467E-08
 0.45330E-08
 0.45222E-08
 0.45090E-08
 0.44902E-08
 0.44735E-08
 0.44547E-08
 0.44316E-08
 0.44098E-08
 0.42610E-08
 0.41530E-08
 0.40531E-08
 0.39533E-08
 0.38570E-08
 0.37702E-08
 0.36804E-08
 0.35934E-08
 0.35175E-08
 0.34357E-08
 0.33561E-08
 0.32894E-08
 0.32140E-08
 0.31525E-08
 0.30808E-08
 0.30106E-08
 0.29562E-08
 0.28890E-08
 0.28229E-08
 0.27746E-08
 0.27110E-08
 0.26483E-08
 0.26054E-08
 0.25447E-08
 0.24848E-08
 0.24468E-08
 0.23885E-08
 0.23309E-08
 0.22974E-08
 0.22411E-08
 0.21854E-08
 0.21561E-08
 0.21015E-08
 0.20474E-08
 0.20222E-08
 0.19692E-08
 0.19165E-08
 0.18953E-08
 0.18436E-08
 0.18250E-08
 0.17752E-08
 0.17268E-08
 0.17149E-08
 0.16687E-08
 0.16235E-08
 0.16174E-08
 0.15740E-08
 0.15314E-08
 0.15305E-08
 0.14321E-08
 0.14321E-08
 0.17220E-08
 0.19121E-08
 0.21381E-08
 0.23192E-08
 0.24569E-08
 0.26223E-08
 0.27788E-08
 0.28965E-08
 0.30384E-08
 0.31722E-08
 0.32714E-08
 0.33918E-08
 0.34800E-08
 0.35877E-08
 0.36883E-08
 0.37604E-08
 0.38494E-08
 0.39319E-08
 0.39894E-08
 0.40615E-08
 0.41277E-08
 0.41720E-08
 0.42289E-08
 0.42805E-08
 0.43130E-08
 0.43562E-08
 0.43947E-08
 0.44167E-08
 0.44477E-08
 0.44745E-08
 0.44872E-08
 0.45074E-08
 0.45237E-08
 0.45282E-08
 0.45387E-08
 0.45459E-08
 0.45432E-08
 0.45452E-08
 0.45386E-08
 0.45359E-08
 0.45305E-08
 0.45180E-08
 0.45085E-08
 0.44966E-08
 0.44791E-08
 0.44636E-08
 0.44461E-08
 0.44243E-08
 0.44037E-08
 0.42607E-08
 0.41563E-08
 0.40597E-08
 0.39630E-08
 0.38695E-08
 0.37852E-08
 0.36978E-08
 0.36130E-08
 0.35389E-08
 0.34590E-08
 0.33811E-08
 0.33157E-08
 0.32416E-08
 0.31812E-08
 0.31106E-08
 0.30413E-08
 0.29875E-08
 0.29209E-08
 0.28554E-08
 0.28074E-08
 0.27441E-08
 0.26816E-08
 0.26387E-08
 0.25780E-08
 0.25179E-08
 0.24795E-08
 0.24209E-08
 0.23628E-08
 0.23287E-08
 0.22717E-08
 0.22152E-08
 0.21850E-08
 0.21295E-08
 0.20743E-08
 0.20478E-08
 0.19935E-08
 0.19395E-08
 0.19167E-08
 0.18634E-08
 0.18430E-08
 0.17915E-08
 0.17410E-08
 0.17269E-08
 0.16785E-08
 0.16310E-08
 0.16223E-08
 0.15762E-08
 0.15309E-08
 0.15271E-08
 0.14321E-08
 0.14321E-08
 0.17220E-08
 0.19121E-08
 0.21196E-08
 0.22985E-08
 0.24341E-08
 0.25977E-08
 0.27526E-08
 0.28687E-08
 0.30094E-08
 0.31421E-08
 0.32402E-08
 0.33598E-08
 0.34473E-08
 0.35545E-08
 0.36547E-08
 0.37265E-08
 0.38154E-08
 0.38979E-08
 0.39554E-08
 0.40277E-08
 0.40942E-08
 0.41389E-08
 0.41962E-08
 0.42484E-08
 0.42815E-08
 0.43254E-08
 0.43646E-08
 0.43875E-08
 0.44193E-08
 0.44470E-08
 0.44607E-08
 0.44818E-08
 0.44992E-08
 0.45047E-08
 0.45163E-08
 0.45246E-08
 0.45230E-08
 0.45262E-08
 0.45206E-08
 0.45191E-08
 0.45149E-08
 0.45036E-08
 0.44953E-08
 0.44845E-08
 0.44682E-08
 0.44540E-08
 0.44376E-08
 0.44170E-08
 0.43976E-08
 0.42600E-08
 0.41589E-08
 0.40654E-08
 0.39715E-08
 0.38807E-08
 0.37988E-08
 0.37136E-08
 0.36308E-08
 0.35586E-08
 0.34804E-08
 0.34040E-08
 0.33399E-08
 0.32672E-08
 0.32078E-08
 0.31381E-08
 0.30697E-08
 0.30166E-08
 0.29507E-08
 0.28857E-08
 0.28380E-08
 0.27750E-08
 0.27127E-08
 0.26697E-08
 0.26090E-08
 0.25489E-08
 0.25102E-08
 0.24513E-08
 0.23928E-08
 0.23581E-08
 0.23006E-08
 0.22434E-08
 0.22123E-08
 0.21559E-08
 0.20997E-08
 0.20721E-08
 0.20166E-08
 0.19613E-08
 0.19371E-08
 0.18824E-08
 0.18604E-08
 0.18071E-08
 0.17549E-08
 0.17388E-08
 0.16883E-08
 0.16385E-08
 0.16275E-08
 0.15790E-08
 0.15310E-08
 0.15245E-08
 0.14321E-08
 0.14321E-08
 0.17220E-08
 0.19121E-08
 0.21031E-08
 0.22799E-08
 0.24135E-08
 0.25753E-08
 0.27287E-08
 0.28433E-08
 0.29828E-08
 0.31144E-08
 0.32115E-08
 0.33304E-08
 0.34172E-08
 0.35239E-08
 0.36237E-08
 0.36951E-08
 0.37839E-08
 0.38664E-08
 0.39239E-08
 0.39963E-08
 0.40632E-08
 0.41081E-08
 0.41658E-08
 0.42185E-08
 0.42521E-08
 0.42966E-08
 0.43365E-08
 0.43600E-08
 0.43927E-08
 0.44212E-08
 0.44357E-08
 0.44577E-08
 0.44760E-08
 0.44825E-08
 0.44951E-08
 0.45044E-08
 0.45038E-08
 0.45081E-08
 0.45035E-08
 0.45031E-08
 0.45000E-08
 0.44897E-08
 0.44825E-08
 0.44729E-08
 0.44577E-08
 0.44445E-08
 0.44293E-08
 0.44098E-08
 0.43915E-08
 0.42588E-08
 0.41609E-08
 0.40703E-08
 0.39791E-08
 0.38907E-08
 0.38111E-08
 0.37280E-08
 0.36472E-08
 0.35767E-08
 0.35001E-08
 0.34252E-08
 0.33623E-08
 0.32908E-08
 0.32324E-08
 0.31637E-08
 0.30962E-08
 0.30437E-08
 0.29784E-08
 0.29139E-08
 0.28665E-08
 0.28038E-08
 0.27418E-08
 0.26988E-08
 0.26382E-08
 0.25780E-08
 0.25390E-08
 0.24799E-08
 0.24211E-08
 0.23857E-08
 0.23277E-08
 0.22700E-08
 0.22380E-08
 0.21809E-08
 0.21238E-08
 0.20951E-08
 0.20386E-08
 0.19822E-08
 0.19566E-08
 0.19005E-08
 0.18770E-08
 0.18222E-08
 0.17683E-08
 0.17503E-08
 0.16979E-08
 0.16461E-08
 0.16328E-08
 0.15821E-08
 0.15317E-08
 0.15227E-08
 0.14321E-08
 0.14321E-08
 0.17220E-08
 0.19046E-08
 0.20883E-08
 0.22631E-08
 0.23949E-08
 0.25550E-08
 0.27069E-08
 0.28202E-08
 0.29585E-08
 0.30891E-08
 0.31853E-08
 0.33034E-08
 0.33895E-08
 0.34956E-08
 0.35951E-08
 0.36662E-08
 0.37548E-08
 0.38372E-08
 0.38947E-08
 0.39672E-08
 0.40343E-08
 0.40794E-08
 0.41375E-08
 0.41906E-08
 0.42246E-08
 0.42697E-08
 0.43103E-08
 0.43343E-08
 0.43677E-08
 0.43970E-08
 0.44122E-08
 0.44351E-08
 0.44543E-08
 0.44616E-08
 0.44751E-08
 0.44854E-08
 0.44857E-08
 0.44909E-08
 0.44873E-08
 0.44879E-08
 0.44858E-08
 0.44765E-08
 0.44703E-08
 0.44617E-08
 0.44475E-08
 0.44354E-08
 0.44212E-08
 0.44027E-08
 0.43854E-08
 0.42574E-08
 0.41625E-08
 0.40745E-08
 0.39859E-08
 0.38998E-08
 0.38223E-08
 0.37412E-08
 0.36622E-08
 0.35933E-08
 0.35183E-08
 0.34448E-08
 0.33831E-08
 0.33127E-08
 0.32553E-08
 0.31876E-08
 0.31208E-08
 0.30690E-08
 0.30043E-08
 0.29403E-08
 0.28932E-08
 0.28309E-08
 0.27691E-08
 0.27262E-08
 0.26656E-08
 0.26053E-08
 0.25661E-08
 0.25068E-08
 0.24477E-08
 0.24119E-08
 0.23534E-08
 0.22951E-08
 0.22624E-08
 0.22046E-08
 0.21467E-08
 0.21170E-08
 0.20595E-08
 0.20020E-08
 0.19752E-08
 0.19179E-08
 0.18930E-08
 0.18368E-08
 0.17813E-08
 0.17616E-08
 0.17074E-08
 0.16537E-08
 0.16383E-08
 0.15855E-08
 0.15329E-08
 0.15215E-08
 0.14321E-08
 0.14321E-08
 0.17220E-08
 0.18934E-08
 0.20751E-08
 0.22480E-08
 0.23780E-08
 0.25366E-08
 0.26871E-08
 0.27991E-08
 0.29362E-08
 0.30659E-08
 0.31611E-08
 0.32785E-08
 0.33639E-08
 0.34696E-08
 0.35686E-08
 0.36394E-08
 0.37278E-08
 0.38101E-08
 0.38675E-08
 0.39402E-08
 0.40074E-08
 0.40527E-08
 0.41111E-08
 0.41646E-08
 0.41990E-08
 0.42445E-08
 0.42856E-08
 0.43102E-08
 0.43443E-08
 0.43742E-08
 0.43901E-08
 0.44137E-08
 0.44337E-08
 0.44418E-08
 0.44562E-08
 0.44673E-08
 0.44684E-08
 0.44746E-08
 0.44719E-08
 0.44734E-08
 0.44722E-08
 0.44638E-08
 0.44586E-08
 0.44510E-08
 0.44377E-08
 0.44266E-08
 0.44133E-08
 0.43957E-08
 0.43794E-08
 0.42558E-08
 0.41636E-08
 0.40782E-08
 0.39919E-08
 0.39081E-08
 0.38325E-08
 0.37534E-08
 0.36761E-08
 0.36087E-08
 0.35351E-08
 0.34630E-08
 0.34025E-08
 0.33332E-08
 0.32767E-08
 0.32098E-08
 0.31439E-08
 0.30926E-08
 0.30285E-08
 0.29651E-08
 0.29183E-08
 0.28563E-08
 0.27947E-08
 0.27519E-08
 0.26913E-08
 0.26311E-08
 0.25917E-08
 0.25322E-08
 0.24728E-08
 0.24366E-08
 0.23777E-08
 0.23189E-08
 0.22856E-08
 0.22270E-08
 0.21685E-08
 0.21379E-08
 0.20795E-08
 0.20210E-08
 0.19931E-08
 0.19346E-08
 0.19084E-08
 0.18508E-08
 0.17938E-08
 0.17725E-08
 0.17167E-08
 0.16612E-08
 0.16439E-08
 0.15891E-08
 0.15344E-08
 0.15207E-08
 0.14321E-08
 0.14321E-08
 0.17220E-08
 0.18834E-08
 0.20631E-08
 0.22343E-08
 0.23626E-08
 0.25197E-08
 0.26689E-08
 0.27796E-08
 0.29157E-08
 0.30444E-08
 0.31388E-08
 0.32554E-08
 0.33401E-08
 0.34453E-08
 0.35440E-08
 0.36144E-08
 0.37026E-08
 0.37849E-08
 0.38421E-08
 0.39149E-08
 0.39822E-08
 0.40276E-08
 0.40863E-08
 0.41401E-08
 0.41749E-08
 0.42209E-08
 0.42625E-08
 0.42876E-08
 0.43222E-08
 0.43528E-08
 0.43692E-08
 0.43936E-08
 0.44143E-08
 0.44231E-08
 0.44382E-08
 0.44502E-08
 0.44521E-08
 0.44591E-08
 0.44571E-08
 0.44595E-08
 0.44592E-08
 0.44517E-08
 0.44474E-08
 0.44407E-08
 0.44282E-08
 0.44180E-08
 0.44056E-08
 0.43889E-08
 0.43735E-08
 0.42540E-08
 0.41644E-08
 0.40814E-08
 0.39974E-08
 0.39156E-08
 0.38419E-08
 0.37645E-08
 0.36889E-08
 0.36230E-08
 0.35508E-08
 0.34799E-08
 0.34205E-08
 0.33522E-08
 0.32966E-08
 0.32306E-08
 0.31655E-08
 0.31148E-08
 0.30513E-08
 0.29883E-08
 0.29419E-08
 0.28802E-08
 0.28189E-08
 0.27761E-08
 0.27156E-08
 0.26554E-08
 0.26159E-08
 0.25562E-08
 0.24966E-08
 0.24600E-08
 0.24008E-08
 0.23415E-08
 0.23075E-08
 0.22484E-08
 0.21892E-08
 0.21577E-08
 0.20985E-08
 0.20391E-08
 0.20101E-08
 0.19506E-08
 0.19232E-08
 0.18643E-08
 0.18060E-08
 0.17832E-08
 0.17258E-08
 0.16686E-08
 0.16495E-08
 0.15928E-08
 0.15362E-08
 0.15205E-08
 0.14321E-08
 0.14321E-08
 0.17220E-08
 0.18744E-08
 0.20522E-08
 0.22217E-08
 0.23485E-08
 0.25042E-08
 0.26521E-08
 0.27616E-08
 0.28967E-08
 0.30245E-08
 0.31180E-08
 0.32340E-08
 0.33181E-08
 0.34228E-08
 0.35211E-08
 0.35911E-08
 0.36791E-08
 0.37612E-08
 0.38184E-08
 0.38912E-08
 0.39586E-08
 0.40042E-08
 0.40631E-08
 0.41172E-08
 0.41522E-08
 0.41986E-08
 0.42407E-08
 0.42662E-08
 0.43013E-08
 0.43325E-08
 0.43495E-08
 0.43745E-08
 0.43959E-08
 0.44053E-08
 0.44212E-08
 0.44339E-08
 0.44365E-08
 0.44443E-08
 0.44431E-08
 0.44463E-08
 0.44468E-08
 0.44401E-08
 0.44366E-08
 0.44307E-08
 0.44191E-08
 0.44096E-08
 0.43981E-08
 0.43823E-08
 0.43677E-08
 0.42520E-08
 0.41649E-08
 0.40841E-08
 0.40022E-08
 0.39224E-08
 0.38505E-08
 0.37748E-08
 0.37007E-08
 0.36362E-08
 0.35653E-08
 0.34956E-08
 0.34373E-08
 0.33701E-08
 0.33153E-08
 0.32501E-08
 0.31857E-08
 0.31355E-08
 0.30726E-08
 0.30102E-08
 0.29640E-08
 0.29027E-08
 0.28416E-08
 0.27989E-08
 0.27386E-08
 0.26783E-08
 0.26387E-08
 0.25789E-08
 0.25191E-08
 0.24821E-08
 0.24226E-08
 0.23629E-08
 0.23284E-08
 0.22687E-08
 0.22088E-08
 0.21766E-08
 0.21166E-08
 0.20564E-08
 0.20264E-08
 0.19659E-08
 0.19373E-08
 0.18773E-08
 0.18177E-08
 0.17935E-08
 0.17346E-08
 0.16759E-08
 0.16552E-08
 0.15967E-08
 0.15382E-08
 0.15205E-08
 0.14321E-08
 0.14321E-08
 0.17220E-08
 0.18662E-08
 0.20423E-08
 0.22102E-08
 0.23355E-08
 0.24899E-08
 0.26366E-08
 0.27449E-08
 0.28790E-08
 0.30060E-08
 0.30987E-08
 0.32140E-08
 0.32975E-08
 0.34017E-08
 0.34997E-08
 0.35693E-08
 0.36571E-08
 0.37391E-08
 0.37962E-08
 0.38689E-08
 0.39365E-08
 0.39821E-08
 0.40412E-08
 0.40956E-08
 0.41309E-08
 0.41776E-08
 0.42201E-08
 0.42460E-08
 0.42816E-08
 0.43133E-08
 0.43308E-08
 0.43564E-08
 0.43785E-08
 0.43884E-08
 0.44050E-08
 0.44184E-08
 0.44217E-08
 0.44301E-08
 0.44297E-08
 0.44336E-08
 0.44349E-08
 0.44289E-08
 0.44262E-08
 0.44211E-08
 0.44102E-08
 0.44016E-08
 0.43909E-08
 0.43758E-08
 0.43619E-08
 0.42500E-08
 0.41651E-08
 0.40865E-08
 0.40065E-08
 0.39286E-08
 0.38584E-08
 0.37843E-08
 0.37117E-08
 0.36485E-08
 0.35788E-08
 0.35103E-08
 0.34530E-08
 0.33867E-08
 0.33328E-08
 0.32684E-08
 0.32047E-08
 0.31551E-08
 0.30927E-08
 0.30307E-08
 0.29849E-08
 0.29239E-08
 0.28630E-08
 0.28204E-08
 0.27602E-08
 0.27000E-08
 0.26602E-08
 0.26004E-08
 0.25404E-08
 0.25031E-08
 0.24433E-08
 0.23832E-08
 0.23482E-08
 0.22880E-08
 0.22275E-08
 0.21946E-08
 0.21339E-08
 0.20729E-08
 0.20420E-08
 0.19805E-08
 0.19509E-08
 0.18898E-08
 0.18291E-08
 0.18035E-08
 0.17433E-08
 0.16831E-08
 0.16607E-08
 0.16006E-08
 0.15404E-08
 0.15209E-08
 0.14321E-08
 0.14321E-08
 0.17173E-08
 0.18589E-08
 0.20334E-08
 0.21998E-08
 0.23236E-08
 0.24767E-08
 0.26222E-08
 0.27295E-08
 0.28627E-08
 0.29888E-08
 0.30807E-08
 0.31954E-08
 0.32783E-08
 0.33821E-08
 0.34796E-08
 0.35489E-08
 0.36365E-08
 0.37184E-08
 0.37753E-08
 0.38481E-08
 0.39157E-08
 0.39614E-08
 0.40207E-08
 0.40753E-08
 0.41108E-08
 0.41579E-08
 0.42007E-08
 0.42270E-08
 0.42630E-08
 0.42952E-08
 0.43132E-08
 0.43393E-08
 0.43619E-08
 0.43725E-08
 0.43896E-08
 0.44036E-08
 0.44076E-08
 0.44167E-08
 0.44169E-08
 0.44215E-08
 0.44235E-08
 0.44182E-08
 0.44162E-08
 0.44118E-08
 0.44017E-08
 0.43938E-08
 0.43838E-08
 0.43695E-08
 0.43564E-08
 0.42478E-08
 0.41651E-08
 0.40885E-08
 0.40105E-08
 0.39343E-08
 0.38657E-08
 0.37931E-08
 0.37219E-08
 0.36599E-08
 0.35915E-08
 0.35241E-08
 0.34677E-08
 0.34024E-08
 0.33492E-08
 0.32856E-08
 0.32225E-08
 0.31735E-08
 0.31116E-08
 0.30501E-08
 0.30046E-08
 0.29439E-08
 0.28833E-08
 0.28408E-08
 0.27807E-08
 0.27206E-08
 0.26807E-08
 0.26208E-08
 0.25607E-08
 0.25231E-08
 0.24629E-08
 0.24025E-08
 0.23670E-08
 0.23064E-08
 0.22454E-08
 0.22118E-08
 0.21504E-08
 0.20887E-08
 0.20569E-08
 0.19946E-08
 0.19640E-08
 0.19019E-08
 0.18400E-08
 0.18132E-08
 0.17517E-08
 0.16901E-08
 0.16663E-08
 0.16046E-08
 0.15427E-08
 0.15215E-08
 0.14321E-08
 0.14321E-08
 0.17124E-08
 0.18522E-08
 0.20252E-08
 0.21901E-08
 0.23127E-08
 0.24645E-08
 0.26090E-08
 0.27152E-08
 0.28475E-08
 0.29728E-08
 0.30640E-08
 0.31781E-08
 0.32603E-08
 0.33637E-08
 0.34609E-08
 0.35298E-08
 0.36172E-08
 0.36989E-08
 0.37557E-08
 0.38285E-08
 0.38961E-08
 0.39418E-08
 0.40013E-08
 0.40561E-08
 0.40918E-08
 0.41392E-08
 0.41823E-08
 0.42089E-08
 0.42454E-08
 0.42780E-08
 0.42964E-08
 0.43231E-08
 0.43462E-08
 0.43573E-08
 0.43750E-08
 0.43896E-08
 0.43941E-08
 0.44039E-08
 0.44047E-08
 0.44099E-08
 0.44126E-08
 0.44079E-08
 0.44066E-08
 0.44029E-08
 0.43935E-08
 0.43863E-08
 0.43770E-08
 0.43633E-08
 0.43510E-08
 0.42456E-08
 0.41650E-08
 0.40903E-08
 0.40140E-08
 0.39395E-08
 0.38724E-08
 0.38012E-08
 0.37314E-08
 0.36706E-08
 0.36033E-08
 0.35370E-08
 0.34815E-08
 0.34171E-08
 0.33646E-08
 0.33018E-08
 0.32394E-08
 0.31908E-08
 0.31295E-08
 0.30685E-08
 0.30232E-08
 0.29628E-08
 0.29025E-08
 0.28601E-08
 0.28002E-08
 0.27401E-08
 0.27001E-08
 0.26401E-08
 0.25799E-08
 0.25421E-08
 0.24817E-08
 0.24209E-08
 0.23850E-08
 0.23239E-08
 0.22625E-08
 0.22283E-08
 0.21663E-08
 0.21038E-08
 0.20712E-08
 0.20081E-08
 0.19766E-08
 0.19135E-08
 0.18506E-08
 0.18225E-08
 0.17598E-08
 0.16970E-08
 0.16717E-08
 0.16086E-08
 0.15452E-08
 0.15223E-08
 0.14321E-08
 0.14321E-08
 0.17079E-08
 0.18462E-08
 0.20177E-08
 0.21813E-08
 0.23025E-08
 0.24532E-08
 0.25966E-08
 0.27019E-08
 0.28333E-08
 0.29579E-08
 0.30483E-08
 0.31618E-08
 0.32435E-08
 0.33464E-08
 0.34432E-08
 0.35119E-08
 0.35990E-08
 0.36806E-08
 0.37372E-08
 0.38100E-08
 0.38776E-08
 0.39234E-08
 0.39830E-08
 0.40380E-08
 0.40738E-08
 0.41215E-08
 0.41650E-08
 0.41918E-08
 0.42287E-08
 0.42617E-08
 0.42805E-08
 0.43076E-08
 0.43313E-08
 0.43428E-08
 0.43611E-08
 0.43762E-08
 0.43813E-08
 0.43916E-08
 0.43930E-08
 0.43989E-08
 0.44021E-08
 0.43981E-08
 0.43974E-08
 0.43944E-08
 0.43856E-08
 0.43790E-08
 0.43704E-08
 0.43574E-08
 0.43457E-08
 0.42434E-08
 0.41647E-08
 0.40918E-08
 0.40172E-08
 0.39442E-08
 0.38786E-08
 0.38088E-08
 0.37402E-08
 0.36806E-08
 0.36144E-08
 0.35491E-08
 0.34945E-08
 0.34309E-08
 0.33792E-08
 0.33170E-08
 0.32552E-08
 0.32072E-08
 0.31464E-08
 0.30858E-08
 0.30409E-08
 0.29808E-08
 0.29207E-08
 0.28784E-08
 0.28186E-08
 0.27586E-08
 0.27186E-08
 0.26585E-08
 0.25982E-08
 0.25601E-08
 0.24995E-08
 0.24385E-08
 0.24021E-08
 0.23407E-08
 0.22787E-08
 0.22439E-08
 0.21814E-08
 0.21182E-08
 0.20849E-08
 0.20210E-08
 0.19886E-08
 0.19247E-08
 0.18607E-08
 0.18316E-08
 0.17678E-08
 0.17037E-08
 0.16771E-08
 0.16126E-08
 0.15477E-08
 0.15233E-08
 0.14321E-08
 0.14321E-08
 0.17039E-08
 0.18407E-08
 0.20107E-08
 0.21731E-08
 0.22931E-08
 0.24427E-08
 0.25851E-08
 0.26894E-08
 0.28200E-08
 0.29438E-08
 0.30336E-08
 0.31465E-08
 0.32277E-08
 0.33301E-08
 0.34266E-08
 0.34949E-08
 0.35818E-08
 0.36633E-08
 0.37198E-08
 0.37925E-08
 0.38602E-08
 0.39059E-08
 0.39656E-08
 0.40208E-08
 0.40568E-08
 0.41047E-08
 0.41485E-08
 0.41756E-08
 0.42128E-08
 0.42463E-08
 0.42654E-08
 0.42929E-08
 0.43170E-08
 0.43290E-08
 0.43478E-08
 0.43635E-08
 0.43690E-08
 0.43799E-08
 0.43818E-08
 0.43882E-08
 0.43921E-08
 0.43886E-08
 0.43885E-08
 0.43861E-08
 0.43779E-08
 0.43720E-08
 0.43640E-08
 0.43516E-08
 0.43405E-08
 0.42411E-08
 0.41642E-08
 0.40930E-08
 0.40201E-08
 0.39486E-08
 0.38844E-08
 0.38159E-08
 0.37485E-08
 0.36900E-08
 0.36248E-08
 0.35604E-08
 0.35067E-08
 0.34439E-08
 0.33929E-08
 0.33314E-08
 0.32703E-08
 0.32227E-08
 0.31624E-08
 0.31022E-08
 0.30576E-08
 0.29978E-08
 0.29380E-08
 0.28958E-08
 0.28361E-08
 0.27762E-08
 0.27361E-08
 0.26760E-08
 0.26156E-08
 0.25773E-08
 0.25165E-08
 0.24552E-08
 0.24185E-08
 0.23566E-08
 0.22943E-08
 0.22589E-08
 0.21958E-08
 0.21321E-08
 0.20981E-08
 0.20335E-08
 0.20003E-08
 0.19355E-08
 0.18706E-08
 0.18404E-08
 0.17755E-08
 0.17102E-08
 0.16824E-08
 0.16166E-08
 0.15503E-08
 0.15245E-08
 0.14321E-08
 0.14321E-08
 0.17004E-08
 0.18357E-08
 0.20044E-08
 0.21655E-08
 0.22843E-08
 0.24329E-08
 0.25743E-08
 0.26778E-08
 0.28075E-08
 0.29307E-08
 0.30198E-08
 0.31321E-08
 0.32128E-08
 0.33148E-08
 0.34110E-08
 0.34790E-08
 0.35656E-08
 0.36470E-08
 0.37033E-08
 0.37759E-08
 0.38437E-08
 0.38894E-08
 0.39492E-08
 0.40045E-08
 0.40407E-08
 0.40888E-08
 0.41328E-08
 0.41602E-08
 0.41977E-08
 0.42315E-08
 0.42510E-08
 0.42789E-08
 0.43034E-08
 0.43158E-08
 0.43351E-08
 0.43513E-08
 0.43572E-08
 0.43687E-08
 0.43710E-08
 0.43781E-08
 0.43825E-08
 0.43795E-08
 0.43800E-08
 0.43782E-08
 0.43705E-08
 0.43652E-08
 0.43578E-08
 0.43459E-08
 0.43354E-08
 0.42388E-08
 0.41637E-08
 0.40941E-08
 0.40227E-08
 0.39526E-08
 0.38897E-08
 0.38225E-08
 0.37562E-08
 0.36988E-08
 0.36346E-08
 0.35711E-08
 0.35182E-08
 0.34562E-08
 0.34059E-08
 0.33450E-08
 0.32845E-08
 0.32374E-08
 0.31776E-08
 0.31177E-08
 0.30734E-08
 0.30140E-08
 0.29544E-08
 0.29123E-08
 0.28527E-08
 0.27929E-08
 0.27528E-08
 0.26927E-08
 0.26322E-08
 0.25937E-08
 0.25327E-08
 0.24712E-08
 0.24341E-08
 0.23719E-08
 0.23091E-08
 0.22733E-08
 0.22097E-08
 0.21454E-08
 0.21107E-08
 0.20454E-08
 0.20114E-08
 0.19458E-08
 0.18801E-08
 0.18489E-08
 0.17830E-08
 0.17166E-08
 0.16876E-08
 0.16206E-08
 0.15530E-08
 0.15257E-08
 0.14321E-08
 0.14321E-08
 0.16971E-08
 0.18311E-08
 0.19985E-08
 0.21584E-08
 0.22762E-08
 0.24237E-08
 0.25642E-08
 0.26668E-08
 0.27958E-08
 0.29183E-08
 0.30068E-08
 0.31186E-08
 0.31987E-08
 0.33004E-08
 0.33962E-08
 0.34639E-08
 0.35503E-08
 0.36315E-08
 0.36877E-08
 0.37603E-08
 0.38280E-08
 0.38737E-08
 0.39336E-08
 0.39891E-08
 0.40253E-08
 0.40736E-08
 0.41179E-08
 0.41455E-08
 0.41833E-08
 0.42175E-08
 0.42373E-08
 0.42655E-08
 0.42905E-08
 0.43032E-08
 0.43229E-08
 0.43396E-08
 0.43460E-08
 0.43579E-08
 0.43608E-08
 0.43683E-08
 0.43732E-08
 0.43708E-08
 0.43718E-08
 0.43705E-08
 0.43634E-08
 0.43586E-08
 0.43518E-08
 0.43405E-08
 0.43305E-08
 0.42365E-08
 0.41630E-08
 0.40950E-08
 0.40250E-08
 0.39563E-08
 0.38947E-08
 0.38286E-08
 0.37635E-08
 0.37070E-08
 0.36438E-08
 0.35812E-08
 0.35290E-08
 0.34678E-08
 0.34181E-08
 0.33579E-08
 0.32979E-08
 0.32513E-08
 0.31919E-08
 0.31325E-08
 0.30885E-08
 0.30293E-08
 0.29699E-08
 0.29280E-08
 0.28686E-08
 0.28088E-08
 0.27687E-08
 0.27086E-08
 0.26480E-08
 0.26093E-08
 0.25482E-08
 0.24864E-08
 0.24490E-08
 0.23865E-08
 0.23234E-08
 0.22871E-08
 0.22230E-08
 0.21581E-08
 0.21228E-08
 0.20569E-08
 0.20222E-08
 0.19558E-08
 0.18892E-08
 0.18571E-08
 0.17902E-08
 0.17228E-08
 0.16927E-08
 0.16245E-08
 0.15557E-08
 0.15270E-08
 0.14321E-08
 0.14321E-08
 0.16942E-08
 0.18269E-08
 0.19931E-08
 0.21518E-08
 0.22685E-08
 0.24151E-08
 0.25548E-08
 0.26565E-08
 0.27848E-08
 0.29067E-08
 0.29945E-08
 0.31058E-08
 0.31855E-08
 0.32867E-08
 0.33822E-08
 0.34496E-08
 0.35358E-08
 0.36168E-08
 0.36729E-08
 0.37454E-08
 0.38131E-08
 0.38589E-08
 0.39188E-08
 0.39744E-08
 0.40107E-08
 0.40592E-08
 0.41037E-08
 0.41315E-08
 0.41696E-08
 0.42041E-08
 0.42242E-08
 0.42528E-08
 0.42781E-08
 0.42912E-08
 0.43113E-08
 0.43284E-08
 0.43352E-08
 0.43476E-08
 0.43509E-08
 0.43589E-08
 0.43643E-08
 0.43624E-08
 0.43639E-08
 0.43631E-08
 0.43565E-08
 0.43522E-08
 0.43459E-08
 0.43352E-08
 0.43258E-08
 0.42342E-08
 0.41623E-08
 0.40957E-08
 0.40271E-08
 0.39598E-08
 0.38993E-08
 0.38344E-08
 0.37703E-08
 0.37148E-08
 0.36525E-08
 0.35908E-08
 0.35393E-08
 0.34788E-08
 0.34297E-08
 0.33701E-08
 0.33107E-08
 0.32645E-08
 0.32056E-08
 0.31466E-08
 0.31028E-08
 0.30439E-08
 0.29848E-08
 0.29430E-08
 0.28837E-08
 0.28240E-08
 0.27839E-08
 0.27237E-08
 0.26631E-08
 0.26243E-08
 0.25629E-08
 0.25010E-08
 0.24633E-08
 0.24005E-08
 0.23370E-08
 0.23002E-08
 0.22357E-08
 0.21704E-08
 0.21344E-08
 0.20679E-08
 0.20325E-08
 0.19654E-08
 0.18981E-08
 0.18651E-08
 0.17973E-08
 0.17289E-08
 0.16976E-08
 0.16284E-08
 0.15583E-08
 0.15285E-08
 0.14321E-08
 0.14321E-08
 0.16916E-08
 0.18230E-08
 0.19880E-08
 0.21457E-08
 0.22614E-08
 0.24071E-08
 0.25459E-08
 0.26469E-08
 0.27745E-08
 0.28957E-08
 0.29829E-08
 0.30937E-08
 0.31729E-08
 0.32738E-08
 0.33690E-08
 0.34361E-08
 0.35221E-08
 0.36029E-08
 0.36588E-08
 0.37313E-08
 0.37990E-08
 0.38447E-08
 0.39047E-08
 0.39604E-08
 0.39968E-08
 0.40455E-08
 0.40902E-08
 0.41182E-08
 0.41566E-08
 0.41913E-08
 0.42116E-08
 0.42406E-08
 0.42663E-08
 0.42797E-08
 0.43002E-08
 0.43177E-08
 0.43249E-08
 0.43377E-08
 0.43414E-08
 0.43499E-08
 0.43558E-08
 0.43543E-08
 0.43563E-08
 0.43560E-08
 0.43498E-08
 0.43461E-08
 0.43403E-08
 0.43300E-08
 0.43211E-08
 0.42318E-08
 0.41615E-08
 0.40963E-08
 0.40291E-08
 0.39629E-08
 0.39036E-08
 0.38397E-08
 0.37767E-08
 0.37221E-08
 0.36607E-08
 0.35998E-08
 0.35490E-08
 0.34892E-08
 0.34407E-08
 0.33817E-08
 0.33228E-08
 0.32771E-08
 0.32186E-08
 0.31599E-08
 0.31164E-08
 0.30578E-08
 0.29989E-08
 0.29573E-08
 0.28981E-08
 0.28385E-08
 0.27983E-08
 0.27382E-08
 0.26775E-08
 0.26385E-08
 0.25771E-08
 0.25150E-08
 0.24770E-08
 0.24139E-08
 0.23501E-08
 0.23129E-08
 0.22479E-08
 0.21821E-08
 0.21456E-08
 0.20786E-08
 0.20425E-08
 0.19747E-08
 0.19066E-08
 0.18728E-08
 0.18041E-08
 0.17347E-08
 0.17025E-08
 0.16322E-08
 0.15610E-08
 0.15299E-08
 0.14321E-08
 0.14321E-08
 0.16892E-08
 0.18194E-08
 0.19833E-08
 0.21400E-08
 0.22547E-08
 0.23995E-08
 0.25375E-08
 0.26378E-08
 0.27647E-08
 0.28853E-08
 0.29720E-08
 0.30823E-08
 0.31611E-08
 0.32616E-08
 0.33565E-08
 0.34232E-08
 0.35090E-08
 0.35897E-08
 0.36455E-08
 0.37179E-08
 0.37855E-08
 0.38312E-08
 0.38913E-08
 0.39471E-08
 0.39836E-08
 0.40324E-08
 0.40773E-08
 0.41055E-08
 0.41441E-08
 0.41791E-08
 0.41997E-08
 0.42289E-08
 0.42549E-08
 0.42687E-08
 0.42895E-08
 0.43074E-08
 0.43150E-08
 0.43282E-08
 0.43323E-08
 0.43412E-08
 0.43476E-08
 0.43465E-08
 0.43489E-08
 0.43491E-08
 0.43434E-08
 0.43401E-08
 0.43348E-08
 0.43250E-08
 0.43166E-08
 0.42295E-08
 0.41606E-08
 0.40968E-08
 0.40308E-08
 0.39658E-08
 0.39076E-08
 0.38448E-08
 0.37827E-08
 0.37290E-08
 0.36684E-08
 0.36083E-08
 0.35582E-08
 0.34991E-08
 0.34512E-08
 0.33928E-08
 0.33344E-08
 0.32890E-08
 0.32309E-08
 0.31726E-08
 0.31294E-08
 0.30711E-08
 0.30124E-08
 0.29709E-08
 0.29119E-08
 0.28524E-08
 0.28122E-08
 0.27521E-08
 0.26913E-08
 0.26522E-08
 0.25906E-08
 0.25283E-08
 0.24901E-08
 0.24267E-08
 0.23626E-08
 0.23250E-08
 0.22597E-08
 0.21934E-08
 0.21564E-08
 0.20888E-08
 0.20521E-08
 0.19837E-08
 0.19148E-08
 0.18802E-08
 0.18107E-08
 0.17405E-08
 0.17073E-08
 0.16359E-08
 0.15637E-08
 0.15315E-08
 0.14321E-08
 0.14321E-08
 0.16871E-08
 0.18161E-08
 0.19790E-08
 0.21347E-08
 0.22485E-08
 0.23924E-08
 0.25297E-08
 0.26292E-08
 0.27554E-08
 0.28755E-08
 0.29616E-08
 0.30715E-08
 0.31498E-08
 0.32499E-08
 0.33445E-08
 0.34110E-08
 0.34966E-08
 0.35772E-08
 0.36328E-08
 0.37051E-08
 0.37727E-08
 0.38184E-08
 0.38785E-08
 0.39344E-08
 0.39710E-08
 0.40199E-08
 0.40650E-08
 0.40933E-08
 0.41321E-08
 0.41674E-08
 0.41882E-08
 0.42178E-08
 0.42441E-08
 0.42581E-08
 0.42793E-08
 0.42976E-08
 0.43055E-08
 0.43191E-08
 0.43236E-08
 0.43329E-08
 0.43396E-08
 0.43389E-08
 0.43418E-08
 0.43425E-08
 0.43372E-08
 0.43344E-08
 0.43295E-08
 0.43201E-08
 0.43122E-08
 0.42273E-08
 0.41597E-08
 0.40972E-08
 0.40324E-08
 0.39686E-08
 0.39114E-08
 0.38496E-08
 0.37884E-08
 0.37355E-08
 0.36758E-08
 0.36164E-08
 0.35670E-08
 0.35085E-08
 0.34611E-08
 0.34032E-08
 0.33453E-08
 0.33004E-08
 0.32427E-08
 0.31848E-08
 0.31418E-08
 0.30838E-08
 0.30253E-08
 0.29839E-08
 0.29250E-08
 0.28656E-08
 0.28254E-08
 0.27653E-08
 0.27045E-08
 0.26653E-08
 0.26036E-08
 0.25412E-08
 0.25026E-08
 0.24391E-08
 0.23746E-08
 0.23367E-08
 0.22709E-08
 0.22043E-08
 0.21667E-08
 0.20986E-08
 0.20613E-08
 0.19923E-08
 0.19228E-08
 0.18874E-08
 0.18171E-08
 0.17460E-08
 0.17119E-08
 0.16396E-08
 0.15664E-08
 0.15330E-08
 0.14321E-08
 0.14321E-08
 0.16851E-08
 0.18131E-08
 0.19749E-08
 0.21297E-08
 0.22426E-08
 0.23857E-08
 0.25222E-08
 0.26210E-08
 0.27467E-08
 0.28662E-08
 0.29518E-08
 0.30612E-08
 0.31391E-08
 0.32389E-08
 0.33332E-08
 0.33994E-08
 0.34848E-08
 0.35652E-08
 0.36207E-08
 0.36929E-08
 0.37605E-08
 0.38062E-08
 0.38663E-08
 0.39222E-08
 0.39589E-08
 0.40080E-08
 0.40532E-08
 0.40817E-08
 0.41207E-08
 0.41562E-08
 0.41772E-08
 0.42071E-08
 0.42337E-08
 0.42480E-08
 0.42695E-08
 0.42881E-08
 0.42964E-08
 0.43104E-08
 0.43152E-08
 0.43248E-08
 0.43320E-08
 0.43317E-08
 0.43350E-08
 0.43361E-08
 0.43312E-08
 0.43288E-08
 0.43244E-08
 0.43154E-08
 0.43079E-08
 0.42250E-08
 0.41587E-08
 0.40975E-08
 0.40338E-08
 0.39711E-08
 0.39149E-08
 0.38540E-08
 0.37938E-08
 0.37417E-08
 0.36827E-08
 0.36240E-08
 0.35753E-08
 0.35174E-08
 0.34706E-08
 0.34132E-08
 0.33558E-08
 0.33113E-08
 0.32540E-08
 0.31964E-08
 0.31537E-08
 0.30959E-08
 0.30376E-08
 0.29964E-08
 0.29376E-08
 0.28783E-08
 0.28381E-08
 0.27780E-08
 0.27172E-08
 0.26779E-08
 0.26161E-08
 0.25535E-08
 0.25147E-08
 0.24509E-08
 0.23862E-08
 0.23479E-08
 0.22818E-08
 0.22147E-08
 0.21767E-08
 0.21081E-08
 0.20703E-08
 0.20007E-08
 0.19305E-08
 0.18944E-08
 0.18234E-08
 0.17515E-08
 0.17164E-08
 0.16432E-08
 0.15690E-08
 0.15346E-08
 0.14321E-08
 0.14321E-08
 0.16834E-08
 0.18103E-08
 0.19712E-08
 0.21250E-08
 0.22371E-08
 0.23794E-08
 0.25152E-08
 0.26133E-08
 0.27384E-08
 0.28573E-08
 0.29425E-08
 0.30515E-08
 0.31289E-08
 0.32284E-08
 0.33224E-08
 0.33883E-08
 0.34736E-08
 0.35538E-08
 0.36091E-08
 0.36813E-08
 0.37489E-08
 0.37945E-08
 0.38547E-08
 0.39106E-08
 0.39474E-08
 0.39966E-08
 0.40419E-08
 0.40706E-08
 0.41098E-08
 0.41455E-08
 0.41667E-08
 0.41968E-08
 0.42237E-08
 0.42383E-08
 0.42601E-08
 0.42790E-08
 0.42876E-08
 0.43019E-08
 0.43071E-08
 0.43171E-08
 0.43247E-08
 0.43247E-08
 0.43284E-08
 0.43299E-08
 0.43254E-08
 0.43234E-08
 0.43194E-08
 0.43108E-08
 0.43037E-08
 0.42228E-08
 0.41578E-08
 0.40977E-08
 0.40351E-08
 0.39734E-08
 0.39182E-08
 0.38582E-08
 0.37988E-08
 0.37475E-08
 0.36893E-08
 0.36313E-08
 0.35832E-08
 0.35259E-08
 0.34796E-08
 0.34228E-08
 0.33658E-08
 0.33216E-08
 0.32647E-08
 0.32074E-08
 0.31650E-08
 0.31074E-08
 0.30494E-08
 0.30083E-08
 0.29497E-08
 0.28904E-08
 0.28503E-08
 0.27902E-08
 0.27294E-08
 0.26899E-08
 0.26280E-08
 0.25653E-08
 0.25263E-08
 0.24623E-08
 0.23973E-08
 0.23587E-08
 0.22922E-08
 0.22248E-08
 0.21863E-08
 0.21173E-08
 0.20789E-08
 0.20087E-08
 0.19380E-08
 0.19012E-08
 0.18294E-08
 0.17567E-08
 0.17208E-08
 0.16468E-08
 0.15716E-08
 0.15363E-08
 0.14321E-08
 0.14321E-08
 0.16818E-08
 0.18077E-08
 0.19676E-08
 0.21206E-08
 0.22318E-08
 0.23734E-08
 0.25085E-08
 0.26060E-08
 0.27305E-08
 0.28490E-08
 0.29336E-08
 0.30422E-08
 0.31192E-08
 0.32184E-08
 0.33121E-08
 0.33778E-08
 0.34629E-08
 0.35429E-08
 0.35981E-08
 0.36702E-08
 0.37377E-08
 0.37833E-08
 0.38435E-08
 0.38995E-08
 0.39363E-08
 0.39856E-08
 0.40311E-08
 0.40599E-08
 0.40993E-08
 0.41352E-08
 0.41566E-08
 0.41870E-08
 0.42141E-08
 0.42290E-08
 0.42511E-08
 0.42703E-08
 0.42792E-08
 0.42938E-08
 0.42993E-08
 0.43096E-08
 0.43176E-08
 0.43180E-08
 0.43220E-08
 0.43239E-08
 0.43197E-08
 0.43181E-08
 0.43145E-08
 0.43064E-08
 0.42997E-08
 0.42206E-08
 0.41568E-08
 0.40978E-08
 0.40363E-08
 0.39756E-08
 0.39213E-08
 0.38622E-08
 0.38036E-08
 0.37531E-08
 0.36956E-08
 0.36383E-08
 0.35907E-08
 0.35340E-08
 0.34882E-08
 0.34318E-08
 0.33753E-08
 0.33315E-08
 0.32750E-08
 0.32180E-08
 0.31758E-08
 0.31185E-08
 0.30607E-08
 0.30197E-08
 0.29612E-08
 0.29021E-08
 0.28619E-08
 0.28019E-08
 0.27410E-08
 0.27015E-08
 0.26395E-08
 0.25766E-08
 0.25374E-08
 0.24732E-08
 0.24080E-08
 0.23690E-08
 0.23023E-08
 0.22345E-08
 0.21956E-08
 0.21261E-08
 0.20872E-08
 0.20165E-08
 0.19452E-08
 0.19077E-08
 0.18353E-08
 0.17619E-08
 0.17252E-08
 0.16502E-08
 0.15742E-08
 0.15379E-08
 0.14321E-08
 0.14321E-08
 0.16803E-08
 0.18053E-08
 0.19643E-08
 0.21165E-08
 0.22269E-08
 0.23678E-08
 0.25023E-08
 0.25991E-08
 0.27231E-08
 0.28410E-08
 0.29252E-08
 0.30333E-08
 0.31100E-08
 0.32088E-08
 0.33023E-08
 0.33677E-08
 0.34526E-08
 0.35326E-08
 0.35876E-08
 0.36596E-08
 0.37271E-08
 0.37726E-08
 0.38328E-08
 0.38889E-08
 0.39257E-08
 0.39752E-08
 0.40208E-08
 0.40497E-08
 0.40892E-08
 0.41253E-08
 0.41470E-08
 0.41775E-08
 0.42049E-08
 0.42200E-08
 0.42424E-08
 0.42619E-08
 0.42710E-08
 0.42860E-08
 0.42917E-08
 0.43025E-08
 0.43107E-08
 0.43114E-08
 0.43159E-08
 0.43181E-08
 0.43143E-08
 0.43131E-08
 0.43098E-08
 0.43020E-08
 0.42957E-08
 0.42184E-08
 0.41557E-08
 0.40979E-08
 0.40374E-08
 0.39776E-08
 0.39242E-08
 0.38660E-08
 0.38082E-08
 0.37583E-08
 0.37015E-08
 0.36449E-08
 0.35979E-08
 0.35418E-08
 0.34964E-08
 0.34405E-08
 0.33844E-08
 0.33410E-08
 0.32848E-08
 0.32282E-08
 0.31862E-08
 0.31291E-08
 0.30715E-08
 0.30306E-08
 0.29723E-08
 0.29132E-08
 0.28731E-08
 0.28131E-08
 0.27522E-08
 0.27126E-08
 0.26505E-08
 0.25875E-08
 0.25482E-08
 0.24837E-08
 0.24183E-08
 0.23790E-08
 0.23120E-08
 0.22439E-08
 0.22045E-08
 0.21346E-08
 0.20952E-08
 0.20241E-08
 0.19522E-08
 0.19140E-08
 0.18409E-08
 0.17668E-08
 0.17294E-08
 0.16537E-08
 0.15767E-08
 0.15395E-08
 0.14321E-08
 0.14321E-08
 0.16790E-08
 0.18031E-08
 0.19612E-08
 0.21126E-08
 0.22223E-08
 0.23625E-08
 0.24963E-08
 0.25925E-08
 0.27159E-08
 0.28334E-08
 0.29171E-08
 0.30249E-08
 0.31012E-08
 0.31997E-08
 0.32930E-08
 0.33581E-08
 0.34428E-08
 0.35226E-08
 0.35775E-08
 0.36495E-08
 0.37169E-08
 0.37624E-08
 0.38226E-08
 0.38787E-08
 0.39156E-08
 0.39651E-08
 0.40109E-08
 0.40399E-08
 0.40796E-08
 0.41158E-08
 0.41377E-08
 0.41684E-08
 0.41961E-08
 0.42114E-08
 0.42340E-08
 0.42538E-08
 0.42632E-08
 0.42785E-08
 0.42845E-08
 0.42955E-08
 0.43041E-08
 0.43052E-08
 0.43099E-08
 0.43125E-08
 0.43090E-08
 0.43082E-08
 0.43053E-08
 0.42979E-08
 0.42919E-08
 0.42163E-08
 0.41547E-08
 0.40979E-08
 0.40384E-08
 0.39795E-08
 0.39269E-08
 0.38695E-08
 0.38125E-08
 0.37633E-08
 0.37072E-08
 0.36512E-08
 0.36047E-08
 0.35491E-08
 0.35043E-08
 0.34488E-08
 0.33931E-08
 0.33501E-08
 0.32942E-08
 0.32379E-08
 0.31962E-08
 0.31393E-08
 0.30819E-08
 0.30411E-08
 0.29829E-08
 0.29240E-08
 0.28839E-08
 0.28238E-08
 0.27630E-08
 0.27233E-08
 0.26611E-08
 0.25980E-08
 0.25585E-08
 0.24939E-08
 0.24282E-08
 0.23887E-08
 0.23213E-08
 0.22529E-08
 0.22131E-08
 0.21428E-08
 0.21030E-08
 0.20314E-08
 0.19589E-08
 0.19202E-08
 0.18465E-08
 0.17717E-08
 0.17335E-08
 0.16570E-08
 0.15793E-08
 0.15412E-08
 0.14321E-08
 0.14321E-08
 0.16778E-08
 0.18010E-08
 0.19583E-08
 0.21089E-08
 0.22179E-08
 0.23574E-08
 0.24906E-08
 0.25863E-08
 0.27092E-08
 0.28262E-08
 0.29095E-08
 0.30169E-08
 0.30928E-08
 0.31911E-08
 0.32840E-08
 0.33490E-08
 0.34334E-08
 0.35131E-08
 0.35679E-08
 0.36397E-08
 0.37071E-08
 0.37526E-08
 0.38128E-08
 0.38690E-08
 0.39059E-08
 0.39555E-08
 0.40013E-08
 0.40304E-08
 0.40703E-08
 0.41067E-08
 0.41287E-08
 0.41597E-08
 0.41875E-08
 0.42031E-08
 0.42260E-08
 0.42460E-08
 0.42557E-08
 0.42712E-08
 0.42775E-08
 0.42888E-08
 0.42977E-08
 0.42991E-08
 0.43042E-08
 0.43071E-08
 0.43039E-08
 0.43034E-08
 0.43009E-08
 0.42938E-08
 0.42882E-08
 0.42142E-08
 0.41537E-08
 0.40978E-08
 0.40392E-08
 0.39813E-08
 0.39295E-08
 0.38729E-08
 0.38166E-08
 0.37681E-08
 0.37126E-08
 0.36572E-08
 0.36113E-08
 0.35562E-08
 0.35118E-08
 0.34568E-08
 0.34015E-08
 0.33588E-08
 0.33032E-08
 0.32472E-08
 0.32057E-08
 0.31491E-08
 0.30919E-08
 0.30512E-08
 0.29931E-08
 0.29343E-08
 0.28942E-08
 0.28342E-08
 0.27734E-08
 0.27336E-08
 0.26714E-08
 0.26081E-08
 0.25684E-08
 0.25037E-08
 0.24378E-08
 0.23979E-08
 0.23304E-08
 0.22616E-08
 0.22215E-08
 0.21508E-08
 0.21105E-08
 0.20384E-08
 0.19655E-08
 0.19262E-08
 0.18518E-08
 0.17764E-08
 0.17375E-08
 0.16603E-08
 0.15818E-08
 0.15428E-08
 0.14321E-08
 0.14321E-08
 0.16768E-08
 0.17991E-08
 0.19556E-08
 0.21054E-08
 0.22137E-08
 0.23526E-08
 0.24852E-08
 0.25804E-08
 0.27027E-08
 0.28193E-08
 0.29022E-08
 0.30092E-08
 0.30848E-08
 0.31827E-08
 0.32755E-08
 0.33402E-08
 0.34245E-08
 0.35040E-08
 0.35586E-08
 0.36304E-08
 0.36978E-08
 0.37432E-08
 0.38034E-08
 0.38596E-08
 0.38965E-08
 0.39462E-08
 0.39922E-08
 0.40214E-08
 0.40614E-08
 0.40980E-08
 0.41201E-08
 0.41513E-08
 0.41793E-08
 0.41951E-08
 0.42182E-08
 0.42385E-08
 0.42484E-08
 0.42642E-08
 0.42708E-08
 0.42824E-08
 0.42916E-08
 0.42932E-08
 0.42986E-08
 0.43018E-08
 0.42990E-08
 0.42988E-08
 0.42966E-08
 0.42898E-08
 0.42846E-08
 0.42121E-08
 0.41526E-08
 0.40977E-08
 0.40400E-08
 0.39829E-08
 0.39320E-08
 0.38761E-08
 0.38205E-08
 0.37727E-08
 0.37178E-08
 0.36629E-08
 0.36175E-08
 0.35629E-08
 0.35190E-08
 0.34644E-08
 0.34095E-08
 0.33671E-08
 0.33119E-08
 0.32561E-08
 0.32149E-08
 0.31585E-08
 0.31014E-08
 0.30609E-08
 0.30030E-08
 0.29442E-08
 0.29041E-08
 0.28442E-08
 0.27833E-08
 0.27435E-08
 0.26812E-08
 0.26179E-08
 0.25780E-08
 0.25131E-08
 0.24470E-08
 0.24069E-08
 0.23391E-08
 0.22700E-08
 0.22295E-08
 0.21585E-08
 0.21178E-08
 0.20452E-08
 0.19718E-08
 0.19319E-08
 0.18570E-08
 0.17810E-08
 0.17414E-08
 0.16635E-08
 0.15842E-08
 0.15444E-08
 0.14321E-08
 0.14321E-08
 0.16758E-08
 0.17973E-08
 0.19530E-08
 0.21021E-08
 0.22098E-08
 0.23480E-08
 0.24801E-08
 0.25747E-08
 0.26966E-08
 0.28127E-08
 0.28952E-08
 0.30019E-08
 0.30771E-08
 0.31748E-08
 0.32673E-08
 0.33317E-08
 0.34159E-08
 0.34953E-08
 0.35498E-08
 0.36215E-08
 0.36888E-08
 0.37341E-08
 0.37944E-08
 0.38506E-08
 0.38876E-08
 0.39373E-08
 0.39834E-08
 0.40127E-08
 0.40528E-08
 0.40895E-08
 0.41118E-08
 0.41432E-08
 0.41714E-08
 0.41873E-08
 0.42107E-08
 0.42312E-08
 0.42414E-08
 0.42574E-08
 0.42642E-08
 0.42761E-08
 0.42856E-08
 0.42875E-08
 0.42932E-08
 0.42967E-08
 0.42942E-08
 0.42943E-08
 0.42924E-08
 0.42860E-08
 0.42810E-08
 0.42101E-08
 0.41516E-08
 0.40976E-08
 0.40408E-08
 0.39845E-08
 0.39343E-08
 0.38791E-08
 0.38242E-08
 0.37770E-08
 0.37227E-08
 0.36684E-08
 0.36235E-08
 0.35694E-08
 0.35259E-08
 0.34717E-08
 0.34172E-08
 0.33751E-08
 0.33202E-08
 0.32647E-08
 0.32237E-08
 0.31675E-08
 0.31106E-08
 0.30703E-08
 0.30124E-08
 0.29537E-08
 0.29137E-08
 0.28538E-08
 0.27929E-08
 0.27530E-08
 0.26907E-08
 0.26273E-08
 0.25872E-08
 0.25222E-08
 0.24559E-08
 0.24156E-08
 0.23475E-08
 0.22781E-08
 0.22373E-08
 0.21659E-08
 0.21248E-08
 0.20518E-08
 0.19779E-08
 0.19376E-08
 0.18621E-08
 0.17855E-08
 0.17452E-08
 0.16666E-08
 0.15866E-08
 0.15461E-08
 0.14321E-08
 0.14321E-08
 0.16749E-08
 0.17956E-08
 0.19506E-08
 0.20990E-08
 0.22060E-08
 0.23437E-08
 0.24752E-08
 0.25693E-08
 0.26907E-08
 0.28064E-08
 0.28885E-08
 0.29948E-08
 0.30698E-08
 0.31672E-08
 0.32594E-08
 0.33237E-08
 0.34076E-08
 0.34869E-08
 0.35413E-08
 0.36129E-08
 0.36802E-08
 0.37254E-08
 0.37857E-08
 0.38420E-08
 0.38789E-08
 0.39288E-08
 0.39749E-08
 0.40043E-08
 0.40445E-08
 0.40814E-08
 0.41038E-08
 0.41354E-08
 0.41638E-08
 0.41799E-08
 0.42035E-08
 0.42242E-08
 0.42346E-08
 0.42509E-08
 0.42579E-08
 0.42701E-08
 0.42799E-08
 0.42820E-08
 0.42880E-08
 0.42918E-08
 0.42896E-08
 0.42900E-08
 0.42884E-08
 0.42822E-08
 0.42776E-08
 0.42081E-08
 0.41505E-08
 0.40974E-08
 0.40414E-08
 0.39859E-08
 0.39364E-08
 0.38820E-08
 0.38277E-08
 0.37811E-08
 0.37274E-08
 0.36736E-08
 0.36292E-08
 0.35756E-08
 0.35325E-08
 0.34787E-08
 0.34246E-08
 0.33828E-08
 0.33282E-08
 0.32730E-08
 0.32321E-08
 0.31762E-08
 0.31195E-08
 0.30792E-08
 0.30215E-08
 0.29629E-08
 0.29229E-08
 0.28631E-08
 0.28022E-08
 0.27622E-08
 0.26998E-08
 0.26364E-08
 0.25961E-08
 0.25309E-08
 0.24645E-08
 0.24239E-08
 0.23556E-08
 0.22860E-08
 0.22448E-08
 0.21731E-08
 0.21316E-08
 0.20583E-08
 0.19839E-08
 0.19430E-08
 0.18670E-08
 0.17898E-08
 0.17489E-08
 0.16697E-08
 0.15890E-08
 0.15477E-08
 0.14321E-08
 0.14321E-08
 0.16741E-08
 0.17941E-08
 0.19483E-08
 0.20961E-08
 0.22025E-08
 0.23395E-08
 0.24705E-08
 0.25641E-08
 0.26851E-08
 0.28004E-08
 0.28821E-08
 0.29881E-08
 0.30627E-08
 0.31599E-08
 0.32519E-08
 0.33159E-08
 0.33997E-08
 0.34789E-08
 0.35331E-08
 0.36046E-08
 0.36719E-08
 0.37171E-08
 0.37774E-08
 0.38336E-08
 0.38706E-08
 0.39205E-08
 0.39667E-08
 0.39962E-08
 0.40366E-08
 0.40736E-08
 0.40961E-08
 0.41278E-08
 0.41565E-08
 0.41727E-08
 0.41965E-08
 0.42175E-08
 0.42280E-08
 0.42446E-08
 0.42519E-08
 0.42643E-08
 0.42743E-08
 0.42767E-08
 0.42829E-08
 0.42870E-08
 0.42851E-08
 0.42858E-08
 0.42845E-08
 0.42786E-08
 0.42743E-08
 0.42061E-08
 0.41494E-08
 0.40972E-08
 0.40420E-08
 0.39873E-08
 0.39385E-08
 0.38847E-08
 0.38311E-08
 0.37851E-08
 0.37319E-08
 0.36787E-08
 0.36347E-08
 0.35815E-08
 0.35388E-08
 0.34854E-08
 0.34316E-08
 0.33902E-08
 0.33358E-08
 0.32809E-08
 0.32403E-08
 0.31845E-08
 0.31280E-08
 0.30879E-08
 0.30303E-08
 0.29718E-08
 0.29318E-08
 0.28720E-08
 0.28111E-08
 0.27711E-08
 0.27087E-08
 0.26451E-08
 0.26048E-08
 0.25394E-08
 0.24728E-08
 0.24320E-08
 0.23635E-08
 0.22936E-08
 0.22521E-08
 0.21801E-08
 0.21382E-08
 0.20645E-08
 0.19897E-08
 0.19483E-08
 0.18718E-08
 0.17940E-08
 0.17525E-08
 0.16727E-08
 0.15913E-08
 0.15493E-08
 0.14321E-08
 0.14321E-08
 0.16734E-08
 0.17926E-08
 0.19462E-08
 0.20933E-08
 0.21991E-08
 0.23356E-08
 0.24661E-08
 0.25592E-08
 0.26797E-08
 0.27947E-08
 0.28760E-08
 0.29816E-08
 0.30560E-08
 0.31528E-08
 0.32447E-08
 0.33085E-08
 0.33921E-08
 0.34711E-08
 0.35252E-08
 0.35967E-08
 0.36639E-08
 0.37091E-08
 0.37693E-08
 0.38256E-08
 0.38626E-08
 0.39126E-08
 0.39589E-08
 0.39884E-08
 0.40289E-08
 0.40661E-08
 0.40887E-08
 0.41206E-08
 0.41494E-08
 0.41658E-08
 0.41898E-08
 0.42110E-08
 0.42217E-08
 0.42385E-08
 0.42460E-08
 0.42586E-08
 0.42689E-08
 0.42715E-08
 0.42780E-08
 0.42824E-08
 0.42807E-08
 0.42817E-08
 0.42807E-08
 0.42751E-08
 0.42710E-08
 0.42042E-08
 0.41484E-08
 0.40970E-08
 0.40426E-08
 0.39885E-08
 0.39405E-08
 0.38873E-08
 0.38343E-08
 0.37888E-08
 0.37362E-08
 0.36835E-08
 0.36400E-08
 0.35873E-08
 0.35449E-08
 0.34919E-08
 0.34385E-08
 0.33973E-08
 0.33432E-08
 0.32886E-08
 0.32481E-08
 0.31926E-08
 0.31363E-08
 0.30962E-08
 0.30387E-08
 0.29803E-08
 0.29404E-08
 0.28806E-08
 0.28198E-08
 0.27797E-08
 0.27172E-08
 0.26536E-08
 0.26131E-08
 0.25476E-08
 0.24809E-08
 0.24398E-08
 0.23711E-08
 0.23009E-08
 0.22592E-08
 0.21869E-08
 0.21446E-08
 0.20705E-08
 0.19953E-08
 0.19534E-08
 0.18764E-08
 0.17981E-08
 0.17561E-08
 0.16756E-08
 0.15936E-08
 0.15509E-08
 0.14321E-08
 0.14321E-08
 0.16727E-08
 0.17912E-08
 0.19442E-08
 0.20907E-08
 0.21958E-08
 0.23318E-08
 0.24618E-08
 0.25545E-08
 0.26746E-08
 0.27891E-08
 0.28701E-08
 0.29755E-08
 0.30495E-08
 0.31461E-08
 0.32377E-08
 0.33013E-08
 0.33848E-08
 0.34637E-08
 0.35177E-08
 0.35891E-08
 0.36562E-08
 0.37013E-08
 0.37616E-08
 0.38179E-08
 0.38549E-08
 0.39049E-08
 0.39513E-08
 0.39809E-08
 0.40215E-08
 0.40588E-08
 0.40816E-08
 0.41136E-08
 0.41425E-08
 0.41591E-08
 0.41833E-08
 0.42046E-08
 0.42156E-08
 0.42326E-08
 0.42403E-08
 0.42532E-08
 0.42636E-08
 0.42665E-08
 0.42733E-08
 0.42779E-08
 0.42764E-08
 0.42777E-08
 0.42770E-08
 0.42716E-08
 0.42679E-08
 0.42023E-08
 0.41473E-08
 0.40967E-08
 0.40431E-08
 0.39897E-08
 0.39423E-08
 0.38898E-08
 0.38374E-08
 0.37924E-08
 0.37404E-08
 0.36881E-08
 0.36451E-08
 0.35927E-08
 0.35507E-08
 0.34981E-08
 0.34450E-08
 0.34041E-08
 0.33503E-08
 0.32959E-08
 0.32557E-08
 0.32003E-08
 0.31442E-08
 0.31042E-08
 0.30469E-08
 0.29886E-08
 0.29487E-08
 0.28889E-08
 0.28281E-08
 0.27879E-08
 0.27254E-08
 0.26617E-08
 0.26211E-08
 0.25555E-08
 0.24886E-08
 0.24474E-08
 0.23784E-08
 0.23081E-08
 0.22660E-08
 0.21934E-08
 0.21508E-08
 0.20763E-08
 0.20007E-08
 0.19584E-08
 0.18810E-08
 0.18022E-08
 0.17595E-08
 0.16785E-08
 0.15958E-08
 0.15525E-08
 0.14321E-08
 0.14321E-08
 0.16722E-08
 0.17900E-08
 0.19423E-08
 0.20882E-08
 0.21928E-08
 0.23283E-08
 0.24578E-08
 0.25499E-08
 0.26697E-08
 0.27838E-08
 0.28644E-08
 0.29695E-08
 0.30433E-08
 0.31396E-08
 0.32310E-08
 0.32944E-08
 0.33778E-08
 0.34565E-08
 0.35104E-08
 0.35817E-08
 0.36488E-08
 0.36939E-08
 0.37541E-08
 0.38105E-08
 0.38475E-08
 0.38975E-08
 0.39440E-08
 0.39736E-08
 0.40143E-08
 0.40518E-08
 0.40746E-08
 0.41068E-08
 0.41359E-08
 0.41526E-08
 0.41770E-08
 0.41985E-08
 0.42097E-08
 0.42269E-08
 0.42348E-08
 0.42479E-08
 0.42586E-08
 0.42617E-08
 0.42687E-08
 0.42735E-08
 0.42723E-08
 0.42738E-08
 0.42734E-08
 0.42683E-08
 0.42648E-08
 0.42005E-08
 0.41463E-08
 0.40964E-08
 0.40435E-08
 0.39909E-08
 0.39441E-08
 0.38922E-08
 0.38403E-08
 0.37959E-08
 0.37443E-08
 0.36925E-08
 0.36499E-08
 0.35980E-08
 0.35564E-08
 0.35041E-08
 0.34513E-08
 0.34107E-08
 0.33572E-08
 0.33030E-08
 0.32630E-08
 0.32078E-08
 0.31518E-08
 0.31120E-08
 0.30548E-08
 0.29965E-08
 0.29567E-08
 0.28969E-08
 0.28361E-08
 0.27959E-08
 0.27334E-08
 0.26696E-08
 0.26289E-08
 0.25632E-08
 0.24962E-08
 0.24547E-08
 0.23856E-08
 0.23150E-08
 0.22726E-08
 0.21997E-08
 0.21568E-08
 0.20820E-08
 0.20060E-08
 0.19633E-08
 0.18854E-08
 0.18061E-08
 0.17629E-08
 0.16813E-08
 0.15980E-08
 0.15540E-08
 0.14321E-08
 0.14321E-08
 0.16716E-08
 0.17888E-08
 0.19405E-08
 0.20858E-08
 0.21898E-08
 0.23248E-08
 0.24539E-08
 0.25456E-08
 0.26650E-08
 0.27788E-08
 0.28590E-08
 0.29638E-08
 0.30373E-08
 0.31334E-08
 0.32246E-08
 0.32878E-08
 0.33710E-08
 0.34497E-08
 0.35034E-08
 0.35746E-08
 0.36417E-08
 0.36867E-08
 0.37469E-08
 0.38033E-08
 0.38403E-08
 0.38904E-08
 0.39369E-08
 0.39666E-08
 0.40074E-08
 0.40450E-08
 0.40679E-08
 0.41002E-08
 0.41295E-08
 0.41464E-08
 0.41709E-08
 0.41926E-08
 0.42039E-08
 0.42213E-08
 0.42294E-08
 0.42427E-08
 0.42537E-08
 0.42570E-08
 0.42642E-08
 0.42693E-08
 0.42683E-08
 0.42701E-08
 0.42699E-08
 0.42650E-08
 0.42618E-08
 0.41987E-08
 0.41453E-08
 0.40961E-08
 0.40439E-08
 0.39919E-08
 0.39457E-08
 0.38944E-08
 0.38431E-08
 0.37992E-08
 0.37481E-08
 0.36968E-08
 0.36546E-08
 0.36031E-08
 0.35618E-08
 0.35099E-08
 0.34574E-08
 0.34170E-08
 0.33638E-08
 0.33099E-08
 0.32700E-08
 0.32150E-08
 0.31592E-08
 0.31195E-08
 0.30624E-08
 0.30042E-08
 0.29644E-08
 0.29047E-08
 0.28439E-08
 0.28037E-08
 0.27411E-08
 0.26773E-08
 0.26364E-08
 0.25706E-08
 0.25035E-08
 0.24618E-08
 0.23925E-08
 0.23217E-08
 0.22791E-08
 0.22059E-08
 0.21627E-08
 0.20875E-08
 0.20112E-08
 0.19680E-08
 0.18896E-08
 0.18099E-08
 0.17662E-08
 0.16840E-08
 0.16002E-08
 0.15556E-08
 0.14321E-08
 0.14321E-08
 0.16712E-08
 0.17877E-08
 0.19388E-08
 0.20835E-08
 0.21871E-08
 0.23215E-08
 0.24501E-08
 0.25415E-08
 0.26604E-08
 0.27739E-08
 0.28538E-08
 0.29583E-08
 0.30315E-08
 0.31274E-08
 0.32184E-08
 0.32815E-08
 0.33645E-08
 0.34430E-08
 0.34966E-08
 0.35678E-08
 0.36348E-08
 0.36798E-08
 0.37400E-08
 0.37963E-08
 0.38334E-08
 0.38835E-08
 0.39301E-08
 0.39599E-08
 0.40008E-08
 0.40384E-08
 0.40615E-08
 0.40939E-08
 0.41233E-08
 0.41403E-08
 0.41650E-08
 0.41869E-08
 0.41984E-08
 0.42160E-08
 0.42242E-08
 0.42377E-08
 0.42489E-08
 0.42524E-08
 0.42599E-08
 0.42652E-08
 0.42644E-08
 0.42664E-08
 0.42665E-08
 0.42618E-08
 0.42589E-08
 0.41969E-08
 0.41442E-08
 0.40958E-08
 0.40443E-08
 0.39929E-08
 0.39473E-08
 0.38966E-08
 0.38458E-08
 0.38024E-08
 0.37518E-08
 0.37009E-08
 0.36591E-08
 0.36080E-08
 0.35670E-08
 0.35154E-08
 0.34633E-08
 0.34231E-08
 0.33702E-08
 0.33165E-08
 0.32768E-08
 0.32220E-08
 0.31663E-08
 0.31267E-08
 0.30697E-08
 0.30117E-08
 0.29719E-08
 0.29122E-08
 0.28514E-08
 0.28112E-08
 0.27486E-08
 0.26847E-08
 0.26437E-08
 0.25778E-08
 0.25105E-08
 0.24687E-08
 0.23992E-08
 0.23281E-08
 0.22853E-08
 0.22119E-08
 0.21683E-08
 0.20928E-08
 0.20161E-08
 0.19726E-08
 0.18938E-08
 0.18136E-08
 0.17694E-08
 0.16867E-08
 0.16023E-08
 0.15571E-08
 0.14321E-08
 0.14321E-08
 0.16707E-08
 0.17866E-08
 0.19371E-08
 0.20814E-08
 0.21844E-08
 0.23184E-08
 0.24466E-08
 0.25375E-08
 0.26561E-08
 0.27692E-08
 0.28488E-08
 0.29530E-08
 0.30260E-08
 0.31217E-08
 0.32125E-08
 0.32753E-08
 0.33582E-08
 0.34366E-08
 0.34901E-08
 0.35612E-08
 0.36282E-08
 0.36731E-08
 0.37333E-08
 0.37897E-08
 0.38267E-08
 0.38769E-08
 0.39235E-08
 0.39533E-08
 0.39943E-08
 0.40320E-08
 0.40552E-08
 0.40878E-08
 0.41173E-08
 0.41345E-08
 0.41593E-08
 0.41814E-08
 0.41930E-08
 0.42108E-08
 0.42192E-08
 0.42329E-08
 0.42443E-08
 0.42480E-08
 0.42557E-08
 0.42612E-08
 0.42607E-08
 0.42629E-08
 0.42631E-08
 0.42587E-08
 0.42560E-08
 0.41952E-08
 0.41432E-08
 0.40955E-08
 0.40446E-08
 0.39939E-08
 0.39489E-08
 0.38987E-08
 0.38484E-08
 0.38055E-08
 0.37553E-08
 0.37048E-08
 0.36634E-08
 0.36127E-08
 0.35721E-08
 0.35208E-08
 0.34689E-08
 0.34290E-08
 0.33763E-08
 0.33229E-08
 0.32833E-08
 0.32287E-08
 0.31732E-08
 0.31337E-08
 0.30768E-08
 0.30189E-08
 0.29791E-08
 0.29195E-08
 0.28587E-08
 0.28184E-08
 0.27558E-08
 0.26918E-08
 0.26508E-08
 0.25848E-08
 0.25173E-08
 0.24753E-08
 0.24056E-08
 0.23344E-08
 0.22913E-08
 0.22177E-08
 0.21738E-08
 0.20980E-08
 0.20210E-08
 0.19770E-08
 0.18979E-08
 0.18172E-08
 0.17725E-08
 0.16893E-08
 0.16044E-08
 0.15586E-08
 0.14321E-08
 0.14321E-08
 0.16704E-08
 0.17857E-08
 0.19356E-08
 0.20793E-08
 0.21818E-08
 0.23154E-08
 0.24431E-08
 0.25336E-08
 0.26519E-08
 0.27647E-08
 0.28440E-08
 0.29480E-08
 0.30206E-08
 0.31161E-08
 0.32067E-08
 0.32694E-08
 0.33522E-08
 0.34304E-08
 0.34838E-08
 0.35549E-08
 0.36217E-08
 0.36666E-08
 0.37268E-08
 0.37832E-08
 0.38202E-08
 0.38705E-08
 0.39172E-08
 0.39470E-08
 0.39881E-08
 0.40259E-08
 0.40492E-08
 0.40818E-08
 0.41115E-08
 0.41288E-08
 0.41538E-08
 0.41760E-08
 0.41878E-08
 0.42057E-08
 0.42143E-08
 0.42282E-08
 0.42398E-08
 0.42437E-08
 0.42516E-08
 0.42573E-08
 0.42570E-08
 0.42594E-08
 0.42599E-08
 0.42557E-08
 0.42532E-08
 0.41935E-08
 0.41422E-08
 0.40951E-08
 0.40449E-08
 0.39947E-08
 0.39503E-08
 0.39006E-08
 0.38509E-08
 0.38084E-08
 0.37587E-08
 0.37086E-08
 0.36676E-08
 0.36172E-08
 0.35769E-08
 0.35259E-08
 0.34744E-08
 0.34347E-08
 0.33823E-08
 0.33290E-08
 0.32897E-08
 0.32352E-08
 0.31799E-08
 0.31405E-08
 0.30837E-08
 0.30258E-08
 0.29861E-08
 0.29265E-08
 0.28658E-08
 0.28254E-08
 0.27628E-08
 0.26988E-08
 0.26576E-08
 0.25915E-08
 0.25240E-08
 0.24818E-08
 0.24119E-08
 0.23405E-08
 0.22972E-08
 0.22233E-08
 0.21792E-08
 0.21031E-08
 0.20257E-08
 0.19814E-08
 0.19018E-08
 0.18207E-08
 0.17755E-08
 0.16919E-08
 0.16065E-08
 0.15601E-08
 0.14321E-08
 0.14321E-08
 0.16700E-08
 0.17848E-08
 0.19341E-08
 0.20773E-08
 0.21794E-08
 0.23125E-08
 0.24398E-08
 0.25300E-08
 0.26479E-08
 0.27603E-08
 0.28394E-08
 0.29430E-08
 0.30155E-08
 0.31107E-08
 0.32012E-08
 0.32637E-08
 0.33463E-08
 0.34245E-08
 0.34778E-08
 0.35487E-08
 0.36155E-08
 0.36604E-08
 0.37206E-08
 0.37769E-08
 0.38140E-08
 0.38642E-08
 0.39110E-08
 0.39409E-08
 0.39820E-08
 0.40200E-08
 0.40433E-08
 0.40761E-08
 0.41059E-08
 0.41233E-08
 0.41484E-08
 0.41708E-08
 0.41827E-08
 0.42008E-08
 0.42096E-08
 0.42237E-08
 0.42354E-08
 0.42395E-08
 0.42476E-08
 0.42536E-08
 0.42534E-08
 0.42561E-08
 0.42568E-08
 0.42528E-08
 0.42505E-08
 0.41918E-08
 0.41412E-08
 0.40948E-08
 0.40451E-08
 0.39956E-08
 0.39517E-08
 0.39025E-08
 0.38532E-08
 0.38112E-08
 0.37619E-08
 0.37123E-08
 0.36716E-08
 0.36216E-08
 0.35816E-08
 0.35309E-08
 0.34796E-08
 0.34403E-08
 0.33880E-08
 0.33350E-08
 0.32958E-08
 0.32415E-08
 0.31863E-08
 0.31470E-08
 0.30903E-08
 0.30326E-08
 0.29929E-08
 0.29333E-08
 0.28726E-08
 0.28322E-08
 0.27695E-08
 0.27055E-08
 0.26643E-08
 0.25981E-08
 0.25304E-08
 0.24881E-08
 0.24181E-08
 0.23465E-08
 0.23029E-08
 0.22288E-08
 0.21844E-08
 0.21080E-08
 0.20303E-08
 0.19856E-08
 0.19057E-08
 0.18242E-08
 0.17785E-08
 0.16944E-08
 0.16085E-08
 0.15616E-08
 0.14321E-08
 0.14321E-08
 0.16697E-08
 0.17839E-08
 0.19327E-08
 0.20755E-08
 0.21770E-08
 0.23097E-08
 0.24367E-08
 0.25264E-08
 0.26440E-08
 0.27562E-08
 0.28349E-08
 0.29383E-08
 0.30105E-08
 0.31056E-08
 0.31958E-08
 0.32582E-08
 0.33407E-08
 0.34187E-08
 0.34719E-08
 0.35428E-08
 0.36096E-08
 0.36543E-08
 0.37145E-08
 0.37709E-08
 0.38079E-08
 0.38582E-08
 0.39050E-08
 0.39350E-08
 0.39762E-08
 0.40142E-08
 0.40376E-08
 0.40705E-08
 0.41005E-08
 0.41179E-08
 0.41432E-08
 0.41658E-08
 0.41778E-08
 0.41961E-08
 0.42050E-08
 0.42193E-08
 0.42312E-08
 0.42355E-08
 0.42437E-08
 0.42499E-08
 0.42500E-08
 0.42528E-08
 0.42537E-08
 0.42500E-08
 0.42479E-08
 0.41901E-08
 0.41402E-08
 0.40944E-08
 0.40454E-08
 0.39964E-08
 0.39530E-08
 0.39043E-08
 0.38555E-08
 0.38139E-08
 0.37651E-08
 0.37158E-08
 0.36755E-08
 0.36258E-08
 0.35861E-08
 0.35358E-08
 0.34847E-08
 0.34456E-08
 0.33936E-08
 0.33408E-08
 0.33017E-08
 0.32476E-08
 0.31926E-08
 0.31534E-08
 0.30968E-08
 0.30391E-08
 0.29994E-08
 0.29399E-08
 0.28792E-08
 0.28388E-08
 0.27761E-08
 0.27120E-08
 0.26707E-08
 0.26044E-08
 0.25367E-08
 0.24942E-08
 0.24240E-08
 0.23522E-08
 0.23084E-08
 0.22341E-08
 0.21894E-08
 0.21128E-08
 0.20348E-08
 0.19897E-08
 0.19094E-08
 0.18275E-08
 0.17814E-08
 0.16969E-08
 0.16105E-08
 0.15630E-08
 0.14321E-08
 0.14321E-08
 0.16695E-08
 0.17831E-08
 0.19314E-08
 0.20737E-08
 0.21748E-08
 0.23071E-08
 0.24336E-08
 0.25230E-08
 0.26403E-08
 0.27521E-08
 0.28306E-08
 0.29338E-08
 0.30057E-08
 0.31006E-08
 0.31907E-08
 0.32528E-08
 0.33352E-08
 0.34131E-08
 0.34662E-08
 0.35370E-08
 0.36038E-08
 0.36485E-08
 0.37087E-08
 0.37650E-08
 0.38021E-08
 0.38524E-08
 0.38993E-08
 0.39292E-08
 0.39705E-08
 0.40086E-08
 0.40321E-08
 0.40651E-08
 0.40952E-08
 0.41128E-08
 0.41381E-08
 0.41609E-08
 0.41730E-08
 0.41915E-08
 0.42006E-08
 0.42150E-08
 0.42271E-08
 0.42315E-08
 0.42400E-08
 0.42463E-08
 0.42466E-08
 0.42496E-08
 0.42507E-08
 0.42472E-08
 0.42453E-08
 0.41885E-08
 0.41393E-08
 0.40941E-08
 0.40456E-08
 0.39971E-08
 0.39542E-08
 0.39061E-08
 0.38577E-08
 0.38165E-08
 0.37681E-08
 0.37192E-08
 0.36792E-08
 0.36299E-08
 0.35905E-08
 0.35404E-08
 0.34897E-08
 0.34507E-08
 0.33990E-08
 0.33463E-08
 0.33075E-08
 0.32535E-08
 0.31986E-08
 0.31595E-08
 0.31030E-08
 0.30454E-08
 0.30058E-08
 0.29463E-08
 0.28856E-08
 0.28452E-08
 0.27825E-08
 0.27184E-08
 0.26770E-08
 0.26106E-08
 0.25427E-08
 0.25001E-08
 0.24298E-08
 0.23578E-08
 0.23138E-08
 0.22392E-08
 0.21943E-08
 0.21174E-08
 0.20391E-08
 0.19937E-08
 0.19131E-08
 0.18308E-08
 0.17843E-08
 0.16993E-08
 0.16124E-08
 0.15644E-08
 0.14321E-08
 0.14321E-08
 0.16692E-08
 0.17823E-08
 0.19302E-08
 0.20719E-08
 0.21726E-08
 0.23045E-08
 0.24307E-08
 0.25197E-08
 0.26367E-08
 0.27483E-08
 0.28264E-08
 0.29294E-08
 0.30011E-08
 0.30958E-08
 0.31857E-08
 0.32477E-08
 0.33299E-08
 0.34078E-08
 0.34607E-08
 0.35315E-08
 0.35982E-08
 0.36429E-08
 0.37030E-08
 0.37594E-08
 0.37964E-08
 0.38468E-08
 0.38937E-08
 0.39237E-08
 0.39650E-08
 0.40032E-08
 0.40268E-08
 0.40599E-08
 0.40900E-08
 0.41077E-08
 0.41333E-08
 0.41561E-08
 0.41684E-08
 0.41870E-08
 0.41962E-08
 0.42108E-08
 0.42231E-08
 0.42277E-08
 0.42363E-08
 0.42429E-08
 0.42433E-08
 0.42465E-08
 0.42478E-08
 0.42445E-08
 0.42428E-08
 0.41869E-08
 0.41383E-08
 0.40937E-08
 0.40457E-08
 0.39978E-08
 0.39554E-08
 0.39077E-08
 0.38598E-08
 0.38191E-08
 0.37710E-08
 0.37225E-08
 0.36828E-08
 0.36338E-08
 0.35947E-08
 0.35449E-08
 0.34944E-08
 0.34557E-08
 0.34042E-08
 0.33517E-08
 0.33130E-08
 0.32593E-08
 0.32045E-08
 0.31655E-08
 0.31091E-08
 0.30515E-08
 0.30120E-08
 0.29526E-08
 0.28919E-08
 0.28514E-08
 0.27887E-08
 0.27245E-08
 0.26830E-08
 0.26166E-08
 0.25486E-08
 0.25058E-08
 0.24354E-08
 0.23633E-08
 0.23190E-08
 0.22443E-08
 0.21991E-08
 0.21219E-08
 0.20434E-08
 0.19976E-08
 0.19166E-08
 0.18340E-08
 0.17871E-08
 0.17016E-08
 0.16143E-08
 0.15658E-08
 0.14321E-08
 0.14321E-08
 0.16690E-08
 0.17816E-08
 0.19290E-08
 0.20703E-08
 0.21706E-08
 0.23021E-08
 0.24279E-08
 0.25166E-08
 0.26332E-08
 0.27445E-08
 0.28224E-08
 0.29251E-08
 0.29966E-08
 0.30911E-08
 0.31809E-08
 0.32427E-08
 0.33248E-08
 0.34025E-08
 0.34554E-08
 0.35261E-08
 0.35927E-08
 0.36374E-08
 0.36975E-08
 0.37539E-08
 0.37909E-08
 0.38413E-08
 0.38882E-08
 0.39183E-08
 0.39597E-08
 0.39979E-08
 0.40216E-08
 0.40548E-08
 0.40851E-08
 0.41029E-08
 0.41285E-08
 0.41515E-08
 0.41639E-08
 0.41827E-08
 0.41920E-08
 0.42068E-08
 0.42192E-08
 0.42240E-08
 0.42328E-08
 0.42395E-08
 0.42401E-08
 0.42435E-08
 0.42450E-08
 0.42418E-08
 0.42403E-08
 0.41854E-08
 0.41373E-08
 0.40933E-08
 0.40459E-08
 0.39985E-08
 0.39566E-08
 0.39093E-08
 0.38618E-08
 0.38215E-08
 0.37738E-08
 0.37257E-08
 0.36863E-08
 0.36376E-08
 0.35988E-08
 0.35493E-08
 0.34990E-08
 0.34605E-08
 0.34092E-08
 0.33570E-08
 0.33184E-08
 0.32648E-08
 0.32102E-08
 0.31713E-08
 0.31150E-08
 0.30575E-08
 0.30179E-08
 0.29586E-08
 0.28979E-08
 0.28575E-08
 0.27947E-08
 0.27305E-08
 0.26889E-08
 0.26224E-08
 0.25543E-08
 0.25114E-08
 0.24408E-08
 0.23686E-08
 0.23241E-08
 0.22492E-08
 0.22037E-08
 0.21264E-08
 0.20475E-08
 0.20014E-08
 0.19201E-08
 0.18371E-08
 0.17898E-08
 0.17039E-08
 0.16161E-08
 0.15672E-08
 0.14321E-08
 0.14321E-08
 0.16689E-08
 0.17810E-08
 0.19278E-08
 0.20687E-08
 0.21686E-08
 0.22997E-08
 0.24252E-08
 0.25135E-08
 0.26298E-08
 0.27409E-08
 0.28185E-08
 0.29210E-08
 0.29923E-08
 0.30866E-08
 0.31762E-08
 0.32379E-08
 0.33199E-08
 0.33975E-08
 0.34503E-08
 0.35209E-08
 0.35875E-08
 0.36321E-08
 0.36922E-08
 0.37485E-08
 0.37856E-08
 0.38360E-08
 0.38830E-08
 0.39131E-08
 0.39545E-08
 0.39928E-08
 0.40166E-08
 0.40499E-08
 0.40802E-08
 0.40981E-08
 0.41239E-08
 0.41470E-08
 0.41596E-08
 0.41784E-08
 0.41879E-08
 0.42028E-08
 0.42154E-08
 0.42203E-08
 0.42293E-08
 0.42362E-08
 0.42369E-08
 0.42406E-08
 0.42422E-08
 0.42392E-08
 0.42380E-08
 0.41839E-08
 0.41364E-08
 0.40929E-08
 0.40460E-08
 0.39991E-08
 0.39577E-08
 0.39109E-08
 0.38638E-08
 0.38238E-08
 0.37765E-08
 0.37287E-08
 0.36897E-08
 0.36413E-08
 0.36028E-08
 0.35535E-08
 0.35035E-08
 0.34652E-08
 0.34141E-08
 0.33620E-08
 0.33237E-08
 0.32702E-08
 0.32157E-08
 0.31769E-08
 0.31207E-08
 0.30633E-08
 0.30237E-08
 0.29644E-08
 0.29038E-08
 0.28633E-08
 0.28005E-08
 0.27363E-08
 0.26946E-08
 0.26280E-08
 0.25599E-08
 0.25168E-08
 0.24461E-08
 0.23737E-08
 0.23291E-08
 0.22539E-08
 0.22083E-08
 0.21306E-08
 0.20515E-08
 0.20051E-08
 0.19235E-08
 0.18401E-08
 0.17924E-08
 0.17062E-08
 0.16180E-08
 0.15686E-08
 0.14321E-08
 0.14321E-08
 0.16687E-08
 0.17803E-08
 0.19268E-08
 0.20672E-08
 0.21667E-08
 0.22974E-08
 0.24225E-08
 0.25106E-08
 0.26266E-08
 0.27374E-08
 0.28148E-08
 0.29170E-08
 0.29881E-08
 0.30822E-08
 0.31717E-08
 0.32332E-08
 0.33151E-08
 0.33926E-08
 0.34453E-08
 0.35158E-08
 0.35824E-08
 0.36269E-08
 0.36870E-08
 0.37434E-08
 0.37804E-08
 0.38308E-08
 0.38778E-08
 0.39080E-08
 0.39495E-08
 0.39879E-08
 0.40117E-08
 0.40451E-08
 0.40755E-08
 0.40935E-08
 0.41194E-08
 0.41426E-08
 0.41553E-08
 0.41743E-08
 0.41839E-08
 0.41990E-08
 0.42117E-08
 0.42168E-08
 0.42259E-08
 0.42330E-08
 0.42339E-08
 0.42377E-08
 0.42396E-08
 0.42367E-08
 0.42356E-08
 0.41824E-08
 0.41355E-08
 0.40925E-08
 0.40461E-08
 0.39997E-08
 0.39587E-08
 0.39123E-08
 0.38657E-08
 0.38261E-08
 0.37791E-08
 0.37317E-08
 0.36930E-08
 0.36449E-08
 0.36066E-08
 0.35576E-08
 0.35078E-08
 0.34698E-08
 0.34188E-08
 0.33670E-08
 0.33287E-08
 0.32754E-08
 0.32210E-08
 0.31823E-08
 0.31262E-08
 0.30689E-08
 0.30294E-08
 0.29701E-08
 0.29095E-08
 0.28690E-08
 0.28062E-08
 0.27419E-08
 0.27002E-08
 0.26335E-08
 0.25653E-08
 0.25221E-08
 0.24513E-08
 0.23787E-08
 0.23339E-08
 0.22585E-08
 0.22127E-08
 0.21348E-08
 0.20554E-08
 0.20087E-08
 0.19268E-08
 0.18431E-08
 0.17950E-08
 0.17084E-08
 0.16198E-08
 0.15699E-08
 0.14321E-08
 0.14321E-08
 0.16686E-08
 0.17797E-08
 0.19257E-08
 0.20658E-08
 0.21649E-08
 0.22952E-08
 0.24200E-08
 0.25078E-08
 0.26235E-08
 0.27340E-08
 0.28111E-08
 0.29132E-08
 0.29841E-08
 0.30780E-08
 0.31673E-08
 0.32287E-08
 0.33104E-08
 0.33879E-08
 0.34405E-08
 0.35110E-08
 0.35774E-08
 0.36219E-08
 0.36820E-08
 0.37384E-08
 0.37754E-08
 0.38258E-08
 0.38729E-08
 0.39030E-08
 0.39446E-08
 0.39831E-08
 0.40069E-08
 0.40404E-08
 0.40710E-08
 0.40890E-08
 0.41150E-08
 0.41384E-08
 0.41512E-08
 0.41703E-08
 0.41801E-08
 0.41953E-08
 0.42082E-08
 0.42134E-08
 0.42227E-08
 0.42299E-08
 0.42309E-08
 0.42349E-08
 0.42369E-08
 0.42343E-08
 0.42333E-08
 0.41809E-08
 0.41346E-08
 0.40921E-08
 0.40462E-08
 0.40003E-08
 0.39597E-08
 0.39138E-08
 0.38675E-08
 0.38283E-08
 0.37817E-08
 0.37345E-08
 0.36961E-08
 0.36483E-08
 0.36103E-08
 0.35616E-08
 0.35120E-08
 0.34742E-08
 0.34234E-08
 0.33717E-08
 0.33336E-08
 0.32805E-08
 0.32262E-08
 0.31876E-08
 0.31316E-08
 0.30743E-08
 0.30349E-08
 0.29756E-08
 0.29150E-08
 0.28745E-08
 0.28117E-08
 0.27474E-08
 0.27056E-08
 0.26389E-08
 0.25706E-08
 0.25272E-08
 0.24563E-08
 0.23836E-08
 0.23386E-08
 0.22631E-08
 0.22170E-08
 0.21389E-08
 0.20592E-08
 0.20123E-08
 0.19300E-08
 0.18460E-08
 0.17976E-08
 0.17105E-08
 0.16215E-08
 0.15713E-08
 0.14321E-08
 0.14321E-08
 0.16685E-08
 0.17792E-08
 0.19247E-08
 0.20644E-08
 0.21631E-08
 0.22931E-08
 0.24176E-08
 0.25050E-08
 0.26205E-08
 0.27307E-08
 0.28076E-08
 0.29095E-08
 0.29801E-08
 0.30739E-08
 0.31631E-08
 0.32243E-08
 0.33059E-08
 0.33833E-08
 0.34358E-08
 0.35062E-08
 0.35726E-08
 0.36171E-08
 0.36771E-08
 0.37335E-08
 0.37705E-08
 0.38210E-08
 0.38681E-08
 0.38983E-08
 0.39399E-08
 0.39784E-08
 0.40023E-08
 0.40359E-08
 0.40665E-08
 0.40847E-08
 0.41108E-08
 0.41343E-08
 0.41472E-08
 0.41664E-08
 0.41763E-08
 0.41916E-08
 0.42047E-08
 0.42100E-08
 0.42195E-08
 0.42268E-08
 0.42280E-08
 0.42322E-08
 0.42344E-08
 0.42319E-08
 0.42311E-08
 0.41795E-08
 0.41337E-08
 0.40917E-08
 0.40463E-08
 0.40008E-08
 0.39607E-08
 0.39151E-08
 0.38692E-08
 0.38304E-08
 0.37841E-08
 0.37373E-08
 0.36992E-08
 0.36516E-08
 0.36139E-08
 0.35654E-08
 0.35161E-08
 0.34784E-08
 0.34279E-08
 0.33764E-08
 0.33384E-08
 0.32854E-08
 0.32312E-08
 0.31927E-08
 0.31368E-08
 0.30796E-08
 0.30402E-08
 0.29810E-08
 0.29204E-08
 0.28799E-08
 0.28171E-08
 0.27528E-08
 0.27109E-08
 0.26441E-08
 0.25757E-08
 0.25323E-08
 0.24612E-08
 0.23883E-08
 0.23432E-08
 0.22675E-08
 0.22212E-08
 0.21429E-08
 0.20630E-08
 0.20157E-08
 0.19332E-08
 0.18488E-08
 0.18000E-08
 0.17126E-08
 0.16232E-08
 0.15726E-08
 0.14321E-08
 0.14321E-08
 0.16684E-08
 0.17787E-08
 0.19238E-08
 0.20631E-08
 0.21614E-08
 0.22911E-08
 0.24152E-08
 0.25024E-08
 0.26175E-08
 0.27276E-08
 0.28042E-08
 0.29059E-08
 0.29763E-08
 0.30699E-08
 0.31589E-08
 0.32200E-08
 0.33016E-08
 0.33788E-08
 0.34312E-08
 0.35016E-08
 0.35680E-08
 0.36124E-08
 0.36724E-08
 0.37288E-08
 0.37658E-08
 0.38163E-08
 0.38634E-08
 0.38936E-08
 0.39353E-08
 0.39739E-08
 0.39979E-08
 0.40315E-08
 0.40622E-08
 0.40805E-08
 0.41067E-08
 0.41302E-08
 0.41432E-08
 0.41626E-08
 0.41726E-08
 0.41881E-08
 0.42013E-08
 0.42067E-08
 0.42163E-08
 0.42239E-08
 0.42252E-08
 0.42295E-08
 0.42319E-08
 0.42295E-08
 0.42289E-08
 0.41781E-08
 0.41328E-08
 0.40913E-08
 0.40464E-08
 0.40013E-08
 0.39616E-08
 0.39164E-08
 0.38709E-08
 0.38324E-08
 0.37865E-08
 0.37400E-08
 0.37021E-08
 0.36549E-08
 0.36174E-08
 0.35691E-08
 0.35201E-08
 0.34826E-08
 0.34322E-08
 0.33809E-08
 0.33430E-08
 0.32902E-08
 0.32361E-08
 0.31977E-08
 0.31418E-08
 0.30847E-08
 0.30454E-08
 0.29862E-08
 0.29257E-08
 0.28851E-08
 0.28223E-08
 0.27579E-08
 0.27160E-08
 0.26492E-08
 0.25807E-08
 0.25371E-08
 0.24659E-08
 0.23929E-08
 0.23476E-08
 0.22717E-08
 0.22252E-08
 0.21467E-08
 0.20666E-08
 0.20191E-08
 0.19362E-08
 0.18516E-08
 0.18025E-08
 0.17147E-08
 0.16249E-08
 0.15738E-08
 0.14321E-08
 0.14321E-08
 0.16683E-08
 0.17782E-08
 0.19229E-08
 0.20618E-08
 0.21598E-08
 0.22891E-08
 0.24130E-08
 0.24998E-08
 0.26147E-08
 0.27245E-08
 0.28009E-08
 0.29024E-08
 0.29727E-08
 0.30661E-08
 0.31550E-08
 0.32159E-08
 0.32973E-08
 0.33745E-08
 0.34268E-08
 0.34971E-08
 0.35635E-08
 0.36078E-08
 0.36678E-08
 0.37242E-08
 0.37612E-08
 0.38117E-08
 0.38588E-08
 0.38891E-08
 0.39308E-08
 0.39695E-08
 0.39935E-08
 0.40272E-08
 0.40580E-08
 0.40764E-08
 0.41026E-08
 0.41263E-08
 0.41394E-08
 0.41590E-08
 0.41690E-08
 0.41846E-08
 0.41980E-08
 0.42036E-08
 0.42133E-08
 0.42210E-08
 0.42225E-08
 0.42269E-08
 0.42294E-08
 0.42272E-08
 0.42268E-08
 0.41767E-08
 0.41319E-08
 0.40909E-08
 0.40464E-08
 0.40018E-08
 0.39625E-08
 0.39177E-08
 0.38726E-08
 0.38344E-08
 0.37888E-08
 0.37426E-08
 0.37050E-08
 0.36580E-08
 0.36207E-08
 0.35727E-08
 0.35239E-08
 0.34866E-08
 0.34364E-08
 0.33852E-08
 0.33475E-08
 0.32948E-08
 0.32409E-08
 0.32025E-08
 0.31468E-08
 0.30897E-08
 0.30504E-08
 0.29913E-08
 0.29308E-08
 0.28902E-08
 0.28274E-08
 0.27630E-08
 0.27210E-08
 0.26541E-08
 0.25855E-08
 0.25419E-08
 0.24705E-08
 0.23974E-08
 0.23520E-08
 0.22759E-08
 0.22292E-08
 0.21505E-08
 0.20701E-08
 0.20223E-08
 0.19393E-08
 0.18543E-08
 0.18048E-08
 0.17167E-08
 0.16266E-08
 0.15751E-08
 0.14321E-08
 0.14321E-08
 0.16683E-08
 0.17777E-08
 0.19220E-08
 0.20606E-08
 0.21582E-08
 0.22872E-08
 0.24108E-08
 0.24973E-08
 0.26120E-08
 0.27215E-08
 0.27978E-08
 0.28990E-08
 0.29691E-08
 0.30624E-08
 0.31511E-08
 0.32119E-08
 0.32932E-08
 0.33703E-08
 0.34226E-08
 0.34928E-08
 0.35591E-08
 0.36034E-08
 0.36634E-08
 0.37197E-08
 0.37567E-08
 0.38073E-08
 0.38544E-08
 0.38847E-08
 0.39265E-08
 0.39652E-08
 0.39893E-08
 0.40230E-08
 0.40539E-08
 0.40723E-08
 0.40987E-08
 0.41225E-08
 0.41357E-08
 0.41554E-08
 0.41656E-08
 0.41813E-08
 0.41947E-08
 0.42005E-08
 0.42103E-08
 0.42182E-08
 0.42198E-08
 0.42244E-08
 0.42270E-08
 0.42250E-08
 0.42247E-08
 0.41754E-08
 0.41311E-08
 0.40905E-08
 0.40465E-08
 0.40022E-08
 0.39633E-08
 0.39189E-08
 0.38741E-08
 0.38363E-08
 0.37910E-08
 0.37451E-08
 0.37078E-08
 0.36611E-08
 0.36240E-08
 0.35763E-08
 0.35276E-08
 0.34905E-08
 0.34405E-08
 0.33895E-08
 0.33519E-08
 0.32993E-08
 0.32455E-08
 0.32072E-08
 0.31516E-08
 0.30946E-08
 0.30553E-08
 0.29962E-08
 0.29357E-08
 0.28952E-08
 0.28323E-08
 0.27679E-08
 0.27259E-08
 0.26589E-08
 0.25902E-08
 0.25465E-08
 0.24751E-08
 0.24018E-08
 0.23562E-08
 0.22800E-08
 0.22331E-08
 0.21542E-08
 0.20736E-08
 0.20255E-08
 0.19422E-08
 0.18569E-08
 0.18072E-08
 0.17187E-08
 0.16282E-08
 0.15763E-08
 0.14321E-08
 0.14321E-08
 0.16683E-08
 0.17773E-08
 0.19212E-08
 0.20594E-08
 0.21567E-08
 0.22854E-08
 0.24086E-08
 0.24949E-08
 0.26093E-08
 0.27187E-08
 0.27947E-08
 0.28957E-08
 0.29656E-08
 0.30588E-08
 0.31473E-08
 0.32080E-08
 0.32892E-08
 0.33662E-08
 0.34184E-08
 0.34886E-08
 0.35548E-08
 0.35991E-08
 0.36591E-08
 0.37154E-08
 0.37524E-08
 0.38029E-08
 0.38501E-08
 0.38804E-08
 0.39222E-08
 0.39610E-08
 0.39851E-08
 0.40190E-08
 0.40500E-08
 0.40684E-08
 0.40949E-08
 0.41188E-08
 0.41321E-08
 0.41519E-08
 0.41622E-08
 0.41780E-08
 0.41916E-08
 0.41974E-08
 0.42074E-08
 0.42154E-08
 0.42172E-08
 0.42219E-08
 0.42247E-08
 0.42228E-08
 0.42227E-08
 0.41741E-08
 0.41302E-08
 0.40901E-08
 0.40465E-08
 0.40027E-08
 0.39641E-08
 0.39201E-08
 0.38757E-08
 0.38381E-08
 0.37931E-08
 0.37475E-08
 0.37105E-08
 0.36640E-08
 0.36272E-08
 0.35797E-08
 0.35312E-08
 0.34943E-08
 0.34445E-08
 0.33936E-08
 0.33562E-08
 0.33037E-08
 0.32500E-08
 0.32118E-08
 0.31562E-08
 0.30993E-08
 0.30601E-08
 0.30010E-08
 0.29406E-08
 0.29000E-08
 0.28371E-08
 0.27727E-08
 0.27306E-08
 0.26636E-08
 0.25949E-08
 0.25510E-08
 0.24795E-08
 0.24061E-08
 0.23603E-08
 0.22840E-08
 0.22369E-08
 0.21578E-08
 0.20770E-08
 0.20287E-08
 0.19451E-08
 0.18595E-08
 0.18094E-08
 0.17207E-08
 0.16298E-08
 0.15775E-08
 0.14321E-08
 0.14321E-08
 0.16682E-08
 0.17768E-08
 0.19204E-08
 0.20582E-08
 0.21552E-08
 0.22836E-08
 0.24066E-08
 0.24926E-08
 0.26068E-08
 0.27159E-08
 0.27917E-08
 0.28925E-08
 0.29623E-08
 0.30552E-08
 0.31437E-08
 0.32043E-08
 0.32854E-08
 0.33623E-08
 0.34143E-08
 0.34845E-08
 0.35507E-08
 0.35949E-08
 0.36548E-08
 0.37112E-08
 0.37482E-08
 0.37987E-08
 0.38459E-08
 0.38762E-08
 0.39181E-08
 0.39569E-08
 0.39811E-08
 0.40150E-08
 0.40461E-08
 0.40646E-08
 0.40912E-08
 0.41152E-08
 0.41286E-08
 0.41484E-08
 0.41589E-08
 0.41748E-08
 0.41885E-08
 0.41945E-08
 0.42046E-08
 0.42127E-08
 0.42146E-08
 0.42195E-08
 0.42224E-08
 0.42207E-08
 0.42207E-08
 0.41728E-08
 0.41294E-08
 0.40897E-08
 0.40465E-08
 0.40031E-08
 0.39649E-08
 0.39212E-08
 0.38771E-08
 0.38399E-08
 0.37952E-08
 0.37499E-08
 0.37131E-08
 0.36669E-08
 0.36303E-08
 0.35830E-08
 0.35347E-08
 0.34980E-08
 0.34483E-08
 0.33976E-08
 0.33603E-08
 0.33080E-08
 0.32544E-08
 0.32163E-08
 0.31608E-08
 0.31040E-08
 0.30647E-08
 0.30057E-08
 0.29453E-08
 0.29047E-08
 0.28418E-08
 0.27774E-08
 0.27352E-08
 0.26681E-08
 0.25993E-08
 0.25554E-08
 0.24838E-08
 0.24103E-08
 0.23643E-08
 0.22878E-08
 0.22406E-08
 0.21613E-08
 0.20803E-08
 0.20317E-08
 0.19479E-08
 0.18620E-08
 0.18117E-08
 0.17226E-08
 0.16314E-08
 0.15787E-08
 0.14321E-08
 0.14321E-08
 0.16682E-08
 0.17765E-08
 0.19197E-08
 0.20572E-08
 0.21538E-08
 0.22819E-08
 0.24046E-08
 0.24904E-08
 0.26043E-08
 0.27132E-08
 0.27888E-08
 0.28895E-08
 0.29590E-08
 0.30518E-08
 0.31402E-08
 0.32006E-08
 0.32816E-08
 0.33584E-08
 0.34104E-08
 0.00000E+00
