 fluxSens
0.000000000000E+00
0.000000000000E+00
0.000000000000E+00
0.000000000000E+00
0.000000000000E+00
0.000000000000E+00
0.000000000000E+00
0.000000000000E+00
0.000000000000E+00
0.000000000000E+00
0.000000000000E+00
0.000000000000E+00
0.000000000000E+00
0.000000000000E+00
0.000000000000E+00
0.000000000000E+00
0.000000000000E+00
0.000000000000E+00
0.000000000000E+00
0.000000000000E+00
0.000000000000E+00
0.000000000000E+00
0.000000000000E+00
0.000000000000E+00
0.000000000000E+00
0.000000000000E+00
0.000000000000E+00
0.000000000000E+00
0.000000000000E+00
0.000000000000E+00
0.000000000000E+00
0.000000000000E+00
0.000000000000E+00
0.000000000000E+00
0.000000000000E+00
0.000000000000E+00
0.000000000000E+00
0.000000000000E+00
0.000000000000E+00
0.000000000000E+00
0.000000000000E+00
0.000000000000E+00
0.000000000000E+00
0.000000000000E+00
0.000000000000E+00
0.000000000000E+00
0.000000000000E+00
0.000000000000E+00
0.000000000000E+00
0.000000000000E+00
0.000000000000E+00
0.000000000000E+00
0.000000000000E+00
0.000000000000E+00
0.000000000000E+00
0.000000000000E+00
0.000000000000E+00
0.000000000000E+00
0.000000000000E+00
0.000000000000E+00
0.000000000000E+00
0.000000000000E+00
0.000000000000E+00
0.000000000000E+00
0.000000000000E+00
0.000000000000E+00
0.000000000000E+00
0.000000000000E+00
0.000000000000E+00
0.000000000000E+00
0.000000000000E+00
0.000000000000E+00
0.000000000000E+00
0.000000000000E+00
0.000000000000E+00
0.000000000000E+00
0.000000000000E+00
0.000000000000E+00
0.000000000000E+00
0.000000000000E+00
0.000000000000E+00
0.000000000000E+00
0.000000000000E+00
0.000000000000E+00
0.000000000000E+00
0.000000000000E+00
0.000000000000E+00
0.000000000000E+00
0.000000000000E+00
0.000000000000E+00
0.000000000000E+00
0.000000000000E+00
0.000000000000E+00
0.000000000000E+00
0.000000000000E+00
0.000000000000E+00
0.000000000000E+00
0.000000000000E+00
0.000000000000E+00
0.241830682755E+01
0.119781007767E+02
0.181849765778E+02
0.217751808167E+02
0.237532386780E+02
0.247344493866E+02
0.250994338989E+02
0.250850791931E+02
0.248393745422E+02
0.244548950195E+02
0.239896488190E+02
0.234799041748E+02
0.229483146667E+02
0.224089775085E+02
0.220062389374E+02
0.214156875610E+02
0.208557434082E+02
0.203204231262E+02
0.198057594299E+02
0.193090591431E+02
0.188284702301E+02
0.183626499176E+02
0.179106216431E+02
0.174715766907E+02
0.170448741913E+02
0.166299629211E+02
0.162000961304E+02
0.156641960144E+02
0.150549669266E+02
0.144196834564E+02
0.137865056992E+02
0.131716613770E+02
0.125840148926E+02
0.120278482437E+02
0.115046482086E+02
0.110142555237E+02
0.105555410385E+02
0.101268415451E+02
0.985977458954E+01
0.994878196716E+01
0.106516866684E+02
0.113535757065E+02
0.120544519424E+02
0.127543096542E+02
0.134531688690E+02
0.141510076523E+02
0.148478403091E+02
0.155436801910E+02
0.162385025024E+02
0.169323348999E+02
0.176251640320E+02
0.176251640320E+02
0.169323348999E+02
0.162385025024E+02
0.155436801910E+02
0.148478403091E+02
0.141510076523E+02
0.134531688690E+02
0.127543096542E+02
0.120544519424E+02
0.113535757065E+02
0.106516866684E+02
0.994878196716E+01
0.924485492706E+01
0.818704700470E+01
0.748055934906E+01
0.677304840088E+01
0.606450700760E+01
0.535493135452E+01
0.464432191849E+01
0.393267679214E+01
0.321999382973E+01
0.250626754761E+01
0.179150032997E+01
0.107568609715E+01
0.215765500069E+01
0.387427949905E+01
0.482438421249E+01
0.536461830139E+01
0.568490743637E+01
0.588685226440E+01
0.602490806580E+01
0.612830924988E+01
0.621275424957E+01
0.628668117523E+01
0.635461521149E+01
0.641901445389E+01
0.648119926453E+01
0.641388750076E+01
0.654580211639E+01
0.664338874817E+01
0.672212505341E+01
0.679035282135E+01
0.685258388519E+01
0.691127014160E+01
0.696772527695E+01
0.702267408371E+01
0.707648897171E+01
0.712940216064E+01
0.718151473999E+01
0.889118576050E+01
0.131469984055E+02
0.178100376129E+02
0.208520832062E+02
0.227728939056E+02
0.239165134430E+02
0.245213909149E+02
0.247536144257E+02
0.247292461395E+02
0.245295219421E+02
0.242114143372E+02
0.238148441315E+02
0.233678092957E+02
0.228899021149E+02
0.225384521484E+02
0.219868583679E+02
0.214482173920E+02
0.209229240417E+02
0.204111175537E+02
0.199127502441E+02
0.194276618958E+02
0.189556121826E+02
0.184963188171E+02
0.180494384766E+02
0.176146202087E+02
0.171915130615E+02
0.167594776154E+02
0.162445144653E+02
0.156652183533E+02
0.150565013885E+02
0.144417018890E+02
0.138360824585E+02
0.132493324280E+02
0.126872587204E+02
0.121530208588E+02
0.116479721069E+02
0.111722583771E+02
0.107252368927E+02
0.104480257034E+02
0.100731639862E+02
0.106516866684E+02
0.113535757065E+02
0.120544519424E+02
0.127543096542E+02
0.134531688690E+02
0.141510076523E+02
0.148478403091E+02
0.155436801910E+02
0.162385025024E+02
0.169323348999E+02
0.176251640320E+02
0.176251640320E+02
0.169323348999E+02
0.162385025024E+02
0.155436801910E+02
0.148478403091E+02
0.141510076523E+02
0.134531688690E+02
0.127543096542E+02
0.120544519424E+02
0.113535757065E+02
0.106516866684E+02
0.994878196716E+01
0.924485492706E+01
0.818704700470E+01
0.748055934906E+01
0.677304840088E+01
0.606450700760E+01
0.535493135452E+01
0.464432191849E+01
0.393267679214E+01
0.321999382973E+01
0.250626754761E+01
0.179150032997E+01
0.107568609715E+01
0.358824461699E+00
-.359087228775E+00
-.107805168629E+01
-.110325372219E+01
0.118333411217E+01
0.274080967903E+01
0.379515790939E+01
0.451624584198E+01
0.501618146896E+01
0.536911249161E+01
0.562417078018E+01
0.581394052505E+01
0.596006584167E+01
0.593359279633E+01
0.608821916580E+01
0.621021270752E+01
0.631025314331E+01
0.639542484283E+01
0.647046041489E+01
0.653851461411E+01
0.660168457031E+01
0.666137742996E+01
0.671851778030E+01
0.677374839783E+01
0.682747316360E+01
0.822491645813E+01
0.119084415436E+02
0.160509357452E+02
0.190046825409E+02
0.210700092316E+02
0.224701919556E+02
0.233721733093E+02
0.239012718201E+02
0.241518669128E+02
0.241951637268E+02
0.240850257874E+02
0.238621559143E+02
0.235573749542E+02
0.231940193176E+02
0.229390811920E+02
0.224662876129E+02
0.219853610992E+02
0.215016155243E+02
0.210189723969E+02
0.205403099060E+02
0.200677375793E+02
0.196027393341E+02
0.191463737488E+02
0.186993389130E+02
0.182620620728E+02
0.178348083496E+02
0.174016170502E+02
0.169021606445E+02
0.163471641541E+02
0.157627439499E+02
0.151677379608E+02
0.145755023956E+02
0.139953613281E+02
0.134335756302E+02
0.128941669464E+02
0.123795051575E+02
0.118907375336E+02
0.114281435013E+02
0.111398143768E+02
0.106834630966E+02
0.106516866684E+02
0.113535757065E+02
0.120544519424E+02
0.127543096542E+02
0.134531688690E+02
0.141510076523E+02
0.148478403091E+02
0.155436801910E+02
0.162385025024E+02
0.169323348999E+02
0.176251640320E+02
0.176251640320E+02
0.169323348999E+02
0.162385025024E+02
0.155436801910E+02
0.148478403091E+02
0.141510076523E+02
0.134531688690E+02
0.127543096542E+02
0.120544519424E+02
0.113535757065E+02
0.106516866684E+02
0.994878196716E+01
0.924485492706E+01
0.818704700470E+01
0.748055934906E+01
0.677304840088E+01
0.606450700760E+01
0.535493135452E+01
0.464432191849E+01
0.393267679214E+01
0.321999382973E+01
0.250626754761E+01
0.179150032997E+01
0.107568609715E+01
0.358824461699E+00
-.359087228775E+00
-.107805168629E+01
-.179807019234E+01
-.251914739609E+01
-.324128174782E+01
-.360749936104E+01
-.799432575703E+00
0.839127242565E+00
0.207553267479E+01
0.301282215118E+01
0.372731733322E+01
0.427565526962E+01
0.454688024521E+01
0.492421054840E+01
0.522050571442E+01
0.545610952377E+01
0.564619207382E+01
0.580207538605E+01
0.593221807480E+01
0.604293775558E+01
0.613895702362E+01
0.622379970551E+01
0.630012035370E+01
0.636988496780E+01
0.756273651123E+01
0.107775907516E+02
0.144571132660E+02
0.172536163330E+02
0.193522586823E+02
0.208986148834E+02
0.220076408386E+02
0.227704181671E+02
0.232593650818E+02
0.235321044922E+02
0.236346378326E+02
0.236036510468E+02
0.234684886932E+02
0.232526054382E+02
0.231284770966E+02
0.227693500519E+02
0.223816452026E+02
0.219736671448E+02
0.215519790649E+02
0.211218070984E+02
0.206872615814E+02
0.202515792847E+02
0.198173046112E+02
0.193863773346E+02
0.189603137970E+02
0.185402526855E+02
0.181141510010E+02
0.176328563690E+02
0.171027965546E+02
0.165439872742E+02
0.159716701508E+02
0.153972959518E+02
0.148293876648E+02
0.142741260529E+02
0.137358789444E+02
0.132175912857E+02
0.127211074829E+02
0.122474327087E+02
0.119498825073E+02
0.114849872589E+02
0.110497360229E+02
0.113535757065E+02
0.120544519424E+02
0.127543096542E+02
0.134531688690E+02
0.141510076523E+02
0.148478403091E+02
0.155436801910E+02
0.162385025024E+02
0.169323348999E+02
0.176251640320E+02
0.176251640320E+02
0.169323348999E+02
0.162385025024E+02
0.155436801910E+02
0.148478403091E+02
0.141510076523E+02
0.134531688690E+02
0.127543096542E+02
0.120544519424E+02
0.113535757065E+02
0.106516866684E+02
0.994878196716E+01
0.924485492706E+01
0.818704700470E+01
0.748055934906E+01
0.677304840088E+01
0.606450700760E+01
0.535493135452E+01
0.464432191849E+01
0.393267679214E+01
0.321999382973E+01
0.250626754761E+01
0.179150032997E+01
0.107568609715E+01
0.358824461699E+00
-.359087228775E+00
-.107805168629E+01
-.179807019234E+01
-.251914739609E+01
-.324128174782E+01
-.396447968483E+01
-.468874073029E+01
-.541407012939E+01
-.545148515701E+01
-.194766092300E+01
-.492013037205E+00
0.686202168465E+00
0.148214161396E+01
0.229754161835E+01
0.296307945251E+01
0.350838184357E+01
0.395712804794E+01
0.432827425003E+01
0.463699769974E+01
0.489546394348E+01
0.511343431473E+01
0.529872560501E+01
0.545763301849E+01
0.559519290924E+01
0.670693588257E+01
0.958458709717E+01
0.128815622330E+02
0.155104045868E+02
0.175887145996E+02
0.192129020691E+02
0.204622726440E+02
0.214022731781E+02
0.220870342255E+02
0.225614109039E+02
0.228626346588E+02
0.230216407776E+02
0.230641536713E+02
0.230115966797E+02
0.230389442444E+02
0.228178768158E+02
0.225512351990E+02
0.222485866547E+02
0.219178810120E+02
0.215657043457E+02
0.211975193024E+02
0.208178520203E+02
0.204304351807E+02
0.200383262634E+02
0.196440525055E+02
0.192496662140E+02
0.188463382721E+02
0.183940982819E+02
0.178971500397E+02
0.173713264465E+02
0.168292083740E+02
0.162806587219E+02
0.157333831787E+02
0.151932792664E+02
0.146647987366E+02
0.141512098312E+02
0.136548194885E+02
0.131771755219E+02
0.128755340576E+02
0.124062080383E+02
0.119619455338E+02
0.115648384094E+02
0.120544519424E+02
0.127543096542E+02
0.134531688690E+02
0.141510076523E+02
0.148478403091E+02
0.155436801910E+02
0.162385025024E+02
0.169323348999E+02
0.176251640320E+02
0.176251640320E+02
0.169323348999E+02
0.162385025024E+02
0.155436801910E+02
0.148478403091E+02
0.141510076523E+02
0.134531688690E+02
0.127543096542E+02
0.120544519424E+02
0.113535757065E+02
0.106516866684E+02
0.994878196716E+01
0.924485492706E+01
0.818704700470E+01
0.748055934906E+01
0.677304840088E+01
0.606450700760E+01
0.535493135452E+01
0.464432191849E+01
0.393267679214E+01
0.321999382973E+01
0.250626754761E+01
0.179150032997E+01
0.107568609715E+01
0.358824461699E+00
-.359087228775E+00
-.107805168629E+01
-.179807019234E+01
-.251914739609E+01
-.324128174782E+01
-.396447968483E+01
-.468874073029E+01
-.541407012939E+01
-.614046525955E+01
-.686793231964E+01
-.658861970901E+01
-.281783843040E+01
-.173570406437E+01
-.647153317928E+00
0.277381539345E+00
0.106410467625E+01
0.173494112492E+01
0.230826663971E+01
0.279948687553E+01
0.322152900696E+01
0.358524584770E+01
0.389975404739E+01
0.417272377014E+01
0.441059446335E+01
0.553689908981E+01
0.820584011078E+01
0.112128639221E+02
0.136992750168E+02
0.157431449890E+02
0.174105091095E+02
0.187573871613E+02
0.198313922882E+02
0.206731224060E+02
0.213172073364E+02
0.217932701111E+02
0.221266403198E+02
0.223390350342E+02
0.224490528107E+02
0.226325664520E+02
0.225589542389E+02
0.224275341034E+02
0.222479763031E+02
0.220285644531E+02
0.217763919830E+02
0.214975376129E+02
0.211972007751E+02
0.208798542023E+02
0.205492725372E+02
0.202086925507E+02
0.198608722687E+02
0.194994659424E+02
0.190917949677E+02
0.186409435272E+02
0.181599369049E+02
0.176594390869E+02
0.171481113434E+02
0.166329479218E+02
0.161195507050E+02
0.156123304367E+02
0.151147308350E+02
0.146293592453E+02
0.141581583023E+02
0.138612937927E+02
0.133953828812E+02
0.129498882294E+02
0.125245809555E+02
0.121821117401E+02
0.127543096542E+02
0.134531688690E+02
0.141510076523E+02
0.148478403091E+02
0.155436801910E+02
0.162385025024E+02
0.169323348999E+02
0.176251640320E+02
0.176251640320E+02
0.169323348999E+02
0.162385025024E+02
0.155436801910E+02
0.148478403091E+02
0.141510076523E+02
0.134531688690E+02
0.127543096542E+02
0.120544519424E+02
0.113535757065E+02
0.106516866684E+02
0.994878196716E+01
0.924485492706E+01
0.818704700470E+01
0.748055934906E+01
0.677304840088E+01
0.606450700760E+01
0.535493135452E+01
0.464432191849E+01
0.393267679214E+01
0.321999382973E+01
0.250626754761E+01
0.179150032997E+01
0.107568609715E+01
0.358824461699E+00
-.359087228775E+00
-.107805168629E+01
-.179807019234E+01
-.251914739609E+01
-.324128174782E+01
-.396447968483E+01
-.468874073029E+01
-.541407012939E+01
-.614046525955E+01
-.686793231964E+01
-.759647417068E+01
-.363822340965E+01
-.258128762245E+01
-.163367915154E+01
-.803503036499E+00
-.752109438181E-01
0.564629435539E+00
0.112764012814E+01
0.162387919426E+01
0.206205725670E+01
0.244972562790E+01
0.279342365265E+01
0.309883093834E+01
0.337086558342E+01
0.446741056442E+01
0.694997406006E+01
0.971723556519E+01
0.120672073364E+02
0.140543203354E+02
0.157256793976E+02
0.171221389771E+02
0.182792148590E+02
0.192278270721E+02
0.199949455261E+02
0.206041297913E+02
0.210759525299E+02
0.214284458160E+02
0.216773910522E+02
0.219986820221E+02
0.220591373444E+02
0.220549259186E+02
0.219951362610E+02
0.218876934052E+02
0.217395648956E+02
0.215568542480E+02
0.213449020386E+02
0.211084060669E+02
0.208514480591E+02
0.205776100159E+02
0.202900352478E+02
0.199840927124E+02
0.196325130463E+02
0.192378368378E+02
0.188111553192E+02
0.183617801666E+02
0.178974342346E+02
