 fluxNetS
0.000000000000E+00
0.000000000000E+00
0.000000000000E+00
0.000000000000E+00
0.000000000000E+00
0.000000000000E+00
0.000000000000E+00
0.000000000000E+00
0.000000000000E+00
0.000000000000E+00
0.000000000000E+00
0.000000000000E+00
0.000000000000E+00
0.000000000000E+00
0.000000000000E+00
0.000000000000E+00
0.000000000000E+00
0.000000000000E+00
0.000000000000E+00
0.000000000000E+00
0.000000000000E+00
0.000000000000E+00
0.000000000000E+00
0.000000000000E+00
0.000000000000E+00
0.000000000000E+00
0.000000000000E+00
0.000000000000E+00
0.000000000000E+00
0.000000000000E+00
0.000000000000E+00
0.000000000000E+00
0.000000000000E+00
0.000000000000E+00
0.000000000000E+00
0.000000000000E+00
0.000000000000E+00
0.000000000000E+00
0.000000000000E+00
0.000000000000E+00
0.000000000000E+00
0.000000000000E+00
0.000000000000E+00
0.000000000000E+00
0.000000000000E+00
0.000000000000E+00
0.000000000000E+00
0.000000000000E+00
0.000000000000E+00
0.000000000000E+00
0.000000000000E+00
0.000000000000E+00
0.000000000000E+00
0.000000000000E+00
0.000000000000E+00
0.000000000000E+00
0.000000000000E+00
0.000000000000E+00
0.000000000000E+00
0.000000000000E+00
0.000000000000E+00
0.000000000000E+00
0.000000000000E+00
0.000000000000E+00
0.000000000000E+00
0.000000000000E+00
0.000000000000E+00
0.000000000000E+00
0.000000000000E+00
0.000000000000E+00
0.000000000000E+00
0.000000000000E+00
0.000000000000E+00
0.000000000000E+00
0.000000000000E+00
0.000000000000E+00
0.000000000000E+00
0.000000000000E+00
0.000000000000E+00
0.000000000000E+00
0.000000000000E+00
0.000000000000E+00
0.000000000000E+00
0.000000000000E+00
0.000000000000E+00
0.000000000000E+00
0.000000000000E+00
0.000000000000E+00
0.000000000000E+00
0.000000000000E+00
0.000000000000E+00
0.000000000000E+00
0.000000000000E+00
0.000000000000E+00
0.000000000000E+00
0.000000000000E+00
0.000000000000E+00
0.000000000000E+00
0.000000000000E+00
0.795666635036E+00
0.699114382267E+00
0.689174294472E+00
0.679615616798E+00
0.670423507690E+00
0.661584079266E+00
0.653083503246E+00
0.644909203053E+00
0.637048542500E+00
0.629489302635E+00
0.622220158577E+00
0.615230023861E+00
0.608507812023E+00
0.602043449879E+00
0.595827162266E+00
0.589849412441E+00
0.584100961685E+00
0.578573107719E+00
0.573257088661E+00
0.568145155907E+00
0.563229441643E+00
0.558502018452E+00
0.553956151009E+00
0.549584627151E+00
0.545380771160E+00
0.541338145733E+00
0.534946024418E+00
0.526419878006E+00
0.518659472466E+00
0.511595845222E+00
0.505166649818E+00
0.499314695597E+00
0.493988215923E+00
0.489140033722E+00
0.484727352858E+00
0.480710834265E+00
0.477055013180E+00
0.473727464676E+00
0.470698744059E+00
0.467941939831E+00
0.465432792902E+00
0.463148832321E+00
0.461070120335E+00
0.459177970886E+00
0.457455694675E+00
0.455888807774E+00
0.454489588737E+00
0.453400164843E+00
0.452962070704E+00
0.453570008278E+00
0.455371439457E+00
0.458165526390E+00
0.461501687765E+00
0.464943230152E+00
0.468276500702E+00
0.471423864365E+00
0.474358409643E+00
0.477070510387E+00
0.479556351900E+00
0.481814324856E+00
0.483843982220E+00
0.485645830631E+00
0.487221330404E+00
0.488572657108E+00
0.489692002535E+00
0.490549147129E+00
0.491173803806E+00
0.491596251726E+00
0.491840332747E+00
0.491932958364E+00
0.491907656193E+00
0.491806715727E+00
0.491677165031E+00
0.491551995277E+00
0.491437911987E+00
0.491334110498E+00
0.491264879704E+00
0.491227149963E+00
0.491190880537E+00
0.491156071424E+00
0.491122454405E+00
0.491090267897E+00
0.491059243679E+00
0.491029471159E+00
0.491000801325E+00
0.490973204374E+00
0.490946650505E+00
0.490921139717E+00
0.490896672010E+00
0.490873098373E+00
0.490850389004E+00
0.490828603506E+00
0.490807682276E+00
0.490787476301E+00
0.490768134594E+00
0.490749418736E+00
0.490731567144E+00
0.490714251995E+00
0.490697741508E+00
0.490681737661E+00
0.685456335545E+00
0.604228615761E+00
0.595637559891E+00
0.587376058102E+00
0.579431653023E+00
0.571791946888E+00
0.564445137978E+00
0.557380318642E+00
0.550586521626E+00
0.544053316116E+00
0.537770807743E+00
0.531729161739E+00
0.525919318199E+00
0.520332396030E+00
0.514959752560E+00
0.509793281555E+00
0.504825115204E+00
0.500047445297E+00
0.495453000069E+00
0.491034924984E+00
0.486786305904E+00
0.482700586319E+00
0.478771597147E+00
0.474993407726E+00
0.471360146999E+00
0.467866212130E+00
0.462341576815E+00
0.454972654581E+00
0.448265492916E+00
0.442160606384E+00
0.436603993177E+00
0.431546270847E+00
0.426942676306E+00
0.422752559185E+00
0.418938785791E+00
0.415467321873E+00
0.412307739258E+00
0.409431844950E+00
0.406814128160E+00
0.404431611300E+00
0.402262896299E+00
0.400288939476E+00
0.398492306471E+00
0.396857082844E+00
0.395368456841E+00
0.394013702869E+00
0.392780601978E+00
0.391659259796E+00
0.390660881996E+00
0.389870166779E+00
0.389485239983E+00
0.389789998531E+00
0.390975117683E+00
0.392963200808E+00
0.395497024059E+00
0.398302555084E+00
0.401173263788E+00
0.403978794813E+00
0.406644463539E+00
0.409129977226E+00
0.411414295435E+00
0.413487523794E+00
0.415345758200E+00
0.416988790035E+00
0.418412446976E+00
0.419596821070E+00
0.420556396246E+00
0.421311467886E+00
0.421880066395E+00
0.422280251980E+00
0.422532439232E+00
0.422659486532E+00
0.422688215971E+00
0.422648578882E+00
0.422571927309E+00
0.422485440969E+00
0.422425985336E+00
0.422393500805E+00
0.422362327576E+00
0.422332346439E+00
0.422303497791E+00
0.422275811434E+00
0.422249197960E+00
0.422223508358E+00
0.422198861837E+00
0.422175168991E+00
0.422152310610E+00
0.422130405903E+00
0.422109365463E+00
0.422089070082E+00
0.422069549561E+00
0.422050803900E+00
0.422032803297E+00
0.422015398741E+00
0.421998828650E+00
0.421982675791E+00
0.421967297792E+00
0.421952486038E+00
0.421938270330E+00
0.421924501657E+00
0.577592790127E+00
0.495069563389E+00
0.488030642271E+00
0.481261700392E+00
0.474752545357E+00
0.468492895365E+00
0.462473362684E+00
0.456684827805E+00
0.451118409634E+00
0.445765435696E+00
0.440617859364E+00
0.435667812824E+00
0.430907577276E+00
0.426329910755E+00
0.421927958727E+00
0.417694836855E+00
0.413624167442E+00
0.409709632397E+00
0.405945241451E+00
0.402325272560E+00
0.398844212294E+00
0.395496666431E+00
0.392277508974E+00
0.389181882143E+00
0.386204987764E+00
0.383342206478E+00
0.378815710545E+00
0.372778058052E+00
0.367282509804E+00
0.362280488014E+00
0.357727736235E+00
0.353583753109E+00
0.349811881781E+00
0.346378773451E+00
0.343253970146E+00
0.340409666300E+00
0.337820857763E+00
0.335464537144E+00
0.333319723606E+00
0.331367552280E+00
0.329590737820E+00
0.327973395586E+00
0.326501309872E+00
0.325161486864E+00
0.323941826820E+00
0.322831809521E+00
0.321821510792E+00
0.320901870728E+00
0.320064872503E+00
0.319304585457E+00
0.318632870913E+00
0.318106710911E+00
0.317831069231E+00
0.317921966314E+00
0.318462520838E+00
0.319471955299E+00
0.320900827646E+00
0.322652041912E+00
0.324610650539E+00
0.326668143272E+00
0.328734427691E+00
0.330741941929E+00
0.332642555237E+00
0.334403753281E+00
0.336000829935E+00
0.337403953075E+00
0.338611245155E+00
0.339629948139E+00
0.340468972921E+00
0.341138958931E+00
0.341652512550E+00
0.342024654150E+00
0.342272311449E+00
0.342414945364E+00
0.342474341393E+00
0.342473536730E+00
0.342453598976E+00
0.342433989048E+00
0.342409163713E+00
0.342384904623E+00
0.342361479998E+00
0.342339038849E+00
0.342317402363E+00
0.342296630144E+00
0.342276692390E+00
0.342257380486E+00
0.342238932848E+00
0.342221111059E+00
0.342204153538E+00
0.342187643051E+00
0.342171758413E+00
0.342156618834E+00
0.342142045498E+00
0.342127948999E+00
0.342114478350E+00
0.342101424932E+00
0.342088937759E+00
0.342076897621E+00
0.342065334320E+00
0.342054247856E+00
0.452295422554E+00
0.368267357349E+00
0.363031268120E+00
0.357996106148E+00
0.353154003620E+00
0.348497807980E+00
0.344019979239E+00
0.339714109898E+00
0.335573345423E+00
0.331591516733E+00
0.327762424946E+00
0.324080139399E+00
0.320539176464E+00
0.317133963108E+00
0.313859492540E+00
0.310710608959E+00
0.307682543993E+00
0.304770678282E+00
0.301970481873E+00
0.299277663231E+00
0.296688199043E+00
0.294198006392E+00
0.291803389788E+00
0.289500653744E+00
0.287286192179E+00
0.285156697035E+00
0.281789600849E+00
0.277298271656E+00
0.273210406303E+00
0.269489586353E+00
0.266102880239E+00
0.263020336628E+00
0.260214507580E+00
0.257660716772E+00
0.255336284637E+00
0.253220468760E+00
0.251294732094E+00
0.249541938305E+00
0.247946515679E+00
0.246494337916E+00
0.245172590017E+00
0.243969485164E+00
0.242874488235E+00
0.241877794266E+00
0.240970551968E+00
0.240144878626E+00
0.239393323660E+00
0.238709270954E+00
0.238086670637E+00
0.237519904971E+00
0.237004116178E+00
0.236536145210E+00
0.236124008894E+00
0.235792458057E+00
0.235577583313E+00
0.235519275069E+00
0.235651850700E+00
0.235996544361E+00
0.236556842923E+00
0.237317502499E+00
0.238247767091E+00
0.239306747913E+00
0.240449115634E+00
0.241629943252E+00
0.242805927992E+00
0.243930518627E+00
0.244975626469E+00
0.245923697948E+00
0.246763005853E+00
0.247487083077E+00
0.248094111681E+00
0.248585999012E+00
0.248968258500E+00
0.249249562621E+00
0.249441251159E+00
0.249557003379E+00
0.249624937773E+00
0.249660506845E+00
0.249665111303E+00
0.249653622508E+00
0.249637171626E+00
0.249620795250E+00
0.249605029821E+00
0.249589890242E+00
0.249575316906E+00
0.249561294913E+00
0.249547809362E+00
0.249534845352E+00
0.249522402883E+00
0.249510407448E+00
0.249498873949E+00
0.249487802386E+00
0.249477177858E+00
0.249466881156E+00
0.249457061291E+00
0.249447539449E+00
0.249438434839E+00
0.249429732561E+00
0.249421268702E+00
0.249413132668E+00
0.306963711977E+00
0.221190229058E+00
0.218045353889E+00
0.215021058917E+00
0.212112829089E+00
0.209316179156E+00
0.206626743078E+00
0.204040467739E+00
0.201553434134E+00
0.199161857367E+00
0.196861997247E+00
0.194650366902E+00
0.192523524165E+00
0.190478339791E+00
0.188511580229E+00
0.186620280147E+00
0.184801578522E+00
0.183052614331E+00
0.181370764971E+00
0.179753378034E+00
0.178198084235E+00
0.176702454686E+00
0.175264164805E+00
0.173881083727E+00
0.172551020980E+00
0.171271979809E+00
0.169249624014E+00
0.166552051902E+00
0.164096757770E+00
0.161861926317E+00
0.159827828407E+00
0.157976344228E+00
0.156291127205E+00
0.154757246375E+00
0.153361126781E+00
0.152090325952E+00
0.150933682919E+00
0.149880915880E+00
0.148922652006E+00
0.148050457239E+00
0.147256568074E+00
0.146533980966E+00
0.145876288414E+00
0.145277649164E+00
0.144732728601E+00
0.144236817956E+00
0.143785417080E+00
0.143374532461E+00
0.143000572920E+00
0.142660170794E+00
0.142350375652E+00
0.142068415880E+00
0.141811728477E+00
0.141578450799E+00
0.141370162368E+00
0.141193360090E+00
0.141057848930E+00
0.140974923968E+00
0.140955060720E+00
0.141006365418E+00
0.141132995486E+00
0.141334608197E+00
0.141606152058E+00
0.141938433051E+00
0.142318129539E+00
0.142725706100E+00
0.143144324422E+00
0.143559232354E+00
0.143956884742E+00
0.144325777888E+00
0.144656836987E+00
0.144943505526E+00
0.145182013512E+00
0.145371332765E+00
0.145512834191E+00
0.145610243082E+00
0.145676866174E+00
0.145719289780E+00
0.145736947656E+00
0.145738556981E+00
0.145731881261E+00
0.145722612739E+00
0.145713403821E+00
0.145704582334E+00
0.145696103573E+00
0.145687878132E+00
0.145679995418E+00
0.145672455430E+00
0.145665183663E+00
0.145658165216E+00
0.145651414990E+00
0.145644947886E+00
0.145638778806E+00
0.145632758737E+00
0.145627021790E+00
0.145621478558E+00
0.145616173744E+00
0.145611047745E+00
0.145606130362E+00
0.145601376891E+00
0.144107937813E+00
0.563785620034E-01
0.555769763887E-01
0.548061318696E-01
0.540648587048E-01
0.533520132303E-01
0.526665188372E-01
0.520073138177E-01
0.513734035194E-01
0.507638156414E-01
0.501776151359E-01
0.496138967574E-01
0.490717962384E-01
0.485504977405E-01
0.480491928756E-01
0.475671291351E-01
0.471035614610E-01
0.466577783227E-01
0.462290830910E-01
0.458168387413E-01
0.454204231501E-01
0.450391992927E-01
0.446726009250E-01
0.443200618029E-01
0.439810566604E-01
0.436550416052E-01
0.431395694613E-01
0.424519926310E-01
0.418261699378E-01
0.412565432489E-01
0.407380759716E-01
0.402661561966E-01
0.398366115987E-01
0.394456498325E-01
0.390897952020E-01
0.387658849359E-01
0.384710729122E-01
0.382027328014E-01
0.379584841430E-01
0.377361737192E-01
0.375338196754E-01
0.373496375978E-01
0.371820032597E-01
0.370294153690E-01
0.368905179203E-01
0.367641225457E-01
0.366490632296E-01
0.365443415940E-01
0.364490263164E-01
0.363622643054E-01
0.362832956016E-01
0.362114235759E-01
0.361460000277E-01
0.360864475369E-01
0.360322445631E-01
0.359828993678E-01
0.359381400049E-01
0.358988605440E-01
0.358669795096E-01
0.358450748026E-01
0.358355827630E-01
0.358405485749E-01
0.358610525727E-01
0.358971841633E-01
0.359479114413E-01
0.360100418329E-01
0.360802188516E-01
0.361551344395E-01
0.362309105694E-01
0.363041125238E-01
0.363714545965E-01
0.364304184914E-01
0.364791452885E-01
0.365166626871E-01
0.365429632366E-01
0.365589819849E-01
0.365682132542E-01
0.365727096796E-01
0.365727841854E-01
0.365707576275E-01
0.365682579577E-01
0.365658625960E-01
0.365635454655E-01
0.365613326430E-01
0.365591943264E-01
0.365571454167E-01
0.365551635623E-01
0.365532711148E-01
0.365514419973E-01
0.365496911108E-01
0.365479923785E-01
0.365463756025E-01
0.365448147058E-01
0.365433096886E-01
0.365418754518E-01
0.365404784679E-01
0.365391485393E-01
0.365378633142E-01
0.365366265178E-01
0.365354344249E-01
-.269904285669E-01
-.116774670780E+00
-.115114390850E+00
-.113517761230E+00
-.111982375383E+00
-.110505923629E+00
-.109086066484E+00
-.107720687985E+00
-.106407701969E+00
-.105145066977E+00
-.103930890560E+00
-.102763287723E+00
-.101640455425E+00
-.100560717285E+00
-.995223969221E-01
-.985239148140E-01
-.975637435913E-01
-.966403931379E-01
-.957524627447E-01
-.948986113071E-01
-.940775051713E-01
-.932879000902E-01
-.925285741687E-01
-.917984023690E-01
-.910962000489E-01
-.904209539294E-01
-.893532782793E-01
-.879291221499E-01
-.866328850389E-01
-.854530259967E-01
-.843791514635E-01
-.834016948938E-01
