 liquFrac
0.100000000000E+01
0.100000000000E+01
0.100000000000E+01
0.100000000000E+01
0.100000000000E+01
0.100000000000E+01
0.100000000000E+01
0.100000000000E+01
0.100000000000E+01
0.100000000000E+01
0.100000000000E+01
0.100000000000E+01
0.100000000000E+01
0.100000000000E+01
0.100000000000E+01
0.100000000000E+01
0.100000000000E+01
0.100000000000E+01
0.100000000000E+01
0.100000000000E+01
0.100000000000E+01
0.100000000000E+01
0.100000000000E+01
0.100000000000E+01
0.100000000000E+01
0.100000000000E+01
0.100000000000E+01
0.100000000000E+01
0.100000000000E+01
0.100000000000E+01
0.100000000000E+01
0.100000000000E+01
0.100000000000E+01
0.100000000000E+01
0.100000000000E+01
0.100000000000E+01
0.100000000000E+01
0.100000000000E+01
0.100000000000E+01
0.100000000000E+01
0.100000000000E+01
0.100000000000E+01
0.100000000000E+01
0.100000000000E+01
0.100000000000E+01
0.100000000000E+01
0.100000000000E+01
0.100000000000E+01
0.100000000000E+01
0.100000000000E+01
0.100000000000E+01
0.100000000000E+01
0.100000000000E+01
0.100000000000E+01
0.100000000000E+01
0.100000000000E+01
0.100000000000E+01
0.100000000000E+01
0.100000000000E+01
0.100000000000E+01
0.100000000000E+01
0.100000000000E+01
0.100000000000E+01
0.100000000000E+01
0.100000000000E+01
0.100000000000E+01
0.100000000000E+01
0.100000000000E+01
0.100000000000E+01
0.100000000000E+01
0.100000000000E+01
0.100000000000E+01
0.100000000000E+01
0.100000000000E+01
0.100000000000E+01
0.100000000000E+01
0.100000000000E+01
0.100000000000E+01
0.100000000000E+01
0.100000000000E+01
0.100000000000E+01
0.100000000000E+01
0.100000000000E+01
0.100000000000E+01
0.100000000000E+01
0.100000000000E+01
0.100000000000E+01
0.100000000000E+01
0.100000000000E+01
0.100000000000E+01
0.100000000000E+01
0.100000000000E+01
0.100000000000E+01
0.100000000000E+01
0.100000000000E+01
0.100000000000E+01
0.100000000000E+01
0.100000000000E+01
0.100000000000E+01
0.416666679084E-01
0.000000000000E+00
0.000000000000E+00
0.000000000000E+00
0.000000000000E+00
0.000000000000E+00
0.000000000000E+00
0.000000000000E+00
0.000000000000E+00
0.000000000000E+00
0.000000000000E+00
0.000000000000E+00
0.000000000000E+00
0.000000000000E+00
0.000000000000E+00
0.000000000000E+00
0.000000000000E+00
0.000000000000E+00
0.000000000000E+00
0.000000000000E+00
0.000000000000E+00
0.000000000000E+00
0.000000000000E+00
0.000000000000E+00
0.000000000000E+00
0.000000000000E+00
0.000000000000E+00
0.000000000000E+00
0.000000000000E+00
0.000000000000E+00
0.000000000000E+00
0.000000000000E+00
0.000000000000E+00
0.000000000000E+00
0.000000000000E+00
0.000000000000E+00
0.000000000000E+00
0.000000000000E+00
0.000000000000E+00
0.000000000000E+00
0.000000000000E+00
0.000000000000E+00
0.413567898795E-02
0.188778992742E-01
0.365162752569E-01
0.566621981561E-01
0.790733471513E-01
0.102514095604E+00
0.124317578971E+00
0.141560107470E+00
0.153170257807E+00
0.159443661571E+00
0.161233216524E+00
0.160458818078E+00
0.158692702651E+00
0.156510323286E+00
0.154101654887E+00
0.151520639658E+00
0.148773416877E+00
0.145847722888E+00
0.142722025514E+00
0.139367446303E+00
0.135747238994E+00
0.131814256310E+00
0.126795917749E+00
0.121005371213E+00
0.115002274513E+00
0.108388952911E+00
0.100835241377E+00
0.919695422053E-01
0.813134983182E-01
0.682471320033E-01
0.520625524223E-01
0.322419367731E-01
0.899463053793E-02
0.000000000000E+00
0.000000000000E+00
0.000000000000E+00
0.000000000000E+00
0.000000000000E+00
0.000000000000E+00
0.000000000000E+00
0.000000000000E+00
0.000000000000E+00
0.000000000000E+00
0.000000000000E+00
0.000000000000E+00
0.000000000000E+00
0.000000000000E+00
0.000000000000E+00
0.000000000000E+00
0.000000000000E+00
0.000000000000E+00
0.000000000000E+00
0.000000000000E+00
0.000000000000E+00
0.000000000000E+00
0.000000000000E+00
0.000000000000E+00
0.000000000000E+00
0.000000000000E+00
0.000000000000E+00
0.000000000000E+00
0.000000000000E+00
0.000000000000E+00
0.000000000000E+00
0.000000000000E+00
0.000000000000E+00
0.000000000000E+00
0.000000000000E+00
0.000000000000E+00
0.000000000000E+00
0.000000000000E+00
0.000000000000E+00
0.000000000000E+00
0.000000000000E+00
0.000000000000E+00
0.000000000000E+00
0.000000000000E+00
0.000000000000E+00
0.000000000000E+00
0.000000000000E+00
0.000000000000E+00
0.000000000000E+00
0.000000000000E+00
0.000000000000E+00
0.000000000000E+00
0.000000000000E+00
0.000000000000E+00
0.000000000000E+00
0.000000000000E+00
0.000000000000E+00
0.000000000000E+00
0.000000000000E+00
0.000000000000E+00
0.000000000000E+00
0.000000000000E+00
0.000000000000E+00
0.000000000000E+00
0.000000000000E+00
0.000000000000E+00
0.000000000000E+00
0.000000000000E+00
0.365554471500E-02
0.149345882237E-01
0.279950797558E-01
0.426643602550E-01
0.589193888009E-01
0.766326338053E-01
0.953098535538E-01
0.113918796182E+00
0.130391255021E+00
0.142411082983E+00
0.149585917592E+00
0.153069928288E+00
0.154095992446E+00
0.153603076935E+00
0.152191191912E+00
0.150207608938E+00
0.147840410471E+00
0.145185023546E+00
0.142284229398E+00
0.139149978757E+00
0.135775491595E+00
0.131772533059E+00
0.127223461866E+00
0.122487068176E+00
0.117438949645E+00
0.111966721714E+00
0.105954729021E+00
0.992737710476E-01
0.917729064822E-01
0.832747593522E-01
0.735758915544E-01
0.624592639506E-01
0.497290603817E-01
0.352728329599E-01
0.190658736974E-01
0.294268736616E-02
0.000000000000E+00
0.000000000000E+00
0.000000000000E+00
0.000000000000E+00
0.000000000000E+00
0.000000000000E+00
0.000000000000E+00
0.000000000000E+00
0.000000000000E+00
0.000000000000E+00
0.000000000000E+00
0.000000000000E+00
0.000000000000E+00
0.000000000000E+00
0.000000000000E+00
0.000000000000E+00
0.000000000000E+00
0.000000000000E+00
0.000000000000E+00
0.000000000000E+00
0.000000000000E+00
0.000000000000E+00
0.000000000000E+00
0.000000000000E+00
0.000000000000E+00
0.000000000000E+00
0.000000000000E+00
0.000000000000E+00
0.000000000000E+00
0.000000000000E+00
0.000000000000E+00
0.000000000000E+00
0.000000000000E+00
0.000000000000E+00
0.000000000000E+00
0.000000000000E+00
0.000000000000E+00
0.000000000000E+00
0.000000000000E+00
0.000000000000E+00
0.000000000000E+00
0.000000000000E+00
0.000000000000E+00
0.000000000000E+00
0.000000000000E+00
0.000000000000E+00
0.000000000000E+00
0.000000000000E+00
0.000000000000E+00
0.000000000000E+00
0.000000000000E+00
0.000000000000E+00
0.000000000000E+00
0.000000000000E+00
0.000000000000E+00
0.000000000000E+00
0.000000000000E+00
0.000000000000E+00
0.000000000000E+00
0.000000000000E+00
0.000000000000E+00
0.000000000000E+00
0.000000000000E+00
0.000000000000E+00
0.000000000000E+00
0.286590517499E-02
0.120084956288E-01
0.224507804960E-01
0.340257063508E-01
0.467219762504E-01
0.605237632990E-01
0.753517523408E-01
0.904891192913E-01
0.104538775980E+00
0.116557449102E+00
0.126247227192E+00
0.133532226086E+00
0.138565301895E+00
0.141655892134E+00
0.143172189593E+00
0.143463984132E+00
0.142822325230E+00
0.141468971968E+00
0.139562472701E+00
0.137209951878E+00
0.134241864085E+00
0.130742669106E+00
0.126996025443E+00
0.122973918915E+00
0.118642099202E+00
0.113959394395E+00
0.108876787126E+00
0.103336386383E+00
0.972703844309E-01
0.906004160643E-01
0.832381621003E-01
0.750869289041E-01
0.660464838147E-01
0.560213066638E-01
0.449444167316E-01
0.327918417752E-01
0.195631477982E-01
0.541541585699E-02
0.000000000000E+00
0.000000000000E+00
0.000000000000E+00
0.000000000000E+00
0.000000000000E+00
0.000000000000E+00
0.000000000000E+00
0.000000000000E+00
0.000000000000E+00
0.000000000000E+00
0.000000000000E+00
0.000000000000E+00
0.000000000000E+00
0.000000000000E+00
0.000000000000E+00
0.000000000000E+00
0.000000000000E+00
0.000000000000E+00
0.000000000000E+00
0.000000000000E+00
0.000000000000E+00
0.000000000000E+00
0.000000000000E+00
0.000000000000E+00
0.000000000000E+00
0.000000000000E+00
0.000000000000E+00
0.000000000000E+00
0.000000000000E+00
0.000000000000E+00
0.000000000000E+00
0.000000000000E+00
0.000000000000E+00
0.000000000000E+00
0.000000000000E+00
0.000000000000E+00
0.000000000000E+00
0.000000000000E+00
0.000000000000E+00
0.000000000000E+00
0.000000000000E+00
0.000000000000E+00
0.000000000000E+00
0.000000000000E+00
0.000000000000E+00
0.000000000000E+00
0.000000000000E+00
0.000000000000E+00
0.000000000000E+00
0.000000000000E+00
0.000000000000E+00
0.000000000000E+00
0.000000000000E+00
0.000000000000E+00
0.000000000000E+00
0.000000000000E+00
0.000000000000E+00
0.000000000000E+00
0.000000000000E+00
0.000000000000E+00
0.000000000000E+00
0.000000000000E+00
0.000000000000E+00
0.162977678701E-02
0.903405062854E-02
0.177061762661E-01
0.272184535861E-01
0.375633388758E-01
0.487341098487E-01
0.603633075953E-01
0.716658532619E-01
0.821693912148E-01
0.917612239718E-01
0.100323297083E+00
0.107755221426E+00
0.113993786275E+00
0.119023516774E+00
0.122877158225E+00
0.125627025962E+00
0.127371668816E+00
0.128221198916E+00
0.128285244107E+00
0.127492502332E+00
0.125944733620E+00
0.123907186091E+00
0.121423825622E+00
0.118524104357E+00
0.115224473178E+00
0.111529767513E+00
0.107434377074E+00
0.102923423052E+00
0.979733020067E-01
0.925527513027E-01
0.866235643625E-01
0.801412016153E-01
0.730556994677E-01
0.653186738491E-01
0.568865761161E-01
0.477268844843E-01
0.378253944218E-01
0.271812155843E-01
0.157954581082E-01
0.393655849621E-02
0.000000000000E+00
0.000000000000E+00
0.000000000000E+00
0.000000000000E+00
0.000000000000E+00
0.000000000000E+00
0.000000000000E+00
0.000000000000E+00
0.000000000000E+00
0.000000000000E+00
0.000000000000E+00
0.000000000000E+00
0.000000000000E+00
0.000000000000E+00
0.000000000000E+00
0.000000000000E+00
0.000000000000E+00
0.000000000000E+00
0.000000000000E+00
0.000000000000E+00
0.000000000000E+00
0.000000000000E+00
0.000000000000E+00
0.000000000000E+00
0.000000000000E+00
0.000000000000E+00
0.000000000000E+00
0.000000000000E+00
0.000000000000E+00
0.000000000000E+00
0.000000000000E+00
0.000000000000E+00
0.000000000000E+00
0.000000000000E+00
0.000000000000E+00
0.000000000000E+00
0.000000000000E+00
0.000000000000E+00
0.000000000000E+00
0.000000000000E+00
0.000000000000E+00
0.000000000000E+00
0.000000000000E+00
0.000000000000E+00
0.000000000000E+00
0.000000000000E+00
0.000000000000E+00
0.000000000000E+00
0.000000000000E+00
0.000000000000E+00
0.000000000000E+00
0.000000000000E+00
0.000000000000E+00
0.000000000000E+00
0.000000000000E+00
0.000000000000E+00
0.000000000000E+00
0.000000000000E+00
0.000000000000E+00
0.000000000000E+00
0.000000000000E+00
0.425174570410E-03
0.584991788492E-02
0.132187362760E-01
0.212325565517E-01
0.298861749470E-01
0.388983525336E-01
0.476877540350E-01
0.559491366148E-01
0.636714175344E-01
0.708332508802E-01
0.774067714810E-01
0.833623409271E-01
0.886729359627E-01
0.933176130056E-01
0.972839891911E-01
0.100569732487E+00
0.103182315826E+00
0.105138130486E+00
0.106327332556E+00
0.106776483357E+00
0.106665536761E+00
0.106023505330E+00
0.104876868427E+00
0.103248387575E+00
0.101156279445E+00
0.986135601997E-01
0.956279188395E-01
0.922016799450E-01
0.883318260312E-01
0.840106606483E-01
0.792256295681E-01
0.739593356848E-01
0.681937783957E-01
0.619108416140E-01
0.550938732922E-01
0.477305576205E-01
0.398157835007E-01
0.313495770097E-01
0.223327782005E-01
0.127662047744E-01
0.296311080456E-02
0.000000000000E+00
0.000000000000E+00
0.000000000000E+00
0.000000000000E+00
0.000000000000E+00
0.000000000000E+00
0.000000000000E+00
0.000000000000E+00
0.000000000000E+00
0.000000000000E+00
0.000000000000E+00
0.000000000000E+00
0.000000000000E+00
0.000000000000E+00
0.000000000000E+00
0.000000000000E+00
0.000000000000E+00
0.000000000000E+00
0.000000000000E+00
0.000000000000E+00
0.000000000000E+00
0.000000000000E+00
0.000000000000E+00
0.000000000000E+00
0.000000000000E+00
0.000000000000E+00
0.000000000000E+00
0.000000000000E+00
0.000000000000E+00
0.000000000000E+00
0.000000000000E+00
0.000000000000E+00
0.000000000000E+00
0.000000000000E+00
0.000000000000E+00
0.000000000000E+00
0.000000000000E+00
0.000000000000E+00
0.000000000000E+00
0.000000000000E+00
0.000000000000E+00
0.000000000000E+00
0.000000000000E+00
0.000000000000E+00
0.000000000000E+00
0.000000000000E+00
0.000000000000E+00
0.000000000000E+00
0.000000000000E+00
0.000000000000E+00
0.000000000000E+00
0.000000000000E+00
0.000000000000E+00
0.000000000000E+00
0.000000000000E+00
0.000000000000E+00
0.000000000000E+00
0.000000000000E+00
0.000000000000E+00
0.000000000000E+00
0.000000000000E+00
0.276195863262E-02
0.915230251849E-02
0.160613432527E-01
0.232566650957E-01
0.302741117775E-01
0.368707627058E-01
0.430440232158E-01
0.487916618586E-01
0.541113093495E-01
0.589990466833E-01
0.634492114186E-01
0.674555003643E-01
0.710118785501E-01
0.741134658456E-01
0.767570659518E-01
0.789414197206E-01
0.805601328611E-01
0.816087648273E-01
0.822094976902E-01
0.823678374290E-01
0.820896849036E-01
0.813809484243E-01
0.802469775081E-01
0.786921679974E-01
0.767197310925E-01
0.743313878775E-01
0.715273022652E-01
0.683061853051E-01
0.646649450064E-01
0.605984665453E-01
0.561024770141E-01
0.511734187603E-01
0.458090454340E-01
0.400090515614E-01
0.337739996612E-01
0.271045472473E-01
0.200013462454E-01
0.124650560319E-01
0.449630571529E-02
0.953271865001E-05
0.000000000000E+00
0.000000000000E+00
0.000000000000E+00
0.000000000000E+00
0.000000000000E+00
0.000000000000E+00
0.000000000000E+00
0.000000000000E+00
0.000000000000E+00
0.000000000000E+00
0.000000000000E+00
0.000000000000E+00
0.000000000000E+00
0.000000000000E+00
0.000000000000E+00
0.000000000000E+00
0.000000000000E+00
0.000000000000E+00
0.000000000000E+00
0.000000000000E+00
0.000000000000E+00
0.000000000000E+00
0.000000000000E+00
0.000000000000E+00
0.000000000000E+00
0.000000000000E+00
0.000000000000E+00
0.000000000000E+00
0.000000000000E+00
0.000000000000E+00
0.000000000000E+00
0.000000000000E+00
0.000000000000E+00
0.000000000000E+00
0.000000000000E+00
0.000000000000E+00
0.000000000000E+00
0.000000000000E+00
0.000000000000E+00
0.000000000000E+00
0.000000000000E+00
0.000000000000E+00
0.000000000000E+00
0.000000000000E+00
