 liquFrac
0.100000000000E+01
0.100000000000E+01
0.100000000000E+01
0.100000000000E+01
0.100000000000E+01
0.100000000000E+01
0.100000000000E+01
0.100000000000E+01
0.100000000000E+01
0.100000000000E+01
0.100000000000E+01
0.100000000000E+01
0.100000000000E+01
0.100000000000E+01
0.100000000000E+01
0.100000000000E+01
0.100000000000E+01
0.100000000000E+01
0.100000000000E+01
0.100000000000E+01
0.100000000000E+01
0.100000000000E+01
0.100000000000E+01
0.100000000000E+01
0.100000000000E+01
0.100000000000E+01
0.100000000000E+01
0.100000000000E+01
0.100000000000E+01
0.100000000000E+01
0.100000000000E+01
0.100000000000E+01
0.100000000000E+01
0.100000000000E+01
0.100000000000E+01
0.100000000000E+01
0.100000000000E+01
0.100000000000E+01
0.100000000000E+01
0.100000000000E+01
0.100000000000E+01
0.100000000000E+01
0.100000000000E+01
0.100000000000E+01
0.100000000000E+01
0.100000000000E+01
0.100000000000E+01
0.100000000000E+01
0.100000000000E+01
0.100000000000E+01
0.100000000000E+01
0.100000000000E+01
0.100000000000E+01
0.100000000000E+01
0.100000000000E+01
0.100000000000E+01
0.100000000000E+01
0.100000000000E+01
0.100000000000E+01
0.100000000000E+01
0.100000000000E+01
0.100000000000E+01
0.100000000000E+01
0.100000000000E+01
0.100000000000E+01
0.100000000000E+01
0.100000000000E+01
0.100000000000E+01
0.100000000000E+01
0.100000000000E+01
0.100000000000E+01
0.100000000000E+01
0.100000000000E+01
0.100000000000E+01
0.100000000000E+01
0.100000000000E+01
0.100000000000E+01
0.100000000000E+01
0.100000000000E+01
0.100000000000E+01
0.100000000000E+01
0.100000000000E+01
0.100000000000E+01
0.100000000000E+01
0.100000000000E+01
0.100000000000E+01
0.100000000000E+01
0.100000000000E+01
0.100000000000E+01
0.100000000000E+01
0.100000000000E+01
0.100000000000E+01
0.100000000000E+01
0.100000000000E+01
0.100000000000E+01
0.100000000000E+01
0.100000000000E+01
0.100000000000E+01
0.100000000000E+01
0.416666679084E-01
0.000000000000E+00
0.000000000000E+00
0.000000000000E+00
0.000000000000E+00
0.000000000000E+00
0.000000000000E+00
0.000000000000E+00
0.000000000000E+00
0.000000000000E+00
0.000000000000E+00
0.000000000000E+00
0.000000000000E+00
0.000000000000E+00
0.000000000000E+00
0.000000000000E+00
0.158249822562E-03
0.731081468984E-02
0.265465453267E-01
0.512471497059E-01
0.810260623693E-01
0.113470599055E+00
0.142604529858E+00
0.162650987506E+00
0.173798203468E+00
0.179888859391E+00
0.183920338750E+00
0.187148973346E+00
0.189989224076E+00
0.192490682006E+00
0.194673851132E+00
0.196573153138E+00
0.198149308562E+00
0.199318945408E+00
0.335032969713E+00
0.100000000000E+01
0.100000000000E+01
0.100000000000E+01
0.100000000000E+01
0.100000000000E+01
0.100000000000E+01
0.100000000000E+01
0.100000000000E+01
0.100000000000E+01
0.100000000000E+01
0.100000000000E+01
0.100000000000E+01
0.100000000000E+01
0.100000000000E+01
0.100000000000E+01
0.100000000000E+01
0.100000000000E+01
0.100000000000E+01
0.100000000000E+01
0.100000000000E+01
0.100000000000E+01
0.100000000000E+01
0.100000000000E+01
0.100000000000E+01
0.100000000000E+01
0.100000000000E+01
0.100000000000E+01
0.100000000000E+01
0.100000000000E+01
0.100000000000E+01
0.100000000000E+01
0.100000000000E+01
0.100000000000E+01
0.100000000000E+01
0.100000000000E+01
0.100000000000E+01
0.100000000000E+01
0.100000000000E+01
0.100000000000E+01
0.100000000000E+01
0.100000000000E+01
0.100000000000E+01
0.100000000000E+01
0.100000000000E+01
0.100000000000E+01
0.100000000000E+01
0.100000000000E+01
0.100000000000E+01
0.100000000000E+01
0.100000000000E+01
0.100000000000E+01
0.100000000000E+01
0.100000000000E+01
0.100000000000E+01
0.100000000000E+01
0.100000000000E+01
0.100000000000E+01
0.100000000000E+01
0.100000000000E+01
0.100000000000E+01
0.100000000000E+01
0.100000000000E+01
0.100000000000E+01
0.100000000000E+01
0.100000000000E+01
0.416666679084E-01
0.000000000000E+00
0.000000000000E+00
0.000000000000E+00
0.000000000000E+00
0.000000000000E+00
0.000000000000E+00
0.000000000000E+00
0.000000000000E+00
0.000000000000E+00
0.000000000000E+00
0.000000000000E+00
0.000000000000E+00
0.000000000000E+00
0.000000000000E+00
0.000000000000E+00
0.158249822562E-03
0.731081468984E-02
0.265465453267E-01
0.512471497059E-01
0.810260623693E-01
0.113470599055E+00
0.142604529858E+00
0.162650987506E+00
0.173798203468E+00
0.179888859391E+00
0.183920338750E+00
0.187148973346E+00
0.189989224076E+00
0.192490682006E+00
0.194673851132E+00
0.196573153138E+00
0.198149308562E+00
0.199318945408E+00
0.335032969713E+00
0.100000000000E+01
0.100000000000E+01
0.100000000000E+01
0.100000000000E+01
0.100000000000E+01
0.100000000000E+01
0.100000000000E+01
0.100000000000E+01
0.100000000000E+01
0.100000000000E+01
0.100000000000E+01
0.100000000000E+01
0.100000000000E+01
0.100000000000E+01
0.100000000000E+01
0.100000000000E+01
0.100000000000E+01
0.100000000000E+01
0.100000000000E+01
0.100000000000E+01
0.100000000000E+01
0.100000000000E+01
0.100000000000E+01
0.100000000000E+01
0.100000000000E+01
0.100000000000E+01
0.100000000000E+01
0.100000000000E+01
0.100000000000E+01
0.100000000000E+01
0.100000000000E+01
0.100000000000E+01
0.100000000000E+01
0.100000000000E+01
0.100000000000E+01
0.100000000000E+01
0.100000000000E+01
0.100000000000E+01
0.100000000000E+01
0.100000000000E+01
0.100000000000E+01
0.100000000000E+01
0.100000000000E+01
0.100000000000E+01
0.100000000000E+01
0.100000000000E+01
0.100000000000E+01
0.100000000000E+01
0.100000000000E+01
0.100000000000E+01
0.100000000000E+01
0.100000000000E+01
0.100000000000E+01
0.100000000000E+01
0.100000000000E+01
0.100000000000E+01
0.100000000000E+01
0.100000000000E+01
0.100000000000E+01
0.100000000000E+01
0.100000000000E+01
0.100000000000E+01
0.100000000000E+01
0.100000000000E+01
0.100000000000E+01
0.416666679084E-01
0.000000000000E+00
0.000000000000E+00
0.000000000000E+00
0.000000000000E+00
0.000000000000E+00
0.000000000000E+00
0.000000000000E+00
0.000000000000E+00
0.000000000000E+00
0.000000000000E+00
0.000000000000E+00
0.000000000000E+00
0.000000000000E+00
0.000000000000E+00
0.000000000000E+00
0.158249822562E-03
0.731081468984E-02
0.265465453267E-01
0.512471497059E-01
0.810260623693E-01
0.113470599055E+00
0.142604529858E+00
0.162650987506E+00
0.173798203468E+00
0.179888859391E+00
0.183920338750E+00
0.187148973346E+00
0.189989224076E+00
0.192490682006E+00
0.194673851132E+00
0.196573153138E+00
0.198149308562E+00
0.199318945408E+00
0.335032969713E+00
0.100000000000E+01
0.100000000000E+01
0.100000000000E+01
0.100000000000E+01
0.100000000000E+01
0.100000000000E+01
0.100000000000E+01
0.100000000000E+01
0.100000000000E+01
0.100000000000E+01
0.100000000000E+01
0.100000000000E+01
0.100000000000E+01
0.100000000000E+01
0.100000000000E+01
0.100000000000E+01
0.100000000000E+01
0.100000000000E+01
0.100000000000E+01
0.100000000000E+01
0.100000000000E+01
0.100000000000E+01
0.100000000000E+01
0.100000000000E+01
0.100000000000E+01
0.100000000000E+01
0.100000000000E+01
0.100000000000E+01
0.100000000000E+01
0.100000000000E+01
0.100000000000E+01
0.100000000000E+01
0.100000000000E+01
0.100000000000E+01
0.100000000000E+01
0.100000000000E+01
0.100000000000E+01
0.100000000000E+01
0.100000000000E+01
0.100000000000E+01
0.100000000000E+01
0.100000000000E+01
0.100000000000E+01
0.100000000000E+01
0.100000000000E+01
0.100000000000E+01
0.100000000000E+01
0.100000000000E+01
0.100000000000E+01
0.100000000000E+01
0.100000000000E+01
0.100000000000E+01
0.100000000000E+01
0.100000000000E+01
0.100000000000E+01
0.100000000000E+01
0.100000000000E+01
0.100000000000E+01
0.100000000000E+01
0.100000000000E+01
0.100000000000E+01
0.100000000000E+01
0.100000000000E+01
0.100000000000E+01
0.100000000000E+01
0.416666679084E-01
0.000000000000E+00
0.000000000000E+00
0.000000000000E+00
0.000000000000E+00
0.000000000000E+00
0.000000000000E+00
0.000000000000E+00
0.000000000000E+00
0.000000000000E+00
0.000000000000E+00
0.000000000000E+00
0.000000000000E+00
0.000000000000E+00
0.000000000000E+00
0.000000000000E+00
0.158249822562E-03
0.731081468984E-02
0.265465453267E-01
0.512471497059E-01
0.810260623693E-01
0.113470599055E+00
0.142604529858E+00
0.162650987506E+00
0.173798203468E+00
0.179888859391E+00
0.183920338750E+00
0.187148973346E+00
0.189989224076E+00
0.192490682006E+00
0.194673851132E+00
0.196573153138E+00
0.198149308562E+00
0.199318945408E+00
0.335032969713E+00
0.100000000000E+01
0.100000000000E+01
0.100000000000E+01
0.100000000000E+01
0.100000000000E+01
0.100000000000E+01
0.100000000000E+01
0.100000000000E+01
0.100000000000E+01
0.100000000000E+01
0.100000000000E+01
0.100000000000E+01
0.100000000000E+01
0.100000000000E+01
0.100000000000E+01
0.100000000000E+01
0.100000000000E+01
0.100000000000E+01
0.100000000000E+01
0.100000000000E+01
0.100000000000E+01
0.100000000000E+01
0.100000000000E+01
0.100000000000E+01
0.100000000000E+01
0.100000000000E+01
0.100000000000E+01
0.100000000000E+01
0.100000000000E+01
0.100000000000E+01
0.100000000000E+01
0.100000000000E+01
0.100000000000E+01
0.100000000000E+01
0.100000000000E+01
0.100000000000E+01
0.100000000000E+01
0.100000000000E+01
0.100000000000E+01
0.100000000000E+01
0.100000000000E+01
0.100000000000E+01
0.100000000000E+01
0.100000000000E+01
0.100000000000E+01
0.100000000000E+01
0.100000000000E+01
0.100000000000E+01
0.100000000000E+01
0.100000000000E+01
0.100000000000E+01
0.100000000000E+01
0.100000000000E+01
0.100000000000E+01
0.100000000000E+01
0.100000000000E+01
0.100000000000E+01
0.100000000000E+01
0.100000000000E+01
0.100000000000E+01
0.100000000000E+01
0.100000000000E+01
0.100000000000E+01
0.100000000000E+01
0.100000000000E+01
0.416666679084E-01
0.000000000000E+00
0.000000000000E+00
0.000000000000E+00
0.000000000000E+00
0.000000000000E+00
0.000000000000E+00
0.000000000000E+00
0.000000000000E+00
0.000000000000E+00
0.000000000000E+00
0.000000000000E+00
0.000000000000E+00
0.000000000000E+00
0.000000000000E+00
0.000000000000E+00
0.158249822562E-03
0.731081468984E-02
0.265465453267E-01
0.512471497059E-01
0.810260623693E-01
0.113470599055E+00
0.142604529858E+00
0.162650987506E+00
0.173798203468E+00
0.179888859391E+00
0.183920338750E+00
0.187148973346E+00
0.189989224076E+00
0.192490682006E+00
0.194673851132E+00
0.196573153138E+00
0.198149308562E+00
0.199318945408E+00
0.335032969713E+00
0.100000000000E+01
0.100000000000E+01
0.100000000000E+01
0.100000000000E+01
0.100000000000E+01
0.100000000000E+01
0.100000000000E+01
0.100000000000E+01
0.100000000000E+01
0.100000000000E+01
0.100000000000E+01
0.100000000000E+01
0.100000000000E+01
0.100000000000E+01
0.100000000000E+01
0.100000000000E+01
0.100000000000E+01
0.100000000000E+01
0.100000000000E+01
0.100000000000E+01
0.100000000000E+01
0.100000000000E+01
0.100000000000E+01
0.100000000000E+01
0.100000000000E+01
0.100000000000E+01
0.100000000000E+01
0.100000000000E+01
0.100000000000E+01
0.100000000000E+01
0.100000000000E+01
0.100000000000E+01
0.100000000000E+01
0.100000000000E+01
0.100000000000E+01
0.100000000000E+01
0.100000000000E+01
0.100000000000E+01
0.100000000000E+01
0.100000000000E+01
0.100000000000E+01
0.100000000000E+01
0.100000000000E+01
0.100000000000E+01
0.100000000000E+01
0.100000000000E+01
0.100000000000E+01
0.100000000000E+01
0.100000000000E+01
0.100000000000E+01
0.100000000000E+01
0.100000000000E+01
0.100000000000E+01
0.100000000000E+01
0.100000000000E+01
0.100000000000E+01
0.100000000000E+01
0.100000000000E+01
0.100000000000E+01
0.100000000000E+01
0.100000000000E+01
0.100000000000E+01
0.100000000000E+01
0.100000000000E+01
0.100000000000E+01
0.416666679084E-01
0.000000000000E+00
0.000000000000E+00
0.000000000000E+00
0.000000000000E+00
0.000000000000E+00
0.000000000000E+00
0.000000000000E+00
0.000000000000E+00
0.000000000000E+00
0.000000000000E+00
0.000000000000E+00
0.000000000000E+00
0.000000000000E+00
0.000000000000E+00
0.000000000000E+00
0.158249822562E-03
0.731081468984E-02
0.265465453267E-01
0.512471497059E-01
0.810260623693E-01
0.113470599055E+00
0.142604529858E+00
0.162650987506E+00
0.173798203468E+00
0.179888859391E+00
0.183920338750E+00
0.187148973346E+00
0.189989224076E+00
0.192490682006E+00
0.194673851132E+00
0.196573153138E+00
0.198149308562E+00
0.199318945408E+00
0.335032969713E+00
0.100000000000E+01
0.100000000000E+01
0.100000000000E+01
0.100000000000E+01
0.100000000000E+01
0.100000000000E+01
0.100000000000E+01
0.100000000000E+01
0.100000000000E+01
0.100000000000E+01
0.100000000000E+01
0.100000000000E+01
0.100000000000E+01
0.100000000000E+01
0.100000000000E+01
0.100000000000E+01
0.100000000000E+01
0.100000000000E+01
0.100000000000E+01
0.100000000000E+01
0.100000000000E+01
0.100000000000E+01
0.100000000000E+01
0.100000000000E+01
0.100000000000E+01
0.100000000000E+01
0.100000000000E+01
0.100000000000E+01
0.100000000000E+01
0.100000000000E+01
0.100000000000E+01
0.100000000000E+01
0.100000000000E+01
0.100000000000E+01
0.100000000000E+01
0.100000000000E+01
0.100000000000E+01
0.100000000000E+01
0.100000000000E+01
0.100000000000E+01
0.100000000000E+01
0.100000000000E+01
0.100000000000E+01
0.100000000000E+01
0.100000000000E+01
0.100000000000E+01
0.100000000000E+01
0.100000000000E+01
0.100000000000E+01
0.100000000000E+01
0.100000000000E+01
0.100000000000E+01
0.100000000000E+01
0.100000000000E+01
0.100000000000E+01
0.100000000000E+01
0.100000000000E+01
0.100000000000E+01
0.100000000000E+01
0.100000000000E+01
0.100000000000E+01
0.100000000000E+01
0.100000000000E+01
0.100000000000E+01
0.100000000000E+01
0.416666679084E-01
0.000000000000E+00
0.000000000000E+00
0.000000000000E+00
0.000000000000E+00
0.000000000000E+00
0.000000000000E+00
0.000000000000E+00
0.000000000000E+00
0.000000000000E+00
0.000000000000E+00
0.000000000000E+00
0.000000000000E+00
0.000000000000E+00
0.000000000000E+00
0.000000000000E+00
0.000000000000E+00
0.000000000000E+00
0.000000000000E+00
0.000000000000E+00
0.000000000000E+00
0.000000000000E+00
0.000000000000E+00
0.000000000000E+00
0.000000000000E+00
0.000000000000E+00
0.000000000000E+00
0.000000000000E+00
0.000000000000E+00
0.000000000000E+00
0.000000000000E+00
0.000000000000E+00
