 precipMod
0.854118318936E-38
0.000000000000E+00
0.862917352254E-38
0.000000000000E+00
0.000000000000E+00
0.000000000000E+00
0.000000000000E+00
0.000000000000E+00
0.000000000000E+00
0.000000000000E+00
0.000000000000E+00
0.000000000000E+00
0.000000000000E+00
0.000000000000E+00
0.000000000000E+00
0.000000000000E+00
0.000000000000E+00
0.000000000000E+00
0.560519385730E-44
0.241955199343E-39
0.854104866471E-38
0.000000000000E+00
0.854104866471E-38
0.000000000000E+00
0.606127727108E-38
0.000000000000E+00
0.606127727108E-38
0.000000000000E+00
0.624481373874E-38
0.000000000000E+00
0.128569694621E-38
0.000000000000E+00
0.000000000000E+00
0.000000000000E+00
0.000000000000E+00
0.000000000000E+00
0.000000000000E+00
0.000000000000E+00
0.000000000000E+00
0.000000000000E+00
0.000000000000E+00
0.000000000000E+00
0.000000000000E+00
0.000000000000E+00
0.000000000000E+00
0.000000000000E+00
0.000000000000E+00
0.000000000000E+00
0.000000000000E+00
0.000000000000E+00
0.000000000000E+00
0.000000000000E+00
0.000000000000E+00
0.000000000000E+00
0.000000000000E+00
0.000000000000E+00
0.000000000000E+00
0.000000000000E+00
0.000000000000E+00
0.000000000000E+00
0.000000000000E+00
0.000000000000E+00
0.000000000000E+00
0.000000000000E+00
0.000000000000E+00
0.000000000000E+00
0.000000000000E+00
0.000000000000E+00
0.000000000000E+00
0.000000000000E+00
0.000000000000E+00
0.000000000000E+00
0.000000000000E+00
0.000000000000E+00
0.000000000000E+00
0.000000000000E+00
0.000000000000E+00
0.000000000000E+00
0.000000000000E+00
0.000000000000E+00
0.000000000000E+00
0.000000000000E+00
0.000000000000E+00
0.000000000000E+00
0.000000000000E+00
0.000000000000E+00
0.000000000000E+00
0.000000000000E+00
0.000000000000E+00
0.000000000000E+00
0.000000000000E+00
0.000000000000E+00
0.000000000000E+00
0.000000000000E+00
0.000000000000E+00
0.000000000000E+00
0.000000000000E+00
0.000000000000E+00
0.000000000000E+00
0.000000000000E+00
0.000000000000E+00
0.000000000000E+00
0.000000000000E+00
0.000000000000E+00
0.000000000000E+00
0.000000000000E+00
0.000000000000E+00
0.000000000000E+00
0.000000000000E+00
0.000000000000E+00
0.000000000000E+00
0.000000000000E+00
0.000000000000E+00
0.000000000000E+00
0.000000000000E+00
0.000000000000E+00
0.000000000000E+00
0.000000000000E+00
0.404811929911E-02
0.185299947858E+00
0.134183156490E+01
0.424225950241E+01
0.795105409622E+01
0.108764829636E+02
0.128004255295E+02
0.142159242630E+02
0.154367122650E+02
0.165790042877E+02
0.176425724030E+02
0.186190738678E+02
0.195091590881E+02
0.202786006927E+02
0.208661499023E+02
0.194512577057E+02
0.000000000000E+00
0.000000000000E+00
0.000000000000E+00
0.000000000000E+00
0.000000000000E+00
0.000000000000E+00
0.000000000000E+00
0.000000000000E+00
0.000000000000E+00
0.000000000000E+00
0.000000000000E+00
0.000000000000E+00
0.000000000000E+00
0.000000000000E+00
0.000000000000E+00
0.000000000000E+00
0.000000000000E+00
0.000000000000E+00
0.000000000000E+00
0.000000000000E+00
0.000000000000E+00
0.000000000000E+00
0.000000000000E+00
0.000000000000E+00
0.000000000000E+00
0.000000000000E+00
0.000000000000E+00
0.000000000000E+00
0.000000000000E+00
0.000000000000E+00
0.000000000000E+00
0.000000000000E+00
0.000000000000E+00
0.000000000000E+00
0.000000000000E+00
0.000000000000E+00
0.000000000000E+00
0.000000000000E+00
0.000000000000E+00
0.000000000000E+00
0.000000000000E+00
0.000000000000E+00
0.000000000000E+00
0.000000000000E+00
0.000000000000E+00
0.000000000000E+00
0.000000000000E+00
0.000000000000E+00
0.000000000000E+00
0.000000000000E+00
0.000000000000E+00
0.000000000000E+00
0.000000000000E+00
0.000000000000E+00
0.000000000000E+00
0.000000000000E+00
0.000000000000E+00
0.000000000000E+00
0.000000000000E+00
0.000000000000E+00
0.000000000000E+00
0.000000000000E+00
0.000000000000E+00
0.000000000000E+00
0.000000000000E+00
0.000000000000E+00
0.000000000000E+00
0.000000000000E+00
0.000000000000E+00
0.000000000000E+00
0.000000000000E+00
0.000000000000E+00
0.000000000000E+00
0.000000000000E+00
0.000000000000E+00
0.000000000000E+00
0.000000000000E+00
0.000000000000E+00
0.000000000000E+00
0.000000000000E+00
0.000000000000E+00
0.000000000000E+00
0.000000000000E+00
0.000000000000E+00
0.404811929911E-02
0.185299947858E+00
0.134183156490E+01
0.424225950241E+01
0.795105409622E+01
0.108764829636E+02
0.128004255295E+02
0.142159242630E+02
0.154367122650E+02
0.165790042877E+02
0.176425724030E+02
0.186190738678E+02
0.195091590881E+02
0.202786006927E+02
0.208661499023E+02
0.194512577057E+02
0.000000000000E+00
0.000000000000E+00
0.000000000000E+00
0.000000000000E+00
0.000000000000E+00
0.000000000000E+00
0.000000000000E+00
0.000000000000E+00
0.000000000000E+00
0.000000000000E+00
0.000000000000E+00
0.000000000000E+00
0.000000000000E+00
0.000000000000E+00
0.000000000000E+00
0.000000000000E+00
0.000000000000E+00
0.000000000000E+00
0.000000000000E+00
0.000000000000E+00
0.000000000000E+00
0.000000000000E+00
0.000000000000E+00
0.000000000000E+00
0.000000000000E+00
0.000000000000E+00
0.000000000000E+00
0.000000000000E+00
0.000000000000E+00
0.000000000000E+00
0.000000000000E+00
0.000000000000E+00
0.000000000000E+00
0.000000000000E+00
0.000000000000E+00
0.000000000000E+00
0.000000000000E+00
0.000000000000E+00
0.000000000000E+00
0.000000000000E+00
0.000000000000E+00
0.000000000000E+00
0.000000000000E+00
0.000000000000E+00
0.000000000000E+00
0.000000000000E+00
0.000000000000E+00
0.000000000000E+00
0.000000000000E+00
0.000000000000E+00
0.000000000000E+00
0.000000000000E+00
0.000000000000E+00
0.000000000000E+00
0.000000000000E+00
0.000000000000E+00
0.000000000000E+00
0.000000000000E+00
0.000000000000E+00
0.000000000000E+00
0.000000000000E+00
0.000000000000E+00
0.000000000000E+00
0.000000000000E+00
0.000000000000E+00
0.000000000000E+00
0.000000000000E+00
0.000000000000E+00
0.000000000000E+00
0.000000000000E+00
0.000000000000E+00
0.000000000000E+00
0.000000000000E+00
0.000000000000E+00
0.000000000000E+00
0.000000000000E+00
0.000000000000E+00
0.000000000000E+00
0.000000000000E+00
0.000000000000E+00
0.000000000000E+00
0.000000000000E+00
0.000000000000E+00
0.000000000000E+00
0.404811929911E-02
0.185299947858E+00
0.134183156490E+01
0.424225950241E+01
0.795105409622E+01
0.108764829636E+02
0.128004255295E+02
0.142159242630E+02
0.154367122650E+02
0.165790042877E+02
0.176425724030E+02
0.186190738678E+02
0.195091590881E+02
0.202786006927E+02
0.208661499023E+02
0.194512577057E+02
0.000000000000E+00
0.000000000000E+00
0.000000000000E+00
0.000000000000E+00
0.000000000000E+00
0.000000000000E+00
0.000000000000E+00
0.000000000000E+00
0.000000000000E+00
0.000000000000E+00
0.000000000000E+00
0.000000000000E+00
0.000000000000E+00
0.000000000000E+00
0.000000000000E+00
0.000000000000E+00
0.000000000000E+00
0.000000000000E+00
0.000000000000E+00
0.000000000000E+00
0.000000000000E+00
0.000000000000E+00
0.000000000000E+00
0.000000000000E+00
0.000000000000E+00
0.000000000000E+00
0.000000000000E+00
0.000000000000E+00
0.000000000000E+00
0.000000000000E+00
0.000000000000E+00
0.000000000000E+00
0.000000000000E+00
0.000000000000E+00
0.000000000000E+00
0.000000000000E+00
0.000000000000E+00
0.000000000000E+00
0.000000000000E+00
0.000000000000E+00
0.000000000000E+00
0.000000000000E+00
0.000000000000E+00
0.000000000000E+00
0.000000000000E+00
0.000000000000E+00
0.000000000000E+00
0.000000000000E+00
0.000000000000E+00
0.000000000000E+00
0.000000000000E+00
0.000000000000E+00
0.000000000000E+00
0.000000000000E+00
0.000000000000E+00
0.000000000000E+00
0.000000000000E+00
0.000000000000E+00
0.000000000000E+00
0.000000000000E+00
0.000000000000E+00
0.000000000000E+00
0.000000000000E+00
0.000000000000E+00
0.000000000000E+00
0.000000000000E+00
0.000000000000E+00
0.000000000000E+00
0.000000000000E+00
0.000000000000E+00
0.000000000000E+00
0.000000000000E+00
0.000000000000E+00
0.000000000000E+00
0.000000000000E+00
0.000000000000E+00
0.000000000000E+00
0.000000000000E+00
0.000000000000E+00
0.000000000000E+00
0.000000000000E+00
0.000000000000E+00
0.000000000000E+00
0.000000000000E+00
0.404811929911E-02
0.185299947858E+00
0.134183156490E+01
0.424225950241E+01
0.795105409622E+01
0.108764829636E+02
0.128004255295E+02
0.142159242630E+02
0.154367122650E+02
0.165790042877E+02
0.176425724030E+02
0.186190738678E+02
0.195091590881E+02
0.202786006927E+02
0.208661499023E+02
0.194512577057E+02
0.000000000000E+00
0.000000000000E+00
0.000000000000E+00
0.000000000000E+00
0.000000000000E+00
0.000000000000E+00
0.000000000000E+00
0.000000000000E+00
0.000000000000E+00
0.000000000000E+00
0.000000000000E+00
0.000000000000E+00
0.000000000000E+00
0.000000000000E+00
0.000000000000E+00
0.000000000000E+00
0.000000000000E+00
0.000000000000E+00
0.000000000000E+00
0.000000000000E+00
0.000000000000E+00
0.000000000000E+00
0.000000000000E+00
0.000000000000E+00
0.000000000000E+00
0.000000000000E+00
0.000000000000E+00
0.000000000000E+00
0.000000000000E+00
0.000000000000E+00
0.000000000000E+00
0.000000000000E+00
0.000000000000E+00
0.000000000000E+00
0.000000000000E+00
0.000000000000E+00
0.000000000000E+00
0.000000000000E+00
0.000000000000E+00
0.000000000000E+00
0.000000000000E+00
0.000000000000E+00
0.000000000000E+00
0.000000000000E+00
0.000000000000E+00
0.000000000000E+00
0.000000000000E+00
0.000000000000E+00
0.000000000000E+00
0.000000000000E+00
0.000000000000E+00
0.000000000000E+00
0.000000000000E+00
0.000000000000E+00
0.000000000000E+00
0.000000000000E+00
0.000000000000E+00
0.000000000000E+00
0.000000000000E+00
0.000000000000E+00
0.000000000000E+00
0.000000000000E+00
0.000000000000E+00
0.000000000000E+00
0.000000000000E+00
0.000000000000E+00
0.000000000000E+00
0.000000000000E+00
0.000000000000E+00
0.000000000000E+00
0.000000000000E+00
0.000000000000E+00
0.000000000000E+00
0.000000000000E+00
0.000000000000E+00
0.000000000000E+00
0.000000000000E+00
0.000000000000E+00
0.000000000000E+00
0.000000000000E+00
0.000000000000E+00
0.000000000000E+00
0.000000000000E+00
0.000000000000E+00
0.404811929911E-02
0.185299947858E+00
0.134183156490E+01
0.424225950241E+01
0.795105409622E+01
0.108764829636E+02
0.128004255295E+02
0.142159242630E+02
0.154367122650E+02
0.165790042877E+02
0.176425724030E+02
0.186190738678E+02
0.195091590881E+02
0.202786006927E+02
0.208661499023E+02
0.194512577057E+02
0.000000000000E+00
0.000000000000E+00
0.000000000000E+00
0.000000000000E+00
0.000000000000E+00
0.000000000000E+00
0.000000000000E+00
0.000000000000E+00
0.000000000000E+00
0.000000000000E+00
0.000000000000E+00
0.000000000000E+00
0.000000000000E+00
0.000000000000E+00
0.000000000000E+00
0.000000000000E+00
0.000000000000E+00
0.000000000000E+00
0.000000000000E+00
0.000000000000E+00
0.000000000000E+00
0.000000000000E+00
0.000000000000E+00
0.000000000000E+00
0.000000000000E+00
0.000000000000E+00
0.000000000000E+00
0.000000000000E+00
0.000000000000E+00
0.000000000000E+00
0.000000000000E+00
0.000000000000E+00
0.000000000000E+00
0.000000000000E+00
0.000000000000E+00
0.000000000000E+00
0.000000000000E+00
0.000000000000E+00
0.000000000000E+00
0.000000000000E+00
0.000000000000E+00
0.000000000000E+00
0.000000000000E+00
0.000000000000E+00
0.000000000000E+00
0.000000000000E+00
0.000000000000E+00
0.000000000000E+00
0.000000000000E+00
0.000000000000E+00
0.000000000000E+00
0.000000000000E+00
0.000000000000E+00
0.000000000000E+00
0.000000000000E+00
0.000000000000E+00
0.000000000000E+00
0.000000000000E+00
0.000000000000E+00
0.000000000000E+00
0.000000000000E+00
0.000000000000E+00
0.000000000000E+00
0.000000000000E+00
0.000000000000E+00
0.000000000000E+00
0.000000000000E+00
0.000000000000E+00
0.000000000000E+00
0.000000000000E+00
0.000000000000E+00
0.000000000000E+00
0.000000000000E+00
0.000000000000E+00
0.000000000000E+00
0.000000000000E+00
0.000000000000E+00
0.000000000000E+00
0.000000000000E+00
0.000000000000E+00
0.000000000000E+00
0.000000000000E+00
0.000000000000E+00
0.000000000000E+00
0.404811929911E-02
0.185299947858E+00
0.134183156490E+01
0.424225950241E+01
0.795105409622E+01
0.108764829636E+02
0.128004255295E+02
0.142159242630E+02
0.154367122650E+02
0.165790042877E+02
0.176425724030E+02
0.186190738678E+02
0.195091590881E+02
0.202786006927E+02
0.208661499023E+02
0.194512577057E+02
0.000000000000E+00
0.000000000000E+00
0.000000000000E+00
0.000000000000E+00
0.000000000000E+00
0.000000000000E+00
0.000000000000E+00
0.000000000000E+00
0.000000000000E+00
0.000000000000E+00
0.000000000000E+00
0.000000000000E+00
0.000000000000E+00
0.000000000000E+00
0.000000000000E+00
0.000000000000E+00
0.000000000000E+00
0.000000000000E+00
0.000000000000E+00
0.000000000000E+00
0.000000000000E+00
0.000000000000E+00
0.000000000000E+00
0.000000000000E+00
0.000000000000E+00
0.000000000000E+00
0.000000000000E+00
0.000000000000E+00
0.000000000000E+00
0.000000000000E+00
0.000000000000E+00
0.000000000000E+00
0.000000000000E+00
0.000000000000E+00
0.000000000000E+00
0.000000000000E+00
0.000000000000E+00
0.000000000000E+00
0.000000000000E+00
0.000000000000E+00
0.000000000000E+00
0.000000000000E+00
0.000000000000E+00
0.000000000000E+00
0.000000000000E+00
0.000000000000E+00
0.000000000000E+00
0.000000000000E+00
0.000000000000E+00
0.000000000000E+00
0.000000000000E+00
0.000000000000E+00
0.000000000000E+00
0.000000000000E+00
0.000000000000E+00
0.000000000000E+00
0.000000000000E+00
0.000000000000E+00
0.000000000000E+00
0.000000000000E+00
0.000000000000E+00
0.000000000000E+00
0.000000000000E+00
0.000000000000E+00
0.000000000000E+00
0.000000000000E+00
0.000000000000E+00
0.000000000000E+00
0.000000000000E+00
0.000000000000E+00
0.000000000000E+00
0.000000000000E+00
0.000000000000E+00
0.000000000000E+00
0.000000000000E+00
0.000000000000E+00
0.000000000000E+00
0.000000000000E+00
0.000000000000E+00
0.000000000000E+00
0.000000000000E+00
0.000000000000E+00
0.000000000000E+00
0.000000000000E+00
0.000000000000E+00
0.000000000000E+00
0.000000000000E+00
0.000000000000E+00
0.000000000000E+00
0.000000000000E+00
0.000000000000E+00
0.000000000000E+00
0.000000000000E+00
0.000000000000E+00
0.000000000000E+00
0.000000000000E+00
0.000000000000E+00
