 rateAlbe
0.000000000000E+00
0.000000000000E+00
0.000000000000E+00
0.000000000000E+00
0.000000000000E+00
0.000000000000E+00
0.000000000000E+00
0.000000000000E+00
0.000000000000E+00
0.000000000000E+00
0.000000000000E+00
0.000000000000E+00
0.000000000000E+00
0.000000000000E+00
0.000000000000E+00
0.000000000000E+00
0.000000000000E+00
0.000000000000E+00
0.000000000000E+00
0.000000000000E+00
0.000000000000E+00
0.000000000000E+00
0.000000000000E+00
0.000000000000E+00
0.000000000000E+00
0.000000000000E+00
0.000000000000E+00
0.000000000000E+00
0.000000000000E+00
0.000000000000E+00
0.000000000000E+00
0.000000000000E+00
0.000000000000E+00
0.000000000000E+00
0.000000000000E+00
0.000000000000E+00
0.000000000000E+00
0.000000000000E+00
0.000000000000E+00
0.000000000000E+00
0.000000000000E+00
0.000000000000E+00
0.000000000000E+00
0.000000000000E+00
0.000000000000E+00
0.000000000000E+00
0.000000000000E+00
0.000000000000E+00
0.000000000000E+00
0.000000000000E+00
0.000000000000E+00
0.000000000000E+00
0.000000000000E+00
0.000000000000E+00
0.000000000000E+00
0.000000000000E+00
0.000000000000E+00
0.000000000000E+00
0.000000000000E+00
0.000000000000E+00
0.000000000000E+00
0.000000000000E+00
0.000000000000E+00
0.000000000000E+00
0.000000000000E+00
0.000000000000E+00
0.000000000000E+00
0.000000000000E+00
0.000000000000E+00
0.000000000000E+00
0.000000000000E+00
0.000000000000E+00
0.000000000000E+00
0.000000000000E+00
0.000000000000E+00
0.000000000000E+00
0.000000000000E+00
0.000000000000E+00
0.000000000000E+00
0.000000000000E+00
0.000000000000E+00
0.000000000000E+00
0.000000000000E+00
0.000000000000E+00
0.000000000000E+00
0.000000000000E+00
0.000000000000E+00
0.000000000000E+00
0.000000000000E+00
0.000000000000E+00
0.000000000000E+00
0.000000000000E+00
0.000000000000E+00
0.000000000000E+00
0.000000000000E+00
0.000000000000E+00
0.000000000000E+00
0.000000000000E+00
0.000000000000E+00
0.000000000000E+00
-.152459989522E-06
-.146501079712E-06
-.140775043178E-06
-.135272827606E-06
-.129985664898E-06
-.124905156440E-06
-.120023230465E-06
-.115332106532E-06
-.110824323940E-06
-.106492727525E-06
-.102330432128E-06
-.983308225955E-07
-.944875466757E-07
-.907944865958E-07
-.872457732726E-07
-.838357436805E-07
-.805590190112E-07
-.774103412482E-07
-.743847294871E-07
-.714773946697E-07
-.686836756358E-07
-.659991670204E-07
-.634195842508E-07
-.609408061791E-07
-.585589390312E-07
-.562701423235E-07
-.540708171570E-07
-.519574356872E-07
-.499266690213E-07
-.479752628735E-07
-.461001334884E-07
-.442983107973E-07
-.425668993387E-07
-.409031741810E-07
-.393044672364E-07
-.377682418673E-07
-.362920751229E-07
-.348735973432E-07
-.335105561078E-07
-.322007949194E-07
-.309422283351E-07
-.714360481879E-07
-.647277715871E-07
-.586494159904E-07
-.531418962169E-07
-.481515591844E-07
-.436298392970E-07
-.395327433012E-07
-.358203777751E-07
-.324566116205E-07
-.294087652009E-07
-.266471325006E-07
-.241447857263E-07
-.218774420802E-07
-.198230072357E-07
-.179614954021E-07
-.162747841870E-07
-.147464609412E-07
-.133617081843E-07
-.503911401495E-08
-.484216711172E-08
-.465290295182E-08
-.447104619994E-08
-.429629398724E-08
-.412837142250E-08
-.396700272631E-08
-.381193965282E-08
-.366296259990E-08
-.351979601021E-08
-.338221939344E-08
-.325001270340E-08
-.312298298333E-08
-.300090974292E-08
-.288362822509E-08
-.277091793954E-08
-.266261346304E-08
-.255854981646E-08
-.245856179859E-08
-.236245645269E-08
-.227012364462E-08
-.218139839525E-08
-.209614281488E-08
-.201421923585E-08
-.193548999050E-08
-.185984483370E-08
-.178714620880E-08
-.171728398168E-08
-.165017544074E-08
-.158568302933E-08
-.152369639128E-08
-.146413314805E-08
-.140691058803E-08
-.135191846606E-08
-.129907429258E-08
-.124829546699E-08
-.119949927768E-08
-.115260312405E-08
-.110755205007E-08
-.106426334412E-08
0.387454429074E-05
-.152459989522E-06
-.146501079712E-06
-.140775043178E-06
-.135272827606E-06
-.129985664898E-06
-.124905156440E-06
-.120023230465E-06
-.115332106532E-06
-.110824323940E-06
-.106492727525E-06
-.102330432128E-06
-.983308225955E-07
-.944875466757E-07
-.907944865958E-07
-.872457732726E-07
-.838357436805E-07
-.805590190112E-07
-.774103412482E-07
-.743847294871E-07
-.714773946697E-07
-.686836756358E-07
-.659991670204E-07
-.634195842508E-07
-.609408061791E-07
-.585589390312E-07
-.562701423235E-07
-.540708171570E-07
-.519574356872E-07
-.499266690213E-07
-.479752628735E-07
-.461001334884E-07
-.442983107973E-07
-.425668993387E-07
-.409031741810E-07
-.393044672364E-07
-.377682418673E-07
-.362920751229E-07
-.348735973432E-07
-.335105561078E-07
-.322007949194E-07
-.309422283351E-07
-.714360481879E-07
-.647277715871E-07
-.586494159904E-07
-.531418962169E-07
-.481515591844E-07
-.436298392970E-07
-.395327433012E-07
-.358203777751E-07
-.324566116205E-07
-.294087652009E-07
-.266471325006E-07
-.241447857263E-07
-.218774420802E-07
-.198230072357E-07
-.179614954021E-07
-.162747841870E-07
-.147464609412E-07
-.133617081843E-07
-.503911401495E-08
-.484216711172E-08
-.465290295182E-08
-.447104619994E-08
-.429629398724E-08
-.412837142250E-08
-.396700272631E-08
-.381193965282E-08
-.366296259990E-08
-.351979601021E-08
-.338221939344E-08
-.325001270340E-08
-.312298298333E-08
-.300090974292E-08
-.288362822509E-08
-.277091793954E-08
-.266261346304E-08
-.255854981646E-08
-.245856179859E-08
-.236245645269E-08
-.227012364462E-08
-.218139839525E-08
-.209614281488E-08
-.201421923585E-08
-.193548999050E-08
-.185984483370E-08
-.178714620880E-08
-.171728398168E-08
-.165017544074E-08
-.158568302933E-08
-.152369639128E-08
-.146413314805E-08
-.140691058803E-08
-.135191846606E-08
-.129907429258E-08
-.124829546699E-08
-.119949927768E-08
-.115260312405E-08
-.110755205007E-08
-.106426334412E-08
0.387454429074E-05
-.152459989522E-06
-.146501079712E-06
-.140775043178E-06
-.135272827606E-06
-.129985664898E-06
-.124905156440E-06
-.120023230465E-06
-.115332106532E-06
-.110824323940E-06
-.106492727525E-06
-.102330432128E-06
-.983308225955E-07
-.944875466757E-07
-.907944865958E-07
-.872457732726E-07
-.838357436805E-07
-.805590190112E-07
-.774103412482E-07
-.743847294871E-07
-.714773946697E-07
-.686836756358E-07
-.659991670204E-07
-.634195842508E-07
-.609408061791E-07
-.585589390312E-07
-.562701423235E-07
-.540708171570E-07
-.519574356872E-07
-.499266690213E-07
-.479752628735E-07
-.461001334884E-07
-.442983107973E-07
-.425668993387E-07
-.409031741810E-07
-.393044672364E-07
-.377682418673E-07
-.362920751229E-07
-.348735973432E-07
-.335105561078E-07
-.322007949194E-07
-.309422283351E-07
-.714360481879E-07
-.647277715871E-07
-.586494159904E-07
-.531418962169E-07
-.481515591844E-07
-.436298392970E-07
-.395327433012E-07
-.358203777751E-07
-.324566116205E-07
-.294087652009E-07
-.266471325006E-07
-.241447857263E-07
-.218774420802E-07
-.198230072357E-07
-.179614954021E-07
-.162747841870E-07
-.147464609412E-07
-.133617081843E-07
-.503911401495E-08
-.484216711172E-08
-.465290295182E-08
-.447104619994E-08
-.429629398724E-08
-.412837142250E-08
-.396700272631E-08
-.381193965282E-08
-.366296259990E-08
-.351979601021E-08
-.338221939344E-08
-.325001270340E-08
-.312298298333E-08
-.300090974292E-08
-.288362822509E-08
-.277091793954E-08
-.266261346304E-08
-.255854981646E-08
-.245856179859E-08
-.236245645269E-08
-.227012364462E-08
-.218139839525E-08
-.209614281488E-08
-.201421923585E-08
-.193548999050E-08
-.185984483370E-08
-.178714620880E-08
-.171728398168E-08
-.165017544074E-08
-.158568302933E-08
-.152369639128E-08
-.146413314805E-08
-.140691058803E-08
-.135191846606E-08
-.129907429258E-08
-.124829546699E-08
-.119949927768E-08
-.115260312405E-08
-.110755205007E-08
-.106426334412E-08
0.387454429074E-05
-.152459989522E-06
-.146501079712E-06
-.140775043178E-06
-.135272827606E-06
-.129985664898E-06
-.124905156440E-06
-.120023230465E-06
-.115332106532E-06
-.110824323940E-06
-.106492727525E-06
-.102330432128E-06
-.983308225955E-07
-.944875466757E-07
-.907944865958E-07
-.872457732726E-07
-.838357436805E-07
-.805590190112E-07
-.774103412482E-07
-.743847294871E-07
-.714773946697E-07
-.686836756358E-07
-.659991670204E-07
-.634195842508E-07
-.609408061791E-07
-.585589390312E-07
-.562701423235E-07
-.540708171570E-07
-.519574356872E-07
-.499266690213E-07
-.479752628735E-07
-.461001334884E-07
-.442983107973E-07
-.425668993387E-07
-.409031741810E-07
-.393044672364E-07
-.377682418673E-07
-.362920751229E-07
-.348735973432E-07
-.335105561078E-07
-.322007949194E-07
-.309422283351E-07
-.714360481879E-07
-.647277715871E-07
-.586494159904E-07
-.531418962169E-07
-.481515591844E-07
-.436298392970E-07
-.395327433012E-07
-.358203777751E-07
-.324566116205E-07
-.294087652009E-07
-.266471325006E-07
-.241447857263E-07
-.218774420802E-07
-.198230072357E-07
-.179614954021E-07
-.162747841870E-07
-.147464609412E-07
-.133617081843E-07
-.503911401495E-08
-.484216711172E-08
-.465290295182E-08
-.447104619994E-08
-.429629398724E-08
-.412837142250E-08
-.396700272631E-08
-.381193965282E-08
-.366296259990E-08
-.351979601021E-08
-.338221939344E-08
-.325001270340E-08
-.312298298333E-08
-.300090974292E-08
-.288362822509E-08
-.277091793954E-08
-.266261346304E-08
-.255854981646E-08
-.245856179859E-08
-.236245645269E-08
-.227012364462E-08
-.218139839525E-08
-.209614281488E-08
-.201421923585E-08
-.193548999050E-08
-.185984483370E-08
-.178714620880E-08
-.171728398168E-08
-.165017544074E-08
-.158568302933E-08
-.152369639128E-08
-.146413314805E-08
-.140691058803E-08
-.135191846606E-08
-.129907429258E-08
-.124829546699E-08
-.119949927768E-08
-.115260312405E-08
-.110755205007E-08
-.106426334412E-08
0.387454429074E-05
-.152459989522E-06
-.146501079712E-06
-.140775043178E-06
-.135272827606E-06
-.129985664898E-06
-.124905156440E-06
-.120023230465E-06
-.115332106532E-06
-.110824323940E-06
-.106492727525E-06
-.102330432128E-06
-.983308225955E-07
-.944875466757E-07
-.907944865958E-07
-.872457732726E-07
-.838357436805E-07
-.805590190112E-07
-.774103412482E-07
-.743847294871E-07
-.714773946697E-07
-.686836756358E-07
-.659991670204E-07
-.634195842508E-07
-.609408061791E-07
-.585589390312E-07
-.562701423235E-07
-.540708171570E-07
-.519574356872E-07
-.499266690213E-07
-.479752628735E-07
-.461001334884E-07
-.442983107973E-07
-.425668993387E-07
-.409031741810E-07
-.393044672364E-07
-.377682418673E-07
-.362920751229E-07
-.348735973432E-07
-.335105561078E-07
-.322007949194E-07
-.309422283351E-07
-.714360481879E-07
-.647277715871E-07
-.586494159904E-07
-.531418962169E-07
-.481515591844E-07
-.436298392970E-07
-.395327433012E-07
-.358203777751E-07
-.324566116205E-07
-.294087652009E-07
-.266471325006E-07
-.241447857263E-07
-.218774420802E-07
-.198230072357E-07
-.179614954021E-07
-.162747841870E-07
-.147464609412E-07
-.133617081843E-07
-.503911401495E-08
-.484216711172E-08
-.465290295182E-08
-.447104619994E-08
-.429629398724E-08
-.412837142250E-08
-.396700272631E-08
-.381193965282E-08
-.366296259990E-08
-.351979601021E-08
-.338221939344E-08
-.325001270340E-08
-.312298298333E-08
-.300090974292E-08
-.288362822509E-08
-.277091793954E-08
-.266261346304E-08
-.255854981646E-08
-.245856179859E-08
-.236245645269E-08
-.227012364462E-08
-.218139839525E-08
-.209614281488E-08
-.201421923585E-08
-.193548999050E-08
-.185984483370E-08
-.178714620880E-08
-.171728398168E-08
-.165017544074E-08
-.158568302933E-08
-.152369639128E-08
-.146413314805E-08
-.140691058803E-08
-.135191846606E-08
-.129907429258E-08
-.124829546699E-08
-.119949927768E-08
-.115260312405E-08
-.110755205007E-08
-.106426334412E-08
0.387454429074E-05
-.152459989522E-06
-.146501079712E-06
-.140775043178E-06
-.135272827606E-06
-.129985664898E-06
-.124905156440E-06
-.120023230465E-06
-.115332106532E-06
-.110824323940E-06
-.106492727525E-06
-.102330432128E-06
-.983308225955E-07
-.944875466757E-07
-.907944865958E-07
-.872457732726E-07
-.838357436805E-07
-.805590190112E-07
-.774103412482E-07
-.743847294871E-07
-.714773946697E-07
-.686836756358E-07
-.659991670204E-07
-.634195842508E-07
-.609408061791E-07
-.585589390312E-07
-.562701423235E-07
-.540708171570E-07
-.519574356872E-07
-.499266690213E-07
-.479752628735E-07
-.461001334884E-07
-.442983107973E-07
-.425668993387E-07
-.409031741810E-07
-.393044672364E-07
-.377682418673E-07
-.362920751229E-07
-.348735973432E-07
-.335105561078E-07
-.322007949194E-07
-.309422283351E-07
-.714360481879E-07
-.647277715871E-07
-.586494159904E-07
-.531418962169E-07
-.481515591844E-07
-.436298392970E-07
-.395327433012E-07
-.358203777751E-07
-.324566116205E-07
-.294087652009E-07
-.266471325006E-07
-.241447857263E-07
-.218774420802E-07
-.198230072357E-07
-.179614954021E-07
-.162747841870E-07
-.147464609412E-07
-.133617081843E-07
-.503911401495E-08
-.484216711172E-08
-.465290295182E-08
-.447104619994E-08
-.429629398724E-08
-.412837142250E-08
-.396700272631E-08
-.381193965282E-08
-.366296259990E-08
-.351979601021E-08
-.338221939344E-08
-.325001270340E-08
-.312298298333E-08
-.300090974292E-08
-.288362822509E-08
-.277091793954E-08
-.266261346304E-08
-.255854981646E-08
-.245856179859E-08
-.236245645269E-08
-.227012364462E-08
-.218139839525E-08
-.209614281488E-08
-.201421923585E-08
-.193548999050E-08
-.185984483370E-08
-.178714620880E-08
-.171728398168E-08
-.165017544074E-08
-.158568302933E-08
-.152369639128E-08
-.146413314805E-08
-.140691058803E-08
-.135191846606E-08
-.129907429258E-08
-.124829546699E-08
-.119949927768E-08
-.115260312405E-08
-.110755205007E-08
-.106426334412E-08
0.387454429074E-05
-.152459989522E-06
-.146501079712E-06
-.140775043178E-06
-.135272827606E-06
-.129985664898E-06
-.124905156440E-06
-.120023230465E-06
-.115332106532E-06
-.110824323940E-06
-.106492727525E-06
-.102330432128E-06
-.983308225955E-07
-.944875466757E-07
-.907944865958E-07
-.872457732726E-07
-.838357436805E-07
-.805590190112E-07
-.774103412482E-07
-.743847294871E-07
-.714773946697E-07
-.686836756358E-07
-.659991670204E-07
-.634195842508E-07
-.609408061791E-07
-.585589390312E-07
-.562701423235E-07
-.540708171570E-07
-.519574356872E-07
-.499266690213E-07
-.479752628735E-07
-.461001334884E-07
