 rateAlbe
0.000000000000E+00
0.000000000000E+00
0.000000000000E+00
0.000000000000E+00
0.000000000000E+00
0.000000000000E+00
0.000000000000E+00
0.000000000000E+00
0.000000000000E+00
0.000000000000E+00
0.000000000000E+00
0.000000000000E+00
0.000000000000E+00
0.000000000000E+00
0.000000000000E+00
0.000000000000E+00
0.000000000000E+00
0.000000000000E+00
0.000000000000E+00
0.000000000000E+00
0.000000000000E+00
0.000000000000E+00
0.000000000000E+00
0.000000000000E+00
0.000000000000E+00
0.000000000000E+00
0.000000000000E+00
0.000000000000E+00
0.000000000000E+00
0.000000000000E+00
0.000000000000E+00
0.000000000000E+00
0.000000000000E+00
0.000000000000E+00
0.000000000000E+00
0.000000000000E+00
0.000000000000E+00
0.000000000000E+00
0.000000000000E+00
0.000000000000E+00
0.000000000000E+00
0.000000000000E+00
0.000000000000E+00
0.000000000000E+00
0.000000000000E+00
0.000000000000E+00
0.000000000000E+00
0.000000000000E+00
0.000000000000E+00
0.000000000000E+00
0.000000000000E+00
0.000000000000E+00
0.000000000000E+00
0.000000000000E+00
0.000000000000E+00
0.000000000000E+00
0.000000000000E+00
0.000000000000E+00
0.000000000000E+00
0.000000000000E+00
0.000000000000E+00
0.000000000000E+00
0.000000000000E+00
0.000000000000E+00
0.000000000000E+00
0.000000000000E+00
0.000000000000E+00
0.000000000000E+00
0.000000000000E+00
0.000000000000E+00
0.000000000000E+00
0.000000000000E+00
0.000000000000E+00
0.000000000000E+00
0.000000000000E+00
0.000000000000E+00
0.000000000000E+00
0.000000000000E+00
0.000000000000E+00
0.000000000000E+00
0.000000000000E+00
0.000000000000E+00
0.000000000000E+00
0.000000000000E+00
0.000000000000E+00
0.000000000000E+00
0.000000000000E+00
0.000000000000E+00
0.000000000000E+00
0.000000000000E+00
0.000000000000E+00
0.000000000000E+00
0.000000000000E+00
0.000000000000E+00
0.000000000000E+00
0.000000000000E+00
0.000000000000E+00
0.000000000000E+00
0.000000000000E+00
0.000000000000E+00
-.158220686330E-06
-.160018103657E-06
-.161022128964E-06
-.161260786058E-06
-.160767655188E-06
-.159581375669E-06
-.157744835860E-06
-.155304363147E-06
-.152309226564E-06
-.148811082568E-06
-.144862795537E-06
-.140518181979E-06
-.135831314196E-06
-.130855511316E-06
-.125643438764E-06
-.120246085089E-06
-.114712420896E-06
-.109089000944E-06
-.103419885988E-06
-.977459606588E-07
-.921049760905E-07
-.865313225518E-07
-.810557949649E-07
-.757060121259E-07
-.689076529170E-07
-.627196996561E-07
-.570875009487E-07
-.519610736660E-07
-.472949608366E-07
-.430479083491E-07
-.391822858603E-07
-.356637706034E-07
-.324612763336E-07
-.248129499170E-07
0.000000000000E+00
0.000000000000E+00
0.000000000000E+00
0.000000000000E+00
0.000000000000E+00
0.000000000000E+00
0.000000000000E+00
0.000000000000E+00
0.000000000000E+00
0.000000000000E+00
0.000000000000E+00
0.000000000000E+00
0.000000000000E+00
0.000000000000E+00
0.000000000000E+00
0.000000000000E+00
0.000000000000E+00
0.000000000000E+00
0.000000000000E+00
0.000000000000E+00
0.000000000000E+00
0.000000000000E+00
0.000000000000E+00
0.000000000000E+00
0.000000000000E+00
0.000000000000E+00
0.000000000000E+00
0.000000000000E+00
0.000000000000E+00
0.000000000000E+00
0.000000000000E+00
0.000000000000E+00
0.000000000000E+00
0.000000000000E+00
0.000000000000E+00
0.000000000000E+00
0.000000000000E+00
0.000000000000E+00
0.000000000000E+00
0.000000000000E+00
0.000000000000E+00
0.000000000000E+00
0.000000000000E+00
0.000000000000E+00
0.000000000000E+00
0.000000000000E+00
0.000000000000E+00
0.000000000000E+00
0.000000000000E+00
0.000000000000E+00
0.000000000000E+00
0.000000000000E+00
0.000000000000E+00
0.000000000000E+00
0.000000000000E+00
0.000000000000E+00
0.000000000000E+00
0.000000000000E+00
0.000000000000E+00
0.000000000000E+00
0.000000000000E+00
0.000000000000E+00
0.000000000000E+00
0.000000000000E+00
0.000000000000E+00
0.000000000000E+00
-.158220686330E-06
-.160018103657E-06
-.161022128964E-06
-.161260786058E-06
-.160767655188E-06
-.159581375669E-06
-.157744835860E-06
-.155304363147E-06
-.152309226564E-06
-.148811082568E-06
-.144862795537E-06
-.140518181979E-06
-.135831314196E-06
-.130855511316E-06
-.125643438764E-06
-.120246085089E-06
-.114712420896E-06
-.109089000944E-06
-.103419885988E-06
-.977459606588E-07
-.921049760905E-07
-.865313225518E-07
-.810557949649E-07
-.757060121259E-07
-.689076529170E-07
-.627196996561E-07
-.570875009487E-07
-.519610736660E-07
-.472949608366E-07
-.430479083491E-07
-.391822858603E-07
-.356637706034E-07
-.324612763336E-07
-.248129499170E-07
0.000000000000E+00
0.000000000000E+00
0.000000000000E+00
0.000000000000E+00
0.000000000000E+00
0.000000000000E+00
0.000000000000E+00
0.000000000000E+00
0.000000000000E+00
0.000000000000E+00
0.000000000000E+00
0.000000000000E+00
0.000000000000E+00
0.000000000000E+00
0.000000000000E+00
0.000000000000E+00
0.000000000000E+00
0.000000000000E+00
0.000000000000E+00
0.000000000000E+00
0.000000000000E+00
0.000000000000E+00
0.000000000000E+00
0.000000000000E+00
0.000000000000E+00
0.000000000000E+00
0.000000000000E+00
0.000000000000E+00
0.000000000000E+00
0.000000000000E+00
0.000000000000E+00
0.000000000000E+00
0.000000000000E+00
0.000000000000E+00
0.000000000000E+00
0.000000000000E+00
0.000000000000E+00
0.000000000000E+00
0.000000000000E+00
0.000000000000E+00
0.000000000000E+00
0.000000000000E+00
0.000000000000E+00
0.000000000000E+00
0.000000000000E+00
0.000000000000E+00
0.000000000000E+00
0.000000000000E+00
0.000000000000E+00
0.000000000000E+00
0.000000000000E+00
0.000000000000E+00
0.000000000000E+00
0.000000000000E+00
0.000000000000E+00
0.000000000000E+00
0.000000000000E+00
0.000000000000E+00
0.000000000000E+00
0.000000000000E+00
0.000000000000E+00
0.000000000000E+00
0.000000000000E+00
0.000000000000E+00
0.000000000000E+00
0.000000000000E+00
-.158220686330E-06
-.160018103657E-06
-.161022128964E-06
-.161260786058E-06
-.160767655188E-06
-.159581375669E-06
-.157744835860E-06
-.155304363147E-06
-.152309226564E-06
-.148811082568E-06
-.144862795537E-06
-.140518181979E-06
-.135831314196E-06
-.130855511316E-06
-.125643438764E-06
-.120246085089E-06
-.114712420896E-06
-.109089000944E-06
-.103419885988E-06
-.977459606588E-07
-.921049760905E-07
-.865313225518E-07
-.810557949649E-07
-.757060121259E-07
-.689076529170E-07
-.627196996561E-07
-.570875009487E-07
-.519610736660E-07
-.472949608366E-07
-.430479083491E-07
-.391822858603E-07
-.356637706034E-07
-.324612763336E-07
-.248129499170E-07
0.000000000000E+00
0.000000000000E+00
0.000000000000E+00
0.000000000000E+00
0.000000000000E+00
0.000000000000E+00
0.000000000000E+00
0.000000000000E+00
0.000000000000E+00
0.000000000000E+00
0.000000000000E+00
0.000000000000E+00
0.000000000000E+00
0.000000000000E+00
0.000000000000E+00
0.000000000000E+00
0.000000000000E+00
0.000000000000E+00
0.000000000000E+00
0.000000000000E+00
0.000000000000E+00
0.000000000000E+00
0.000000000000E+00
0.000000000000E+00
0.000000000000E+00
0.000000000000E+00
0.000000000000E+00
0.000000000000E+00
0.000000000000E+00
0.000000000000E+00
0.000000000000E+00
0.000000000000E+00
0.000000000000E+00
0.000000000000E+00
0.000000000000E+00
0.000000000000E+00
0.000000000000E+00
0.000000000000E+00
0.000000000000E+00
0.000000000000E+00
0.000000000000E+00
0.000000000000E+00
0.000000000000E+00
0.000000000000E+00
0.000000000000E+00
0.000000000000E+00
0.000000000000E+00
0.000000000000E+00
0.000000000000E+00
0.000000000000E+00
0.000000000000E+00
0.000000000000E+00
0.000000000000E+00
0.000000000000E+00
0.000000000000E+00
0.000000000000E+00
0.000000000000E+00
0.000000000000E+00
0.000000000000E+00
0.000000000000E+00
0.000000000000E+00
0.000000000000E+00
0.000000000000E+00
0.000000000000E+00
0.000000000000E+00
0.000000000000E+00
-.158220686330E-06
-.160018103657E-06
-.161022128964E-06
-.161260786058E-06
-.160767655188E-06
-.159581375669E-06
-.157744835860E-06
-.155304363147E-06
-.152309226564E-06
-.148811082568E-06
-.144862795537E-06
-.140518181979E-06
-.135831314196E-06
-.130855511316E-06
-.125643438764E-06
-.120246085089E-06
-.114712420896E-06
-.109089000944E-06
-.103419885988E-06
-.977459606588E-07
-.921049760905E-07
-.865313225518E-07
-.810557949649E-07
-.757060121259E-07
-.689076529170E-07
-.627196996561E-07
-.570875009487E-07
-.519610736660E-07
-.472949608366E-07
-.430479083491E-07
-.391822858603E-07
-.356637706034E-07
-.324612763336E-07
-.248129499170E-07
0.000000000000E+00
0.000000000000E+00
0.000000000000E+00
0.000000000000E+00
0.000000000000E+00
0.000000000000E+00
0.000000000000E+00
0.000000000000E+00
0.000000000000E+00
0.000000000000E+00
0.000000000000E+00
0.000000000000E+00
0.000000000000E+00
0.000000000000E+00
0.000000000000E+00
0.000000000000E+00
0.000000000000E+00
0.000000000000E+00
0.000000000000E+00
0.000000000000E+00
0.000000000000E+00
0.000000000000E+00
0.000000000000E+00
0.000000000000E+00
0.000000000000E+00
0.000000000000E+00
0.000000000000E+00
0.000000000000E+00
0.000000000000E+00
0.000000000000E+00
0.000000000000E+00
0.000000000000E+00
0.000000000000E+00
0.000000000000E+00
0.000000000000E+00
0.000000000000E+00
0.000000000000E+00
0.000000000000E+00
0.000000000000E+00
0.000000000000E+00
0.000000000000E+00
0.000000000000E+00
0.000000000000E+00
0.000000000000E+00
0.000000000000E+00
0.000000000000E+00
0.000000000000E+00
0.000000000000E+00
0.000000000000E+00
0.000000000000E+00
0.000000000000E+00
0.000000000000E+00
0.000000000000E+00
0.000000000000E+00
0.000000000000E+00
0.000000000000E+00
0.000000000000E+00
0.000000000000E+00
0.000000000000E+00
0.000000000000E+00
0.000000000000E+00
0.000000000000E+00
0.000000000000E+00
0.000000000000E+00
0.000000000000E+00
0.000000000000E+00
-.158220686330E-06
-.160018103657E-06
-.161022128964E-06
-.161260786058E-06
-.160767655188E-06
-.159581375669E-06
-.157744835860E-06
-.155304363147E-06
-.152309226564E-06
-.148811082568E-06
-.144862795537E-06
-.140518181979E-06
-.135831314196E-06
-.130855511316E-06
-.125643438764E-06
-.120246085089E-06
-.114712420896E-06
-.109089000944E-06
-.103419885988E-06
-.977459606588E-07
-.921049760905E-07
-.865313225518E-07
-.810557949649E-07
-.757060121259E-07
-.689076529170E-07
-.627196996561E-07
-.570875009487E-07
-.519610736660E-07
-.472949608366E-07
-.430479083491E-07
-.391822858603E-07
-.356637706034E-07
-.324612763336E-07
-.248129499170E-07
0.000000000000E+00
0.000000000000E+00
0.000000000000E+00
0.000000000000E+00
0.000000000000E+00
0.000000000000E+00
0.000000000000E+00
0.000000000000E+00
0.000000000000E+00
0.000000000000E+00
0.000000000000E+00
0.000000000000E+00
0.000000000000E+00
0.000000000000E+00
0.000000000000E+00
0.000000000000E+00
0.000000000000E+00
0.000000000000E+00
0.000000000000E+00
0.000000000000E+00
0.000000000000E+00
0.000000000000E+00
0.000000000000E+00
0.000000000000E+00
0.000000000000E+00
0.000000000000E+00
0.000000000000E+00
0.000000000000E+00
0.000000000000E+00
0.000000000000E+00
0.000000000000E+00
0.000000000000E+00
0.000000000000E+00
0.000000000000E+00
0.000000000000E+00
0.000000000000E+00
0.000000000000E+00
0.000000000000E+00
0.000000000000E+00
0.000000000000E+00
0.000000000000E+00
0.000000000000E+00
0.000000000000E+00
0.000000000000E+00
0.000000000000E+00
0.000000000000E+00
0.000000000000E+00
0.000000000000E+00
0.000000000000E+00
0.000000000000E+00
0.000000000000E+00
0.000000000000E+00
0.000000000000E+00
0.000000000000E+00
0.000000000000E+00
0.000000000000E+00
0.000000000000E+00
0.000000000000E+00
0.000000000000E+00
0.000000000000E+00
0.000000000000E+00
0.000000000000E+00
0.000000000000E+00
0.000000000000E+00
0.000000000000E+00
0.000000000000E+00
-.158220686330E-06
-.160018103657E-06
-.161022128964E-06
-.161260786058E-06
-.160767655188E-06
-.159581375669E-06
-.157744835860E-06
-.155304363147E-06
-.152309226564E-06
-.148811082568E-06
-.144862795537E-06
-.140518181979E-06
-.135831314196E-06
-.130855511316E-06
-.125643438764E-06
-.120246085089E-06
-.114712420896E-06
-.109089000944E-06
-.103419885988E-06
-.977459606588E-07
-.921049760905E-07
-.865313225518E-07
-.810557949649E-07
-.757060121259E-07
-.689076529170E-07
-.627196996561E-07
-.570875009487E-07
-.519610736660E-07
-.472949608366E-07
-.430479083491E-07
-.391822858603E-07
-.356637706034E-07
-.324612763336E-07
-.248129499170E-07
0.000000000000E+00
0.000000000000E+00
0.000000000000E+00
0.000000000000E+00
0.000000000000E+00
0.000000000000E+00
0.000000000000E+00
0.000000000000E+00
0.000000000000E+00
0.000000000000E+00
0.000000000000E+00
0.000000000000E+00
0.000000000000E+00
0.000000000000E+00
0.000000000000E+00
0.000000000000E+00
0.000000000000E+00
0.000000000000E+00
0.000000000000E+00
0.000000000000E+00
0.000000000000E+00
0.000000000000E+00
0.000000000000E+00
0.000000000000E+00
0.000000000000E+00
0.000000000000E+00
0.000000000000E+00
0.000000000000E+00
0.000000000000E+00
0.000000000000E+00
0.000000000000E+00
0.000000000000E+00
0.000000000000E+00
0.000000000000E+00
0.000000000000E+00
0.000000000000E+00
0.000000000000E+00
0.000000000000E+00
0.000000000000E+00
0.000000000000E+00
0.000000000000E+00
0.000000000000E+00
0.000000000000E+00
0.000000000000E+00
0.000000000000E+00
0.000000000000E+00
0.000000000000E+00
0.000000000000E+00
0.000000000000E+00
0.000000000000E+00
0.000000000000E+00
0.000000000000E+00
0.000000000000E+00
0.000000000000E+00
0.000000000000E+00
0.000000000000E+00
0.000000000000E+00
0.000000000000E+00
0.000000000000E+00
0.000000000000E+00
0.000000000000E+00
0.000000000000E+00
0.000000000000E+00
0.000000000000E+00
0.000000000000E+00
0.000000000000E+00
-.158220686330E-06
-.160018103657E-06
-.161022128964E-06
-.161260786058E-06
-.160767655188E-06
-.159581375669E-06
-.157744835860E-06
-.155304363147E-06
-.152309226564E-06
-.148811082568E-06
-.144862795537E-06
-.135839457016E-06
-.131765446554E-06
-.127370526570E-06
-.122704790328E-06
-.117817300804E-06
-.112756048054E-06
-.107567110774E-06
-.102293967075E-06
-.969779279103E-07
-.916573554832E-07
-.863677911411E-07
-.811413585211E-07
-.760069056582E-07
-.693402171237E-07
-.632581134141E-07
-.577096166410E-07
-.526477812457E-07
-.480299320316E-07
-.438172165218E-07
-.399739548129E-07
