 sec
0.000000000000E+00
0.000000000000E+00
0.000000000000E+00
0.000000000000E+00
0.000000000000E+00
0.000000000000E+00
0.000000000000E+00
0.000000000000E+00
0.000000000000E+00
0.000000000000E+00
0.000000000000E+00
0.000000000000E+00
0.000000000000E+00
0.000000000000E+00
0.000000000000E+00
0.000000000000E+00
0.000000000000E+00
0.000000000000E+00
0.000000000000E+00
0.000000000000E+00
0.000000000000E+00
0.000000000000E+00
0.000000000000E+00
0.000000000000E+00
0.000000000000E+00
0.000000000000E+00
0.000000000000E+00
0.000000000000E+00
0.000000000000E+00
0.000000000000E+00
0.000000000000E+00
0.000000000000E+00
0.000000000000E+00
0.000000000000E+00
0.000000000000E+00
0.000000000000E+00
0.000000000000E+00
0.000000000000E+00
0.000000000000E+00
0.000000000000E+00
0.000000000000E+00
0.000000000000E+00
0.000000000000E+00
0.000000000000E+00
0.000000000000E+00
0.000000000000E+00
0.000000000000E+00
0.000000000000E+00
0.000000000000E+00
0.000000000000E+00
0.000000000000E+00
0.000000000000E+00
0.000000000000E+00
0.000000000000E+00
0.000000000000E+00
0.000000000000E+00
0.000000000000E+00
0.000000000000E+00
0.000000000000E+00
0.000000000000E+00
0.000000000000E+00
0.000000000000E+00
0.000000000000E+00
0.000000000000E+00
0.000000000000E+00
0.000000000000E+00
0.000000000000E+00
0.000000000000E+00
0.000000000000E+00
0.000000000000E+00
0.000000000000E+00
0.000000000000E+00
0.000000000000E+00
0.000000000000E+00
0.000000000000E+00
0.000000000000E+00
0.000000000000E+00
0.000000000000E+00
0.000000000000E+00
0.000000000000E+00
0.000000000000E+00
0.000000000000E+00
0.000000000000E+00
0.000000000000E+00
0.000000000000E+00
0.000000000000E+00
0.000000000000E+00
0.000000000000E+00
0.000000000000E+00
0.000000000000E+00
0.000000000000E+00
0.000000000000E+00
0.000000000000E+00
0.000000000000E+00
0.000000000000E+00
0.000000000000E+00
0.000000000000E+00
0.000000000000E+00
0.000000000000E+00
-.658785937500E+04
-.948543750000E+04
-.111298964844E+05
-.120037324219E+05
-.123745058594E+05
-.124597441406E+05
-.123685957031E+05
-.121692158203E+05
-.118770791016E+05
-.115559765625E+05
-.112190019531E+05
-.108743369141E+05
-.104993330078E+05
-.101349472656E+05
-.977937792969E+04
-.943142187500E+04
-.906197070312E+04
-.870900488281E+04
-.836830859375E+04
-.803715136719E+04
-.768493896484E+04
-.734978222656E+04
-.702702734375E+04
-.671366992188E+04
-.634392089844E+04
-.594240332031E+04
-.552955615234E+04
-.511755566406E+04
-.468339404297E+04
-.427185595703E+04
-.388081567383E+04
-.350841748047E+04
-.312237011719E+04
-.276295043945E+04
-.242473925781E+04
-.210392211914E+04
-.171736755371E+04
-.114709106445E+04
-.393439880371E+03
0.540073242188E+03
0.172120434570E+04
0.307628393555E+04
0.460016455078E+04
0.624009863281E+04
0.787483789062E+04
0.912000976562E+04
0.978455761719E+04
0.994226269531E+04
0.982088769531E+04
0.948564257812E+04
0.903634277344E+04
0.845523535156E+04
0.778641259766E+04
0.713222363281E+04
0.648747412109E+04
0.591550000000E+04
0.538603955078E+04
0.489392919922E+04
0.441553173828E+04
0.400461962891E+04
0.363100805664E+04
0.329024536133E+04
0.295907812500E+04
0.268770263672E+04
0.244672998047E+04
0.223133593750E+04
0.201227404785E+04
0.184094616699E+04
0.168676635742E+04
0.153968029785E+04
0.134372583008E+04
0.114218371582E+04
0.881000061035E+03
0.507642669678E+03
-.707457351685E+02
-.637263732910E+03
-.932556945801E+03
-.110681347656E+04
-.125565771484E+04
-.136860681152E+04
-.146633813477E+04
-.155755859375E+04
-.167088012695E+04
-.176846301270E+04
-.185929028320E+04
-.194716625977E+04
-.205835107422E+04
-.215463964844E+04
-.224451147461E+04
-.233156616211E+04
-.244169921875E+04
-.253715771484E+04
-.262628125000E+04
-.271260620117E+04
-.282175585938E+04
-.291642016602E+04
-.300481567383E+04
-.309043627930E+04
-.319862377930E+04
-.329251684570E+04
-.864384765625E+04
-.111794541016E+05
-.126813701172E+05
-.135127099609E+05
-.138802617188E+05
-.139721855469E+05
-.138849472656E+05
-.136819179688E+05
-.133770224609E+05
-.130347500000E+05
-.126701230469E+05
-.122930390625E+05
-.118816132812E+05
-.114778232422E+05
-.110812666016E+05
-.106916064453E+05
-.102796152344E+05
-.988354199219E+04
-.949993750000E+04
-.912644531250E+04
-.873197265625E+04
-.835461035156E+04
-.799027880859E+04
-.763620458984E+04
-.722550878906E+04
-.678084423828E+04
-.632253417969E+04
-.586334033203E+04
-.538033886719E+04
-.491896240234E+04
-.447829931641E+04
-.405722167969E+04
-.362314892578E+04
-.321648901367E+04
-.283253295898E+04
-.246775170898E+04
-.206682006836E+04
-.149654357910E+04
-.742892395020E+03
0.190620697021E+03
0.137175183105E+04
0.272683178711E+04
0.425326806641E+04
0.594211474609E+04
0.779880322266E+04
0.956701953125E+04
0.109780742188E+05
0.118425029297E+05
0.122219501953E+05
0.121797617188E+05
0.118873046875E+05
0.113792148438E+05
0.107223613281E+05
0.100472226562E+05
0.935964843750E+04
0.874140429688E+04
0.816757519531E+04
0.763097705078E+04
0.709541357422E+04
0.662830761719E+04
0.620155078125E+04
0.580710546875E+04
0.540628369141E+04
0.506566406250E+04
0.475796191406E+04
0.447411962891E+04
0.416805078125E+04
0.390601489258E+04
0.366181811523E+04
0.342224121094E+04
0.312284936523E+04
0.282009985352E+04
0.248059350586E+04
0.207142553711E+04
0.148844958496E+04
0.773384948730E+03
-.782281646729E+02
-.811148986816E+03
-.126278002930E+04
-.154545593262E+04
-.174270153809E+04
-.189662304688E+04
-.205540478516E+04
-.218960449219E+04
-.231122412109E+04
-.242635424805E+04
-.256467480469E+04
-.268806542969E+04
-.280375561523E+04
-.291542504883E+04
-.305122143555E+04
-.317291284180E+04
-.328731494141E+04
-.339788623047E+04
-.353239233398E+04
-.365301928711E+04
-.376646093750E+04
-.387612036133E+04
-.400944262695E+04
-.412907568359E+04
-.954156445312E+04
-.121872285156E+05
-.138402812500E+05
-.148188955078E+05
-.153100175781E+05
-.154955957031E+05
-.154729619141E+05
-.153090029297E+05
-.150214052734E+05
-.146787998047E+05
-.143004941406E+05
-.138998203125E+05
-.134569843750E+05
-.130159179688E+05
-.125782841797E+05
-.121451611328E+05
-.116877080078E+05
-.112447167969E+05
-.108137177734E+05
-.103929238281E+05
-.995094531250E+04
-.952592675781E+04
-.911439941406E+04
-.871388769531E+04
-.825657910156E+04
-.776324218750E+04
-.725395410156E+04
-.674191357422E+04
-.620424707031E+04
-.568697509766E+04
-.519035107422E+04
-.471402148438E+04
-.422525341797E+04
-.376462817383E+04
-.332815356445E+04
-.291264624023E+04
-.248022216797E+04
-.190994665527E+04
-.115629553223E+04
-.222782409668E+03
0.958348449707E+03
0.231342846680E+04
0.383987255859E+04
0.553520605469E+04
0.745718554688E+04
0.946308886719E+04
0.113884873047E+05
0.130007197266E+05
0.141645029297E+05
0.147494111328E+05
0.148656054688E+05
0.145815634766E+05
0.140171484375E+05
0.133586552734E+05
0.126449160156E+05
0.119834892578E+05
0.113625986328E+05
0.107773593750E+05
0.101837646484E+05
0.965560253906E+04
0.916951464844E+04
0.871600976562E+04
0.824646289062E+04
0.783301953125E+04
0.745344726562E+04
0.709736425781E+04
0.670955957031E+04
0.635987060547E+04
0.602742724609E+04
0.569914843750E+04
0.530702978516E+04
0.491183056641E+04
0.448885986328E+04
0.401447875977E+04
0.339632763672E+04
0.267412792969E+04
0.182239331055E+04
0.834361755371E+03
-.325718444824E+03
-.114853784180E+04
-.168109265137E+04
-.204630908203E+04
-.234324829102E+04
-.257210864258E+04
-.276143627930E+04
-.292774755859E+04
-.310873925781E+04
-.326997583008E+04
-.341963232422E+04
-.356245507812E+04
-.372900146484E+04
-.388140551758E+04
-.402548315430E+04
-.416459716797E+04
-.432820654297E+04
-.447847460938E+04
-.462086865234E+04
-.475855908203E+04
-.492057763672E+04
-.506950341797E+04
-.105435605469E+05
-.133004580078E+05
-.151079511719E+05
-.162427412109E+05
-.168712734375E+05
-.171672597656E+05
-.172268300781E+05
-.171187792969E+05
-.168635292969E+05
-.165332207031E+05
-.161511591797E+05
-.157341132812E+05
-.152646152344E+05
-.147887753906E+05
-.143105859375E+05
-.138328544922E+05
-.133274609375E+05
-.128339951172E+05
-.123511386719E+05
-.118778681641E+05
-.113827294922E+05
-.109040283203E+05
-.104389628906E+05
-.998545019531E+04
-.947490917969E+04
-.892634472656E+04
-.835949804688E+04
-.778788623047E+04
-.718864794922E+04
-.660831835938E+04
-.604826660156E+04
-.550895068359E+04
-.495760156250E+04
-.443501318359E+04
-.393792919922E+04
-.346357934570E+04
-.297640942383E+04
-.240613378906E+04
-.165248229980E+04
-.718969055176E+03
0.462161804199E+03
0.181724194336E+04
0.334368579102E+04
0.503916357422E+04
0.697262597656E+04
0.905533300781E+04
0.112198447266E+05
0.133256601562E+05
0.152357275391E+05
0.166719570312E+05
0.175449296875E+05
0.178029296875E+05
0.175533828125E+05
0.170432089844E+05
0.163742685547E+05
0.157033330078E+05
0.150486376953E+05
0.144180917969E+05
0.137674062500E+05
0.131756337891E+05
0.126250937500E+05
0.121067841797E+05
0.115658535156E+05
0.110762119141E+05
0.106199013672E+05
0.101866826172E+05
0.971602929688E+04
0.927853808594E+04
0.885713769531E+04
0.843970703125E+04
0.795653417969E+04
0.747047363281E+04
0.696183935547E+04
0.641198193359E+04
0.573546484375E+04
0.497953710938E+04
0.411772851562E+04
0.312907080078E+04
0.193594470215E+04
0.606298034668E+03
-.680953674316E+03
-.155823168945E+04
-.220857739258E+04
-.268437158203E+04
-.304849145508E+04
-.334103222656E+04
-.361699658203E+04
-.385281005859E+04
-.406275219727E+04
-.425597656250E+04
-.446739306641E+04
-.466131689453E+04
-.484389404297E+04
-.501905371094E+04
-.521804638672E+04
-.540353222656E+04
-.558022363281E+04
-.575113525391E+04
-.594659423828E+04
-.612937158203E+04
-.116668076172E+05
-.145366464844E+05
-.165018535156E+05
-.178012460938E+05
-.185806855469E+05
-.190040742188E+05
-.191645214844E+05
-.191311210938E+05
-.189258671875E+05
-.186235625000E+05
-.182509941406E+05
-.178281718750E+05
-.173399804688E+05
-.168348417969E+05
-.163192265625E+05
-.157979335938E+05
-.152438857422E+05
-.146977167969E+05
-.141594726562E+05
-.136291113281E+05
-.130753632812E+05
-.125368642578E+05
-.120115898438E+05
-.114979501953E+05
-.109268105469E+05
-.103155810547E+05
-.968360546875E+04
-.904464648438E+04
-.837582910156E+04
-.772413720703E+04
-.709200439453E+04
-.648072021484E+04
-.585758105469E+04
-.526364648438E+04
-.469641650391E+04
-.415359619141E+04
-.359933642578E+04
-.302585815430E+04
-.227220703125E+04
-.133869409180E+04
-.157563140869E+03
0.119751708984E+04
0.272396069336E+04
0.441943896484E+04
0.635343896484E+04
0.845172265625E+04
0.106967363281E+05
0.130304335938E+05
0.154058076172E+05
0.175712636719E+05
0.193380136719E+05
0.204648535156E+05
0.208951367188E+05
0.208314863281E+05
0.204133671875E+05
0.198609960938E+05
0.192466992188E+05
0.186115039062E+05
0.179258339844E+05
0.172807031250E+05
0.166683007812E+05
0.160835908203E+05
0.154692275391E+05
0.149004111328E+05
0.143629345703E+05
0.138474980469E+05
0.132904482422E+05
0.127624863281E+05
0.122493095703E+05
0.117399042969E+05
0.111637001953E+05
0.105848330078E+05
0.998696093750E+04
0.935465722656E+04
0.860658789062E+04
0.779550585938E+04
0.689935156250E+04
0.589709130859E+04
0.470217675781E+04
0.337252661133E+04
0.190657324219E+04
0.304520050049E+03
-.108404003906E+04
-.206645092773E+04
-.280800952148E+04
-.338311059570E+04
-.387336523438E+04
-.427435058594E+04
-.461334814453E+04
-.490923974609E+04
-.520515576172E+04
-.547089501953E+04
-.571556347656E+04
-.594546777344E+04
-.619470947266E+04
-.642754687500E+04
-.664886914062E+04
-.686205908203E+04
-.709884667969E+04
-.732256640625E+04
-.129276083984E+05
-.159134609375E+05
-.180403222656E+05
-.195127929688E+05
-.204565351562E+05
-.210246386719E+05
-.213056171875E+05
-.213673710938E+05
-.212322734375E+05
-.209768242188E+05
-.206305800781E+05
-.202163535156E+05
-.197212753906E+05
-.191960136719E+05
-.186495820312E+05
-.180889101562E+05
-.174882246094E+05
-.168894257812E+05
-.162941132812E+05
-.157034658203E+05
-.150866611328E+05
-.144828525391E+05
-.138909365234E+05
-.133099873047E+05
-.126705312500E+05
-.119885830078E+05
-.112831230469E+05
-.105681083984E+05
-.982065332031E+04
-.908814843750E+04
-.837404785156E+04
-.768048144531E+04
-.697490771484E+04
-.629870849609E+04
-.565016894531E+04
-.502753320312E+04
-.439477783203E+04
-.378609887695E+04
-.303244775391E+04
-.209893481445E+04
-.917804077148E+03
0.437276062012E+03
0.196371936035E+04
0.365919848633E+04
0.559319775391E+04
0.769240869141E+04
0.995416113281E+04
0.123632460938E+05
0.149441552734E+05
0.175291250000E+05
0.199742656250E+05
0.219816679688E+05
0.233327128906E+05
0.240708066406E+05
0.242557656250E+05
0.241097070312E+05
0.237469531250E+05
0.232524785156E+05
0.226284472656E+05
0.219918750000E+05
0.213555683594E+05
0.207266171875E+05
0.200517929688E+05
0.194105976562E+05
0.187941386719E+05
0.181956738281E+05
0.175505117188E+05
0.169298789062E+05
0.163219833984E+05
0.157171416016E+05
0.150444970703E+05
0.143691835938E+05
0.136773974609E+05
0.129560595703E+05
0.121265283203E+05
0.112453261719E+05
0.102943154297E+05
0.925547851562E+04
0.804311230469E+04
0.670966259766E+04
0.524359033203E+04
0.364153735352E+04
0.183557543945E+04
-.898176116943E+02
-.148302612305E+04
-.257257763672E+04
-.347018334961E+04
-.419527587891E+04
-.479318164062E+04
-.529719726562E+04
-.576270507812E+04
-.616876025391E+04
-.653078710938E+04
-.686014501953E+04
-.719577636719E+04
-.750536621094E+04
-.779557910156E+04
-.807132763672E+04
-.836644726562E+04
-.864558300781E+04
-.143285253906E+05
-.174375097656E+05
-.197327753906E+05
-.213884726562E+05
-.225110507812E+05
-.232422519531E+05
-.236648847656E+05
-.238444003906E+05
-.238023828125E+05
-.236160292969E+05
-.233168515625E+05
-.229299257812E+05
-.224442851562E+05
-.219126562500E+05
-.213465000000E+05
-.207548964844E+05
-.201135273438E+05
-.194657246094E+05
-.188148046875E+05
-.181633457031E+05
-.174812402344E+05
-.168083652344E+05
-.161446933594E+05
-.154901425781E+05
-.147751474609E+05
-.140145908203E+05
-.132271484375E+05
-.124269873047E+05
-.115912402344E+05
-.107676914062E+05
-.996077832031E+04
-.917350195312E+04
