 sec
0.000000000000E+00
0.000000000000E+00
0.000000000000E+00
0.000000000000E+00
0.000000000000E+00
0.000000000000E+00
0.000000000000E+00
0.000000000000E+00
0.000000000000E+00
0.000000000000E+00
0.000000000000E+00
0.000000000000E+00
0.000000000000E+00
0.000000000000E+00
0.000000000000E+00
0.000000000000E+00
0.000000000000E+00
0.000000000000E+00
0.000000000000E+00
0.000000000000E+00
0.000000000000E+00
0.000000000000E+00
0.000000000000E+00
0.000000000000E+00
0.000000000000E+00
0.000000000000E+00
0.000000000000E+00
0.000000000000E+00
0.000000000000E+00
0.000000000000E+00
0.000000000000E+00
0.000000000000E+00
0.000000000000E+00
0.000000000000E+00
0.000000000000E+00
0.000000000000E+00
0.000000000000E+00
0.000000000000E+00
0.000000000000E+00
0.000000000000E+00
0.000000000000E+00
0.000000000000E+00
0.000000000000E+00
0.000000000000E+00
0.000000000000E+00
0.000000000000E+00
0.000000000000E+00
0.000000000000E+00
0.000000000000E+00
0.000000000000E+00
0.000000000000E+00
0.000000000000E+00
0.000000000000E+00
0.000000000000E+00
0.000000000000E+00
0.000000000000E+00
0.000000000000E+00
0.000000000000E+00
0.000000000000E+00
0.000000000000E+00
0.000000000000E+00
0.000000000000E+00
0.000000000000E+00
0.000000000000E+00
0.000000000000E+00
0.000000000000E+00
0.000000000000E+00
0.000000000000E+00
0.000000000000E+00
0.000000000000E+00
0.000000000000E+00
0.000000000000E+00
0.000000000000E+00
0.000000000000E+00
0.000000000000E+00
0.000000000000E+00
0.000000000000E+00
0.000000000000E+00
0.000000000000E+00
0.000000000000E+00
0.000000000000E+00
0.000000000000E+00
0.000000000000E+00
0.000000000000E+00
0.000000000000E+00
0.000000000000E+00
0.000000000000E+00
0.000000000000E+00
0.000000000000E+00
0.000000000000E+00
0.000000000000E+00
0.000000000000E+00
0.000000000000E+00
0.000000000000E+00
0.000000000000E+00
0.000000000000E+00
0.000000000000E+00
0.000000000000E+00
0.000000000000E+00
-.658785937500E+04
-.948543750000E+04
-.111298964844E+05
-.120037324219E+05
-.124010048828E+05
-.125031113281E+05
-.124227783203E+05
-.122303906250E+05
-.119700078125E+05
-.116692421875E+05
-.113454082031E+05
-.110093222656E+05
-.106677539062E+05
-.103248994141E+05
-.995541210938E+04
-.959891796875E+04
-.925260644531E+04
-.891464355469E+04
-.858380175781E+04
-.825924316406E+04
-.794037939453E+04
-.762678320312E+04
-.731813134766E+04
-.701415039062E+04
-.671462548828E+04
-.641936523438E+04
-.609623535156E+04
-.573199365234E+04
-.534988085938E+04
-.496390771484E+04
-.458230712891E+04
-.420972949219E+04
-.384859570312E+04
-.349994897461E+04
-.316401171875E+04
-.284051611328E+04
-.252890771484E+04
-.222849804688E+04
-.190744885254E+04
-.151298693848E+04
-.938719055176E+03
-.187888732910E+03
0.736579589844E+03
0.183204870605E+04
0.309614355469E+04
0.452454003906E+04
0.607310351562E+04
0.758638916016E+04
0.880868945312E+04
0.954671093750E+04
0.981335351562E+04
0.967326757812E+04
0.927067773438E+04
0.879431152344E+04
0.831408789062E+04
0.785276513672E+04
0.741689111328E+04
0.700764648438E+04
0.662437207031E+04
0.626564941406E+04
0.592961914062E+04
0.561403125000E+04
0.531617626953E+04
0.503277050781E+04
0.471171923828E+04
0.442079687500E+04
0.413637744141E+04
0.384230834961E+04
0.352281323242E+04
0.315907202148E+04
0.272722167969E+04
0.219847290039E+04
0.154548779297E+04
0.756952941895E+03
-.167604034424E+03
-.911585327148E+03
-.136496142578E+04
-.166341101074E+04
-.187886181641E+04
-.204973120117E+04
-.219657324219E+04
-.233041333008E+04
-.245716333008E+04
-.258000268555E+04
-.270063427734E+04
-.281997265625E+04
-.293852172852E+04
-.305654125977E+04
-.320117407227E+04
-.333303295898E+04
-.345789868164E+04
-.357889355469E+04
-.369769140625E+04
-.381520947266E+04
-.393193750000E+04
-.404814184570E+04
-.416396826172E+04
-.427949072266E+04
-.439476171875E+04
-.450979492188E+04
-.993879101562E+04
-.126246787109E+05
-.143360576172E+05
-.153738349609E+05
-.159444746094E+05
-.161908154297E+05
-.162122265625E+05
-.160781181641E+05
-.158370878906E+05
-.155232177734E+05
-.151604384766E+05
-.147655322266E+05
-.143502714844E+05
-.139229062500E+05
-.134598066406E+05
-.130027890625E+05
-.125521445312E+05
-.121080185547E+05
-.116704375000E+05
-.112393583984E+05
-.108146953125E+05
-.103963193359E+05
-.998408789062E+04
-.957782910156E+04
-.917737792969E+04
-.878255566406E+04
-.836024121094E+04
-.789314208984E+04
-.740287890625E+04
-.690402490234E+04
-.640624560547E+04
-.591578955078E+04
-.543653857422E+04
-.497073095703E+04
-.451949462891E+04
-.408319897461E+04
-.366170239258E+04
-.325455297852E+04
-.282839672852E+04
-.241169018555E+04
-.183742224121E+04
-.108659204102E+04
-.162123733521E+03
0.933345153809E+03
0.219744042969E+04
0.362803271484E+04
0.522320458984E+04
0.697844335938E+04
0.886285156250E+04
0.107866347656E+05
0.125894990234E+05
0.139568574219E+05
0.147020478516E+05
0.149394707031E+05
0.148360625000E+05
0.145346562500E+05
0.141309638672E+05
0.136811162109E+05
0.132154960938E+05
0.127494707031E+05
0.122900664062E+05
0.118396738281E+05
0.113980068359E+05
0.109631132812E+05
0.104749228516E+05
0.100048095703E+05
0.953831738281E+04
0.906342871094E+04
0.856863867188E+04
0.804176123047E+04
0.746914111328E+04
0.683510351562E+04
0.612183544922E+04
0.530999072266E+04
0.438072460938E+04
0.332009985352E+04
0.212343334961E+04
0.790381713867E+03
-.556687194824E+03
-.151232727051E+04
-.220602197266E+04
-.272648706055E+04
-.313215332031E+04
-.346161157227E+04
-.374039135742E+04
-.398540600586E+04
-.420788085938E+04
-.441526025391E+04
-.464207031250E+04
-.485208398438E+04
-.505081347656E+04
-.524192529297E+04
-.542784765625E+04
-.561020996094E+04
-.579009277344E+04
-.596821386719E+04
-.614505957031E+04
-.632094433594E+04
-.649609130859E+04
-.667063671875E+04
-.122207050781E+05
-.151302705078E+05
-.171567480469E+05
-.185234101562E+05
-.193958535156E+05
-.198976992188E+05
-.201216738281E+05
-.201375605469E+05
-.199980312500E+05
-.197429023438E+05
-.194023203125E+05
-.189991113281E+05
-.185505742188E+05
-.180698007812E+05
-.175362890625E+05
-.169949687500E+05
-.164498183594E+05
-.159038212891E+05
-.153591669922E+05
-.148174707031E+05
-.142799013672E+05
-.137472880859E+05
-.132202128906E+05
-.126990429688E+05
-.121840146484E+05
-.116752480469E+05
-.111391738281E+05
-.105556308594E+05
-.994463574219E+04
-.932073437500E+04
-.869435839844E+04
-.807286914062E+04
-.746132373047E+04
-.686306738281E+04
-.628018164062E+04
-.571381738281E+04
-.516444042969E+04
-.463204248047E+04
-.408240869141E+04
-.355663500977E+04
-.298236694336E+04
-.223153637695E+04
-.130706774902E+04
-.211598983765E+03
0.105249609375E+04
0.248308813477E+04
0.407826269531E+04
0.583630175781E+04
0.775564355469E+04
0.983149316406E+04
0.120398925781E+05
0.141818183594E+05
0.160379716797E+05
0.175410898438E+05
0.186552363281E+05
0.193874902344E+05
0.197818535156E+05
0.199021933594E+05
0.198150234375E+05
0.195784843750E+05
0.192380742188E+05
0.188267695312E+05
0.183670429688E+05
0.178732851562E+05
0.172929921875E+05
0.167057031250E+05
0.161068310547E+05
0.154908671875E+05
0.148513173828E+05
0.141806035156E+05
0.134699501953E+05
0.127092656250E+05
0.118870605469E+05
0.109904970703E+05
0.100055917969E+05
0.891779980469E+04
0.771277832031E+04
0.637872021484E+04
0.490948925781E+04
0.330428735352E+04
0.156332714844E+04
-.250527969360E+03
-.158095068359E+04
-.263474951172E+04
-.348308618164E+04
-.417857226562E+04
-.476020263672E+04
-.525691357422E+04
-.572133544922E+04
-.613041992188E+04
-.649810058594E+04
-.683476562500E+04
-.714814550781E+04
-.744401904297E+04
-.772669970703E+04
-.799940527344E+04
-.826453906250E+04
-.852390039062E+04
-.877883789062E+04
-.903034960938E+04
-.147008173828E+05
-.178150351562E+05
-.201277812500E+05
-.218070898438E+05
-.229848164062E+05
-.237649921875E+05
-.242299667969E+05
-.244451777344E+05
-.244627304688E+05
-.243241777344E+05
-.240627285156E+05
-.237049160156E+05
-.232719785156E+05
-.227809257812E+05
-.222141484375E+05
-.216195703125E+05
-.210047578125E+05
-.203757343750E+05
-.197372792969E+05
-.190931796875E+05
-.184464375000E+05
-.177994101562E+05
-.171539257812E+05
-.165114042969E+05
-.158729443359E+05
-.152393593750E+05
-.145772041016E+05
-.138644267578E+05
-.131198115234E+05
-.123577480469E+05
-.115891542969E+05
-.108222128906E+05
-.100629550781E+05
-.931571777344E+04
-.858351269531E+04
-.786832519531E+04
-.717133642578E+04
-.649313281250E+04
-.579908837891E+04
-.513023535156E+04
-.448483886719E+04
-.373400903320E+04
-.280954052734E+04
-.171407177734E+04
-.449976684570E+03
0.980615295410E+03
0.257578955078E+04
0.433382763672E+04
0.625319384766E+04
0.833252441406E+04
0.105705390625E+05
0.128193984375E+05
0.149218476562E+05
0.168557578125E+05
0.185946542969E+05
0.201128906250E+05
0.213908476562E+05
0.224188300781E+05
0.231987246094E+05
0.237431406250E+05
0.240727578125E+05
0.242128046875E+05
0.241897148438E+05
0.240285429688E+05
0.236867695312E+05
0.232571308594E+05
0.227514843750E+05
0.221780292969E+05
0.215416894531E+05
0.208445195312E+05
0.200860859375E+05
0.192637285156E+05
0.183728457031E+05
0.174071132812E+05
0.163587050781E+05
0.152185771484E+05
0.139764892578E+05
0.126219726562E+05
0.111454697266E+05
0.953908300781E+04
0.779810595703E+04
0.592158886719E+04
0.390971948242E+04
0.176269824219E+04
-.398583129883E+03
-.195488208008E+04
-.326635253906E+04
-.438217089844E+04
-.537356689453E+04
-.623319628906E+04
-.698721435547E+04
-.765651074219E+04
-.825777148438E+04
-.880436132812E+04
-.930697167969E+04
-.977417382812E+04
-.102128310547E+05
-.106284521484E+05
-.110254658203E+05
-.114074023438E+05
-.172335722656E+05
-.205641386719E+05
-.231606230469E+05
-.251520625000E+05
-.266441015625E+05
-.277235937500E+05
-.284621523438E+05
-.289190039062E+05
-.291432304688E+05
-.291755625000E+05
-.290498750000E+05
-.287943398438E+05
-.284324257812E+05
-.279836933594E+05
-.274326367188E+05
-.268295351562E+05
-.261849218750E+05
-.255075683594E+05
-.248047636719E+05
-.240825644531E+05
-.233459863281E+05
-.225991953125E+05
-.218456171875E+05
-.210880742188E+05
-.203288828125E+05
-.195699277344E+05
-.187783632812E+05
-.179311093750E+05
-.170462031250E+05
-.161380136719E+05
-.152179208984E+05
-.142948476562E+05
-.133757158203E+05
-.124657958984E+05
-.115690341797E+05
-.106882988281E+05
-.982556835938E+04
-.898213769531E+04
-.812330810547E+04
-.729024218750E+04
-.648201513672E+04
-.569344238281E+04
-.476897460938E+04
-.367350610352E+04
-.240941113281E+04
-.978819213867E+03
0.616355102539E+03
0.237439331055E+04
0.429375976562E+04
0.637309033203E+04
0.861116210938E+04
0.108631074219E+05
0.129841699219E+05
0.149726621094E+05
0.168241484375E+05
0.185317070312E+05
0.200871816406E+05
0.214824121094E+05
0.227104218750E+05
0.237662890625E+05
0.246478085938E+05
0.253557246094E+05
0.258935839844E+05
0.262673437500E+05
0.264167695312E+05
0.264229960938E+05
0.262947832031E+05
0.260403847656E+05
0.256670585938E+05
0.251807832031E+05
0.245860507812E+05
0.238857578125E+05
0.230812226562E+05
0.221721718750E+05
0.211569160156E+05
0.200324746094E+05
0.187944492188E+05
0.174377500000E+05
0.159573447266E+05
0.143483564453E+05
0.126067792969E+05
0.107302529297E+05
0.871838281250E+04
0.657136035156E+04
0.428939160156E+04
0.187267968750E+04
-.502278259277E+03
-.222583178711E+04
-.377323632812E+04
-.514015576172E+04
-.635557519531E+04
-.744372900391E+04
-.842488476562E+04
-.931603515625E+04
-.101314140625E+05
-.108829619141E+05
-.115807070312E+05
-.122330605469E+05
-.128471064453E+05
-.134287773438E+05
-.194681035156E+05
-.230492636719E+05
-.259470664062E+05
-.282637539062E+05
-.300856972656E+05
-.314861425781E+05
-.325273339844E+05
-.332622968750E+05
-.337363085938E+05
-.339880781250E+05
-.340507265625E+05
-.339526679688E+05
-.337182343750E+05
-.333683359375E+05
-.328886992188E+05
-.323310976562E+05
-.317082207031E+05
-.310309765625E+05
-.303087167969E+05
-.295494707031E+05
-.287601113281E+05
-.279465410156E+05
-.271138105469E+05
-.262662070312E+05
-.254074160156E+05
-.245405546875E+05
-.236336796875E+05
-.226633281250E+05
-.216472324219E+05
-.205999472656E+05
-.195333847656E+05
-.184572109375E+05
-.173792128906E+05
-.163055957031E+05
-.152412373047E+05
-.141899111328E+05
-.131544570312E+05
-.121369648438E+05
-.111029238281E+05
-.100938046875E+05
-.910950390625E+04
-.814964355469E+04
-.720237451172E+04
-.610690673828E+04
-.484281201172E+04
-.341222021484E+04
-.181704553223E+04
-.590072174072E+02
0.186035937500E+04
0.393968920898E+04
0.617776269531E+04
0.842970800781E+04
0.105507822266E+05
0.125401396484E+05
0.143970283203E+05
0.161207841797E+05
0.177104628906E+05
0.191644453125E+05
0.204806718750E+05
0.216570214844E+05
0.226916054688E+05
0.235830273438E+05
0.243305214844E+05
0.249340292969E+05
0.253246367188E+05
0.255743652344E+05
0.256850136719E+05
0.256586347656E+05
0.254973476562E+05
0.252031425781E+05
0.247777480469E+05
0.242224941406E+05
0.235382167969E+05
0.227252128906E+05
0.217832441406E+05
0.207115605469E+05
0.195086621094E+05
0.181728593750E+05
0.167028359375E+05
0.150975488281E+05
0.133565898438E+05
0.114800732422E+05
0.946820312500E+04
0.732118066406E+04
0.503921191406E+04
0.262250024414E+04
0.712355575562E+02
-.179520410156E+04
-.348917382812E+04
-.502655957031E+04
-.642821484375E+04
-.771214501953E+04
-.889389843750E+04
-.998692675781E+04
-.110028730469E+05
-.119518066406E+05
-.128424619141E+05
-.136823916016E+05
-.144781582031E+05
-.152354384766E+05
-.214699648438E+05
-.252798925781E+05
-.284484726562E+05
-.310590761719E+05
-.331837734375E+05
-.348850898438E+05
-.362173359375E+05
-.372278046875E+05
-.379577460938E+05
-.384431953125E+05
-.387156718750E+05
-.388027460938E+05
-.387286054688E+05
-.385144492188E+05
-.381463046875E+05
-.376765859375E+05
-.371192031250E+05
-.364864140625E+05
-.357889218750E+05
-.350361484375E+05
-.342363593750E+05
-.333968046875E+05
-.325238339844E+05
-.316229980469E+05
-.306991796875E+05
-.297566210938E+05
-.287642734375E+05
-.276986171875E+05
-.265773398438E+05
-.254153183594E+05
-.242249980469E+05
-.230167441406E+05
