 snowTemp
-.999900000000E+04
-.999900000000E+04
-.999900000000E+04
-.999900000000E+04
-.999900000000E+04
-.999900000000E+04
-.999900000000E+04
-.999900000000E+04
-.999900000000E+04
-.999900000000E+04
-.999900000000E+04
-.999900000000E+04
-.999900000000E+04
-.999900000000E+04
-.999900000000E+04
-.999900000000E+04
-.999900000000E+04
-.999900000000E+04
-.999900000000E+04
-.999900000000E+04
-.999900000000E+04
-.999900000000E+04
-.999900000000E+04
-.999900000000E+04
-.999900000000E+04
-.999900000000E+04
-.999900000000E+04
-.999900000000E+04
-.999900000000E+04
-.999900000000E+04
-.999900000000E+04
-.999900000000E+04
-.999900000000E+04
-.999900000000E+04
-.999900000000E+04
-.999900000000E+04
-.999900000000E+04
-.999900000000E+04
-.999900000000E+04
-.999900000000E+04
-.999900000000E+04
-.999900000000E+04
-.999900000000E+04
-.999900000000E+04
-.999900000000E+04
-.999900000000E+04
-.999900000000E+04
-.999900000000E+04
-.999900000000E+04
-.999900000000E+04
-.999900000000E+04
-.999900000000E+04
-.999900000000E+04
-.999900000000E+04
-.999900000000E+04
-.999900000000E+04
-.999900000000E+04
-.999900000000E+04
-.999900000000E+04
-.999900000000E+04
-.999900000000E+04
-.999900000000E+04
-.999900000000E+04
-.999900000000E+04
-.999900000000E+04
-.999900000000E+04
-.999900000000E+04
-.999900000000E+04
-.999900000000E+04
-.999900000000E+04
-.999900000000E+04
-.999900000000E+04
-.999900000000E+04
-.999900000000E+04
-.999900000000E+04
-.999900000000E+04
-.999900000000E+04
-.999900000000E+04
-.999900000000E+04
-.999900000000E+04
-.999900000000E+04
-.999900000000E+04
-.999900000000E+04
-.999900000000E+04
-.999900000000E+04
-.999900000000E+04
-.999900000000E+04
-.999900000000E+04
-.999900000000E+04
-.999900000000E+04
-.999900000000E+04
-.999900000000E+04
-.999900000000E+04
-.999900000000E+04
-.999900000000E+04
-.999900000000E+04
-.999900000000E+04
-.999900000000E+04
-.469840002060E+01
-.809591674805E+01
-.103700580597E+02
-.113747959137E+02
-.115913772583E+02
-.113169908524E+02
-.107329978943E+02
-.995496940613E+01
-.905617523193E+01
-.808523082733E+01
-.707037925720E+01
-.603226709366E+01
-.498493099213E+01
-.393983960152E+01
-.290086960793E+01
-.183695828915E+01
-.672447979450E+00
0.000000000000E+00
0.000000000000E+00
0.000000000000E+00
0.000000000000E+00
0.000000000000E+00
0.000000000000E+00
0.000000000000E+00
0.000000000000E+00
0.000000000000E+00
0.000000000000E+00
0.000000000000E+00
0.000000000000E+00
0.000000000000E+00
0.000000000000E+00
0.000000000000E+00
0.000000000000E+00
0.000000000000E+00
0.000000000000E+00
-.999900000000E+04
-.999900000000E+04
-.999900000000E+04
-.999900000000E+04
-.999900000000E+04
-.999900000000E+04
-.999900000000E+04
-.999900000000E+04
-.999900000000E+04
-.999900000000E+04
-.999900000000E+04
-.999900000000E+04
-.999900000000E+04
-.999900000000E+04
-.999900000000E+04
-.999900000000E+04
-.999900000000E+04
-.999900000000E+04
-.999900000000E+04
-.999900000000E+04
-.999900000000E+04
-.999900000000E+04
-.999900000000E+04
-.999900000000E+04
-.999900000000E+04
-.999900000000E+04
-.999900000000E+04
-.999900000000E+04
-.999900000000E+04
-.999900000000E+04
-.999900000000E+04
-.999900000000E+04
-.999900000000E+04
-.999900000000E+04
-.999900000000E+04
-.999900000000E+04
-.999900000000E+04
-.999900000000E+04
-.999900000000E+04
-.999900000000E+04
-.999900000000E+04
-.999900000000E+04
-.999900000000E+04
-.999900000000E+04
-.999900000000E+04
-.999900000000E+04
-.999900000000E+04
-.999900000000E+04
-.999900000000E+04
-.999900000000E+04
-.999900000000E+04
-.999900000000E+04
-.999900000000E+04
-.999900000000E+04
-.999900000000E+04
-.999900000000E+04
-.999900000000E+04
-.999900000000E+04
-.999900000000E+04
-.999900000000E+04
-.999900000000E+04
-.999900000000E+04
-.999900000000E+04
-.999900000000E+04
-.999900000000E+04
-.469840002060E+01
-.809591674805E+01
-.103700580597E+02
-.113747959137E+02
-.115913772583E+02
-.113169908524E+02
-.107329978943E+02
-.995496940613E+01
-.905617523193E+01
-.808523082733E+01
-.707037925720E+01
-.603226709366E+01
-.498493099213E+01
-.393983960152E+01
-.290086960793E+01
-.183695828915E+01
-.672447979450E+00
0.000000000000E+00
0.000000000000E+00
0.000000000000E+00
0.000000000000E+00
0.000000000000E+00
0.000000000000E+00
0.000000000000E+00
0.000000000000E+00
0.000000000000E+00
0.000000000000E+00
0.000000000000E+00
0.000000000000E+00
0.000000000000E+00
0.000000000000E+00
0.000000000000E+00
0.000000000000E+00
0.000000000000E+00
0.000000000000E+00
-.999900000000E+04
-.999900000000E+04
-.999900000000E+04
-.999900000000E+04
-.999900000000E+04
-.999900000000E+04
-.999900000000E+04
-.999900000000E+04
-.999900000000E+04
-.999900000000E+04
-.999900000000E+04
-.999900000000E+04
-.999900000000E+04
-.999900000000E+04
-.999900000000E+04
-.999900000000E+04
-.999900000000E+04
-.999900000000E+04
-.999900000000E+04
-.999900000000E+04
-.999900000000E+04
-.999900000000E+04
-.999900000000E+04
-.999900000000E+04
-.999900000000E+04
-.999900000000E+04
-.999900000000E+04
-.999900000000E+04
-.999900000000E+04
-.999900000000E+04
-.999900000000E+04
-.999900000000E+04
-.999900000000E+04
-.999900000000E+04
-.999900000000E+04
-.999900000000E+04
-.999900000000E+04
-.999900000000E+04
-.999900000000E+04
-.999900000000E+04
-.999900000000E+04
-.999900000000E+04
-.999900000000E+04
-.999900000000E+04
-.999900000000E+04
-.999900000000E+04
-.999900000000E+04
-.999900000000E+04
-.999900000000E+04
-.999900000000E+04
-.999900000000E+04
-.999900000000E+04
-.999900000000E+04
-.999900000000E+04
-.999900000000E+04
-.999900000000E+04
-.999900000000E+04
-.999900000000E+04
-.999900000000E+04
-.999900000000E+04
-.999900000000E+04
-.999900000000E+04
-.999900000000E+04
-.999900000000E+04
-.999900000000E+04
-.469840002060E+01
-.809591674805E+01
-.103700580597E+02
-.113747959137E+02
-.115913772583E+02
-.113169908524E+02
-.107329978943E+02
-.995496940613E+01
-.905617523193E+01
-.808523082733E+01
-.707037925720E+01
-.603226709366E+01
-.498493099213E+01
-.393983960152E+01
-.290086960793E+01
-.183695828915E+01
-.672447979450E+00
0.000000000000E+00
0.000000000000E+00
0.000000000000E+00
0.000000000000E+00
0.000000000000E+00
0.000000000000E+00
0.000000000000E+00
0.000000000000E+00
0.000000000000E+00
0.000000000000E+00
0.000000000000E+00
0.000000000000E+00
0.000000000000E+00
0.000000000000E+00
0.000000000000E+00
0.000000000000E+00
0.000000000000E+00
0.000000000000E+00
-.999900000000E+04
-.999900000000E+04
-.999900000000E+04
-.999900000000E+04
-.999900000000E+04
-.999900000000E+04
-.999900000000E+04
-.999900000000E+04
-.999900000000E+04
-.999900000000E+04
-.999900000000E+04
-.999900000000E+04
-.999900000000E+04
-.999900000000E+04
-.999900000000E+04
-.999900000000E+04
-.999900000000E+04
-.999900000000E+04
-.999900000000E+04
-.999900000000E+04
-.999900000000E+04
-.999900000000E+04
-.999900000000E+04
-.999900000000E+04
-.999900000000E+04
-.999900000000E+04
-.999900000000E+04
-.999900000000E+04
-.999900000000E+04
-.999900000000E+04
-.999900000000E+04
-.999900000000E+04
-.999900000000E+04
-.999900000000E+04
-.999900000000E+04
-.999900000000E+04
-.999900000000E+04
-.999900000000E+04
-.999900000000E+04
-.999900000000E+04
-.999900000000E+04
-.999900000000E+04
-.999900000000E+04
-.999900000000E+04
-.999900000000E+04
-.999900000000E+04
-.999900000000E+04
-.999900000000E+04
-.999900000000E+04
-.999900000000E+04
-.999900000000E+04
-.999900000000E+04
-.999900000000E+04
-.999900000000E+04
-.999900000000E+04
-.999900000000E+04
-.999900000000E+04
-.999900000000E+04
-.999900000000E+04
-.999900000000E+04
-.999900000000E+04
-.999900000000E+04
-.999900000000E+04
-.999900000000E+04
-.999900000000E+04
-.469840002060E+01
-.809591674805E+01
-.103700580597E+02
-.113747959137E+02
-.115913772583E+02
-.113169908524E+02
-.107329978943E+02
-.995496940613E+01
-.905617523193E+01
-.808523082733E+01
-.707037925720E+01
-.603226709366E+01
-.498493099213E+01
-.393983960152E+01
-.290086960793E+01
-.183695828915E+01
-.672447979450E+00
0.000000000000E+00
0.000000000000E+00
0.000000000000E+00
0.000000000000E+00
0.000000000000E+00
0.000000000000E+00
0.000000000000E+00
0.000000000000E+00
0.000000000000E+00
0.000000000000E+00
0.000000000000E+00
0.000000000000E+00
0.000000000000E+00
0.000000000000E+00
0.000000000000E+00
0.000000000000E+00
0.000000000000E+00
0.000000000000E+00
-.999900000000E+04
-.999900000000E+04
-.999900000000E+04
-.999900000000E+04
-.999900000000E+04
-.999900000000E+04
-.999900000000E+04
-.999900000000E+04
-.999900000000E+04
-.999900000000E+04
-.999900000000E+04
-.999900000000E+04
-.999900000000E+04
-.999900000000E+04
-.999900000000E+04
-.999900000000E+04
-.999900000000E+04
-.999900000000E+04
-.999900000000E+04
-.999900000000E+04
-.999900000000E+04
-.999900000000E+04
-.999900000000E+04
-.999900000000E+04
-.999900000000E+04
-.999900000000E+04
-.999900000000E+04
-.999900000000E+04
-.999900000000E+04
-.999900000000E+04
-.999900000000E+04
-.999900000000E+04
-.999900000000E+04
-.999900000000E+04
-.999900000000E+04
-.999900000000E+04
-.999900000000E+04
-.999900000000E+04
-.999900000000E+04
-.999900000000E+04
-.999900000000E+04
-.999900000000E+04
-.999900000000E+04
-.999900000000E+04
-.999900000000E+04
-.999900000000E+04
-.999900000000E+04
-.999900000000E+04
-.999900000000E+04
-.999900000000E+04
-.999900000000E+04
-.999900000000E+04
-.999900000000E+04
-.999900000000E+04
-.999900000000E+04
-.999900000000E+04
-.999900000000E+04
-.999900000000E+04
-.999900000000E+04
-.999900000000E+04
-.999900000000E+04
-.999900000000E+04
-.999900000000E+04
-.999900000000E+04
-.999900000000E+04
-.469840002060E+01
-.809591674805E+01
-.103700580597E+02
-.113747959137E+02
-.115913772583E+02
-.113169908524E+02
-.107329978943E+02
-.995496940613E+01
-.905617523193E+01
-.808523082733E+01
-.707037925720E+01
-.603226709366E+01
-.498493099213E+01
-.393983960152E+01
-.290086960793E+01
-.183695828915E+01
-.672447979450E+00
0.000000000000E+00
0.000000000000E+00
0.000000000000E+00
0.000000000000E+00
0.000000000000E+00
0.000000000000E+00
0.000000000000E+00
0.000000000000E+00
0.000000000000E+00
0.000000000000E+00
0.000000000000E+00
0.000000000000E+00
0.000000000000E+00
0.000000000000E+00
0.000000000000E+00
0.000000000000E+00
0.000000000000E+00
0.000000000000E+00
-.999900000000E+04
-.999900000000E+04
-.999900000000E+04
-.999900000000E+04
-.999900000000E+04
-.999900000000E+04
-.999900000000E+04
-.999900000000E+04
-.999900000000E+04
-.999900000000E+04
-.999900000000E+04
-.999900000000E+04
-.999900000000E+04
-.999900000000E+04
-.999900000000E+04
-.999900000000E+04
-.999900000000E+04
-.999900000000E+04
-.999900000000E+04
-.999900000000E+04
-.999900000000E+04
-.999900000000E+04
-.999900000000E+04
-.999900000000E+04
-.999900000000E+04
-.999900000000E+04
-.999900000000E+04
-.999900000000E+04
-.999900000000E+04
-.999900000000E+04
-.999900000000E+04
-.999900000000E+04
-.999900000000E+04
-.999900000000E+04
-.999900000000E+04
-.999900000000E+04
-.999900000000E+04
-.999900000000E+04
-.999900000000E+04
-.999900000000E+04
-.999900000000E+04
-.999900000000E+04
-.999900000000E+04
-.999900000000E+04
-.999900000000E+04
-.999900000000E+04
-.999900000000E+04
-.999900000000E+04
-.999900000000E+04
-.999900000000E+04
-.999900000000E+04
-.999900000000E+04
-.999900000000E+04
-.999900000000E+04
-.999900000000E+04
-.999900000000E+04
-.999900000000E+04
-.999900000000E+04
-.999900000000E+04
-.999900000000E+04
-.999900000000E+04
-.999900000000E+04
-.999900000000E+04
-.999900000000E+04
-.999900000000E+04
-.469840002060E+01
-.809591674805E+01
-.103700580597E+02
-.113747959137E+02
-.115913772583E+02
-.113169908524E+02
-.107329978943E+02
-.995496940613E+01
-.905617523193E+01
-.808523082733E+01
-.707037925720E+01
-.603226709366E+01
-.498493099213E+01
-.393983960152E+01
-.290086960793E+01
-.183695828915E+01
-.672447979450E+00
0.000000000000E+00
0.000000000000E+00
0.000000000000E+00
0.000000000000E+00
0.000000000000E+00
0.000000000000E+00
0.000000000000E+00
0.000000000000E+00
0.000000000000E+00
0.000000000000E+00
0.000000000000E+00
0.000000000000E+00
0.000000000000E+00
0.000000000000E+00
0.000000000000E+00
0.000000000000E+00
0.000000000000E+00
0.000000000000E+00
-.999900000000E+04
-.999900000000E+04
-.999900000000E+04
-.999900000000E+04
-.999900000000E+04
-.999900000000E+04
-.999900000000E+04
-.999900000000E+04
-.999900000000E+04
-.999900000000E+04
-.999900000000E+04
-.999900000000E+04
-.999900000000E+04
-.999900000000E+04
-.999900000000E+04
-.999900000000E+04
-.999900000000E+04
-.999900000000E+04
-.999900000000E+04
-.999900000000E+04
-.999900000000E+04
-.999900000000E+04
-.999900000000E+04
-.999900000000E+04
-.999900000000E+04
-.999900000000E+04
-.999900000000E+04
-.999900000000E+04
-.999900000000E+04
-.999900000000E+04
-.999900000000E+04
-.999900000000E+04
-.999900000000E+04
-.999900000000E+04
-.999900000000E+04
-.999900000000E+04
-.999900000000E+04
-.999900000000E+04
-.999900000000E+04
-.999900000000E+04
-.999900000000E+04
-.999900000000E+04
-.999900000000E+04
-.999900000000E+04
-.999900000000E+04
-.999900000000E+04
-.999900000000E+04
-.999900000000E+04
-.999900000000E+04
-.999900000000E+04
-.999900000000E+04
-.999900000000E+04
-.999900000000E+04
-.999900000000E+04
-.999900000000E+04
-.999900000000E+04
-.999900000000E+04
-.999900000000E+04
-.999900000000E+04
-.999900000000E+04
-.999900000000E+04
-.999900000000E+04
-.999900000000E+04
-.999900000000E+04
-.999900000000E+04
-.469840002060E+01
-.809591674805E+01
-.103700580597E+02
-.113747959137E+02
-.115913772583E+02
-.113169908524E+02
-.107329978943E+02
-.995496940613E+01
-.905617523193E+01
-.808523082733E+01
-.720928096771E+01
-.641146707535E+01
-.568206596375E+01
0.000000000000E+00
0.000000000000E+00
0.000000000000E+00
0.000000000000E+00
0.000000000000E+00
0.000000000000E+00
0.000000000000E+00
0.000000000000E+00
0.000000000000E+00
0.000000000000E+00
0.000000000000E+00
0.000000000000E+00
0.000000000000E+00
0.000000000000E+00
0.000000000000E+00
0.000000000000E+00
0.000000000000E+00
0.000000000000E+00
0.000000000000E+00
0.000000000000E+00
