 snowTemp
-.999900000000E+04
-.999900000000E+04
-.999900000000E+04
-.999900000000E+04
-.999900000000E+04
-.999900000000E+04
-.999900000000E+04
-.999900000000E+04
-.999900000000E+04
-.999900000000E+04
-.999900000000E+04
-.999900000000E+04
-.999900000000E+04
-.999900000000E+04
-.999900000000E+04
-.999900000000E+04
-.999900000000E+04
-.999900000000E+04
-.999900000000E+04
-.999900000000E+04
-.999900000000E+04
-.999900000000E+04
-.999900000000E+04
-.999900000000E+04
-.999900000000E+04
-.999900000000E+04
-.999900000000E+04
-.999900000000E+04
-.999900000000E+04
-.999900000000E+04
-.999900000000E+04
-.999900000000E+04
-.999900000000E+04
-.999900000000E+04
-.999900000000E+04
-.999900000000E+04
-.999900000000E+04
-.999900000000E+04
-.999900000000E+04
-.999900000000E+04
-.999900000000E+04
-.999900000000E+04
-.999900000000E+04
-.999900000000E+04
-.999900000000E+04
-.999900000000E+04
-.999900000000E+04
-.999900000000E+04
-.999900000000E+04
-.999900000000E+04
-.999900000000E+04
-.999900000000E+04
-.999900000000E+04
-.999900000000E+04
-.999900000000E+04
-.999900000000E+04
-.999900000000E+04
-.999900000000E+04
-.999900000000E+04
-.999900000000E+04
-.999900000000E+04
-.999900000000E+04
-.999900000000E+04
-.999900000000E+04
-.999900000000E+04
-.999900000000E+04
-.999900000000E+04
-.999900000000E+04
-.999900000000E+04
-.999900000000E+04
-.999900000000E+04
-.999900000000E+04
-.999900000000E+04
-.999900000000E+04
-.999900000000E+04
-.999900000000E+04
-.999900000000E+04
-.999900000000E+04
-.999900000000E+04
-.999900000000E+04
-.999900000000E+04
-.999900000000E+04
-.999900000000E+04
-.999900000000E+04
-.999900000000E+04
-.999900000000E+04
-.999900000000E+04
-.999900000000E+04
-.999900000000E+04
-.999900000000E+04
-.999900000000E+04
-.999900000000E+04
-.999900000000E+04
-.999900000000E+04
-.999900000000E+04
-.999900000000E+04
-.999900000000E+04
-.999900000000E+04
-.611441373825E+01
-.115516920090E+02
-.147541017532E+02
-.165281944275E+02
-.174019050598E+02
-.177192192078E+02
-.177101078033E+02
-.174998626709E+02
-.171467742920E+02
-.167085018158E+02
-.162386054993E+02
-.157521238327E+02
-.152379970551E+02
-.147108230591E+02
-.141974678040E+02
-.136958084106E+02
-.131835508347E+02
-.126686601639E+02
-.121741752625E+02
-.116951732635E+02
-.112072277069E+02
-.107173709869E+02
-.102484064102E+02
-.979491519928E+01
-.931596469879E+01
-.876398086548E+01
-.818189048767E+01
-.759273529053E+01
-.698792648315E+01
-.638461637497E+01
-.581207561493E+01
-.526746511459E+01
-.472569799423E+01
-.419422292709E+01
-.369677495956E+01
-.322680616379E+01
-.273910117149E+01
-.206414556503E+01
-.112534546852E+01
-.131790027022E+00
0.000000000000E+00
0.000000000000E+00
0.000000000000E+00
0.000000000000E+00
0.000000000000E+00
0.000000000000E+00
0.000000000000E+00
0.000000000000E+00
0.000000000000E+00
0.000000000000E+00
0.000000000000E+00
0.000000000000E+00
0.000000000000E+00
0.000000000000E+00
0.000000000000E+00
0.000000000000E+00
0.000000000000E+00
0.000000000000E+00
0.000000000000E+00
0.000000000000E+00
0.000000000000E+00
0.000000000000E+00
0.000000000000E+00
0.000000000000E+00
0.000000000000E+00
0.000000000000E+00
0.000000000000E+00
0.000000000000E+00
0.000000000000E+00
0.000000000000E+00
0.000000000000E+00
0.000000000000E+00
0.000000000000E+00
0.000000000000E+00
-.781184248626E-02
-.101902377605E+01
-.216488647461E+01
-.278372097015E+01
-.321732211113E+01
-.356669974327E+01
-.384972357750E+01
-.410452556610E+01
-.438428115845E+01
-.466754627228E+01
-.492158842087E+01
-.516300630569E+01
-.543549156189E+01
-.571424007416E+01
-.596528720856E+01
-.620432376862E+01
-.647422599792E+01
-.675046920776E+01
-.699939775467E+01
-.723643732071E+01
-.750397491455E+01
-.777784824371E+01
-.802472972870E+01
-.825983905792E+01
-.852507019043E+01
-.879663562775E+01
-.100969190598E+02
-.126470451355E+02
-.151904964447E+02
-.166592788696E+02
-.174118747711E+02
-.176984100342E+02
-.176979122162E+02
-.175112609863E+02
-.171866855621E+02
-.167747898102E+02
-.163252334595E+02
-.158537492752E+02
-.153522052765E+02
-.148344068527E+02
-.143260469437E+02
-.138266658783E+02
-.133170127869E+02
-.128039264679E+02
-.123088150024E+02
-.118280057907E+02
-.113397970200E+02
-.108497648239E+02
-.103788099289E+02
-.992260360718E+01
-.944443607330E+01
-.889952850342E+01
-.832483005524E+01
-.774120903015E+01
-.714162397385E+01
-.654147243500E+01
-.596825790405E+01
-.542067861557E+01
-.487681293488E+01
-.434281778336E+01
-.384061717987E+01
-.336499738693E+01
-.288707113266E+01
-.228228187561E+01
-.144609928131E+01
-.398642599583E+00
0.000000000000E+00
0.000000000000E+00
0.000000000000E+00
0.000000000000E+00
0.000000000000E+00
0.000000000000E+00
0.000000000000E+00
0.000000000000E+00
0.000000000000E+00
0.000000000000E+00
0.000000000000E+00
0.000000000000E+00
0.000000000000E+00
0.000000000000E+00
0.000000000000E+00
0.000000000000E+00
0.000000000000E+00
0.000000000000E+00
0.000000000000E+00
0.000000000000E+00
0.000000000000E+00
0.000000000000E+00
0.000000000000E+00
0.000000000000E+00
0.000000000000E+00
0.000000000000E+00
0.000000000000E+00
0.000000000000E+00
0.000000000000E+00
0.000000000000E+00
0.000000000000E+00
0.000000000000E+00
0.000000000000E+00
0.000000000000E+00
0.000000000000E+00
0.000000000000E+00
-.446238135919E-02
-.100685381889E+01
-.225233530998E+01
-.302477383614E+01
-.353155064583E+01
-.390382909775E+01
-.423859739304E+01
-.455007314682E+01
-.482271051407E+01
-.507541084290E+01
-.534818267822E+01
-.562694978714E+01
-.588205385208E+01
-.612490177155E+01
-.639133167267E+01
-.666565036774E+01
-.691759538651E+01
-.715790557861E+01
-.742175865173E+01
-.769358253479E+01
-.794337320328E+01
-.818168735504E+01
-.844326782227E+01
-.871278381348E+01
-.991270351410E+01
-.123130397797E+02
-.147274074554E+02
-.162048950195E+02
-.170287990570E+02
-.174070835114E+02
-.174964408875E+02
-.173892021179E+02
-.171325893402E+02
-.167758426666E+02
-.163680992126E+02
-.159277210236E+02
-.154507102966E+02
-.149513587952E+02
-.144549722672E+02
-.139630899429E+02
-.134597263336E+02
-.129512004852E+02
-.124575920105E+02
-.119765062332E+02
-.114889030457E+02
-.109993152618E+02
-.105268955231E+02
-.100682888031E+02
-.959075355530E+01
-.905249595642E+01
-.848518943787E+01
-.790754556656E+01
-.731372022629E+01
-.671748304367E+01
-.614448451996E+01
-.559465837479E+01
-.504898738861E+01
-.451264858246E+01
-.400584268570E+01
-.352452111244E+01
-.304657077789E+01
-.249645376205E+01
-.175284767151E+01
-.804093480110E+00
-.295463483781E-01
0.000000000000E+00
0.000000000000E+00
0.000000000000E+00
0.000000000000E+00
0.000000000000E+00
0.000000000000E+00
0.000000000000E+00
0.000000000000E+00
0.000000000000E+00
0.000000000000E+00
0.000000000000E+00
0.000000000000E+00
0.000000000000E+00
0.000000000000E+00
0.000000000000E+00
0.000000000000E+00
0.000000000000E+00
0.000000000000E+00
0.000000000000E+00
0.000000000000E+00
0.000000000000E+00
0.000000000000E+00
0.000000000000E+00
0.000000000000E+00
0.000000000000E+00
0.000000000000E+00
0.000000000000E+00
0.000000000000E+00
0.000000000000E+00
0.000000000000E+00
0.000000000000E+00
0.000000000000E+00
0.000000000000E+00
0.000000000000E+00
0.000000000000E+00
0.000000000000E+00
0.000000000000E+00
-.753750428557E-01
-.130578112602E+01
-.246162366867E+01
-.322836232185E+01
-.379621767998E+01
-.424657344818E+01
-.460537815094E+01
-.491095972061E+01
-.521092176437E+01
-.550508594513E+01
-.577257966995E+01
-.602440023422E+01
-.629203510284E+01
-.656637191772E+01
-.682158231735E+01
-.706547498703E+01
-.732740831375E+01
-.759740829468E+01
-.784934806824E+01
-.809057617188E+01
-.834989643097E+01
-.861738395691E+01
-.972731685638E+01
-.119758291245E+02
-.142548694611E+02
-.157237100601E+02
-.166033210754E+02
-.170639648438E+02
-.172402629852E+02
-.172146205902E+02
-.170314292908E+02
-.167373428345E+02
-.163798770905E+02
-.159790697098E+02
-.155343704224E+02
-.150604972839E+02
-.145822982788E+02
-.141031742096E+02
-.136102657318E+02
-.131097145081E+02
-.126204509735E+02
-.121413030624E+02
-.116558303833E+02
-.111678609848E+02
-.106949491501E+02
-.102346487045E+02
-.975792407990E+01
-.922613525391E+01
-.866633701324E+01
-.809514808655E+01
-.750766801834E+01
-.691614818573E+01
-.634432315826E+01
-.579309940338E+01
-.524609708786E+01
-.470774936676E+01
-.419661045074E+01
-.370965814590E+01
-.322750306129E+01
-.271211147308E+01
-.205235362053E+01
-.121057915688E+01
-.236329168081E+00
0.000000000000E+00
0.000000000000E+00
0.000000000000E+00
0.000000000000E+00
0.000000000000E+00
0.000000000000E+00
0.000000000000E+00
0.000000000000E+00
0.000000000000E+00
0.000000000000E+00
0.000000000000E+00
0.000000000000E+00
0.000000000000E+00
0.000000000000E+00
0.000000000000E+00
0.000000000000E+00
0.000000000000E+00
0.000000000000E+00
0.000000000000E+00
0.000000000000E+00
0.000000000000E+00
0.000000000000E+00
0.000000000000E+00
0.000000000000E+00
0.000000000000E+00
0.000000000000E+00
0.000000000000E+00
0.000000000000E+00
0.000000000000E+00
0.000000000000E+00
0.000000000000E+00
0.000000000000E+00
0.000000000000E+00
0.000000000000E+00
0.000000000000E+00
0.000000000000E+00
0.000000000000E+00
0.000000000000E+00
0.000000000000E+00
-.273782104254E+00
-.159680938721E+01
-.266716623306E+01
-.345610451698E+01
-.404496717453E+01
-.450571680069E+01
-.490563154221E+01
-.526508426666E+01
-.557837057114E+01
-.586187458038E+01
-.614718961716E+01
-.643220853806E+01
-.669705915451E+01
-.694878482819E+01
-.721275138855E+01
-.748317432404E+01
-.773799657822E+01
-.798262405396E+01
-.824112415314E+01
-.850717163086E+01
-.953654670715E+01
-.116338291168E+02
-.137729969025E+02
-.152172756195E+02
-.161366825104E+02
-.166684207916E+02
-.169261398315E+02
-.169816341400E+02
-.168751373291E+02
-.166496601105E+02
-.163501129150E+02
-.159972114563E+02
-.155930356979E+02
-.151525011063E+02
-.146998348236E+02
-.142400264740E+02
-.137631244659E+02
-.132753000259E+02
-.127944898605E+02
-.123206882477E+02
-.118399477005E+02
-.113556976318E+02
-.108840656281E+02
-.104234533310E+02
-.994831275940E+01
-.942328929901E+01
-.887142086029E+01
-.830735969543E+01
-.772697973251E+01
-.714111661911E+01
-.657156896591E+01
-.601997947693E+01
-.547234535217E+01
-.493253278732E+01
-.441753005981E+01
-.392521071434E+01
-.343858671188E+01
-.294911003113E+01
-.236514782906E+01
-.162040162086E+01
-.687459468842E+00
-.112689211965E-01
0.000000000000E+00
0.000000000000E+00
0.000000000000E+00
0.000000000000E+00
0.000000000000E+00
0.000000000000E+00
0.000000000000E+00
0.000000000000E+00
0.000000000000E+00
0.000000000000E+00
0.000000000000E+00
0.000000000000E+00
0.000000000000E+00
0.000000000000E+00
0.000000000000E+00
0.000000000000E+00
0.000000000000E+00
0.000000000000E+00
0.000000000000E+00
0.000000000000E+00
0.000000000000E+00
0.000000000000E+00
0.000000000000E+00
0.000000000000E+00
0.000000000000E+00
0.000000000000E+00
0.000000000000E+00
0.000000000000E+00
0.000000000000E+00
0.000000000000E+00
0.000000000000E+00
0.000000000000E+00
0.000000000000E+00
0.000000000000E+00
0.000000000000E+00
0.000000000000E+00
0.000000000000E+00
0.000000000000E+00
0.000000000000E+00
0.000000000000E+00
-.529231309891E+00
-.183990883827E+01
-.283787798882E+01
-.360029125214E+01
-.421775150299E+01
-.473410940170E+01
-.516297006607E+01
-.553103828430E+01
-.587456607819E+01
-.620026731491E+01
-.649632120132E+01
-.677164173126E+01
-.704998016357E+01
-.732964038849E+01
-.759314918518E+01
-.784528732300E+01
-.810673618317E+01
-.837391471863E+01
-.933312034607E+01
-.112828941345E+02
-.132797842026E+02
-.146856231689E+02
-.156293268204E+02
-.162197399139E+02
-.165512161255E+02
-.166848564148E+02
-.166559257507E+02
-.165030479431E+02
-.162676620483E+02
-.159702358246E+02
-.156146535873E+02
-.152156820297E+02
-.147966451645E+02
-.143637762070E+02
-.139097118378E+02
-.134407482147E+02
-.129738903046E+02
-.125102243423E+02
-.120381641388E+02
-.115609588623E+02
-.110934906006E+02
-.106349563599E+02
-.101631002426E+02
-.964589881897E+01
-.910296154022E+01
-.854715919495E+01
-.797500276566E+01
-.739605093002E+01
-.683017683029E+01
-.627956247330E+01
-.573232221603E+01
-.519189596176E+01
-.467379331589E+01
-.417665433884E+01
-.368571329117E+01
-.320217800140E+01
-.267977452278E+01
-.202307653427E+01
-.120043170452E+01
-.259595572948E+00
0.000000000000E+00
0.000000000000E+00
0.000000000000E+00
0.000000000000E+00
0.000000000000E+00
0.000000000000E+00
0.000000000000E+00
0.000000000000E+00
0.000000000000E+00
0.000000000000E+00
0.000000000000E+00
0.000000000000E+00
0.000000000000E+00
0.000000000000E+00
0.000000000000E+00
0.000000000000E+00
0.000000000000E+00
0.000000000000E+00
0.000000000000E+00
0.000000000000E+00
0.000000000000E+00
0.000000000000E+00
0.000000000000E+00
0.000000000000E+00
0.000000000000E+00
0.000000000000E+00
0.000000000000E+00
0.000000000000E+00
0.000000000000E+00
0.000000000000E+00
0.000000000000E+00
0.000000000000E+00
0.000000000000E+00
0.000000000000E+00
0.000000000000E+00
0.000000000000E+00
0.000000000000E+00
0.000000000000E+00
0.000000000000E+00
0.000000000000E+00
0.000000000000E+00
-.100577331614E-02
-.763549089432E+00
-.195776009560E+01
-.291383647919E+01
-.369451951981E+01
-.433108472824E+01
-.486133575439E+01
-.532805824280E+01
-.574752855301E+01
-.611723089218E+01
-.645004510880E+01
-.677030134201E+01
-.708091497421E+01
-.736968183517E+01
-.764217233658E+01
-.791715145111E+01
-.819363307953E+01
-.909879207611E+01
-.109108743668E+02
-.127667665482E+02
-.141236877441E+02
-.150779781342E+02
-.157147293091E+02
-.161110935211E+02
-.163179779053E+02
-.163653335571E+02
-.162869548798E+02
-.161202430725E+02
-.158846349716E+02
-.155850372314E+02
-.152356729507E+02
-.148586483002E+02
-.144610214233E+02
-.140376214981E+02
-.135948505402E+02
-.131488018036E+02
-.127014942169E+02
-.122435426712E+02
-.117781677246E+02
-.113191223145E+02
-.108663778305E+02
-.104007406235E+02
-.989352798462E+01
-.936146545410E+01
-.881582927704E+01
-.825370121002E+01
-.768349313736E+01
-.712321662903E+01
-.657542324066E+01
0.000000000000E+00
