 stoiPrec
-.104500000000E+05
-.100320000000E+05
-.940500000000E+04
-.898700000000E+04
-.836000000000E+04
-.794200000000E+04
-.731500000000E+04
-.689700000000E+04
-.627000000000E+04
-.585200000000E+04
-.543400000000E+04
-.480700000000E+04
-.438900000000E+04
-.376200000000E+04
-.334400000000E+04
-.271700000000E+04
-.229900000000E+04
-.167200000000E+04
-.125400000000E+04
-.627000000000E+03
-.209000000000E+03
0.000000000000E+00
0.335172000000E+06
0.336008000000E+06
0.337262000000E+06
0.338098000000E+06
0.339352000000E+06
0.340188000000E+06
0.341442000000E+06
0.342278000000E+06
0.343114000000E+06
0.344368000000E+06
0.345204000000E+06
0.346458000000E+06
0.347294000000E+06
0.348548000000E+06
0.349384000000E+06
0.350638000000E+06
0.351474000000E+06
0.352728000000E+06
0.353564000000E+06
0.354400000000E+06
0.355654000000E+06
0.356490000000E+06
0.357744000000E+06
0.358580000000E+06
0.359834000000E+06
0.360670000000E+06
0.361924000000E+06
0.362760000000E+06
0.362760000000E+06
0.361924000000E+06
0.360670000000E+06
0.359834000000E+06
0.358580000000E+06
0.357744000000E+06
0.356490000000E+06
0.355654000000E+06
0.354400000000E+06
0.353564000000E+06
0.352728000000E+06
0.351474000000E+06
0.350638000000E+06
0.349384000000E+06
0.348548000000E+06
0.347294000000E+06
0.346458000000E+06
0.345204000000E+06
0.344368000000E+06
0.343114000000E+06
0.342278000000E+06
0.341442000000E+06
0.340188000000E+06
0.339352000000E+06
0.338098000000E+06
0.337262000000E+06
0.336008000000E+06
0.335172000000E+06
0.000000000000E+00
-.209000000000E+03
-.627000000000E+03
-.125400000000E+04
-.167200000000E+04
-.229900000000E+04
-.271700000000E+04
-.334400000000E+04
-.376200000000E+04
-.438900000000E+04
-.480700000000E+04
-.543400000000E+04
-.585200000000E+04
-.627000000000E+04
-.689700000000E+04
-.731500000000E+04
-.794200000000E+04
-.836000000000E+04
-.898700000000E+04
-.940500000000E+04
-.100320000000E+05
-.104500009766E+05
-.104500009766E+05
-.100320000000E+05
-.940500000000E+04
-.898700097656E+04
-.836000097656E+04
-.794199853516E+04
-.731499853516E+04
-.689700000000E+04
-.627000000000E+04
-.585200048828E+04
-.543399951172E+04
-.480700000000E+04
-.438900000000E+04
-.376200000000E+04
-.334399951172E+04
-.271699975586E+04
-.229899975586E+04
-.167199975586E+04
-.125400000000E+04
-.627000000000E+03
-.208999969482E+03
0.000000000000E+00
0.335172000000E+06
0.336008031250E+06
0.337262031250E+06
0.338097968750E+06
0.339351968750E+06
0.340188000000E+06
0.341442000000E+06
0.342278031250E+06
0.343113968750E+06
0.344367968750E+06
0.345204000000E+06
0.346458000000E+06
0.347294031250E+06
0.348548031250E+06
0.349383968750E+06
0.350637968750E+06
0.351474000000E+06
0.352728000000E+06
0.353564031250E+06
0.354399968750E+06
0.355653968750E+06
0.356490000000E+06
0.357744000000E+06
0.358580031250E+06
0.359834031250E+06
0.360669968750E+06
0.361923968750E+06
0.362760000000E+06
0.362760000000E+06
0.361923968750E+06
0.360669968750E+06
0.359834031250E+06
0.358580031250E+06
0.357744000000E+06
0.356490000000E+06
0.355653968750E+06
0.354399968750E+06
0.353564031250E+06
0.352728000000E+06
0.351474000000E+06
0.350638000000E+06
0.349384000000E+06
0.348548000000E+06
0.347294000000E+06
0.346458000000E+06
0.345204000000E+06
0.344368000000E+06
0.343114000000E+06
0.342278000000E+06
0.341442000000E+06
0.340188000000E+06
0.339352000000E+06
0.338098000000E+06
0.337262000000E+06
0.336008000000E+06
0.335172000000E+06
0.000000000000E+00
-.209000000000E+03
-.627000000000E+03
-.125400000000E+04
-.167200000000E+04
-.229900000000E+04
-.271700000000E+04
-.334400000000E+04
-.376200000000E+04
-.438900000000E+04
-.480700000000E+04
-.543400000000E+04
-.585200000000E+04
-.627000000000E+04
-.689700000000E+04
-.731500000000E+04
-.794200000000E+04
-.836000000000E+04
-.898700000000E+04
-.940500000000E+04
-.100320000000E+05
-.104500009766E+05
-.104500009766E+05
-.100320000000E+05
-.940500000000E+04
-.898700097656E+04
-.836000097656E+04
-.794199853516E+04
-.731499853516E+04
-.689700000000E+04
-.627000000000E+04
-.585200048828E+04
-.543399951172E+04
-.480700000000E+04
-.438900000000E+04
-.376200000000E+04
-.334399951172E+04
-.271699975586E+04
-.229899975586E+04
-.167199975586E+04
-.125400000000E+04
-.627000000000E+03
-.208999969482E+03
0.000000000000E+00
0.335172000000E+06
0.336008031250E+06
0.337262031250E+06
0.338097968750E+06
0.339351968750E+06
0.340188000000E+06
0.341442000000E+06
0.342278031250E+06
0.343113968750E+06
0.344367968750E+06
0.345204000000E+06
0.346458000000E+06
0.347294031250E+06
0.348548031250E+06
0.349383968750E+06
0.350637968750E+06
0.351474000000E+06
0.352728000000E+06
0.353564031250E+06
0.354399968750E+06
0.355653968750E+06
0.356490000000E+06
0.357744000000E+06
0.358580031250E+06
0.359834031250E+06
0.360669968750E+06
0.361923968750E+06
0.362760000000E+06
0.362760000000E+06
0.361923968750E+06
0.360669968750E+06
0.359834031250E+06
0.358580031250E+06
0.357744000000E+06
0.356490000000E+06
0.355653968750E+06
0.354399968750E+06
0.353564031250E+06
0.352728000000E+06
0.351474000000E+06
0.350638000000E+06
0.349384000000E+06
0.348548000000E+06
0.347294000000E+06
0.346458000000E+06
0.345204000000E+06
0.344368000000E+06
0.343114000000E+06
0.342278000000E+06
0.341442000000E+06
0.340188000000E+06
0.339352000000E+06
0.338098000000E+06
0.337262000000E+06
0.336008000000E+06
0.335172000000E+06
0.000000000000E+00
-.209000000000E+03
-.627000000000E+03
-.125400000000E+04
-.167200000000E+04
-.229900000000E+04
-.271700000000E+04
-.334400000000E+04
-.376200000000E+04
-.438900000000E+04
-.480700000000E+04
-.543400000000E+04
-.585200000000E+04
-.627000000000E+04
-.689700000000E+04
-.731500000000E+04
-.794200000000E+04
-.836000000000E+04
-.898700000000E+04
-.940500000000E+04
-.100320000000E+05
-.104500009766E+05
-.104500009766E+05
-.100320000000E+05
-.940500000000E+04
-.898700097656E+04
-.836000097656E+04
-.794199853516E+04
-.731499853516E+04
-.689700000000E+04
-.627000000000E+04
-.585200048828E+04
-.543399951172E+04
-.480700000000E+04
-.438900000000E+04
-.376200000000E+04
-.334399951172E+04
-.271699975586E+04
-.229899975586E+04
-.167199975586E+04
-.125400000000E+04
-.627000000000E+03
-.208999969482E+03
0.000000000000E+00
0.335172000000E+06
0.336008031250E+06
0.337262031250E+06
0.338097968750E+06
0.339351968750E+06
0.340188000000E+06
0.341442000000E+06
0.342278031250E+06
0.343113968750E+06
0.344367968750E+06
0.345204000000E+06
0.346458000000E+06
0.347294031250E+06
0.348548031250E+06
0.349383968750E+06
0.350637968750E+06
0.351474000000E+06
0.352728000000E+06
0.353564031250E+06
0.354399968750E+06
0.355653968750E+06
0.356490000000E+06
0.357744000000E+06
0.358580031250E+06
0.359834031250E+06
0.360669968750E+06
0.361923968750E+06
0.362760000000E+06
0.362760000000E+06
0.361923968750E+06
0.360669968750E+06
0.359834031250E+06
0.358580031250E+06
0.357744000000E+06
0.356490000000E+06
0.355653968750E+06
0.354399968750E+06
0.353564031250E+06
0.352728000000E+06
0.351474000000E+06
0.350638000000E+06
0.349384000000E+06
0.348548000000E+06
0.347294000000E+06
0.346458000000E+06
0.345204000000E+06
0.344368000000E+06
0.343114000000E+06
0.342278000000E+06
0.341442000000E+06
0.340188000000E+06
0.339352000000E+06
0.338098000000E+06
0.337262000000E+06
0.336008000000E+06
0.335172000000E+06
0.000000000000E+00
-.209000000000E+03
-.627000000000E+03
-.125400000000E+04
-.167200000000E+04
-.229900000000E+04
-.271700000000E+04
-.334400000000E+04
-.376200000000E+04
-.438900000000E+04
-.480700000000E+04
-.543400000000E+04
-.585200000000E+04
-.627000000000E+04
-.689700000000E+04
-.731500000000E+04
-.794200000000E+04
-.836000000000E+04
-.898700000000E+04
-.940500000000E+04
-.100320000000E+05
-.104500009766E+05
-.104500009766E+05
-.100320000000E+05
-.940500000000E+04
-.898700097656E+04
-.836000097656E+04
-.794199853516E+04
-.731499853516E+04
-.689700000000E+04
-.627000000000E+04
-.585200048828E+04
-.543399951172E+04
-.480700000000E+04
-.438900000000E+04
-.376200000000E+04
-.334399951172E+04
-.271699975586E+04
-.229899975586E+04
-.167199975586E+04
-.125400000000E+04
-.627000000000E+03
-.208999969482E+03
0.000000000000E+00
0.335172000000E+06
0.336008031250E+06
0.337262031250E+06
0.338097968750E+06
0.339351968750E+06
0.340188000000E+06
0.341442000000E+06
0.342278031250E+06
0.343113968750E+06
0.344367968750E+06
0.345204000000E+06
0.346458000000E+06
0.347294031250E+06
0.348548031250E+06
0.349383968750E+06
0.350637968750E+06
0.351474000000E+06
0.352728000000E+06
0.353564031250E+06
0.354399968750E+06
0.355653968750E+06
0.356490000000E+06
0.357744000000E+06
0.358580031250E+06
0.359834031250E+06
0.360669968750E+06
0.361923968750E+06
0.362760000000E+06
0.362760000000E+06
0.361923968750E+06
0.360669968750E+06
0.359834031250E+06
0.358580031250E+06
0.357744000000E+06
0.356490000000E+06
0.355653968750E+06
0.354399968750E+06
0.353564031250E+06
0.352728000000E+06
0.351474000000E+06
0.350638000000E+06
0.349384000000E+06
0.348548000000E+06
0.347294000000E+06
0.346458000000E+06
0.345204000000E+06
0.344368000000E+06
0.343114000000E+06
0.342278000000E+06
0.341442000000E+06
0.340188000000E+06
0.339352000000E+06
0.338098000000E+06
0.337262000000E+06
0.336008000000E+06
0.335172000000E+06
0.000000000000E+00
-.209000000000E+03
-.627000000000E+03
-.125400000000E+04
-.167200000000E+04
-.229900000000E+04
-.271700000000E+04
-.334400000000E+04
-.376200000000E+04
-.438900000000E+04
-.480700000000E+04
-.543400000000E+04
-.585200000000E+04
-.627000000000E+04
-.689700000000E+04
-.731500000000E+04
-.794200000000E+04
-.836000000000E+04
-.898700000000E+04
-.940500000000E+04
-.100320000000E+05
-.104500009766E+05
-.104500009766E+05
-.100320000000E+05
-.940500000000E+04
-.898700097656E+04
-.836000097656E+04
-.794199853516E+04
-.731499853516E+04
-.689700000000E+04
-.627000000000E+04
-.585200048828E+04
-.543399951172E+04
-.480700000000E+04
-.438900000000E+04
-.376200000000E+04
-.334399951172E+04
-.271699975586E+04
-.229899975586E+04
-.167199975586E+04
-.125400000000E+04
-.627000000000E+03
-.208999969482E+03
0.000000000000E+00
0.335172000000E+06
0.336008031250E+06
0.337262031250E+06
0.338097968750E+06
0.339351968750E+06
0.340188000000E+06
0.341442000000E+06
0.342278031250E+06
0.343113968750E+06
0.344367968750E+06
0.345204000000E+06
0.346458000000E+06
0.347294031250E+06
0.348548031250E+06
0.349383968750E+06
0.350637968750E+06
0.351474000000E+06
0.352728000000E+06
0.353564031250E+06
0.354399968750E+06
0.355653968750E+06
0.356490000000E+06
0.357744000000E+06
0.358580031250E+06
0.359834031250E+06
0.360669968750E+06
0.361923968750E+06
0.362760000000E+06
0.362760000000E+06
0.361923968750E+06
0.360669968750E+06
0.359834031250E+06
0.358580031250E+06
0.357744000000E+06
0.356490000000E+06
0.355653968750E+06
0.354399968750E+06
0.353564031250E+06
0.352728000000E+06
0.351474000000E+06
0.350638000000E+06
0.349384000000E+06
0.348548000000E+06
0.347294000000E+06
0.346458000000E+06
0.345204000000E+06
0.344368000000E+06
0.343114000000E+06
0.342278000000E+06
0.341442000000E+06
0.340188000000E+06
0.339352000000E+06
0.338098000000E+06
0.337262000000E+06
0.336008000000E+06
0.335172000000E+06
0.000000000000E+00
-.209000000000E+03
-.627000000000E+03
-.125400000000E+04
-.167200000000E+04
-.229900000000E+04
-.271700000000E+04
-.334400000000E+04
-.376200000000E+04
-.438900000000E+04
-.480700000000E+04
-.543400000000E+04
-.585200000000E+04
-.627000000000E+04
-.689700000000E+04
-.731500000000E+04
-.794200000000E+04
-.836000000000E+04
-.898700000000E+04
-.940500000000E+04
-.100320000000E+05
-.104500009766E+05
-.104500009766E+05
-.100320000000E+05
-.940500000000E+04
-.898700097656E+04
-.836000097656E+04
-.794199853516E+04
-.731499853516E+04
-.689700000000E+04
-.627000000000E+04
-.585200048828E+04
-.543399951172E+04
-.480700000000E+04
-.438900000000E+04
-.376200000000E+04
-.334399951172E+04
-.271699975586E+04
-.229899975586E+04
-.167199975586E+04
-.125400000000E+04
-.627000000000E+03
-.208999969482E+03
0.000000000000E+00
0.335172000000E+06
0.336008031250E+06
0.337262031250E+06
0.338097968750E+06
0.339351968750E+06
0.340188000000E+06
0.341442000000E+06
0.342278031250E+06
0.343113968750E+06
0.344367968750E+06
0.345204000000E+06
0.346458000000E+06
0.347294031250E+06
0.348548031250E+06
0.349383968750E+06
0.350637968750E+06
0.351474000000E+06
0.352728000000E+06
0.353564031250E+06
0.354399968750E+06
0.355653968750E+06
0.356490000000E+06
0.357744000000E+06
0.358580031250E+06
0.359834031250E+06
0.360669968750E+06
0.361923968750E+06
0.362760000000E+06
0.362760000000E+06
0.361923968750E+06
0.360669968750E+06
0.359834031250E+06
0.358580031250E+06
0.357744000000E+06
0.356490000000E+06
0.355653968750E+06
0.354399968750E+06
0.353564031250E+06
0.352728000000E+06
0.351474000000E+06
0.350638000000E+06
0.349384000000E+06
0.348548000000E+06
0.347294000000E+06
0.346458000000E+06
0.345204000000E+06
0.344368000000E+06
0.343114000000E+06
0.342278000000E+06
0.341442000000E+06
0.340188000000E+06
0.339352000000E+06
0.338098000000E+06
0.337262000000E+06
0.336008000000E+06
0.335172000000E+06
0.000000000000E+00
-.209000000000E+03
-.627000000000E+03
-.125400000000E+04
-.167200000000E+04
-.229900000000E+04
-.271700000000E+04
-.334400000000E+04
-.376200000000E+04
-.438900000000E+04
-.480700000000E+04
-.543400000000E+04
-.585200000000E+04
-.627000000000E+04
-.689700000000E+04
-.731500000000E+04
-.794200000000E+04
-.836000000000E+04
-.898700000000E+04
-.940500000000E+04
-.100320000000E+05
-.104500009766E+05
-.104500009766E+05
-.100320000000E+05
-.940500000000E+04
-.898700097656E+04
-.836000097656E+04
-.794199853516E+04
-.731499853516E+04
-.689700000000E+04
-.627000000000E+04
-.585200048828E+04
-.543399951172E+04
-.480700000000E+04
-.438900000000E+04
-.376200000000E+04
-.334399951172E+04
-.271699975586E+04
-.229899975586E+04
-.167199975586E+04
-.125400000000E+04
-.627000000000E+03
-.208999969482E+03
0.000000000000E+00
0.335172000000E+06
0.336008031250E+06
0.337262031250E+06
0.338097968750E+06
0.339351968750E+06
0.340188000000E+06
0.341442000000E+06
0.342278031250E+06
0.343113968750E+06
