 stoiPrec
-.104500000000E+05
-.100320000000E+05
-.961400000000E+04
-.919600000000E+04
-.877800000000E+04
-.836000000000E+04
-.794200000000E+04
-.752400000000E+04
-.710600000000E+04
-.668800000000E+04
-.627000000000E+04
-.585200000000E+04
-.543400000000E+04
-.480700000000E+04
-.438900000000E+04
-.397100000000E+04
-.355300000000E+04
-.313500000000E+04
-.271700000000E+04
-.229900000000E+04
-.188100000000E+04
-.146300000000E+04
-.104500000000E+04
-.627000000000E+03
-.209000000000E+03
0.000000000000E+00
0.334754000000E+06
0.335590000000E+06
0.336426000000E+06
0.337262000000E+06
0.338098000000E+06
0.338934000000E+06
0.339770000000E+06
0.340606000000E+06
0.341442000000E+06
0.342278000000E+06
0.343114000000E+06
0.344368000000E+06
0.345204000000E+06
0.346040000000E+06
0.346876000000E+06
0.347712000000E+06
0.348548000000E+06
0.349384000000E+06
0.350220000000E+06
0.351056000000E+06
0.351892000000E+06
0.352728000000E+06
0.353564000000E+06
0.354400000000E+06
0.354400000000E+06
0.353564000000E+06
0.352728000000E+06
0.351892000000E+06
0.351056000000E+06
0.350220000000E+06
0.349384000000E+06
0.348548000000E+06
0.347712000000E+06
0.346876000000E+06
0.346040000000E+06
0.345204000000E+06
0.344368000000E+06
0.343114000000E+06
0.342278000000E+06
0.341442000000E+06
0.340606000000E+06
0.339770000000E+06
0.338934000000E+06
0.338098000000E+06
0.337262000000E+06
0.336426000000E+06
0.335590000000E+06
0.334754000000E+06
0.000000000000E+00
-.209000000000E+03
-.627000000000E+03
-.104500000000E+04
-.146300000000E+04
-.188100000000E+04
-.229900000000E+04
-.271700000000E+04
-.313500000000E+04
-.355300000000E+04
-.397100000000E+04
-.438900000000E+04
-.480700000000E+04
-.543400000000E+04
-.585200000000E+04
-.627000000000E+04
-.668800000000E+04
-.710600000000E+04
-.752400000000E+04
-.794200000000E+04
-.836000000000E+04
-.877800000000E+04
-.919600000000E+04
-.961400000000E+04
-.100320000000E+05
-.104500009766E+05
-.104500009766E+05
-.100320000000E+05
-.961400000000E+04
-.919599902344E+04
-.877800000000E+04
-.836000097656E+04
-.794199853516E+04
-.752400000000E+04
-.710600146484E+04
-.668799902344E+04
-.627000000000E+04
-.585200048828E+04
-.543399951172E+04
-.480700000000E+04
-.438900000000E+04
-.397099926758E+04
-.355300073242E+04
-.313500000000E+04
-.271699975586E+04
-.229899975586E+04
-.188100000000E+04
-.146300012207E+04
-.104500012207E+04
-.627000000000E+03
-.208999969482E+03
0.000000000000E+00
0.334754031250E+06
0.335589968750E+06
0.336426000000E+06
0.337262031250E+06
0.338097968750E+06
0.338934000000E+06
0.339770031250E+06
0.340605968750E+06
0.341442000000E+06
0.342278031250E+06
0.343113968750E+06
0.344367968750E+06
0.345204000000E+06
0.346040031250E+06
0.346875968750E+06
0.347712000000E+06
0.348548031250E+06
0.349383968750E+06
0.350220000000E+06
0.351056031250E+06
0.351891968750E+06
0.352728000000E+06
0.353564031250E+06
0.354399968750E+06
0.354399968750E+06
0.353564031250E+06
0.352728000000E+06
0.351891968750E+06
0.351056031250E+06
0.350220000000E+06
0.349383968750E+06
0.348548031250E+06
0.347712000000E+06
0.346875968750E+06
0.346040031250E+06
0.345204000000E+06
0.344367968750E+06
0.343113968750E+06
0.342278031250E+06
0.341442000000E+06
0.340605968750E+06
0.339770031250E+06
0.338934000000E+06
0.338097968750E+06
0.337262031250E+06
0.336426000000E+06
0.335589968750E+06
0.334754031250E+06
0.000000000000E+00
-.208999969482E+03
-.627000000000E+03
-.104500012207E+04
-.146300012207E+04
-.188100000000E+04
-.229899975586E+04
-.271699975586E+04
-.313500000000E+04
-.355300073242E+04
-.397099926758E+04
-.438900000000E+04
-.480700000000E+04
-.543399951172E+04
-.585200048828E+04
-.627000000000E+04
-.668799902344E+04
-.710600146484E+04
-.752400000000E+04
-.794199853516E+04
-.836000097656E+04
-.877800000000E+04
-.919599902344E+04
-.961400000000E+04
-.100320000000E+05
-.104500009766E+05
-.104500009766E+05
-.100320000000E+05
-.961400000000E+04
-.919599902344E+04
-.877800000000E+04
-.836000097656E+04
-.794199853516E+04
-.752400000000E+04
-.710600146484E+04
-.668799902344E+04
-.627000000000E+04
-.585200048828E+04
-.543399951172E+04
-.480700000000E+04
-.438900000000E+04
-.397099926758E+04
-.355300073242E+04
-.313500000000E+04
-.271699975586E+04
-.229899975586E+04
-.188100000000E+04
-.146300012207E+04
-.104500012207E+04
-.627000000000E+03
-.208999969482E+03
0.000000000000E+00
0.334754031250E+06
0.335589968750E+06
0.336426000000E+06
0.337262031250E+06
0.338097968750E+06
0.338934000000E+06
0.339770031250E+06
0.340605968750E+06
0.341442000000E+06
0.342278031250E+06
0.343113968750E+06
0.344367968750E+06
0.345204000000E+06
0.346040031250E+06
0.346875968750E+06
0.347712000000E+06
0.348548031250E+06
0.349383968750E+06
0.350220000000E+06
0.351056031250E+06
0.351891968750E+06
0.352728000000E+06
0.353564031250E+06
0.354399968750E+06
0.354399968750E+06
0.353564031250E+06
0.352728000000E+06
0.351891968750E+06
0.351056031250E+06
0.350220000000E+06
0.349383968750E+06
0.348548031250E+06
0.347712000000E+06
0.346875968750E+06
0.346040031250E+06
0.345204000000E+06
0.344367968750E+06
0.343113968750E+06
0.342278031250E+06
0.341442000000E+06
0.340605968750E+06
0.339770031250E+06
0.338934000000E+06
0.338097968750E+06
0.337262031250E+06
0.336426000000E+06
0.335589968750E+06
0.334754031250E+06
0.000000000000E+00
-.208999969482E+03
-.627000000000E+03
-.104500012207E+04
-.146300012207E+04
-.188100000000E+04
-.229899975586E+04
-.271699975586E+04
-.313500000000E+04
-.355300073242E+04
-.397099926758E+04
-.438900000000E+04
-.480700000000E+04
-.543399951172E+04
-.585200048828E+04
-.627000000000E+04
-.668799902344E+04
-.710600146484E+04
-.752400000000E+04
-.794199853516E+04
-.836000097656E+04
-.877800000000E+04
-.919599902344E+04
-.961400000000E+04
-.100320000000E+05
-.104500009766E+05
-.104500009766E+05
-.100320000000E+05
-.961400000000E+04
-.919599902344E+04
-.877800000000E+04
-.836000097656E+04
-.794199853516E+04
-.752400000000E+04
-.710600146484E+04
-.668799902344E+04
-.627000000000E+04
-.585200048828E+04
-.543399951172E+04
-.480700000000E+04
-.438900000000E+04
-.397099926758E+04
-.355300073242E+04
-.313500000000E+04
-.271699975586E+04
-.229899975586E+04
-.188100000000E+04
-.146300012207E+04
-.104500012207E+04
-.627000000000E+03
-.208999969482E+03
0.000000000000E+00
0.334754031250E+06
0.335589968750E+06
0.336426000000E+06
0.337262031250E+06
0.338097968750E+06
0.338934000000E+06
0.339770031250E+06
0.340605968750E+06
0.341442000000E+06
0.342278031250E+06
0.343113968750E+06
0.344367968750E+06
0.345204000000E+06
0.346040031250E+06
0.346875968750E+06
0.347712000000E+06
0.348548031250E+06
0.349383968750E+06
0.350220000000E+06
0.351056031250E+06
0.351891968750E+06
0.352728000000E+06
0.353564031250E+06
0.354399968750E+06
0.354399968750E+06
0.353564031250E+06
0.352728000000E+06
0.351891968750E+06
0.351056031250E+06
0.350220000000E+06
0.349383968750E+06
0.348548031250E+06
0.347712000000E+06
0.346875968750E+06
0.346040031250E+06
0.345204000000E+06
0.344367968750E+06
0.343113968750E+06
0.342278031250E+06
0.341442000000E+06
0.340605968750E+06
0.339770031250E+06
0.338934000000E+06
0.338097968750E+06
0.337262031250E+06
0.336426000000E+06
0.335589968750E+06
0.334754031250E+06
0.000000000000E+00
-.208999969482E+03
-.627000000000E+03
-.104500012207E+04
-.146300012207E+04
-.188100000000E+04
-.229899975586E+04
-.271699975586E+04
-.313500000000E+04
-.355300073242E+04
-.397099926758E+04
-.438900000000E+04
-.480700000000E+04
-.543399951172E+04
-.585200048828E+04
-.627000000000E+04
-.668799902344E+04
-.710600146484E+04
-.752400000000E+04
-.794199853516E+04
-.836000097656E+04
-.877800000000E+04
-.919599902344E+04
-.961400000000E+04
-.100320000000E+05
-.104500009766E+05
-.104500009766E+05
-.100320000000E+05
-.961400000000E+04
-.919599902344E+04
-.877800000000E+04
-.836000097656E+04
-.794199853516E+04
-.752400000000E+04
-.710600146484E+04
-.668799902344E+04
-.627000000000E+04
-.585200048828E+04
-.543399951172E+04
-.480700000000E+04
-.438900000000E+04
-.397099926758E+04
-.355300073242E+04
-.313500000000E+04
-.271699975586E+04
-.229899975586E+04
-.188100000000E+04
-.146300012207E+04
-.104500012207E+04
-.627000000000E+03
-.208999969482E+03
0.000000000000E+00
0.334754031250E+06
0.335589968750E+06
0.336426000000E+06
0.337262031250E+06
0.338097968750E+06
0.338934000000E+06
0.339770031250E+06
0.340605968750E+06
0.341442000000E+06
0.342278031250E+06
0.343113968750E+06
0.344367968750E+06
0.345204000000E+06
0.346040031250E+06
0.346875968750E+06
0.347712000000E+06
0.348548031250E+06
0.349383968750E+06
0.350220000000E+06
0.351056031250E+06
0.351891968750E+06
0.352728000000E+06
0.353564031250E+06
0.354399968750E+06
0.354399968750E+06
0.353564031250E+06
0.352728000000E+06
0.351891968750E+06
0.351056031250E+06
0.350220000000E+06
0.349383968750E+06
0.348548031250E+06
0.347712000000E+06
0.346875968750E+06
0.346040031250E+06
0.345204000000E+06
0.344367968750E+06
0.343113968750E+06
0.342278031250E+06
0.341442000000E+06
0.340605968750E+06
0.339770031250E+06
0.338934000000E+06
0.338097968750E+06
0.337262031250E+06
0.336426000000E+06
0.335589968750E+06
0.334754031250E+06
0.000000000000E+00
-.208999969482E+03
-.627000000000E+03
-.104500012207E+04
-.146300012207E+04
-.188100000000E+04
-.229899975586E+04
-.271699975586E+04
-.313500000000E+04
-.355300073242E+04
-.397099926758E+04
-.438900000000E+04
-.480700000000E+04
-.543399951172E+04
-.585200048828E+04
-.627000000000E+04
-.668799902344E+04
-.710600146484E+04
-.752400000000E+04
-.794199853516E+04
-.836000097656E+04
-.877800000000E+04
-.919599902344E+04
-.961400000000E+04
-.100320000000E+05
-.104500009766E+05
-.104500009766E+05
-.100320000000E+05
-.961400000000E+04
-.919599902344E+04
-.877800000000E+04
-.836000097656E+04
-.794199853516E+04
-.752400000000E+04
-.710600146484E+04
-.668799902344E+04
-.627000000000E+04
-.585200048828E+04
-.543399951172E+04
-.480700000000E+04
-.438900000000E+04
-.397099926758E+04
-.355300073242E+04
-.313500000000E+04
-.271699975586E+04
-.229899975586E+04
-.188100000000E+04
-.146300012207E+04
-.104500012207E+04
-.627000000000E+03
-.208999969482E+03
0.000000000000E+00
0.334754031250E+06
0.335589968750E+06
0.336426000000E+06
0.337262031250E+06
0.338097968750E+06
0.338934000000E+06
0.339770031250E+06
0.340605968750E+06
0.341442000000E+06
0.342278031250E+06
0.343113968750E+06
0.344367968750E+06
0.345204000000E+06
0.346040031250E+06
0.346875968750E+06
0.347712000000E+06
0.348548031250E+06
0.349383968750E+06
0.350220000000E+06
0.351056031250E+06
0.351891968750E+06
0.352728000000E+06
0.353564031250E+06
0.354399968750E+06
0.354399968750E+06
0.353564031250E+06
0.352728000000E+06
0.351891968750E+06
0.351056031250E+06
0.350220000000E+06
0.349383968750E+06
0.348548031250E+06
0.347712000000E+06
0.346875968750E+06
0.346040031250E+06
0.345204000000E+06
0.344367968750E+06
0.343113968750E+06
0.342278031250E+06
0.341442000000E+06
0.340605968750E+06
0.339770031250E+06
0.338934000000E+06
0.338097968750E+06
0.337262031250E+06
0.336426000000E+06
0.335589968750E+06
0.334754031250E+06
0.000000000000E+00
-.208999969482E+03
-.627000000000E+03
-.104500012207E+04
-.146300012207E+04
-.188100000000E+04
-.229899975586E+04
-.271699975586E+04
-.313500000000E+04
-.355300073242E+04
-.397099926758E+04
-.438900000000E+04
-.480700000000E+04
-.543399951172E+04
-.585200048828E+04
-.627000000000E+04
-.668799902344E+04
-.710600146484E+04
-.752400000000E+04
-.794199853516E+04
-.836000097656E+04
-.877800000000E+04
-.919599902344E+04
-.961400000000E+04
-.100320000000E+05
-.104500009766E+05
-.104500009766E+05
-.100320000000E+05
-.961400000000E+04
-.919599902344E+04
-.877800000000E+04
-.836000097656E+04
-.794199853516E+04
-.752400000000E+04
-.710600146484E+04
-.668799902344E+04
-.627000000000E+04
-.585200048828E+04
-.543399951172E+04
-.480700000000E+04
-.438900000000E+04
-.397099926758E+04
-.355300073242E+04
-.313500000000E+04
-.271699975586E+04
-.229899975586E+04
-.188100000000E+04
-.146300012207E+04
-.104500012207E+04
-.627000000000E+03
-.208999969482E+03
0.000000000000E+00
0.334754031250E+06
0.335589968750E+06
0.336426000000E+06
0.337262031250E+06
0.338097968750E+06
0.338934000000E+06
0.339770031250E+06
0.340605968750E+06
0.341442000000E+06
0.342278031250E+06
0.343113968750E+06
0.344367968750E+06
0.345204000000E+06
0.346040031250E+06
0.346875968750E+06
0.347712000000E+06
0.348548031250E+06
0.349383968750E+06
0.350220000000E+06
0.351056031250E+06
0.351891968750E+06
0.352728000000E+06
0.353564031250E+06
0.354399968750E+06
0.354399968750E+06
0.353564031250E+06
0.352728000000E+06
0.351891968750E+06
0.351056031250E+06
0.350220000000E+06
0.349383968750E+06
0.348548031250E+06
0.347712000000E+06
0.346875968750E+06
0.346040031250E+06
0.345204000000E+06
0.344367968750E+06
0.343113968750E+06
0.342278031250E+06
0.341442000000E+06
0.340605968750E+06
0.339770031250E+06
0.338934000000E+06
0.338097968750E+06
0.337262031250E+06
0.336426000000E+06
0.335589968750E+06
0.334754031250E+06
0.000000000000E+00
-.208999969482E+03
-.627000000000E+03
-.104500012207E+04
-.146300012207E+04
-.188100000000E+04
-.229899975586E+04
-.271699975586E+04
-.313500000000E+04
-.355300073242E+04
-.397099926758E+04
-.438900000000E+04
-.480700000000E+04
-.543399951172E+04
-.585200048828E+04
-.627000000000E+04
-.668799902344E+04
-.710600146484E+04
-.752400000000E+04
-.794199853516E+04
-.836000097656E+04
-.877800000000E+04
-.919599902344E+04
-.961400000000E+04
-.100320000000E+05
-.104500009766E+05
-.104500009766E+05
-.100320000000E+05
-.961400000000E+04
-.919599902344E+04
-.877800000000E+04
-.836000097656E+04
-.794199853516E+04
-.752400000000E+04
-.710600146484E+04
-.668799902344E+04
-.627000000000E+04
-.585200048828E+04
-.543399951172E+04
-.480700000000E+04
-.438900000000E+04
-.397099926758E+04
-.355300073242E+04
-.313500000000E+04
-.271699975586E+04
-.229899975586E+04
-.188100000000E+04
-.146300012207E+04
-.104500012207E+04
-.627000000000E+03
-.208999969482E+03
0.000000000000E+00
0.334754031250E+06
0.335589968750E+06
0.336426000000E+06
0.337262031250E+06
0.338097968750E+06
