 surfTemp
-.999900000000E+04
-.999900000000E+04
-.999900000000E+04
-.999900000000E+04
-.999900000000E+04
-.999900000000E+04
-.999900000000E+04
-.999900000000E+04
-.999900000000E+04
-.999900000000E+04
-.999900000000E+04
-.999900000000E+04
-.999900000000E+04
-.999900000000E+04
-.999900000000E+04
-.999900000000E+04
-.999900000000E+04
-.999900000000E+04
-.999900000000E+04
-.999900000000E+04
-.999900000000E+04
-.999900000000E+04
-.999900000000E+04
-.999900000000E+04
-.999900000000E+04
-.999900000000E+04
-.999900000000E+04
-.999900000000E+04
-.999900000000E+04
-.999900000000E+04
-.999900000000E+04
-.999900000000E+04
-.999900000000E+04
-.999900000000E+04
-.999900000000E+04
-.999900000000E+04
-.999900000000E+04
-.999900000000E+04
-.999900000000E+04
-.999900000000E+04
-.999900000000E+04
-.999900000000E+04
-.999900000000E+04
-.999900000000E+04
-.999900000000E+04
-.999900000000E+04
-.999900000000E+04
-.999900000000E+04
-.999900000000E+04
-.999900000000E+04
-.999900000000E+04
-.999900000000E+04
-.999900000000E+04
-.999900000000E+04
-.999900000000E+04
-.999900000000E+04
-.999900000000E+04
-.999900000000E+04
-.999900000000E+04
-.999900000000E+04
-.999900000000E+04
-.999900000000E+04
-.999900000000E+04
-.999900000000E+04
-.999900000000E+04
-.999900000000E+04
-.999900000000E+04
-.999900000000E+04
-.999900000000E+04
-.999900000000E+04
-.999900000000E+04
-.999900000000E+04
-.999900000000E+04
-.999900000000E+04
-.999900000000E+04
-.999900000000E+04
-.999900000000E+04
-.999900000000E+04
-.999900000000E+04
-.999900000000E+04
-.999900000000E+04
-.999900000000E+04
-.999900000000E+04
-.999900000000E+04
-.999900000000E+04
-.999900000000E+04
-.999900000000E+04
-.999900000000E+04
-.999900000000E+04
-.999900000000E+04
-.999900000000E+04
-.999900000000E+04
-.999900000000E+04
-.999900000000E+04
-.999900000000E+04
-.999900000000E+04
-.999900000000E+04
-.999900000000E+04
-.999900000000E+04
-.545304059982E+01
-.827584552765E+01
-.977705001831E+01
-.105640964508E+02
-.108509540558E+02
-.109096097946E+02
-.108050537109E+02
-.105999317169E+02
-.102733850479E+02
-.995425128937E+01
-.961930274963E+01
-.927606201172E+01
-.886899852753E+01
-.850541114807E+01
-.814873504639E+01
-.779790401459E+01
-.739177560806E+01
-.703433084488E+01
-.668708705902E+01
-.634758710861E+01
-.595361471176E+01
-.560868501663E+01
-.527420377731E+01
-.494745826721E+01
-.455798101425E+01
-.418199014664E+01
-.379094624519E+01
-.339636778831E+01
-.294396233559E+01
-.254230856895E+01
-.215603804588E+01
-.178373265266E+01
-.136284923553E+01
-.997111380100E+00
-.648387432098E+00
-.313403099775E+00
-.560045242310E-02
0.000000000000E+00
0.000000000000E+00
0.000000000000E+00
0.000000000000E+00
0.000000000000E+00
0.000000000000E+00
0.000000000000E+00
0.000000000000E+00
0.000000000000E+00
0.000000000000E+00
0.000000000000E+00
0.000000000000E+00
0.000000000000E+00
0.000000000000E+00
0.000000000000E+00
0.000000000000E+00
0.000000000000E+00
0.000000000000E+00
0.000000000000E+00
0.000000000000E+00
0.000000000000E+00
0.000000000000E+00
0.000000000000E+00
0.000000000000E+00
0.000000000000E+00
0.000000000000E+00
0.000000000000E+00
0.000000000000E+00
0.000000000000E+00
0.000000000000E+00
0.000000000000E+00
0.000000000000E+00
0.000000000000E+00
0.000000000000E+00
0.000000000000E+00
0.000000000000E+00
0.000000000000E+00
0.000000000000E+00
-.235359176993E+00
-.882443189621E+00
-.129186058044E+01
-.165866088867E+01
-.193334996700E+01
-.217486143112E+01
-.240226268768E+01
-.269214057922E+01
-.293377304077E+01
-.316079401970E+01
-.338150310516E+01
-.366774582863E+01
-.390712046623E+01
-.413264369965E+01
-.435216140747E+01
-.463711309433E+01
-.487523460388E+01
-.509969902039E+01
-.531821870804E+01
-.560198831558E+01
-.583892393112E+01
-.606236553192E+01
-.627992010117E+01
-.656253480911E+01
-.679831743240E+01
-.754845905304E+01
-.882352161407E+01
-.999524688721E+01
-.106296396255E+02
-.108559379578E+02
-.108992061615E+02
-.107989559174E+02
-.106056308746E+02
-.102933425903E+02
-.998739528656E+01
-.966261672974E+01
-.932687568665E+01
-.892610263824E+01
-.856720256805E+01
-.821302604675E+01
-.786333322525E+01
-.745850658417E+01
-.710196304321E+01
-.675440740585E+01
-.641400432587E+01
-.601989936829E+01
-.567488241196E+01
-.533940458298E+01
-.501130151749E+01
-.462221860886E+01
-.424976444244E+01
-.386241507530E+01
-.347060465813E+01
-.302081227303E+01
-.262073636055E+01
-.223412919044E+01
-.186033916473E+01
-.143840670586E+01
-.107140886784E+01
-.720308542252E+00
-.382498592138E+00
-.281848311424E-01
0.000000000000E+00
0.000000000000E+00
0.000000000000E+00
0.000000000000E+00
0.000000000000E+00
0.000000000000E+00
0.000000000000E+00
0.000000000000E+00
0.000000000000E+00
0.000000000000E+00
0.000000000000E+00
0.000000000000E+00
0.000000000000E+00
0.000000000000E+00
0.000000000000E+00
0.000000000000E+00
0.000000000000E+00
0.000000000000E+00
0.000000000000E+00
0.000000000000E+00
0.000000000000E+00
0.000000000000E+00
0.000000000000E+00
0.000000000000E+00
0.000000000000E+00
0.000000000000E+00
0.000000000000E+00
0.000000000000E+00
0.000000000000E+00
0.000000000000E+00
0.000000000000E+00
0.000000000000E+00
0.000000000000E+00
0.000000000000E+00
0.000000000000E+00
0.000000000000E+00
0.000000000000E+00
0.000000000000E+00
0.000000000000E+00
0.000000000000E+00
-.404107600451E+00
-.117616772652E+01
-.166238677502E+01
-.201577496529E+01
-.230191445351E+01
-.261929845810E+01
-.287503671646E+01
-.311135554314E+01
-.333770537376E+01
-.362409090996E+01
-.386347532272E+01
-.409102678299E+01
-.431245040894E+01
-.459566593170E+01
-.483282566071E+01
-.505879831314E+01
-.527895259857E+01
-.556087970734E+01
-.579679059982E+01
-.602168655396E+01
-.624084377289E+01
-.652163410187E+01
-.675639295578E+01
-.745635128021E+01
-.865651893616E+01
-.976370334625E+01
-.104024477005E+02
-.106644001007E+02
-.107535438538E+02
-.106982212067E+02
-.105446023941E+02
-.102662935257E+02
-.998792171478E+01
-.968404769897E+01
-.936385917664E+01
-.897535610199E+01
-.862567996979E+01
-.827748584747E+01
-.793154430389E+01
-.752986288071E+01
-.717560005188E+01
-.682879495621E+01
-.648825311661E+01
-.609445238113E+01
-.574965763092E+01
-.541344642639E+01
-.508414506912E+01
-.469537687302E+01
-.432624816895E+01
-.394259428978E+01
-.355377244949E+01
-.310686063766E+01
-.270874071121E+01
-.232224202156E+01
-.194732916355E+01
-.152449357510E+01
-.115632450581E+01
-.802921056747E+00
-.462260663509E+00
-.776790231466E-01
0.000000000000E+00
0.000000000000E+00
0.000000000000E+00
0.000000000000E+00
0.000000000000E+00
0.000000000000E+00
0.000000000000E+00
0.000000000000E+00
0.000000000000E+00
0.000000000000E+00
0.000000000000E+00
0.000000000000E+00
0.000000000000E+00
0.000000000000E+00
0.000000000000E+00
0.000000000000E+00
0.000000000000E+00
0.000000000000E+00
0.000000000000E+00
0.000000000000E+00
0.000000000000E+00
0.000000000000E+00
0.000000000000E+00
0.000000000000E+00
0.000000000000E+00
0.000000000000E+00
0.000000000000E+00
0.000000000000E+00
0.000000000000E+00
0.000000000000E+00
0.000000000000E+00
0.000000000000E+00
0.000000000000E+00
0.000000000000E+00
0.000000000000E+00
0.000000000000E+00
0.000000000000E+00
0.000000000000E+00
0.000000000000E+00
0.000000000000E+00
0.000000000000E+00
-.522708594799E-01
-.802890419960E+00
-.148081183434E+01
-.196418118477E+01
-.239810872078E+01
-.272328686714E+01
-.300268912315E+01
-.325547981262E+01
-.355546116829E+01
-.380254244804E+01
-.403628969193E+01
-.426219987869E+01
-.454601764679E+01
-.478318548203E+01
-.501079082489E+01
-.523273849487E+01
-.551370477676E+01
-.574870538712E+01
-.597467327118E+01
-.619528770447E+01
-.647494840622E+01
-.670869255066E+01
-.736365842819E+01
-.848791503906E+01
-.952743530273E+01
-.101618537903E+02
-.104516611099E+02
-.105819826126E+02
-.105701313019E+02
-.104573106766E+02
-.102157125473E+02
-.996866989136E+01
-.968993949890E+01
-.938953399658E+01
-.901718521118E+01
-.868024826050E+01
-.834114933014E+01
-.800158596039E+01
-.760513496399E+01
-.725485706329E+01
-.691022586823E+01
-.657065200806E+01
-.617791461945E+01
-.583393192291E+01
-.549747419357E+01
-.516732549667E+01
-.477896165848E+01
-.441306638718E+01
-.403316831589E+01
-.364757299423E+01
-.320383453369E+01
-.280807375908E+01
-.242216157913E+01
-.204654932022E+01
-.162304794788E+01
-.125387454033E+01
-.898305118084E+00
-.554829239845E+00
-.163751482964E+00
0.000000000000E+00
0.000000000000E+00
0.000000000000E+00
0.000000000000E+00
0.000000000000E+00
0.000000000000E+00
0.000000000000E+00
0.000000000000E+00
0.000000000000E+00
0.000000000000E+00
0.000000000000E+00
0.000000000000E+00
0.000000000000E+00
0.000000000000E+00
0.000000000000E+00
0.000000000000E+00
0.000000000000E+00
0.000000000000E+00
0.000000000000E+00
0.000000000000E+00
0.000000000000E+00
0.000000000000E+00
0.000000000000E+00
0.000000000000E+00
0.000000000000E+00
0.000000000000E+00
0.000000000000E+00
0.000000000000E+00
0.000000000000E+00
0.000000000000E+00
0.000000000000E+00
0.000000000000E+00
0.000000000000E+00
0.000000000000E+00
0.000000000000E+00
0.000000000000E+00
0.000000000000E+00
0.000000000000E+00
0.000000000000E+00
0.000000000000E+00
0.000000000000E+00
0.000000000000E+00
0.000000000000E+00
-.282724380493E+00
-.114840447903E+01
-.183358311653E+01
-.232805204391E+01
-.272248339653E+01
-.305285787582E+01
-.340281534195E+01
-.368254208565E+01
-.393918514252E+01
-.418093729019E+01
-.447359371185E+01
-.471610403061E+01
-.494852924347E+01
-.517439222336E+01
-.545637607574E+01
-.569158697128E+01
-.591899776459E+01
-.614131259918E+01
-.642056179047E+01
-.665358591080E+01
-.726827192307E+01
-.831691455841E+01
-.928649806976E+01
-.990863800049E+01
-.102183408737E+02
-.103842115402E+02
-.104130687714E+02
-.103408164978E+02
-.101375694275E+02
-.992483043671E+01
-.967505741119E+01
-.939860534668E+01
-.904651737213E+01
-.872625064850E+01
-.839991664886E+01
-.807001209259E+01
-.768156337738E+01
-.733765029907E+01
-.699724340439E+01
-.666034364700E+01
-.626997280121E+01
-.592784786224E+01
-.559203338623E+01
-.526172685623E+01
-.487415695190E+01
-.451164531708E+01
-.413571023941E+01
-.375367999077E+01
-.331348967552E+01
-.292055845261E+01
-.253578472137E+01
-.215999007225E+01
-.173617267609E+01
-.136626613140E+01
-.100876486301E+01
-.662605345249E+00
-.269293159246E+00
-.503696501255E-02
0.000000000000E+00
0.000000000000E+00
0.000000000000E+00
0.000000000000E+00
0.000000000000E+00
0.000000000000E+00
0.000000000000E+00
0.000000000000E+00
0.000000000000E+00
0.000000000000E+00
0.000000000000E+00
0.000000000000E+00
0.000000000000E+00
0.000000000000E+00
0.000000000000E+00
0.000000000000E+00
0.000000000000E+00
0.000000000000E+00
0.000000000000E+00
0.000000000000E+00
0.000000000000E+00
0.000000000000E+00
0.000000000000E+00
0.000000000000E+00
0.000000000000E+00
0.000000000000E+00
0.000000000000E+00
0.000000000000E+00
0.000000000000E+00
0.000000000000E+00
0.000000000000E+00
0.000000000000E+00
0.000000000000E+00
0.000000000000E+00
0.000000000000E+00
0.000000000000E+00
0.000000000000E+00
0.000000000000E+00
0.000000000000E+00
0.000000000000E+00
0.000000000000E+00
0.000000000000E+00
0.000000000000E+00
0.000000000000E+00
-.660449028015E+00
-.151995444298E+01
-.211893892288E+01
-.260014533997E+01
-.305887556076E+01
-.341705441475E+01
-.373148465157E+01
-.401551961899E+01
-.433728265762E+01
-.460013341904E+01
-.484816074371E+01
-.508582067490E+01
-.537498998642E+01
-.561482095718E+01
-.584657382965E+01
-.607264375687E+01
-.635336828232E+01
-.658695697784E+01
-.716656064987E+01
-.814144706726E+01
-.903989219666E+01
-.964281272888E+01
-.996466445923E+01
-.101598691940E+02
-.102256078720E+02
-.101924276352E+02
-.100279617310E+02
-.985152435303E+01
-.963383102417E+01
-.938511753082E+01
-.905732536316E+01
-.875784015656E+01
-.844832324982E+01
-.813188743591E+01
-.775485610962E+01
-.742037343979E+01
-.708694553375E+01
-.675511121750E+01
-.636908054352E+01
-.603048133850E+01
-.569674491882E+01
-.536747837067E+01
-.498154973984E+01
-.462294912338E+01
-.425148105621E+01
-.387357997894E+01
-.343750119209E+01
-.304802560806E+01
-.266508841515E+01
-.228978109360E+01
-.186616086960E+01
-.149594831467E+01
-.113689661026E+01
-.788327097893E+00
-.392856657505E+00
-.604245290160E-01
0.000000000000E+00
0.000000000000E+00
0.000000000000E+00
0.000000000000E+00
0.000000000000E+00
0.000000000000E+00
0.000000000000E+00
0.000000000000E+00
0.000000000000E+00
0.000000000000E+00
0.000000000000E+00
0.000000000000E+00
0.000000000000E+00
0.000000000000E+00
0.000000000000E+00
0.000000000000E+00
0.000000000000E+00
0.000000000000E+00
0.000000000000E+00
0.000000000000E+00
0.000000000000E+00
0.000000000000E+00
0.000000000000E+00
0.000000000000E+00
0.000000000000E+00
0.000000000000E+00
0.000000000000E+00
0.000000000000E+00
0.000000000000E+00
0.000000000000E+00
0.000000000000E+00
0.000000000000E+00
0.000000000000E+00
0.000000000000E+00
0.000000000000E+00
0.000000000000E+00
0.000000000000E+00
0.000000000000E+00
0.000000000000E+00
0.000000000000E+00
0.000000000000E+00
0.000000000000E+00
0.000000000000E+00
0.000000000000E+00
0.000000000000E+00
-.255028884858E-01
-.108177447319E+01
-.177888011932E+01
-.240691828728E+01
-.289725947380E+01
-.331554269791E+01
-.368066811562E+01
-.406402873993E+01
-.437376499176E+01
-.465861558914E+01
-.492502307892E+01
-.523515081406E+01
-.549045753479E+01
-.573484134674E+01
-.597108650208E+01
-.625857639313E+01
-.649681568146E+01
-.704939556122E+01
-.795543670654E+01
-.878338432312E+01
-.936184310913E+01
-.968898963928E+01
-.990736484528E+01
-.100055465698E+02
-.100089902878E+02
-.988266658783E+01
-.974347782135E+01
-.956012153625E+01
-.934231853485E+01
-.904251861572E+01
-.876783561707E+01
-.847932338715E+01
-.818051052094E+01
-.781881046295E+01
-.749742603302E+01
-.717439985275E+01
-.685074710846E+01
-.647177124023E+01
-.613908338547E+01
-.580956172943E+01
-.548318958282E+01
-.510037040710E+01
-.474676418304E+01
-.438073205948E+01
-.400791501999E+01
-.357685041428E+01
-.319174671173E+01
-.281160831451E+01
-.243771100044E+01
