 surfTemp
-.999900000000E+04
-.999900000000E+04
-.999900000000E+04
-.999900000000E+04
-.999900000000E+04
-.999900000000E+04
-.999900000000E+04
-.999900000000E+04
-.999900000000E+04
-.999900000000E+04
-.999900000000E+04
-.999900000000E+04
-.999900000000E+04
-.999900000000E+04
-.999900000000E+04
-.999900000000E+04
-.999900000000E+04
-.999900000000E+04
-.999900000000E+04
-.999900000000E+04
-.999900000000E+04
-.999900000000E+04
-.999900000000E+04
-.999900000000E+04
-.999900000000E+04
-.999900000000E+04
-.999900000000E+04
-.999900000000E+04
-.999900000000E+04
-.999900000000E+04
-.999900000000E+04
-.999900000000E+04
-.999900000000E+04
-.999900000000E+04
-.999900000000E+04
-.999900000000E+04
-.999900000000E+04
-.999900000000E+04
-.999900000000E+04
-.999900000000E+04
-.999900000000E+04
-.999900000000E+04
-.999900000000E+04
-.999900000000E+04
-.999900000000E+04
-.999900000000E+04
-.999900000000E+04
-.999900000000E+04
-.999900000000E+04
-.999900000000E+04
-.999900000000E+04
-.999900000000E+04
-.999900000000E+04
-.999900000000E+04
-.999900000000E+04
-.999900000000E+04
-.999900000000E+04
-.999900000000E+04
-.999900000000E+04
-.999900000000E+04
-.999900000000E+04
-.999900000000E+04
-.999900000000E+04
-.999900000000E+04
-.999900000000E+04
-.999900000000E+04
-.999900000000E+04
-.999900000000E+04
-.999900000000E+04
-.999900000000E+04
-.999900000000E+04
-.999900000000E+04
-.999900000000E+04
-.999900000000E+04
-.999900000000E+04
-.999900000000E+04
-.999900000000E+04
-.999900000000E+04
-.999900000000E+04
-.999900000000E+04
-.999900000000E+04
-.999900000000E+04
-.999900000000E+04
-.999900000000E+04
-.999900000000E+04
-.999900000000E+04
-.999900000000E+04
-.999900000000E+04
-.999900000000E+04
-.999900000000E+04
-.999900000000E+04
-.999900000000E+04
-.999900000000E+04
-.999900000000E+04
-.999900000000E+04
-.999900000000E+04
-.999900000000E+04
-.999900000000E+04
-.999900000000E+04
-.545304059982E+01
-.827584552765E+01
-.977705001831E+01
-.105044021606E+02
-.108358135223E+02
-.108402357101E+02
-.107237453461E+02
-.104509954453E+02
-.101638584137E+02
-.978713130951E+01
-.943780231476E+01
-.908528518677E+01
-.867213249207E+01
-.830448150635E+01
-.788468456268E+01
-.751565694809E+01
-.709771299362E+01
-.673249292374E+01
-.631948995590E+01
-.595985460281E+01
-.555275154114E+01
-.519913434982E+01
-.485033178329E+01
-.441232776642E+01
-.399800825119E+01
-.352257680893E+01
-.309667849541E+01
-.262499403954E+01
-.221161937714E+01
-.175715839863E+01
-.136321198940E+01
-.990213692188E+00
-.572563946247E+00
-.212223097682E+00
0.000000000000E+00
0.000000000000E+00
0.000000000000E+00
0.000000000000E+00
0.000000000000E+00
0.000000000000E+00
0.000000000000E+00
0.000000000000E+00
0.000000000000E+00
0.000000000000E+00
0.000000000000E+00
0.000000000000E+00
0.000000000000E+00
0.000000000000E+00
0.000000000000E+00
0.000000000000E+00
0.000000000000E+00
0.000000000000E+00
0.000000000000E+00
0.000000000000E+00
0.000000000000E+00
0.000000000000E+00
0.000000000000E+00
0.000000000000E+00
0.000000000000E+00
0.000000000000E+00
0.000000000000E+00
0.000000000000E+00
0.000000000000E+00
-.999900000000E+04
-.999900000000E+04
-.999900000000E+04
-.999900000000E+04
-.999900000000E+04
-.999900000000E+04
-.999900000000E+04
-.999900000000E+04
-.999900000000E+04
-.999900000000E+04
-.999900000000E+04
-.999900000000E+04
-.999900000000E+04
-.999900000000E+04
-.999900000000E+04
-.999900000000E+04
-.999900000000E+04
-.999900000000E+04
-.999900000000E+04
-.999900000000E+04
-.999900000000E+04
-.999900000000E+04
-.999900000000E+04
-.999900000000E+04
-.999900000000E+04
-.999900000000E+04
-.999900000000E+04
-.999900000000E+04
-.999900000000E+04
-.999900000000E+04
-.999900000000E+04
-.999900000000E+04
-.999900000000E+04
-.999900000000E+04
-.999900000000E+04
-.999900000000E+04
-.999900000000E+04
-.545304059982E+01
-.827584552765E+01
-.977705001831E+01
-.105044021606E+02
-.108358135223E+02
-.108402357101E+02
-.107237453461E+02
-.104509954453E+02
-.101638584137E+02
-.978713130951E+01
-.943780231476E+01
-.908528518677E+01
-.867213249207E+01
-.830448150635E+01
-.788468456268E+01
-.751565694809E+01
-.709771299362E+01
-.673249292374E+01
-.631948995590E+01
-.595985460281E+01
-.555275154114E+01
-.519913434982E+01
-.485033178329E+01
-.441232776642E+01
-.399800825119E+01
-.352257680893E+01
-.309667849541E+01
-.262499403954E+01
-.221161937714E+01
-.175715839863E+01
-.136321198940E+01
-.990213692188E+00
-.572563946247E+00
-.212223097682E+00
0.000000000000E+00
0.000000000000E+00
0.000000000000E+00
0.000000000000E+00
0.000000000000E+00
0.000000000000E+00
0.000000000000E+00
0.000000000000E+00
0.000000000000E+00
0.000000000000E+00
0.000000000000E+00
0.000000000000E+00
0.000000000000E+00
0.000000000000E+00
0.000000000000E+00
0.000000000000E+00
0.000000000000E+00
0.000000000000E+00
0.000000000000E+00
0.000000000000E+00
0.000000000000E+00
0.000000000000E+00
0.000000000000E+00
0.000000000000E+00
0.000000000000E+00
0.000000000000E+00
0.000000000000E+00
0.000000000000E+00
0.000000000000E+00
-.999900000000E+04
-.999900000000E+04
-.999900000000E+04
-.999900000000E+04
-.999900000000E+04
-.999900000000E+04
-.999900000000E+04
-.999900000000E+04
-.999900000000E+04
-.999900000000E+04
-.999900000000E+04
-.999900000000E+04
-.999900000000E+04
-.999900000000E+04
-.999900000000E+04
-.999900000000E+04
-.999900000000E+04
-.999900000000E+04
-.999900000000E+04
-.999900000000E+04
-.999900000000E+04
-.999900000000E+04
-.999900000000E+04
-.999900000000E+04
-.999900000000E+04
-.999900000000E+04
-.999900000000E+04
-.999900000000E+04
-.999900000000E+04
-.999900000000E+04
-.999900000000E+04
-.999900000000E+04
-.999900000000E+04
-.999900000000E+04
-.999900000000E+04
-.999900000000E+04
-.999900000000E+04
-.545304059982E+01
-.827584552765E+01
-.977705001831E+01
-.105044021606E+02
-.108358135223E+02
-.108402357101E+02
-.107237453461E+02
-.104509954453E+02
-.101638584137E+02
-.978713130951E+01
-.943780231476E+01
-.908528518677E+01
-.867213249207E+01
-.830448150635E+01
-.788468456268E+01
-.751565694809E+01
-.709771299362E+01
-.673249292374E+01
-.631948995590E+01
-.595985460281E+01
-.555275154114E+01
-.519913434982E+01
-.485033178329E+01
-.441232776642E+01
-.399800825119E+01
-.352257680893E+01
-.309667849541E+01
-.262499403954E+01
-.221161937714E+01
-.175715839863E+01
-.136321198940E+01
-.990213692188E+00
-.572563946247E+00
-.212223097682E+00
0.000000000000E+00
0.000000000000E+00
0.000000000000E+00
0.000000000000E+00
0.000000000000E+00
0.000000000000E+00
0.000000000000E+00
0.000000000000E+00
0.000000000000E+00
0.000000000000E+00
0.000000000000E+00
0.000000000000E+00
0.000000000000E+00
0.000000000000E+00
0.000000000000E+00
0.000000000000E+00
0.000000000000E+00
0.000000000000E+00
0.000000000000E+00
0.000000000000E+00
0.000000000000E+00
0.000000000000E+00
0.000000000000E+00
0.000000000000E+00
0.000000000000E+00
0.000000000000E+00
0.000000000000E+00
0.000000000000E+00
0.000000000000E+00
-.999900000000E+04
-.999900000000E+04
-.999900000000E+04
-.999900000000E+04
-.999900000000E+04
-.999900000000E+04
-.999900000000E+04
-.999900000000E+04
-.999900000000E+04
-.999900000000E+04
-.999900000000E+04
-.999900000000E+04
-.999900000000E+04
-.999900000000E+04
-.999900000000E+04
-.999900000000E+04
-.999900000000E+04
-.999900000000E+04
-.999900000000E+04
-.999900000000E+04
-.999900000000E+04
-.999900000000E+04
-.999900000000E+04
-.999900000000E+04
-.999900000000E+04
-.999900000000E+04
-.999900000000E+04
-.999900000000E+04
-.999900000000E+04
-.999900000000E+04
-.999900000000E+04
-.999900000000E+04
-.999900000000E+04
-.999900000000E+04
-.999900000000E+04
-.999900000000E+04
-.999900000000E+04
-.545304059982E+01
-.827584552765E+01
-.977705001831E+01
-.105044021606E+02
-.108358135223E+02
-.108402357101E+02
-.107237453461E+02
-.104509954453E+02
-.101638584137E+02
-.978713130951E+01
-.943780231476E+01
-.908528518677E+01
-.867213249207E+01
-.830448150635E+01
-.788468456268E+01
-.751565694809E+01
-.709771299362E+01
-.673249292374E+01
-.631948995590E+01
-.595985460281E+01
-.555275154114E+01
-.519913434982E+01
-.485033178329E+01
-.441232776642E+01
-.399800825119E+01
-.352257680893E+01
-.309667849541E+01
-.262499403954E+01
-.221161937714E+01
-.175715839863E+01
-.136321198940E+01
-.990213692188E+00
-.572563946247E+00
-.212223097682E+00
0.000000000000E+00
0.000000000000E+00
0.000000000000E+00
0.000000000000E+00
0.000000000000E+00
0.000000000000E+00
0.000000000000E+00
0.000000000000E+00
0.000000000000E+00
0.000000000000E+00
0.000000000000E+00
0.000000000000E+00
0.000000000000E+00
0.000000000000E+00
0.000000000000E+00
0.000000000000E+00
0.000000000000E+00
0.000000000000E+00
0.000000000000E+00
0.000000000000E+00
0.000000000000E+00
0.000000000000E+00
0.000000000000E+00
0.000000000000E+00
0.000000000000E+00
0.000000000000E+00
0.000000000000E+00
0.000000000000E+00
0.000000000000E+00
-.999900000000E+04
-.999900000000E+04
-.999900000000E+04
-.999900000000E+04
-.999900000000E+04
-.999900000000E+04
-.999900000000E+04
-.999900000000E+04
-.999900000000E+04
-.999900000000E+04
-.999900000000E+04
-.999900000000E+04
-.999900000000E+04
-.999900000000E+04
-.999900000000E+04
-.999900000000E+04
-.999900000000E+04
-.999900000000E+04
-.999900000000E+04
-.999900000000E+04
-.999900000000E+04
-.999900000000E+04
-.999900000000E+04
-.999900000000E+04
-.999900000000E+04
-.999900000000E+04
-.999900000000E+04
-.999900000000E+04
-.999900000000E+04
-.999900000000E+04
-.999900000000E+04
-.999900000000E+04
-.999900000000E+04
-.999900000000E+04
-.999900000000E+04
-.999900000000E+04
-.999900000000E+04
-.545304059982E+01
-.827584552765E+01
-.977705001831E+01
-.105044021606E+02
-.108358135223E+02
-.108402357101E+02
-.107237453461E+02
-.104509954453E+02
-.101638584137E+02
-.978713130951E+01
-.943780231476E+01
-.908528518677E+01
-.867213249207E+01
-.830448150635E+01
-.788468456268E+01
-.751565694809E+01
-.709771299362E+01
-.673249292374E+01
-.631948995590E+01
-.595985460281E+01
-.555275154114E+01
-.519913434982E+01
-.485033178329E+01
-.441232776642E+01
-.399800825119E+01
-.352257680893E+01
-.309667849541E+01
-.262499403954E+01
-.221161937714E+01
-.175715839863E+01
-.136321198940E+01
-.990213692188E+00
-.572563946247E+00
-.212223097682E+00
0.000000000000E+00
0.000000000000E+00
0.000000000000E+00
0.000000000000E+00
0.000000000000E+00
0.000000000000E+00
0.000000000000E+00
0.000000000000E+00
0.000000000000E+00
0.000000000000E+00
0.000000000000E+00
0.000000000000E+00
0.000000000000E+00
0.000000000000E+00
0.000000000000E+00
0.000000000000E+00
0.000000000000E+00
0.000000000000E+00
0.000000000000E+00
0.000000000000E+00
0.000000000000E+00
0.000000000000E+00
0.000000000000E+00
0.000000000000E+00
0.000000000000E+00
0.000000000000E+00
0.000000000000E+00
0.000000000000E+00
0.000000000000E+00
-.999900000000E+04
-.999900000000E+04
-.999900000000E+04
-.999900000000E+04
-.999900000000E+04
-.999900000000E+04
-.999900000000E+04
-.999900000000E+04
-.999900000000E+04
-.999900000000E+04
-.999900000000E+04
-.999900000000E+04
-.999900000000E+04
-.999900000000E+04
-.999900000000E+04
-.999900000000E+04
-.999900000000E+04
-.999900000000E+04
-.999900000000E+04
-.999900000000E+04
-.999900000000E+04
-.999900000000E+04
-.999900000000E+04
-.999900000000E+04
-.999900000000E+04
-.999900000000E+04
-.999900000000E+04
-.999900000000E+04
-.999900000000E+04
-.999900000000E+04
-.999900000000E+04
-.999900000000E+04
-.999900000000E+04
-.999900000000E+04
-.999900000000E+04
-.999900000000E+04
-.999900000000E+04
-.545304059982E+01
-.827584552765E+01
-.977705001831E+01
-.105044021606E+02
-.108358135223E+02
-.108402357101E+02
-.107237453461E+02
-.104509954453E+02
-.101638584137E+02
-.978713130951E+01
-.943780231476E+01
-.908528518677E+01
-.867213249207E+01
-.830448150635E+01
-.788468456268E+01
-.751565694809E+01
-.709771299362E+01
-.673249292374E+01
-.631948995590E+01
-.595985460281E+01
-.555275154114E+01
-.519913434982E+01
-.485033178329E+01
-.441232776642E+01
-.399800825119E+01
-.352257680893E+01
-.309667849541E+01
-.262499403954E+01
-.221161937714E+01
-.175715839863E+01
-.136321198940E+01
-.990213692188E+00
-.572563946247E+00
-.212223097682E+00
0.000000000000E+00
0.000000000000E+00
0.000000000000E+00
0.000000000000E+00
0.000000000000E+00
0.000000000000E+00
0.000000000000E+00
0.000000000000E+00
0.000000000000E+00
0.000000000000E+00
0.000000000000E+00
0.000000000000E+00
0.000000000000E+00
0.000000000000E+00
0.000000000000E+00
0.000000000000E+00
0.000000000000E+00
0.000000000000E+00
0.000000000000E+00
0.000000000000E+00
0.000000000000E+00
0.000000000000E+00
0.000000000000E+00
0.000000000000E+00
0.000000000000E+00
0.000000000000E+00
0.000000000000E+00
0.000000000000E+00
0.000000000000E+00
-.999900000000E+04
-.999900000000E+04
-.999900000000E+04
-.999900000000E+04
-.999900000000E+04
-.999900000000E+04
-.999900000000E+04
-.999900000000E+04
-.999900000000E+04
-.999900000000E+04
-.999900000000E+04
-.999900000000E+04
-.999900000000E+04
-.999900000000E+04
-.999900000000E+04
-.999900000000E+04
-.999900000000E+04
-.999900000000E+04
-.999900000000E+04
-.999900000000E+04
-.999900000000E+04
-.999900000000E+04
-.999900000000E+04
-.999900000000E+04
-.999900000000E+04
-.999900000000E+04
-.999900000000E+04
-.999900000000E+04
-.999900000000E+04
-.999900000000E+04
-.999900000000E+04
-.999900000000E+04
-.999900000000E+04
-.999900000000E+04
-.999900000000E+04
-.999900000000E+04
-.999900000000E+04
-.545304059982E+01
-.827584552765E+01
-.977705001831E+01
-.105044021606E+02
-.108358135223E+02
-.108402357101E+02
-.107237453461E+02
-.104509954453E+02
-.101638584137E+02
-.978713130951E+01
-.943780231476E+01
-.908528518677E+01
-.867213249207E+01
-.830448150635E+01
-.788468456268E+01
-.751565694809E+01
-.709771299362E+01
-.673249292374E+01
-.631948995590E+01
-.595985460281E+01
-.555275154114E+01
-.519913434982E+01
-.485033178329E+01
-.441232776642E+01
-.399800825119E+01
-.352257680893E+01
-.309667849541E+01
-.262499403954E+01
-.221161937714E+01
-.175715839863E+01
-.136321198940E+01
-.990213692188E+00
