 swe
0.000000000000E+00
0.000000000000E+00
0.000000000000E+00
0.000000000000E+00
0.000000000000E+00
0.000000000000E+00
0.000000000000E+00
0.000000000000E+00
0.000000000000E+00
0.000000000000E+00
0.000000000000E+00
0.000000000000E+00
0.000000000000E+00
0.000000000000E+00
0.000000000000E+00
0.000000000000E+00
0.000000000000E+00
0.000000000000E+00
0.000000000000E+00
0.000000000000E+00
0.000000000000E+00
0.000000000000E+00
0.000000000000E+00
0.000000000000E+00
0.000000000000E+00
0.000000000000E+00
0.000000000000E+00
0.000000000000E+00
0.000000000000E+00
0.000000000000E+00
0.000000000000E+00
0.000000000000E+00
0.000000000000E+00
0.000000000000E+00
0.000000000000E+00
0.000000000000E+00
0.000000000000E+00
0.000000000000E+00
0.000000000000E+00
0.000000000000E+00
0.000000000000E+00
0.000000000000E+00
0.000000000000E+00
0.000000000000E+00
0.000000000000E+00
0.000000000000E+00
0.000000000000E+00
0.000000000000E+00
0.000000000000E+00
0.000000000000E+00
0.000000000000E+00
0.000000000000E+00
0.000000000000E+00
0.000000000000E+00
0.000000000000E+00
0.000000000000E+00
0.000000000000E+00
0.000000000000E+00
0.000000000000E+00
0.000000000000E+00
0.000000000000E+00
0.000000000000E+00
0.000000000000E+00
0.000000000000E+00
0.000000000000E+00
0.000000000000E+00
0.000000000000E+00
0.000000000000E+00
0.000000000000E+00
0.000000000000E+00
0.000000000000E+00
0.000000000000E+00
0.000000000000E+00
0.000000000000E+00
0.000000000000E+00
0.000000000000E+00
0.000000000000E+00
0.000000000000E+00
0.000000000000E+00
0.000000000000E+00
0.000000000000E+00
0.000000000000E+00
0.000000000000E+00
0.000000000000E+00
0.000000000000E+00
0.000000000000E+00
0.000000000000E+00
0.000000000000E+00
0.000000000000E+00
0.000000000000E+00
0.000000000000E+00
0.000000000000E+00
0.000000000000E+00
0.000000000000E+00
0.000000000000E+00
0.000000000000E+00
0.000000000000E+00
0.000000000000E+00
0.000000000000E+00
0.199999913573E+00
0.199999913573E+00
0.199999913573E+00
0.199999913573E+00
0.199999913573E+00
0.199999913573E+00
0.199999913573E+00
0.199999913573E+00
0.199999913573E+00
0.199999913573E+00
0.199999913573E+00
0.199999913573E+00
0.199999913573E+00
0.199999913573E+00
0.199999913573E+00
0.199999913573E+00
0.199999913573E+00
0.199999913573E+00
0.199999913573E+00
0.199999913573E+00
0.199999913573E+00
0.199999913573E+00
0.199999913573E+00
0.199999913573E+00
0.199999913573E+00
0.199999913573E+00
0.199999913573E+00
0.199999913573E+00
0.199999913573E+00
0.199999913573E+00
0.199999913573E+00
0.199999913573E+00
0.199999913573E+00
0.199999913573E+00
0.199999913573E+00
0.199999913573E+00
0.199999913573E+00
0.199999913573E+00
0.199999913573E+00
0.199999913573E+00
0.199999913573E+00
0.199999913573E+00
0.199999913573E+00
0.199999913573E+00
0.199999913573E+00
0.199993342161E+00
0.199853569269E+00
0.199119716883E+00
0.197029531002E+00
0.193007662892E+00
0.187096342444E+00
0.179923832417E+00
0.172356650233E+00
0.164963185787E+00
0.157955348492E+00
0.151403352618E+00
0.145328551531E+00
0.139736041427E+00
0.134625092149E+00
0.129992574453E+00
0.125833883882E+00
0.122143074870E+00
0.118912704289E+00
0.116133414209E+00
0.113859415054E+00
0.112083882093E+00
0.110736258328E+00
0.109768219292E+00
0.109132565558E+00
0.108772858977E+00
0.108617492020E+00
0.108580060303E+00
0.108578406274E+00
0.108578406274E+00
0.108578406274E+00
0.108578406274E+00
0.108578406274E+00
0.108578406274E+00
0.108578406274E+00
0.108578406274E+00
0.108578406274E+00
0.108578406274E+00
0.108578406274E+00
0.108578406274E+00
0.108578406274E+00
0.108578406274E+00
0.108578406274E+00
0.108578406274E+00
0.108578406274E+00
0.108578406274E+00
0.108578406274E+00
0.108578406274E+00
0.108578406274E+00
0.108578406274E+00
0.108578406274E+00
0.108578406274E+00
0.108578406274E+00
0.108578406274E+00
0.108578406274E+00
0.108578406274E+00
0.308578222990E+00
0.308578222990E+00
0.308578222990E+00
0.308578222990E+00
0.308578222990E+00
0.308578222990E+00
0.308578222990E+00
0.308578222990E+00
0.308578222990E+00
0.308578222990E+00
0.308578222990E+00
0.308578222990E+00
0.308578222990E+00
0.308578222990E+00
0.308578222990E+00
0.308578222990E+00
0.308578222990E+00
0.308578222990E+00
0.308578222990E+00
0.308578222990E+00
0.308578222990E+00
0.308578222990E+00
0.308578222990E+00
0.308578222990E+00
0.308578222990E+00
0.308578222990E+00
0.308578222990E+00
0.308578222990E+00
0.308578222990E+00
0.308578222990E+00
0.308578222990E+00
0.308578222990E+00
0.308578222990E+00
0.308578222990E+00
0.308578222990E+00
0.308578222990E+00
0.308578222990E+00
0.308578222990E+00
0.308578222990E+00
0.308578222990E+00
0.308578222990E+00
0.308578222990E+00
0.308578222990E+00
0.308578222990E+00
0.308578222990E+00
0.308578222990E+00
0.308578222990E+00
0.308569878340E+00
0.308465093374E+00
0.307998716831E+00
0.306693732738E+00
0.304041326046E+00
0.299915760756E+00
0.294662564993E+00
0.288784742355E+00
0.282712310553E+00
0.276733994484E+00
0.271019786596E+00
0.265661925077E+00
0.260707736015E+00
0.256179124117E+00
0.252084136009E+00
0.248422592878E+00
0.245189055800E+00
0.242413878441E+00
0.240101039410E+00
0.238207474351E+00
0.236697256565E+00
0.235535979271E+00
0.234687104821E+00
0.234109655023E+00
0.233756512403E+00
0.233574032784E+00
0.233504161239E+00
0.233490005136E+00
0.233489602804E+00
0.233489602804E+00
0.233489602804E+00
0.233489602804E+00
0.233489602804E+00
0.233489602804E+00
0.233489602804E+00
0.233489602804E+00
0.233489602804E+00
0.233489602804E+00
0.233489602804E+00
0.233489602804E+00
0.233489602804E+00
0.233489602804E+00
0.233489602804E+00
0.233489602804E+00
0.233489602804E+00
0.233489602804E+00
0.233489602804E+00
0.233489602804E+00
0.233489602804E+00
0.233489602804E+00
0.233489602804E+00
0.233489602804E+00
0.233489602804E+00
0.433489412069E+00
0.433489412069E+00
0.433489412069E+00
0.433489412069E+00
0.433489412069E+00
0.433489412069E+00
0.433489412069E+00
0.433489412069E+00
0.433489412069E+00
0.433489412069E+00
0.433489412069E+00
0.433489412069E+00
0.433489412069E+00
0.433489412069E+00
0.433489412069E+00
0.433489412069E+00
0.433489412069E+00
0.433489412069E+00
0.433489412069E+00
0.433489412069E+00
0.433489412069E+00
0.433489412069E+00
0.433489412069E+00
0.433489412069E+00
0.433489412069E+00
0.433489412069E+00
0.433489412069E+00
0.433489412069E+00
0.433489412069E+00
0.433489412069E+00
0.433489412069E+00
0.433489412069E+00
0.433489412069E+00
0.433489412069E+00
0.433489412069E+00
0.433489412069E+00
0.433489412069E+00
0.433489412069E+00
0.433489412069E+00
0.433489412069E+00
0.433489412069E+00
0.433489412069E+00
0.433489412069E+00
0.433489412069E+00
0.433489412069E+00
0.433489412069E+00
0.433489412069E+00
0.433489412069E+00
0.433489352465E+00
0.433478921652E+00
0.433389872313E+00
0.433059960604E+00
0.432265609503E+00
0.430807620287E+00
0.428580552340E+00
0.425607502460E+00
0.422022163868E+00
0.418017596006E+00
0.413794547319E+00
0.409528404474E+00
0.405356675386E+00
0.401378929615E+00
0.397663116455E+00
0.394253075123E+00
0.391201615334E+00
0.388537466526E+00
0.386246919632E+00
0.384313702583E+00
0.382718384266E+00
0.381438255310E+00
0.380446910858E+00
0.379714012146E+00
0.379204988480E+00
0.378881067038E+00
0.378699988127E+00
0.378618121147E+00
0.378592997789E+00
0.378590017557E+00
0.378590017557E+00
0.378590017557E+00
0.378590017557E+00
0.378590017557E+00
0.378590017557E+00
0.378590017557E+00
0.378590017557E+00
0.378590017557E+00
0.378590017557E+00
0.378590017557E+00
0.378590017557E+00
0.378590017557E+00
0.378590017557E+00
0.378590017557E+00
0.378590017557E+00
0.378590017557E+00
0.378590017557E+00
0.378590017557E+00
0.378590017557E+00
0.378590017557E+00
0.378590017557E+00
0.378590017557E+00
0.578589856625E+00
0.578589856625E+00
0.578589856625E+00
0.578589856625E+00
0.578589856625E+00
0.578589856625E+00
0.578589856625E+00
0.578589856625E+00
0.578589856625E+00
0.578589856625E+00
0.578589856625E+00
0.578589856625E+00
0.578589856625E+00
0.578589856625E+00
0.578589856625E+00
0.578589856625E+00
0.578589856625E+00
0.578589856625E+00
0.578589856625E+00
0.578589856625E+00
0.578589856625E+00
0.578589856625E+00
0.578589856625E+00
0.578589856625E+00
0.578589856625E+00
0.578589856625E+00
0.578589856625E+00
0.578589856625E+00
0.578589856625E+00
0.578589856625E+00
0.578589856625E+00
0.578589856625E+00
0.578589856625E+00
0.578589856625E+00
0.578589856625E+00
0.578589856625E+00
0.578589856625E+00
0.578589856625E+00
0.578589856625E+00
0.578589856625E+00
0.578589856625E+00
0.578589856625E+00
0.578589856625E+00
0.578589856625E+00
0.578589856625E+00
0.578589856625E+00
0.578589856625E+00
0.578589856625E+00
0.578589856625E+00
0.578589856625E+00
0.578589737415E+00
0.578580558300E+00
0.578524589539E+00
0.578358471394E+00
0.578004717827E+00
0.577388405800E+00
0.576452612877E+00
0.575169682503E+00
0.573546409607E+00
0.571621954441E+00
0.569459199905E+00
0.567134678364E+00
0.564728200436E+00
0.562315464020E+00
0.559979319572E+00
0.557787954807E+00
0.555776953697E+00
0.553971350193E+00
0.552385807037E+00
0.551026284695E+00
0.549891710281E+00
0.548973977566E+00
0.548258960247E+00
0.547727584839E+00
0.547356009483E+00
0.547117233276E+00
0.546980977058E+00
0.546916484833E+00
0.546894550323E+00
0.546891093254E+00
0.546891093254E+00
0.546891093254E+00
0.546891093254E+00
0.546891093254E+00
0.546891093254E+00
0.546891093254E+00
0.546891093254E+00
0.546891093254E+00
0.546891093254E+00
0.546891093254E+00
0.546891093254E+00
0.546891093254E+00
0.546891093254E+00
0.546891093254E+00
0.546891093254E+00
0.546891093254E+00
0.546891093254E+00
0.546891093254E+00
0.546891093254E+00
0.546891093254E+00
0.746890902519E+00
0.746890902519E+00
0.746890902519E+00
0.746890902519E+00
0.746890902519E+00
0.746890902519E+00
0.746890902519E+00
0.746890902519E+00
0.746890902519E+00
0.746890902519E+00
0.746890902519E+00
0.746890902519E+00
0.746890902519E+00
0.746890902519E+00
0.746890902519E+00
0.746890902519E+00
0.746890902519E+00
0.746890902519E+00
0.746890902519E+00
0.746890902519E+00
0.746890902519E+00
0.746890902519E+00
0.746890902519E+00
0.746890902519E+00
0.746890902519E+00
0.746890902519E+00
0.746890902519E+00
0.746890902519E+00
0.746890902519E+00
0.746890902519E+00
0.746890902519E+00
0.746890902519E+00
0.746890902519E+00
0.746890902519E+00
0.746890902519E+00
0.746890902519E+00
0.746890902519E+00
0.746890902519E+00
0.746890902519E+00
0.746890902519E+00
0.746890902519E+00
0.746890902519E+00
0.746890902519E+00
0.746890902519E+00
0.746890902519E+00
0.746890902519E+00
0.746890902519E+00
0.746890902519E+00
0.746890902519E+00
0.746890902519E+00
0.746890902519E+00
0.746890902519E+00
0.746890902519E+00
0.746888339520E+00
0.746872127056E+00
0.746823370457E+00
0.746719598770E+00
0.746537864208E+00
0.746258437634E+00
0.745867490768E+00
0.745359599590E+00
0.744737684727E+00
0.744013249874E+00
0.743204474449E+00
0.742341160774E+00
0.741456627846E+00
0.740577399731E+00
0.739728212357E+00
0.738931119442E+00
0.738204002380E+00
0.737560153008E+00
0.737008392811E+00
0.736552298069E+00
0.736191034317E+00
0.735919117928E+00
0.735727369785E+00
0.735603511333E+00
0.735532581806E+00
0.735499143600E+00
0.735487759113E+00
0.735485911369E+00
0.735485911369E+00
0.735485911369E+00
0.735485911369E+00
0.735485911369E+00
0.735485911369E+00
0.735485911369E+00
0.735485911369E+00
0.735485911369E+00
0.735485911369E+00
0.735485911369E+00
0.735485911369E+00
0.735485911369E+00
0.735485911369E+00
0.735485911369E+00
0.735485911369E+00
0.735485911369E+00
0.735485911369E+00
0.735485911369E+00
0.735485911369E+00
0.935485720634E+00
0.935485720634E+00
0.935485720634E+00
0.935485720634E+00
0.935485720634E+00
0.935485720634E+00
0.935485720634E+00
0.935485720634E+00
0.935485720634E+00
0.935485720634E+00
0.935485720634E+00
0.935485720634E+00
0.935485720634E+00
0.935485720634E+00
0.935485720634E+00
0.935485720634E+00
0.935485720634E+00
0.935485720634E+00
0.935485720634E+00
0.935485720634E+00
0.935485720634E+00
0.935485720634E+00
0.935485720634E+00
0.935485720634E+00
0.935485720634E+00
0.935485720634E+00
0.935485720634E+00
0.935485720634E+00
0.935485720634E+00
0.935485720634E+00
0.935485720634E+00
0.935485720634E+00
0.935485720634E+00
0.935485720634E+00
0.935485720634E+00
0.935485720634E+00
0.935485720634E+00
0.935485720634E+00
0.935485720634E+00
0.935485720634E+00
0.935485720634E+00
0.935485720634E+00
0.935485720634E+00
0.935485720634E+00
0.935485720634E+00
0.935485720634E+00
0.935485720634E+00
0.935485720634E+00
0.935485720634E+00
0.935485720634E+00
0.935485720634E+00
0.935485720634E+00
0.935485720634E+00
0.935485720634E+00
0.935485720634E+00
0.935485720634E+00
0.935484647751E+00
0.935479164124E+00
0.935464203358E+00
0.935434639454E+00
0.935385704041E+00
0.935314059258E+00
0.935218214989E+00
0.935098409653E+00
0.934958219528E+00
0.934803962708E+00
0.934640944004E+00
0.934475541115E+00
0.934314250946E+00
0.934163093567E+00
0.934027135372E+00
0.933910131454E+00
0.933814585209E+00
0.933741271496E+00
0.933688998222E+00
0.933655381203E+00
0.933636724949E+00
0.933628559113E+00
0.933626115322E+00
0.933626055717E+00
0.933626055717E+00
0.933626055717E+00
0.933626055717E+00
0.933626055717E+00
0.933626055717E+00
0.933626055717E+00
0.933626055717E+00
0.933626055717E+00
0.933626055717E+00
0.933626055717E+00
0.933626055717E+00
0.933626055717E+00
0.933626055717E+00
0.933626055717E+00
0.933626055717E+00
0.933626055717E+00
0.933626055717E+00
0.933626055717E+00
0.933626055717E+00
0.933626055717E+00
0.113362586498E+01
0.113362586498E+01
0.113362586498E+01
0.113362586498E+01
0.113362586498E+01
0.113362586498E+01
0.113362586498E+01
0.113362586498E+01
0.113362586498E+01
0.113362586498E+01
0.113362586498E+01
0.113362586498E+01
0.113362586498E+01
0.113362586498E+01
0.113362586498E+01
0.113362586498E+01
0.113362586498E+01
0.113362586498E+01
0.113362586498E+01
0.113362586498E+01
0.113362586498E+01
0.113362586498E+01
0.113362586498E+01
0.113362586498E+01
0.113362586498E+01
0.113362586498E+01
0.113362586498E+01
0.113362586498E+01
0.113362586498E+01
0.113362586498E+01
0.113362586498E+01
0.113362586498E+01
