 swe
0.000000000000E+00
0.000000000000E+00
0.000000000000E+00
0.000000000000E+00
0.000000000000E+00
0.000000000000E+00
0.000000000000E+00
0.000000000000E+00
0.000000000000E+00
0.000000000000E+00
0.000000000000E+00
0.000000000000E+00
0.000000000000E+00
0.000000000000E+00
0.000000000000E+00
0.000000000000E+00
0.000000000000E+00
0.000000000000E+00
0.000000000000E+00
0.000000000000E+00
0.000000000000E+00
0.000000000000E+00
0.000000000000E+00
0.000000000000E+00
0.000000000000E+00
0.000000000000E+00
0.000000000000E+00
0.000000000000E+00
0.000000000000E+00
0.000000000000E+00
0.000000000000E+00
0.000000000000E+00
0.000000000000E+00
0.000000000000E+00
0.000000000000E+00
0.000000000000E+00
0.000000000000E+00
0.000000000000E+00
0.000000000000E+00
0.000000000000E+00
0.000000000000E+00
0.000000000000E+00
0.000000000000E+00
0.000000000000E+00
0.000000000000E+00
0.000000000000E+00
0.000000000000E+00
0.000000000000E+00
0.000000000000E+00
0.000000000000E+00
0.000000000000E+00
0.000000000000E+00
0.000000000000E+00
0.000000000000E+00
0.000000000000E+00
0.000000000000E+00
0.000000000000E+00
0.000000000000E+00
0.000000000000E+00
0.000000000000E+00
0.000000000000E+00
0.000000000000E+00
0.000000000000E+00
0.000000000000E+00
0.000000000000E+00
0.000000000000E+00
0.000000000000E+00
0.000000000000E+00
0.000000000000E+00
0.000000000000E+00
0.000000000000E+00
0.000000000000E+00
0.000000000000E+00
0.000000000000E+00
0.000000000000E+00
0.000000000000E+00
0.000000000000E+00
0.000000000000E+00
0.000000000000E+00
0.000000000000E+00
0.000000000000E+00
0.000000000000E+00
0.000000000000E+00
0.000000000000E+00
0.000000000000E+00
0.000000000000E+00
0.000000000000E+00
0.000000000000E+00
0.000000000000E+00
0.000000000000E+00
0.000000000000E+00
0.000000000000E+00
0.000000000000E+00
0.000000000000E+00
0.000000000000E+00
0.000000000000E+00
0.000000000000E+00
0.000000000000E+00
0.000000000000E+00
0.199999913573E+00
0.199999913573E+00
0.199999913573E+00
0.199999913573E+00
0.199999913573E+00
0.199999913573E+00
0.199999913573E+00
0.199999913573E+00
0.199999913573E+00
0.199999913573E+00
0.199999913573E+00
0.199999913573E+00
0.199999913573E+00
0.199999913573E+00
0.199999913573E+00
0.199999913573E+00
0.199999913573E+00
0.199999913573E+00
0.199999913573E+00
0.199995845556E+00
0.199810519814E+00
0.198468655348E+00
0.194226428866E+00
0.186275392771E+00
0.175398901105E+00
0.162598475814E+00
0.148382544518E+00
0.132945820689E+00
0.116366811097E+00
0.987242385745E-01
0.801051631570E-01
0.605960115790E-01
0.403174124658E-01
0.194512568414E-01
0.000000000000E+00
0.000000000000E+00
0.000000000000E+00
0.000000000000E+00
0.000000000000E+00
0.000000000000E+00
0.000000000000E+00
0.000000000000E+00
0.000000000000E+00
0.000000000000E+00
0.000000000000E+00
0.000000000000E+00
0.000000000000E+00
0.000000000000E+00
0.000000000000E+00
0.000000000000E+00
0.000000000000E+00
0.000000000000E+00
0.000000000000E+00
0.000000000000E+00
0.000000000000E+00
0.000000000000E+00
0.000000000000E+00
0.000000000000E+00
0.000000000000E+00
0.000000000000E+00
0.000000000000E+00
0.000000000000E+00
0.000000000000E+00
0.000000000000E+00
0.000000000000E+00
0.000000000000E+00
0.000000000000E+00
0.000000000000E+00
0.000000000000E+00
0.000000000000E+00
0.000000000000E+00
0.000000000000E+00
0.000000000000E+00
0.000000000000E+00
0.000000000000E+00
0.000000000000E+00
0.000000000000E+00
0.000000000000E+00
0.000000000000E+00
0.000000000000E+00
0.000000000000E+00
0.000000000000E+00
0.000000000000E+00
0.000000000000E+00
0.000000000000E+00
0.000000000000E+00
0.000000000000E+00
0.000000000000E+00
0.000000000000E+00
0.000000000000E+00
0.000000000000E+00
0.000000000000E+00
0.000000000000E+00
0.000000000000E+00
0.000000000000E+00
0.000000000000E+00
0.000000000000E+00
0.000000000000E+00
0.000000000000E+00
0.000000000000E+00
0.199999913573E+00
0.199999913573E+00
0.199999913573E+00
0.199999913573E+00
0.199999913573E+00
0.199999913573E+00
0.199999913573E+00
0.199999913573E+00
0.199999913573E+00
0.199999913573E+00
0.199999913573E+00
0.199999913573E+00
0.199999913573E+00
0.199999913573E+00
0.199999913573E+00
0.199999913573E+00
0.199999913573E+00
0.199999913573E+00
0.199999913573E+00
0.199995845556E+00
0.199810519814E+00
0.198468655348E+00
0.194226428866E+00
0.186275392771E+00
0.175398901105E+00
0.162598475814E+00
0.148382544518E+00
0.132945820689E+00
0.116366811097E+00
0.987242385745E-01
0.801051631570E-01
0.605960115790E-01
0.403174124658E-01
0.194512568414E-01
0.000000000000E+00
0.000000000000E+00
0.000000000000E+00
0.000000000000E+00
0.000000000000E+00
0.000000000000E+00
0.000000000000E+00
0.000000000000E+00
0.000000000000E+00
0.000000000000E+00
0.000000000000E+00
0.000000000000E+00
0.000000000000E+00
0.000000000000E+00
0.000000000000E+00
0.000000000000E+00
0.000000000000E+00
0.000000000000E+00
0.000000000000E+00
0.000000000000E+00
0.000000000000E+00
0.000000000000E+00
0.000000000000E+00
0.000000000000E+00
0.000000000000E+00
0.000000000000E+00
0.000000000000E+00
0.000000000000E+00
0.000000000000E+00
0.000000000000E+00
0.000000000000E+00
0.000000000000E+00
0.000000000000E+00
0.000000000000E+00
0.000000000000E+00
0.000000000000E+00
0.000000000000E+00
0.000000000000E+00
0.000000000000E+00
0.000000000000E+00
0.000000000000E+00
0.000000000000E+00
0.000000000000E+00
0.000000000000E+00
0.000000000000E+00
0.000000000000E+00
0.000000000000E+00
0.000000000000E+00
0.000000000000E+00
0.000000000000E+00
0.000000000000E+00
0.000000000000E+00
0.000000000000E+00
0.000000000000E+00
0.000000000000E+00
0.000000000000E+00
0.000000000000E+00
0.000000000000E+00
0.000000000000E+00
0.000000000000E+00
0.000000000000E+00
0.000000000000E+00
0.000000000000E+00
0.000000000000E+00
0.000000000000E+00
0.000000000000E+00
0.199999913573E+00
0.199999913573E+00
0.199999913573E+00
0.199999913573E+00
0.199999913573E+00
0.199999913573E+00
0.199999913573E+00
0.199999913573E+00
0.199999913573E+00
0.199999913573E+00
0.199999913573E+00
0.199999913573E+00
0.199999913573E+00
0.199999913573E+00
0.199999913573E+00
0.199999913573E+00
0.199999913573E+00
0.199999913573E+00
0.199999913573E+00
0.199995845556E+00
0.199810519814E+00
0.198468655348E+00
0.194226428866E+00
0.186275392771E+00
0.175398901105E+00
0.162598475814E+00
0.148382544518E+00
0.132945820689E+00
0.116366811097E+00
0.987242385745E-01
0.801051631570E-01
0.605960115790E-01
0.403174124658E-01
0.194512568414E-01
0.000000000000E+00
0.000000000000E+00
0.000000000000E+00
0.000000000000E+00
0.000000000000E+00
0.000000000000E+00
0.000000000000E+00
0.000000000000E+00
0.000000000000E+00
0.000000000000E+00
0.000000000000E+00
0.000000000000E+00
0.000000000000E+00
0.000000000000E+00
0.000000000000E+00
0.000000000000E+00
0.000000000000E+00
0.000000000000E+00
0.000000000000E+00
0.000000000000E+00
0.000000000000E+00
0.000000000000E+00
0.000000000000E+00
0.000000000000E+00
0.000000000000E+00
0.000000000000E+00
0.000000000000E+00
0.000000000000E+00
0.000000000000E+00
0.000000000000E+00
0.000000000000E+00
0.000000000000E+00
0.000000000000E+00
0.000000000000E+00
0.000000000000E+00
0.000000000000E+00
0.000000000000E+00
0.000000000000E+00
0.000000000000E+00
0.000000000000E+00
0.000000000000E+00
0.000000000000E+00
0.000000000000E+00
0.000000000000E+00
0.000000000000E+00
0.000000000000E+00
0.000000000000E+00
0.000000000000E+00
0.000000000000E+00
0.000000000000E+00
0.000000000000E+00
0.000000000000E+00
0.000000000000E+00
0.000000000000E+00
0.000000000000E+00
0.000000000000E+00
0.000000000000E+00
0.000000000000E+00
0.000000000000E+00
0.000000000000E+00
0.000000000000E+00
0.000000000000E+00
0.000000000000E+00
0.000000000000E+00
0.000000000000E+00
0.000000000000E+00
0.199999913573E+00
0.199999913573E+00
0.199999913573E+00
0.199999913573E+00
0.199999913573E+00
0.199999913573E+00
0.199999913573E+00
0.199999913573E+00
0.199999913573E+00
0.199999913573E+00
0.199999913573E+00
0.199999913573E+00
0.199999913573E+00
0.199999913573E+00
0.199999913573E+00
0.199999913573E+00
0.199999913573E+00
0.199999913573E+00
0.199999913573E+00
0.199995845556E+00
0.199810519814E+00
0.198468655348E+00
0.194226428866E+00
0.186275392771E+00
0.175398901105E+00
0.162598475814E+00
0.148382544518E+00
0.132945820689E+00
0.116366811097E+00
0.987242385745E-01
0.801051631570E-01
0.605960115790E-01
0.403174124658E-01
0.194512568414E-01
0.000000000000E+00
0.000000000000E+00
0.000000000000E+00
0.000000000000E+00
0.000000000000E+00
0.000000000000E+00
0.000000000000E+00
0.000000000000E+00
0.000000000000E+00
0.000000000000E+00
0.000000000000E+00
0.000000000000E+00
0.000000000000E+00
0.000000000000E+00
0.000000000000E+00
0.000000000000E+00
0.000000000000E+00
0.000000000000E+00
0.000000000000E+00
0.000000000000E+00
0.000000000000E+00
0.000000000000E+00
0.000000000000E+00
0.000000000000E+00
0.000000000000E+00
0.000000000000E+00
0.000000000000E+00
0.000000000000E+00
0.000000000000E+00
0.000000000000E+00
0.000000000000E+00
0.000000000000E+00
0.000000000000E+00
0.000000000000E+00
0.000000000000E+00
0.000000000000E+00
0.000000000000E+00
0.000000000000E+00
0.000000000000E+00
0.000000000000E+00
0.000000000000E+00
0.000000000000E+00
0.000000000000E+00
0.000000000000E+00
0.000000000000E+00
0.000000000000E+00
0.000000000000E+00
0.000000000000E+00
0.000000000000E+00
0.000000000000E+00
0.000000000000E+00
0.000000000000E+00
0.000000000000E+00
0.000000000000E+00
0.000000000000E+00
0.000000000000E+00
0.000000000000E+00
0.000000000000E+00
0.000000000000E+00
0.000000000000E+00
0.000000000000E+00
0.000000000000E+00
0.000000000000E+00
0.000000000000E+00
0.000000000000E+00
0.000000000000E+00
0.199999913573E+00
0.199999913573E+00
0.199999913573E+00
0.199999913573E+00
0.199999913573E+00
0.199999913573E+00
0.199999913573E+00
0.199999913573E+00
0.199999913573E+00
0.199999913573E+00
0.199999913573E+00
0.199999913573E+00
0.199999913573E+00
0.199999913573E+00
0.199999913573E+00
0.199999913573E+00
0.199999913573E+00
0.199999913573E+00
0.199999913573E+00
0.199995845556E+00
0.199810519814E+00
0.198468655348E+00
0.194226428866E+00
0.186275392771E+00
0.175398901105E+00
0.162598475814E+00
0.148382544518E+00
0.132945820689E+00
0.116366811097E+00
0.987242385745E-01
0.801051631570E-01
0.605960115790E-01
0.403174124658E-01
0.194512568414E-01
0.000000000000E+00
0.000000000000E+00
0.000000000000E+00
0.000000000000E+00
0.000000000000E+00
0.000000000000E+00
0.000000000000E+00
0.000000000000E+00
0.000000000000E+00
0.000000000000E+00
0.000000000000E+00
0.000000000000E+00
0.000000000000E+00
0.000000000000E+00
0.000000000000E+00
0.000000000000E+00
0.000000000000E+00
0.000000000000E+00
0.000000000000E+00
0.000000000000E+00
0.000000000000E+00
0.000000000000E+00
0.000000000000E+00
0.000000000000E+00
0.000000000000E+00
0.000000000000E+00
0.000000000000E+00
0.000000000000E+00
0.000000000000E+00
0.000000000000E+00
0.000000000000E+00
0.000000000000E+00
0.000000000000E+00
0.000000000000E+00
0.000000000000E+00
0.000000000000E+00
0.000000000000E+00
0.000000000000E+00
0.000000000000E+00
0.000000000000E+00
0.000000000000E+00
0.000000000000E+00
0.000000000000E+00
0.000000000000E+00
0.000000000000E+00
0.000000000000E+00
0.000000000000E+00
0.000000000000E+00
0.000000000000E+00
0.000000000000E+00
0.000000000000E+00
0.000000000000E+00
0.000000000000E+00
0.000000000000E+00
0.000000000000E+00
0.000000000000E+00
0.000000000000E+00
0.000000000000E+00
0.000000000000E+00
0.000000000000E+00
0.000000000000E+00
0.000000000000E+00
0.000000000000E+00
0.000000000000E+00
0.000000000000E+00
0.000000000000E+00
0.199999913573E+00
0.199999913573E+00
0.199999913573E+00
0.199999913573E+00
0.199999913573E+00
0.199999913573E+00
0.199999913573E+00
0.199999913573E+00
0.199999913573E+00
0.199999913573E+00
0.199999913573E+00
0.199999913573E+00
0.199999913573E+00
0.199999913573E+00
0.199999913573E+00
0.199999913573E+00
0.199999913573E+00
0.199999913573E+00
0.199999913573E+00
0.199995845556E+00
0.199810519814E+00
0.198468655348E+00
0.194226428866E+00
0.186275392771E+00
0.175398901105E+00
0.162598475814E+00
0.148382544518E+00
0.132945820689E+00
0.116366811097E+00
0.987242385745E-01
0.801051631570E-01
0.605960115790E-01
0.403174124658E-01
0.194512568414E-01
0.000000000000E+00
0.000000000000E+00
0.000000000000E+00
0.000000000000E+00
0.000000000000E+00
0.000000000000E+00
0.000000000000E+00
0.000000000000E+00
0.000000000000E+00
0.000000000000E+00
0.000000000000E+00
0.000000000000E+00
0.000000000000E+00
0.000000000000E+00
0.000000000000E+00
0.000000000000E+00
0.000000000000E+00
0.000000000000E+00
0.000000000000E+00
0.000000000000E+00
0.000000000000E+00
0.000000000000E+00
0.000000000000E+00
0.000000000000E+00
0.000000000000E+00
0.000000000000E+00
0.000000000000E+00
0.000000000000E+00
0.000000000000E+00
0.000000000000E+00
0.000000000000E+00
0.000000000000E+00
0.000000000000E+00
0.000000000000E+00
0.000000000000E+00
0.000000000000E+00
0.000000000000E+00
0.000000000000E+00
0.000000000000E+00
0.000000000000E+00
0.000000000000E+00
0.000000000000E+00
0.000000000000E+00
0.000000000000E+00
0.000000000000E+00
0.000000000000E+00
0.000000000000E+00
0.000000000000E+00
0.000000000000E+00
0.000000000000E+00
0.000000000000E+00
0.000000000000E+00
0.000000000000E+00
0.000000000000E+00
0.000000000000E+00
0.000000000000E+00
0.000000000000E+00
0.000000000000E+00
0.000000000000E+00
0.000000000000E+00
0.000000000000E+00
0.000000000000E+00
0.000000000000E+00
0.000000000000E+00
0.000000000000E+00
0.000000000000E+00
0.199999913573E+00
0.199999913573E+00
0.199999913573E+00
0.199999913573E+00
0.199999913573E+00
0.199999913573E+00
0.199999913573E+00
0.199999913573E+00
0.199999913573E+00
0.199999913573E+00
0.199999913573E+00
0.199999913573E+00
0.199999913573E+00
0.199999913573E+00
0.199999913573E+00
0.199999913573E+00
0.199999913573E+00
0.199999913573E+00
0.199999913573E+00
0.199999913573E+00
0.199999913573E+00
0.199999913573E+00
0.199999913573E+00
0.199999913573E+00
0.199999913573E+00
0.199999913573E+00
0.199999913573E+00
0.199999913573E+00
0.199999913573E+00
0.199999913573E+00
0.199999913573E+00
0.199999913573E+00
